Using default attention!

Processing Question 1/60: What type of structure or object is depicted in the image?
 >>>>>>>>>>>>>>>>>>>>>>>>>>>>>>
>>> (Token count: 115)

Model Output: ['The image shows an ornate historical clock, often referred to as a "Horloge astronomique" (astronomical clock), which is a type of clock that displays astronomical information such as the time of day, the phase of the moon, and sometimes other celestial events. This particular clock appears to be located on the side of a building, possibly a tower, with intricate decorative elements and gold detailing. The design suggests it could be the famous clock at the Church of Notre-Dame in Paris, France, known as the "Majesté" clock.']

Processing Question 2/60: Where is this ornate clock typically located?
 >>>>>>>>>>>>>>>>>>>>>>>>>>>>>>
>>> (Token count: 100)

Model Output: ['This ornate clock, known as the "Horloge astronomique" (Astronomical Clock) or "Mechanical Clock of Paris," is typically located on the north face of the Conciergerie building in Paris, France. It is one of the oldest and most famous astronomical clocks in Europe, dating back to 1392. The clock is intricately decorated with statues and features astronomical and astrological information, making it a historical and cultural landmark in the city.']

Processing Question 3/60: What is the primary purpose of this structure?
 >>>>>>>>>>>>>>>>>>>>>>>>>>>>>>
>>> (Token count: 181)

Model Output: ["The structure in the image is the **Horloge astronomique de Strasbourg**, commonly known as the Strasbourg astronomical clock, located on the facade of the Strasbourg Cathedral (Cathédrale Notre-Dame de Strasbourg) in Strasbourg, France. Its primary purpose is to display astronomical and calendrical information:\n\n1. **Astronomical Clock**: It shows the positions of the sun, moon, and major planets, along with the zodiac signs.\n2. **Calendrical Information**: The clock also indicates the day of the month, the year, and the phase of the moon.\n3. **Historical and Cultural Significance**: Beyond its practical functions, it serves as an important cultural symbol for Strasbourg, reflecting the city's historical ties to science and astronomy.\n\nThe intricate design and gold detailing highlight its importance as both a timepiece and a piece of art."]

Processing Question 4/60: What style of art or architecture does this clock represent?
 >>>>>>>>>>>>>>>>>>>>>>>>>>>>>>
>>> (Token count: 166)

Model Output: ['This clock, known as the "Horloge astronomique" (Astronomical Clock) located on the north side of the Paris City Hall (Hôtel de Ville), is an example of **Renaissance art and architecture**. It was designed by Jean de Beauce in 1585 but extensively restored and modified over the centuries. The clock combines elements of both Renaissance and Baroque styles, with intricate gold detailing, celestial imagery, and classical statues.\n\nThe astronomical features, such as the zodiac signs, the sun and moon phases, and the depiction of celestial bodies, indicate its Renaissance-era design, which often incorporated scientific and astrological elements into decorative art. The architectural style of the building itself reflects the Renaissance influence with its symmetry, ornate details, and use of classical columns and pediments.']

Processing Question 5/60: What is the main color used in the background of the clock?
 >>>>>>>>>>>>>>>>>>>>>>>>>>>>>>
>>> (Token count: 14)

Model Output: ['The main color used in the background of the clock is blue.']

Processing Question 6/60: What do the golden fleur-de-lis patterns symbolize on the clock's background?
 >>>>>>>>>>>>>>>>>>>>>>>>>>>>>>
>>> (Token count: 129)

Model Output: ["The golden fleur-de-lis patterns on the clock's background are a classic design element often associated with French culture and royal imagery. The fleur-de-lis is a stylized lily that has been used as a symbol in various contexts, including heraldry, architecture, and decorative arts. It holds historical significance and is frequently linked to royalty, particularly in France. In this context, the fleur-de-lis may symbolize the historical and cultural importance of Paris and France, as well as the connection between artistry and the monarchy. Additionally, the intricate design suggests a connection to the city's rich history and artistic heritage."]

Processing Question 7/60: What figures are depicted on either side of the clockface?
 >>>>>>>>>>>>>>>>>>>>>>>>>>>>>>
>>> (Token count: 116)

Model Output: ["The figures depicted on either side of the clock face in this image appear to be allegorical or symbolic representations, possibly personifications of the four seasons or elements (as is common with many historical astronomical clocks). The figure on the left seems to represent spring, holding a wreath and often associated with the season's renewal and growth. The figure on the right appears to represent winter, often depicted with a staff and wearing heavy clothing. These figures may also represent the four cardinal directions or other allegories related to the clock's function as both a timepiece and an astronomical instrument."]

Processing Question 8/60: What material might the clock's decorations and figures be made of?
 >>>>>>>>>>>>>>>>>>>>>>>>>>>>>>
>>> (Token count: 100)

Model Output: ["The clock's decorations and figures appear to be crafted from materials such as bronze, brass, or gold leaf. The golden accents suggest that the figures may have been gilded, which is a process where a thin layer of gold is applied to an object's surface. This technique is commonly used in ornate architectural elements like clocks to give them a luxurious and durable finish. The blue background could be made of ceramic or painted material, while the golden elements likely involve metalwork or decorative gold leaf."]

Processing Question 9/60: What time is shown on the clock in the image?
 >>>>>>>>>>>>>>>>>>>>>>>>>>>>>>
>>> (Token count: 76)

Model Output: ["The image does not provide enough detail to determine the exact time displayed on the clock. The clock face appears ornate and may have decorative features that obscure part of the time indication. If you can see the hands, they would indicate the specific time. If you cannot see them clearly, it's best to provide more details or another image with clearer visibility of the time markers."]

Processing Question 10/60: What is written or inscribed below the clock?
 >>>>>>>>>>>>>>>>>>>>>>>>>>>>>>
>>> (Token count: 150)

Model Output: ['The inscription below the clock reads: "L\'horloge est l\'œuvre de M. JACQUES FEUERBACH, 1659, et du fils de celui-ci, M. PIERRE FEUERBACH, 1743." This translates to English as:\n\n"The clock is the work of M. Jacques Feuerbach, 1659, and his son, M. Pierre Feuerbach, 1743."\n\nThis indicates that the clock was constructed by two generations of the Feuerbach family, with Jacques Feuerbach working on it in 1659 and his son Pierre continuing and completing the work in 1743.']

Processing Question 11/60: What appears to be the function of the decorative arch above the clock?
 >>>>>>>>>>>>>>>>>>>>>>>>>>>>>>
>>> (Token count: 108)

Model Output: ['The decorative arch above the clock in this image is likely serving both an aesthetic and structural purpose. The ornate design, with its gold accents and intricate patterns, suggests that it is intended to enhance the visual appeal of the clock and the building on which it is mounted. It also provides some protection for the clock face from rain, wind, and other elements while maintaining the visual elegance of the structure. This type of architectural detail is often found on historically significant or prominent buildings, as it contributes to their overall grandeur and historical significance.']

Processing Question 12/60: Why are lions and a crown featured at the top of the clock?
 >>>>>>>>>>>>>>>>>>>>>>>>>>>>>>
>>> (Token count: 123)

Model Output: ['The lions and crown on this clock, known as the "Horloge du Palais de la Cité," located in Paris, France, are symbolic of the royal authority and power that once governed the city. The lion is often associated with strength, courage, and sovereignty, while the crown signifies royalty. This ornate structure, built in 1370, was commissioned by King Charles V to commemorate his restoration of the royal palace after a period of civil war. The intricate design and embellishments reflect the medieval architecture and the importance of timekeeping during that era for both practical and symbolic purposes.']

Processing Question 13/60: What historical or cultural significance might this clock have?
 >>>>>>>>>>>>>>>>>>>>>>>>>>>>>>
>>> (Token count: 270)

Model Output: ["This is the **Histoire Clock**, located at the Hotel de Ville (City Hall) in Paris, France. Designed by Jean-Baptiste Huet and Pierre Cagnier in the 17th century, it is one of the oldest public clocks in Paris and has significant historical and cultural importance.\n\n### Historical Significance:\n1. **Timekeeping for the Public**: Before the widespread use of personal timepieces, public clocks were essential for the general population to synchronize their daily activities.\n2. **Symbol of Power**: The placement of such clocks on city halls signifies the city's authority over time and governance.\n3. **Architectural and Artistic Masterpiece**: The ornate design reflects the artistic and technological advancements of its era, showcasing the craftsmanship of the period.\n\n### Cultural Significance:\n1. **Cultural Identity**: It represents French craftsmanship and artistry, becoming a symbol of Parisian identity.\n2. **Public Spaces**: Public clocks like this one often serve as meeting points and landmarks, fostering community interaction and urban life.\n3. **Educational Value**: It provides a window into the history of Paris and offers insights into how people interacted with time in the past.\n\nThe clock continues to function today, serving both aesthetic and practical purposes, reminding visitors and locals alike of the rich heritage of the city."]

Processing Question 14/60: Do the statues on either side of the clock represent historical or mythological characters?
 >>>>>>>>>>>>>>>>>>>>>>>>>>>>>>
>>> (Token count: 236)

Model Output: ['The image you provided is of the "Horloge astronomique" (Astronomical Clock) located in Paris, France, specifically on the north face of the City Hall tower (Beffroi de la Ville de Paris). This clock is renowned for its intricate design and the figures it features.\n\nThe statues on either side of the clock are not mythological but rather represent historical figures. The statue to the left represents the "Dame à la Lance," who symbolizes the 13th-century French queen Blanche of Castille, mother of King Louis IX. The statue to the right represents the "Dame à l\'Étendard," symbolizing the 14th-century French queen Blanche of Navarre, wife of King Philippe VI of Valois. These figures were chosen to represent the two queens who are believed to have been responsible for commissioning the building of the clock.\n\nThe clock itself is ornately decorated with gold leaf, and its astronomical and astrological functions make it a significant piece of both art and scientific history. It\'s a popular tourist attraction, known for its hourly show that includes moving figures and chimes.']

Processing Question 15/60: What elements of the clock indicate its ornate craftsmanship?
 >>>>>>>>>>>>>>>>>>>>>>>>>>>>>>
>>> (Token count: 226)

Model Output: ["The ornate craftsmanship of the clock is evident through several elements:\n\n1. **Gold Decoration**: The clock features extensive gold detailing, including gilded embellishments on the framework and around the clock face, adding to its luxurious appearance.\n\n2. **Decorative Panels**: The blue background adorned with gold patterns gives the clock a regal and intricate look, showcasing detailed craftsmanship.\n\n3. **Statues**: There are three statues flanking the clock face, each representing different figures or deities, which adds depth and artistic significance to the piece.\n\n4. **Architectural Details**: The clock's structure includes an arched frame with fine architectural details that enhance its visual complexity.\n\n5. **Clock Face Design**: The clock face itself has Roman numerals and an ornamental design in the center, with additional decorative motifs surrounding it.\n\n6. **Carving and Engraving**: The intricate carvings and engravings on the clock, such as the floral patterns and the figures' details, demonstrate skillful workmanship.\n\nAll these elements together create a grand and opulent design, reflecting a high level of craftsmanship."]

Processing Question 16/60: What impression does the golden color give to the clock design?
 >>>>>>>>>>>>>>>>>>>>>>>>>>>>>>
>>> (Token count: 111)

Model Output: ['The golden color of the clock design in the image gives it an air of grandeur, elegance, and historical significance. Gold is often associated with royalty, wealth, and prestige, which may suggest that this clock is a monument or an important structure in a city, such as the famous **Horloge astronomique** (Astronomical Clock) at **Notre-Dame de Paris**, France. The intricate detailing, rich colors, and ornate decorations further enhance its opulent appearance, making it a visually striking and culturally significant piece.']

Processing Question 17/60: How does natural light highlight the details of the clock in the image?
 >>>>>>>>>>>>>>>>>>>>>>>>>>>>>>
>>> (Token count: 105)

Model Output: ["The natural light in the image highlights the intricate details of the clock by casting a bright and warm glow on its golden accents, making them stand out against the darker background. The light reflects off the polished surfaces, emphasizing the craftsmanship of the clock's design. Shadows play across the clock's surface, creating contrast that accentuates its three-dimensional elements, such as the statues, ornate patterns, and the clock face itself. This interplay of light and shadow brings out the complexity and beauty of the clock's elaborate decoration."]

Processing Question 18/60: What purpose do the smaller dials or mechanisms on the clock serve?
 >>>>>>>>>>>>>>>>>>>>>>>>>>>>>>
>>> (Token count: 227)

Model Output: ['The clock in the image is the famous "Horloge du Mercure" (Mercury Clock) located in Paris, France, at the southern entrance of Notre-Dame Cathedral. This ornate clock has several small dials and mechanisms that serve different purposes:\n\n1. **Hours Dial**: The large central dial shows the hours.\n2. **Minutes Dial**: The smaller dials around the main clock face indicate the minutes, sometimes with additional precision for seconds.\n3. **Day of the Week**: The mechanism may show the day of the week.\n4. **Month**: Some clocks include a display for the current month.\n5. **Seasons**: The clock can sometimes show the season.\n6. **Calendar Date**: Some clocks display the date.\n7. **Astrological Symbols**: The clock might also include astrological symbols for the zodiac signs.\n\nThese features were historically useful for people to know the time, day, month, and other important information quickly and easily, as watches and smartphones had not yet been invented. The clock is now primarily a decorative and historical piece, but its original functionality remains intact.']

Processing Question 19/60: How are the Roman numerals used in the clock's design?
 >>>>>>>>>>>>>>>>>>>>>>>>>>>>>>
>>> (Token count: 80)

Model Output: ["The Roman numerals in the clock's design serve as markers for the hours on the clock face. In this particular clock, they are prominently displayed around the circular dial, allowing viewers to easily read the time by identifying which numeral is aligned with the hour hand. The use of Roman numerals adds an element of classical elegance and historical significance to the clock, emphasizing its traditional and ornate design."]

Processing Question 20/60: What artistic influences are visible in the clock's design?
 >>>>>>>>>>>>>>>>>>>>>>>>>>>>>>
>>> (Token count: 300)

Model Output: ['This clock, known as the "Horloge astronomique" (Astronomical Clock) located on the north façade of the Palais de la Cité in Paris, France, showcases a blend of several artistic and historical influences:\n\n1. **Renaissance**: The intricate detailing and ornate designs, including the use of gold leaf and decorative patterns, reflect Renaissance aesthetics that emphasize symmetry, proportion, and craftsmanship.\n\n2. **Medieval Architecture**: The structure and design of the clock itself are rooted in medieval architecture, with its vertical lines and grand scale, though it was completed much later, in 1370.\n\n3. **Baroque**: The gilded details, elaborate ornamentation, and the grandeur of the clock align with Baroque principles, which often include dramatic contrasts, rich textures, and decorative embellishments.\n\n4. **Art Nouveau Influence**: The clock\'s decoration, particularly the gold leaf patterns and the stylized figures, also have elements that can be seen as influenced by Art Nouveau, a style characterized by flowing lines and organic forms.\n\n5. **Cultural Significance**: The clock is an emblem of Parisian history and serves as both a timepiece and a symbol of the city’s heritage, blending practicality with artistic expression.\n\nThe clock\'s design is a testament to the evolution of French craftsmanship and artistry over centuries, combining elements from different periods while maintaining its unique identity as one of the world’s most famous astronomical clocks.']

Processing Question 21/60: How does this clock compare to modern timekeeping devices?
 >>>>>>>>>>>>>>>>>>>>>>>>>>>>>>
>>> (Token count: 540)

Model Output: ["This clock, known as the Horloge astronomique (Astronomical Clock) in Paris, is an example of an ornate, historical timepiece that combines both timekeeping and astronomical functions. It predates modern timekeeping devices by several centuries. Here's how it compares:\n\n### Historical vs. Modern Timekeeping Devices:\n1. **Functionality**:\n   - **Historical Clock**: This clock served multiple purposes—telling time, displaying the phases of the moon, and sometimes indicating the day of the week and other celestial events.\n   - **Modern Clock**: Modern clocks typically focus solely on telling the time. Some may also display additional information such as date or temperature, but their core function is simplified.\n\n2. **Precision**:\n   - **Historical Clock**: The accuracy of these clocks was not as precise as modern timekeepers. While they were highly advanced for their time, their mechanisms could be affected by environmental factors like temperature changes, humidity, and wear over time.\n   - **Modern Clocks**: Contemporary timekeeping devices, including atomic clocks, quartz watches, and smartwatches, offer much greater precision. These devices are often accurate to within milliseconds or even seconds per year.\n\n3. **Design and Aesthetics**:\n   - **Historical Clock**: This clock is a masterpiece of craftsmanship, combining artistry with functionality. Its design includes intricate goldwork, statues, and decorative patterns, reflecting its importance as an architectural feature.\n   - **Modern Clocks**: Modern timepieces tend to prioritize simplicity and practicality. Design often emphasizes minimalism, durability, and user-friendly features rather than ornamental elements.\n\n4. **Maintenance and Reliability**:\n   - **Historical Clock**: Maintenance was more complex due to the mechanical nature of the clock. It required skilled technicians to keep it running smoothly.\n   - **Modern Clocks**: Modern timekeeping devices are generally more reliable and easier to maintain. They can be self-winding, battery-operated, or even powered by a smartphone app.\n\n5. **Utility**:\n   - **Historical Clock**: In addition to telling time, this clock served as a civic landmark, a symbol of local pride, and a source of entertainment for passersby.\n   - **Modern Clocks**: Modern devices are primarily used for their timekeeping functions and are often integrated into larger systems like smartphones, smart homes, or public infrastructure.\n\nIn summary, while this clock represents an impressive historical achievement in timekeeping and art, modern devices have surpassed it in terms of precision, reliability, and ease of use. However, the clock remains a beautiful piece of history that celebrates human ingenuity and craftsmanship."]

Processing Question 22/60: What is the significance of including human figures with the clock?
 >>>>>>>>>>>>>>>>>>>>>>>>>>>>>>
>>> (Token count: 295)

Model Output: ['Including human figures alongside a clock serves several purposes, both symbolic and practical:\n\n1. **Narrative Representation**: The human figures often depict allegorical or mythological characters, representing different concepts such as time, the sun, the moon, seasons, or virtues. These figures help tell a story about the relationship between humans and time.\n\n2. **Cultural and Historical Significance**: Many historical clocks, like the one shown in the image (the astronomical clock at the Palais de la Cité in Paris), were crafted to celebrate the power of rulers and their connection to time. Human figures may represent patrons, saints, or figures from mythology that reflect the cultural values of the era.\n\n3. **Artistic Expression**: Clocks are not only functional devices but also works of art. The inclusion of human figures adds an aesthetic dimension, showcasing craftsmanship and attention to detail.\n\n4. **Educational Value**: The clock might be part of a larger educational display, teaching viewers about astronomy, astrology, or the passage of time through the depiction of celestial bodies and their movements.\n\n5. **Symbolism of Time**: The human figures could symbolize the fleeting nature of life or the way humans interact with time, serving as a reminder of mortality and the importance of living in harmony with the cycle of time.\n\nIn conclusion, the presence of human figures on this clock reflects its dual purpose as a timekeeping device and a piece of art with cultural, symbolic, and educational meanings.']

Processing Question 23/60: How does the tree seen in the upper right corner of the image contrast with the clock's design?
 >>>>>>>>>>>>>>>>>>>>>>>>>>>>>>
>>> (Token count: 117)

Model Output: ["The tree in the upper right corner of the image contrasts with the clock's design by offering a natural, organic element that is earthy and simple in its form, while the clock is ornate and highly detailed. The clock features intricate golden embellishments, a large central clock face with Roman numerals, and statues that add to its complexity and historical grandeur. In contrast, the tree has a natural structure without any artificial embellishments, showcasing the beauty of nature against the man-made splendor of the clock. This juxtaposition highlights the difference between natural simplicity and human craftsmanship."]

Processing Question 24/60: What period of history is suggested by the design of this clock?
 >>>>>>>>>>>>>>>>>>>>>>>>>>>>>>
>>> (Token count: 113)

Model Output: ['The clock in the image appears to be from the Renaissance or Baroque period, characterized by its ornate and decorative style. The elaborate gold embellishments, use of Roman numerals on the clock face, and classical figures with intricate details suggest influences from European art and architecture during these eras. The design likely reflects a time when clocks were not only functional but also symbols of wealth and status, often integrated into grand structures as statement pieces. The architectural details and craftsmanship point to a historical context where such fine artistry was valued in public and private spaces alike.']

Processing Question 25/60: What influences might have inspired the intricate golden framework?
 >>>>>>>>>>>>>>>>>>>>>>>>>>>>>>
>>> (Token count: 298)

Model Output: ['The intricate golden framework of this clock, known as the "Horloge astronomique" (Astronomical Clock) in Paris, is influenced by several historical and artistic factors:\n\n1. **Renaissance Style**: The elaborate gold detailing and the classical figures suggest inspiration from Renaissance art. This period was marked by a revival of classical learning and artistic traditions, which often featured intricate ornamentation and idealized human forms.\n\n2. **French Baroque Influences**: The ornate design and use of gold leaf also align with French Baroque aesthetics, which were prevalent during the reigns of Louis XIV and Louis XV. Baroque art emphasized grandeur, richness, and dynamic movement.\n\n3. **Medieval Astrological Themes**: The presence of astronomical elements and figures on the clock reflects medieval and early Renaissance fascination with astrology and astronomy. This reflects a belief that the cosmos had an impact on earthly events.\n\n4. **Roman and Greek Mythology**: The statues of angels and other figures may be inspired by Roman or Greek mythology, where celestial beings were often depicted in works of art and architecture.\n\n5. **Cultural Fusion**: The clock\'s design could also reflect a cultural fusion of influences from Italy and France, given their shared artistic and architectural traditions during the Renaissance period.\n\nOverall, the Horloge astronomique is a product of the rich tapestry of artistic and cultural influences that flourished during its creation, showcasing the period’s love for detail, craftsmanship, and symbolism.']

Processing Question 26/60: Are there any celestial symbols or representations on or surrounding the clock?
 >>>>>>>>>>>>>>>>>>>>>>>>>>>>>>
>>> (Token count: 160)

Model Output: ['The image shows a clock that appears to be the famous "Horloge astronomique" (Astronomical Clock) located at the north face of the Tour de l\'Horloge (Clock Tower) in Troyes, France. While the clock does not have celestial symbols directly on its face, it is part of a larger astronomical display. The blue and gold background features intricate designs, but no celestial symbols or representations are immediately visible on the clock itself. However, the clock is known for its elaborate mechanical features, including statues of zodiac figures and other celestial-related elements that may be integrated into the overall design. If you\'re looking for specific details about celestial representations, you might need to observe the entire structure of the clock, including its mechanics and the surrounding carvings.']

Processing Question 27/60: How does the positioning of the clock contribute to its visibility?
 >>>>>>>>>>>>>>>>>>>>>>>>>>>>>>
>>> (Token count: 216)

Model Output: ["The positioning of the clock in this image enhances its visibility due to several factors:\n\n1. **Architectural Integration**: The clock is built into an ornate, decorative structure that draws attention naturally. The golden embellishments and intricate design around the clock make it stand out.\n\n2. **Contrast with Surroundings**: The clock's dark blue and gold coloration contrasts sharply with the lighter stone facade of the building, making it easily noticeable.\n\n3. **Central Placement**: The clock is centrally placed on the structure, which naturally makes it a focal point when people look at the building from any angle.\n\n4. **Surrounding Details**: The presence of statues and other architectural details surrounding the clock adds depth and complexity, but also ensures that the clock remains the central element of focus.\n\n5. **Lighting**: Although not visible in this particular image, the clock would likely benefit from lighting during nighttime, further accentuating its design and making it more visible to passersby.\n\nThese elements combine to ensure the clock is both visually appealing and highly visible in its environment."]

Processing Question 28/60: What kinds of maintenance might this clock require to retain its current condition?
 >>>>>>>>>>>>>>>>>>>>>>>>>>>>>>
>>> (Token count: 375)

Model Output: ['This clock, known as the "Horloge du palais de la Cité" or "Horloge astronomique," located in Paris (France), is an intricate and historically significant piece of art and engineering. To maintain its current condition, it would require the following types of maintenance:\n\n1. **Cleaning and Dust Removal**: Regular cleaning, especially on the ornate surfaces and gilded parts, is essential to prevent dust accumulation that could cause damage.\n\n2. **Mechanical Maintenance**: The clock\'s complex gears, springs, and mechanisms need periodic inspection and lubrication to ensure smooth operation over time. This is critical for the clock\'s accuracy and longevity.\n\n3. **Gilding Restoration**: The gold leaf on the clock\'s surface may require regular restoration to prevent tarnishing and maintain its luster. Cleaning with specialized solutions can help preserve the gilded elements without causing harm.\n\n4. **Environmental Protection**: The clock should be shielded from direct sunlight and excessive humidity, as these conditions can accelerate degradation of materials like wood, metal, and paint.\n\n5. **Structural Inspection**: Periodic checks for any structural issues or signs of wear on the building\'s support structures should be conducted. This includes the stone architecture around the clock to ensure stability.\n\n6. **Restoration**: If there are visible signs of aging or damage, such as rust or cracks, professional restorers should be consulted to address these issues.\n\n7. **Preservation of Documentation**: Detailed records of previous restorations and maintenance should be kept for future reference and informed decision-making.\n\n8. **Visitor Control**: Managing the number of visitors to the clock tower could help reduce wear and tear caused by foot traffic and vibrations, which can impact the clock\'s mechanism.\n\nThese measures will help preserve the historical and functional integrity of the Horloge du palais de la Cité.']

Processing Question 29/60: What emotions or feelings does the clock design evoke?
 >>>>>>>>>>>>>>>>>>>>>>>>>>>>>>
>>> (Token count: 120)

Model Output: ['The ornate and intricate design of this clock evokes a sense of grandeur, history, and craftsmanship. The use of gold and blue patterns, along with the detailed statues and carvings, suggests opulence and reverence for time and tradition. It might also inspire awe due to its complexity and beauty, and it could make viewers feel a connection to the past, as such clocks often symbolize the passage of time and the cultural importance placed on it throughout history. Additionally, the classical style may evoke a feeling of serenity and elegance, particularly when viewed against the backdrop of greenery.']

Processing Question 30/60: How does this clock reflect the architecture of the building it is attached to?
 >>>>>>>>>>>>>>>>>>>>>>>>>>>>>>
>>> (Token count: 450)

Model Output: ['This clock, known as the "Horloge astronomique de Strasbourg," reflects the rich architectural style of Gothic and Renaissance influences, particularly common in European architecture from the late Middle Ages into the early Renaissance period.\n\n### Key Features:\n1. **Architectural Integration**: The clock is intricately integrated into the building\'s façade, showing a seamless blend with the surrounding structure. This is characteristic of historical urban architecture where public clocks were often built as part of a larger decorative or civic statement.\n   \n2. **Gothic Influences**:\n   - **Arched Design**: The curved arch above the clock face echoes Gothic architectural elements such as flying buttresses and pointed arches, which were commonly used to support taller structures and lighter roofs.\n   - **Golden Decoration**: The extensive use of gold leaf on the clock and surrounding elements is typical of Gothic art, which often emphasized the richness and symbolism of metalwork, especially gold.\n\n3. **Renaissance Influence**:\n   - **Figurative Sculpture**: The inclusion of sculpted figures, including angels, cherubs, and possibly allegorical representations, reflects Renaissance ideals of humanism and the glorification of classical themes. These figures often symbolized various virtues, seasons, or celestial bodies.\n   - **Complex Design**: The ornate design and multiple layers of decoration, including the blue background with gold patterns, showcase a balance between symmetry and complexity—a hallmark of Renaissance aesthetics.\n\n4. **Functional Aesthetics**:\n   - **Clock Face**: The clock itself, with its Roman numerals and intricate center, embodies both functionality and artistry, demonstrating how timekeeping devices could be integrated as both practical tools and symbolic features in buildings.\n   - **Architectural Symbols**: The inclusion of symbols like the sundial (partially visible at the top) also reflects the Renaissance\'s interest in harmonizing astronomical and mathematical knowledge with artistic expression.\n\n### Summary:\nThe clock in this image integrates seamlessly with the building by using architectural forms like arches and golden ornamentation that are characteristic of Gothic styles, while the figurative sculptures and the overall complexity of the design reflect Renaissance-era artistic sensibilities. This combination showcases the transition from medieval to Renaissance architectural and artistic approaches.']

Processing Question 31/60: What is the name of the clock featured in this image?
 >>>>>>>>>>>>>>>>>>>>>>>>>>>>>>
>>> (Token count: 95)

Model Output: ['The clock featured in the image is known as the "Horloge astronomique" (Astronomical Clock) located on the north face of the Notre-Dame Cathedral in Paris, France. This clock was installed in 1370 and is one of the oldest astronomical clocks still functioning today. It features a variety of mechanisms that display the time, the phases of the moon, the zodiac signs, the sun\'s position, and other celestial phenomena.']

Processing Question 32/60: Where is this clock located?
 >>>>>>>>>>>>>>>>>>>>>>>>>>>>>>
>>> (Token count: 96)

Model Output: ['The clock in the image is the "Horloge astronomique" (Astronomical Clock) of Paris, also known as the "Tour de l\'horloge" or the "Clock Tower." It is located on the western facade of the Notre-Dame Cathedral in Paris, France. The clock is famous for its intricate and historical design, with astronomical and astrological displays, as well as moving figures that represent the 24 hours of the day.']

Processing Question 33/60: What historical significance does this clock have?
 >>>>>>>>>>>>>>>>>>>>>>>>>>>>>>
>>> (Token count: 316)

Model Output: ["This clock, known as the **Horloge astronomique de Strasbourg** (Strasbourg Astronomical Clock), is a historically significant piece of architecture and engineering. It was built in 1570 by Jean de Beauce and Pierre Schlick, and it is located on the southern facade of the Strasbourg Cathedral in France.\n\nHere's what makes it notable:\n\n1. **Astronomical Functionality**: The clock is one of the earliest known astronomical clocks, showing the position of the sun and moon in relation to the zodiac, and the phases of the moon. It is also capable of predicting eclipses and other celestial events.\n\n2. **Historical Importance**: As an astronomical device from the Renaissance period, it reflects the intellectual interests of the time, which were heavily influenced by astronomy and astrology. The clock was a marvel of its era, demonstrating both artistic and scientific achievement.\n\n3. **Cultural Symbolism**: The clock is part of the cathedral's rich cultural heritage and has become an iconic symbol of Strasbourg. It features intricate designs, including statues, musical figures, and other ornate details that reflect the medieval and early Renaissance periods.\n\n4. **Restoration and Maintenance**: Over the centuries, the clock has been restored several times to preserve its functionality and beauty. Today, it operates every hour with music, figures, and a moving starry sky, attracting tourists and locals alike.\n\nThe Horloge astronomique de Strasbourg remains an important example of historical craftsmanship and serves as a testament to the ingenuity of its creators."]

Processing Question 34/60: What materials are used in the construction of this clock?
 >>>>>>>>>>>>>>>>>>>>>>>>>>>>>>
>>> (Token count: 207)

Model Output: ["The clock in the image appears to be constructed using several materials, including:\n\n1. **Metal**: The clock face and its intricate details likely include metal components such as brass or bronze, which are common for ornate clocks due to their durability and ability to hold detailed designs.\n\n2. **Marble or Stone**: The background and surrounding structure seem to use a light-colored stone, possibly marble, given its polished appearance and traditional use in architectural elements.\n\n3. **Wood**: The arches above and below the clock may incorporate wood, which is often used in the construction of ornamental details and structural supports.\n\n4. **Glass**: The clock face itself could have glass panels for the clock hands and numbers, though it's not visible in this image.\n\n5. **Paint and Gilding**: The blue background with gold leaf or gilded details suggests the use of painted surfaces and decorative gold accents, common in historic clocks to add richness and elegance.\n\nThese materials combine to create the luxurious and intricate design characteristic of the clock."]

Processing Question 35/60: What time is displayed on the clock in this photo?
 >>>>>>>>>>>>>>>>>>>>>>>>>>>>>>
>>> (Token count: 14)

Model Output: ['The clock in the photo shows 10:10.']

Processing Question 36/60: What do the Roman numerals symbolize on the clock face?
 >>>>>>>>>>>>>>>>>>>>>>>>>>>>>>
>>> (Token count: 76)

Model Output: ["The Roman numerals on the clock face are used to indicate the hours, with each numeral representing a specific hour of the day. The use of Roman numerals is a traditional design element in many historical clocks and timepieces, adding an aesthetic and classical touch. In this particular clock, the numbers I through XII correspond to 1 through 12 o'clock, respectively."]

Processing Question 37/60: What is the meaning of the floral pattern on the background?
 >>>>>>>>>>>>>>>>>>>>>>>>>>>>>>
>>> (Token count: 207)

Model Output: ["The image you've shared appears to be the famous Astronomical Clock (Horloge astronomique) located in Paris, France, specifically at the Palais de la Cité. This clock has intricate details and ornate designs, which include a variety of symbolic elements rather than purely decorative floral patterns.\n\nWhile the specific meaning of the floral pattern cannot be determined without further context or research into the symbolism used by this particular clock, it's likely that these patterns serve both an aesthetic and cultural purpose. The floral motifs can often represent themes of nature, prosperity, or even the passage of time, as they are common in art and architecture that aim to evoke a sense of elegance and beauty.\n\nIf you are interested in the symbolism behind the specific patterns on the clock, you may need to study the detailed engravings and seek out historical or cultural explanations provided by experts in the field. For instance, each section of the clock might contain inscriptions or symbols related to the movement of celestial bodies, historical events, or religious themes."]

Processing Question 38/60: Which figures are standing on either side of the clock?
 >>>>>>>>>>>>>>>>>>>>>>>>>>>>>>
>>> (Token count: 80)

Model Output: ["The figures standing on either side of the clock in this image appear to be allegorical statues, likely representing the four seasons: Spring and Autumn (on the left) and Winter and Summer (on the right). These figures are common in historical astronomical clocks, symbolizing the passage of time through the changing seasons. However, without more specific details, it's not possible to identify them with certainty."]

Processing Question 39/60: What is written on the plaque below the clock face?
 >>>>>>>>>>>>>>>>>>>>>>>>>>>>>>
>>> (Token count: 80)

Model Output: ["The plaque below the clock face appears to have text, but due to the angle and resolution of the image, it's not possible for me to read or translate the text accurately. It seems to be in a Latin script, possibly French or another European language. If you're interested in identifying the exact text, you might need to zoom in further or have someone else examine the plaque up close."]

Processing Question 40/60: What role do the decorations above the clock play in its design?
 >>>>>>>>>>>>>>>>>>>>>>>>>>>>>>
>>> (Token count: 224)

Model Output: ["The decorative elements above the clock serve several purposes in its design:\n\n1. **Symbolism and Representation**: The statues and symbols, such as cherubs or allegorical figures, often represent different aspects of time, seasons, or philosophical ideas. These can convey themes like the passage of time, the connection between humanity and nature, or the cyclical nature of life.\n\n2. **Aesthetic Appeal**: The intricate gold detailing and ornate patterns enhance the visual appeal of the clock, making it an impressive piece of art as well as a functional timepiece.\n\n3. **Cultural Significance**: Such clocks are frequently associated with historical or cultural importance. The decorations may reference specific stories, myths, or events that reflect the era's values or beliefs.\n\n4. **Integration with Architecture**: The design is integrated into the building’s architecture, with the clock being a central feature that draws the eye upward, enhancing the overall grandeur of the structure.\n\nIn this image, the combination of these elements suggests that the clock is not only a functional timekeeper but also a symbol of artistic, cultural, and possibly religious significance."]

Processing Question 41/60: How does the clock reflect the architecture of its time?
 >>>>>>>>>>>>>>>>>>>>>>>>>>>>>>
>>> (Token count: 386)

Model Output: ["The clock in the image is the **Horloge astronomique de Paris** (Paris Astronomical Clock), located on the north facade of the Notre-Dame Cathedral in Paris, France. This clock is a masterpiece of Renaissance and Baroque art, reflecting the architectural and artistic styles prevalent during its creation.\n\n### Architectural and Artistic Features:\n\n1. **Renaissance Influences:**\n   - The clock is adorned with intricate gold detailing and ornate patterns, which are characteristic of the Renaissance period's emphasis on symmetry, proportion, and harmony.\n   - The use of classical motifs such as columns, triglyphs, and the overall symmetry of the design also align with Renaissance ideals of perfection and balance.\n\n2. **Baroque Elements:**\n   - The clock's elaborate and dynamic composition is influenced by the Baroque style, which emphasizes movement, drama, and grandeur. The use of gold and blue hues creates a sense of opulence and splendor typical of Baroque aesthetics.\n   - The figures surrounding the clock, including the cherubs and sculpted human forms, convey motion and life, a hallmark of Baroque art.\n\n3. **Astronomical and Scientific Precision:**\n   - The clock represents a blend of art and science, reflecting the Renaissance interest in both astronomy and mechanical engineering. The inclusion of astronomical details and the intricate craftsmanship symbolize the era’s fascination with understanding the cosmos.\n\n4. **Symbolism:**\n   - The figures around the clock, such as the allegorical representations of the cardinal virtues or the Four Seasons, were common in Renaissance and Baroque artworks. These symbols often conveyed moral lessons or represented the passage of time.\n\nIn summary, the clock reflects the architectural and artistic styles of the Renaissance and Baroque periods through its use of symmetry, ornamentation, gold detailing, and intricate craftsmanship, while also serving as an astronomical and scientific instrument of its time."]

Processing Question 42/60: Is this clock still functional today?
 >>>>>>>>>>>>>>>>>>>>>>>>>>>>>>
>>> (Token count: 131)

Model Output: ['The clock in the picture is known as the "Horloge astronomique" or astronomical clock, which is located at the City Hall of Paris, France. It was designed by Jean de Beauce and built between 1490 and 1585. While it is an ornate piece of art with a rich history, the clock is no longer functional as a timepiece. Instead, its purpose now is to display astronomical information, such as the time of day, lunar phases, and zodiac signs. The clock also features moving figures that represent different aspects of life and time, which add to its historical and cultural significance.']

Processing Question 43/60: What does the crown at the top of the clock design signify?
 >>>>>>>>>>>>>>>>>>>>>>>>>>>>>>
>>> (Token count: 124)

Model Output: ["The clock in the image is the *Horloge astronomique de Paris* (the Astronomical Clock) located on the north face of the Hotel de Ville (City Hall) in Paris, France. The crown at the top of the clock signifies its royal or imperial significance. Historically, such clocks were often placed on important buildings as symbols of the city's prestige and power, especially during the Renaissance period when they were commonly adorned with crowns to emphasize their importance. The presence of the crown also reflects the clock's role in marking time for the citizens and showcasing the city's technological advancement and wealth."]

Processing Question 44/60: What is the purpose of the statue on the left side of the clock?
 >>>>>>>>>>>>>>>>>>>>>>>>>>>>>>
>>> (Token count: 135)

Model Output: ['The statue on the left side of the clock, known as the "Heure Sûre" or "Reliable Hour," symbolizes the reliability and accuracy of timekeeping. It represents the Roman god of time, Saturn, and serves as a decorative element that emphasizes the precision and significance of the clock. This statue was added to the clock to evoke a sense of tradition, trustworthiness, and the importance of time in society. The clock itself, the Gros-Horloge (Great Clock), is located on the Tour de l\'Horloge, a tower in Rouen, France, and is one of the oldest astronomical clocks in the world.']

Processing Question 45/60: What is the history of the gold detailing on the clock?
 >>>>>>>>>>>>>>>>>>>>>>>>>>>>>>
>>> (Token count: 393)

Model Output: ['The clock you\'ve depicted is known as the **Horloge astronomique de Paris**, or the "Paris Astronomical Clock," which is located on the north face of the **Tour de l\'Horloge** in the **Beffroi de Paris** (City Hall) and dates back to 1370. The gold detailing on this clock is part of its intricate design, which symbolizes both craftsmanship and historical significance.\n\n### History of Gold Detailing:\n- **Medieval Origin**: The clock was originally constructed by Jean de Chelles and Pierre le Martel during the 14th century. The gold detailing was added at a later date, likely during renovations or restorations.\n- **Renaissance Influence**: The elaborate gold decoration, including the statues and the ornate background, reflects the Renaissance style, which was prevalent from the early 15th to the mid-17th century. This era saw a revival of classical art and architecture, incorporating motifs like acanthus leaves, scrolls, and ornate borders.\n- **Restoration and Preservation**: The clock has undergone several restoration efforts over the centuries to preserve its original beauty and functionality. These restorations have often involved adding or enhancing the gold detailing to restore its historic appearance.\n\n### Symbolism and Functionality:\nThe gold detailing on the clock serves multiple purposes:\n- **Aesthetic Appeal**: The gold enhances the visual splendor of the clock, making it one of the most recognizable landmarks in Paris.\n- **Cultural Significance**: The intricate designs reflect the craftsmanship of the period and the importance of timekeeping in medieval and Renaissance society.\n- **Historic Accuracy**: The gold detailing helps maintain the clock\'s historical integrity, providing insight into the artistry and techniques of the past.\n\nThis clock, with its rich history and ornate detailing, stands as a testament to Parisian craftsmanship and architectural heritage, captivating visitors from around the world.']

Processing Question 46/60: Who built this clock, and when was it created?
 >>>>>>>>>>>>>>>>>>>>>>>>>>>>>>
>>> (Token count: 215)

Model Output: ["The clock you've pictured is the **Horloge du Palais de la Cité**, also known as the **Horloge astronomique de Paris** or simply **l'Horloge astronomique**, which is located in the **Tour de l'Horloge** (Clock Tower) of the Palais de la Cité, part of the **Palace of Justice** in Paris, France.\n\nThis clock was designed by French architect Jean de Chelles and sculptor Pierre de Montereau during the late 14th century, around 1389–1392. The clock was commissioned by King Charles VI of France to mark the beginning of his reign. However, it wasn't completed until 1405 due to delays caused by the Hundred Years' War. \n\nThe clock is one of the oldest astronomical clocks still in use today, and its design is intricately detailed with figures representing the zodiac signs and the months of the year. It is a significant historical monument and an iconic landmark of Paris."]

Processing Question 47/60: How does the arching design above the clock enhance the visual impact?
 >>>>>>>>>>>>>>>>>>>>>>>>>>>>>>
>>> (Token count: 116)

Model Output: ["The arching design above the clock significantly enhances its visual impact by creating an elegant and grandiose frame that draws attention to the central clock. The curve of the arch adds depth, making the clock appear as if it's floating or floating upward, which is visually striking. The intricate details in the gold leaf pattern on the arch and the surrounding structure add texture and richness to the composition, emphasizing the clock's importance. Additionally, the symmetry of the arch and the clock within it creates a balanced and harmonious aesthetic, further elevating the overall appeal of this architectural feature."]

Processing Question 48/60: What style of art or architecture does this clock represent?
 >>>>>>>>>>>>>>>>>>>>>>>>>>>>>>
>>> (Token count: 139)

Model Output: ['This clock is the "Horloge astronomique" (Astronomical Clock) located in Paris, France, on the side of the Palais de la Cité. It represents a blend of Gothic and Renaissance architectural styles with intricate details. The clock is known for its ornate design, featuring gilded bronze and enamel work, as well as numerous figures and mechanical components. The artistry includes both symbolic and historical elements, such as depictions of the zodiac and astrological signs, reflecting the cultural and scientific interests of its time. Its construction and decoration showcase the artistry and craftsmanship of the late medieval period, while the overall design also reflects the influence of Renaissance aesthetics.']

Processing Question 49/60: Are there any specific cultural or religious symbols visible in the design?
 >>>>>>>>>>>>>>>>>>>>>>>>>>>>>>
>>> (Token count: 254)

Model Output: ['The image you\'ve shared is of the "Horloge astronomique" (the Astronomical Clock) located on the front of the Paris City Hall, also known as the Hotel de Ville. This clock is not a religious symbol but rather an astronomical clock that incorporates both historical and cultural significance.\n\nHere\'s what can be observed:\n\n1. **Statues**: The clock features several statues, including allegorical figures, which are often symbolic representations of different concepts such as time, the seasons, or the arts.\n2. **Decorative Elements**: The blue and gold color scheme, along with the intricate designs, reflects the Renaissance style, which was popular during the 15th and 16th centuries when the clock was originally installed.\n3. **Clock Face**: The clock face itself is a functional part of the clock, displaying the time, but it also includes astrological symbols and astronomical details.\n4. **Scriptures/Inscriptions**: There are inscriptions below the clock face, which include Latin text, possibly indicating the names of the artists or the dedication to King Charles V of France.\n\nWhile it does incorporate artistic and historical elements, it isn\'t specifically a religious symbol but rather a piece of historical art with both cultural and astronomical significance.']

Processing Question 50/60: How has this clock been maintained or restored over time?
 >>>>>>>>>>>>>>>>>>>>>>>>>>>>>>
>>> (Token count: 375)

Model Output: ['The clock in the image is known as the "Horloge astronomique" (Astronomical Clock) located on the north side of the Paris City Hall, also known as the Hotel de Ville. It dates back to 1370 and was originally installed by Jean de Beauce, but it underwent significant restorations over the centuries due to damage from weather, war, and urban development.\n\nOver time, various efforts have been made to maintain and restore the clock:\n\n1. **Restoration by Jacques Chastillon** (1585): During the Renaissance period, the clock was restored by Jacques Chastillon, who added astronomical features such as the zodiac, calendar, and sun and moon phases. His work helped preserve the clock\'s functionality and beauty for future generations.\n\n2. **Restoration by Auguste-Louis-Léon-Édouard-Nicolas-Marie Baudot** (1849): In the mid-19th century, Baudot undertook a major restoration of the clock, which included the addition of mechanical improvements that allowed for the more accurate movement of the hands and figures.\n\n3. **Restoration by the Paris City Hall** (20th century): The clock has been subject to several restorations throughout the 20th century, including a comprehensive restoration in the 1980s, which involved cleaning, painting, and minor structural repairs to ensure its longevity.\n\n4. **Modern Conservation**: More recent efforts include regular maintenance by conservators and engineers to prevent further deterioration caused by environmental factors like pollution and temperature changes. The clock is also periodically tested to ensure its mechanisms remain in working order.\n\nThese ongoing efforts have ensured that the Horloge astronomique remains not only an iconic symbol of Paris but also a functional and historically significant monument.']

Processing Question 51/60: What is the significance of the two shields near the top of the design?
 >>>>>>>>>>>>>>>>>>>>>>>>>>>>>>
>>> (Token count: 170)

Model Output: ['The two shields at the top of the design in the image appear to be decorative elements, possibly symbolizing protection, authority, or heraldry. In many historical contexts, such as on clock towers or buildings, these emblems can represent the family, town, or institution associated with the structure. The specific meaning would depend on the location and history of this particular clock tower.\n\nIn the case of the "Horloge astronomique" (the astronomical clock) in Paris, France, located on the front of the Tour de l\'Horloge of the Palais de la Cité (City Hall), the shields might reference the Hôtel de Ville (City Hall) itself or its coat of arms. The intricate design and symbols would have been chosen to reflect the prestige and importance of the building and its role within the city\'s administration.']

Processing Question 52/60: How does natural light interact with the clock's design during the day?
 >>>>>>>>>>>>>>>>>>>>>>>>>>>>>>
>>> (Token count: 313)

Model Output: ["Natural light interacts with the clock's design in several ways, especially during the daytime:\n\n1. **Enhances Gold Highlights**: The golden details of the clock stand out brightly against the blue background, reflecting more light and giving it a radiant appearance. As sunlight changes throughout the day, the reflections from the gold will shift, creating dynamic and changing visual effects.\n\n2. **Shadows and Contrast**: Depending on the time of day, shadows cast by the clock’s intricate details can create depth and contrast. This interplay of light and shadow helps emphasize the three-dimensional nature of the clock and its architectural elements.\n\n3. **Reflections**: If there is a reflective surface near the clock (e.g., windows or polished surfaces), some light may bounce off these surfaces and interact with the clock, adding to its luminosity.\n\n4. **Color Temperature Changes**: As the sun moves across the sky, the color temperature of the light changes, affecting the perception of colors and tones. During cooler times of the day, such as early morning or late afternoon, the colors of the clock might appear more muted compared to midday when the light is warmer and brighter.\n\n5. **Visibility of Details**: During sunny periods, the details of the clock become more visible, making the ornate designs and figures stand out clearly. However, direct sunlight can also cause glare that might obscure the view for observers who are too close to the clock.\n\nOverall, the interplay between natural light and the clock's design results in a dynamic and visually captivating display that changes throughout the day."]

Processing Question 53/60: Why is blue used as the background color for the decorative motifs?
 >>>>>>>>>>>>>>>>>>>>>>>>>>>>>>
>>> (Token count: 252)

Model Output: ["The use of blue as the background color in decorative motifs can be attributed to various cultural, historical, and symbolic reasons:\n\n1. **Symbolism**: Blue often symbolizes calmness, trustworthiness, stability, and tranquility. Its association with these qualities makes it a popular choice for ornamental designs that aim to convey serenity and reliability.\n\n2. **Cultural Significance**: In many cultures, blue has been associated with the heavens or the divine, which is why it's frequently used in religious or ceremonial contexts.\n\n3. **Historical Use**: Historically, blue was an expensive color to produce, particularly during the Renaissance and Baroque periods. The use of blue in decorative motifs could signify wealth, status, or the importance of the structure adorned with such colors.\n\n4. **Aesthetic Appeal**: Blue complements gold beautifully, creating a striking contrast that enhances the visual impact of the design. It also helps in making the details stand out more vividly.\n\nIn the context of the image, the blue and gold combination creates a rich, ornate look, emphasizing the grandeur and historical significance of the architectural feature. This is typical of styles like Gothic, Renaissance, or Baroque, where elaborate and opulent designs were common."]

Processing Question 54/60: What effect does the gold-and-blue color scheme create?
 >>>>>>>>>>>>>>>>>>>>>>>>>>>>>>
>>> (Token count: 126)

Model Output: ['The gold-and-blue color scheme in this image creates an elegant and regal atmosphere. Gold is often associated with luxury, opulence, and importance, while blue is frequently linked to stability, reliability, and trustworthiness. The contrast between these two colors adds depth and richness to the design. The gold elements, like the ornate detailing and statues, draw attention and create a sense of grandeur, whereas the blue background provides a calming and sophisticated backdrop that complements the gold accents. This combination of colors and materials evokes a sense of historical significance and craftsmanship, reflecting the cultural and architectural importance of the structure depicted.']

Processing Question 55/60: Are there any astronomical or celestial references in the design?
 >>>>>>>>>>>>>>>>>>>>>>>>>>>>>>
>>> (Token count: 346)

Model Output: ["The image you provided is of the famous *Horloge astronomique* (Astronomical Clock) located on the north facade of the City Hall in Paris, France. This clock is renowned for its intricate and historical design, featuring various astronomical and celestial references.\n\nHere are some key features that reflect astronomical or celestial themes:\n\n1. **Celestial Sphere**: The clock face includes a large central circular dial with Roman numerals from I to XII, representing the hours. Surrounding this are smaller sections that depict the zodiac signs, each associated with different constellations and astrological symbols.\n\n2. **Zodiac Signs**: Each hour of the clock face corresponds to one of the twelve zodiac signs, which are represented by their respective astrological symbols. These are positioned at the top of the clock face, above the central circular dial.\n\n3. **Celestial Motifs**: The clock's design incorporates motifs and illustrations related to astronomy, such as stars, planets, and other celestial bodies. Some of these are depicted in the ornate decorations surrounding the clock face.\n\n4. **Figures of the Zodiac**: There are statues or figures that represent the twelve zodiac signs, placed at intervals along the clock face, adding to the celestial theme.\n\n5. **Astronomical Calendar**: The clock also has additional components that track the phases of the moon and the positions of the sun and moon, further emphasizing its astronomical nature.\n\nThis clock is not only a timepiece but also a showcase of the artistic and scientific knowledge of the 14th century when it was created. It continues to be an iconic and important symbol of Paris and a testament to the blend of art and science during the medieval period."]

Processing Question 56/60: What is the symbolism of the sun-like design in the clock's center?
 >>>>>>>>>>>>>>>>>>>>>>>>>>>>>>
>>> (Token count: 168)

Model Output: ['The clock depicted in the image, the "Horloge du Palais de la Cité" or "Clock of the Palais de la Cité," is located on the north face of the Île de la Cité in Paris and is often referred to as the "Paris Astronomical Clock." The sun-like design at the center of the clock\'s face symbolizes the celestial body that governs time and the natural cycle of day and night. It reflects the historical and cultural importance of astronomy and its relationship with timekeeping. This design also serves as a focal point for the ornate and intricate craftsmanship of the clock, emphasizing the symbolic harmony between human creation and the natural world. Additionally, such astronomical clocks were once considered as significant public instruments for both navigation and everyday life, highlighting the role of astronomy in the past.']

Processing Question 57/60: How do the smaller details like fleur-de-lis contribute to the overall meaning?
 >>>>>>>>>>>>>>>>>>>>>>>>>>>>>>
>>> (Token count: 300)

Model Output: ["The fleur-de-lis is an ornamental motif with a rich history and cultural significance, often symbolizing purity, perfection, and divine favor in various traditions. Its inclusion on this clock face could serve multiple purposes:\n\n1. **Cultural Significance**: The fleur-de-lis is historically associated with France, where it was adopted by the monarchy as a symbol of royalty. By incorporating it into the design, the clock may be emphasizing its connection to French heritage or Parisian identity.\n\n2. **Symbolism**: Beyond its cultural connotations, the fleur-de-lis can also symbolize growth, renewal, and spiritual elevation. In this context, its use might reinforce the idea of time as a sacred and cyclical force, aligning the clock's function with broader philosophical or religious themes.\n\n3. **Decorative Flourish**: The fleur-de-lis adds an elegant and ornate quality to the clock’s design, elevating its aesthetic appeal. It acts as a decorative detail that enhances the clock's grandeur and visual richness.\n\n4. **Historical Context**: The inclusion of such intricate details suggests that the clock is not only a functional device but also a work of art that reflects historical craftsmanship and attention to detail.\n\nOverall, the fleur-de-lis contributes to the clock’s sophisticated appearance and reinforces its association with French culture and traditional craftsmanship. It serves both as a decorative element and a subtle nod to symbolism that enriches the clock's narrative and meaning."]

Processing Question 58/60: Is there any famous legend associated with this clock?
 >>>>>>>>>>>>>>>>>>>>>>>>>>>>>>
>>> (Token count: 265)

Model Output: ['The clock in the picture is the **Maggot Clock** (French: Horloge du Marais), located on the southern facade of the Paris City Hall (Hôtel de Ville) in the Marais district of Paris, France. It is one of the oldest and most famous clocks in Paris.\n\n### Legend Associated with the Clock:\n1. **"The Maggot"**: There is an urban legend that during the French Revolution in 1793, the city\'s archives were destroyed, and the clock was damaged. The story goes that a maggot (or "mouche") chewed through the gears and stopped the clock for almost two centuries until it was restored in 1904. This myth has become part of local folklore and is often referenced humorously by locals.\n\n2. **Historical Significance**: The clock dates back to the 15th century but underwent renovations in 1842 and 1904, as mentioned above. It features astronomical functions, showing the phases of the moon, the position of the sun, and zodiacal signs. The clock\'s design is ornate and reflects the style of the time when it was constructed, showcasing intricate craftsmanship.\n\nThe clock remains a popular tourist attraction and an important historical symbol of Paris.']

Processing Question 59/60: What are the architectural elements around the clock's frame?
 >>>>>>>>>>>>>>>>>>>>>>>>>>>>>>
>>> (Token count: 225)

Model Output: ["The architectural elements surrounding the clock include intricate gilded details and decorative motifs, such as:\n\n1. **Gilded ornamentation**: The clock is framed with elaborate golden designs, including floral patterns and leafy motifs, which add to its ornate aesthetic.\n\n2. **Statues**: There are statues integrated into the design of the clock, possibly representing figures or allegories, which often have symbolic significance in historical clocks like this one.\n\n3. **Architectural arches**: The structure features an arched top, enhancing the grandeur and framing the clock itself.\n\n4. **Framing stones**: The clock is bordered by stone panels or frames that match the building's architecture, ensuring it integrates seamlessly with the structure.\n\n5. **Crown-like embellishments**: Atop the arch, there might be a small crown-like detail, symbolizing royalty or importance.\n\n6. **Decorative plaques**: Plaques with inscriptions or symbols are included on either side of the clock face, adding cultural or historical significance to the piece.\n\nThese elements collectively create a visually rich and historically significant piece of architecture."]

Processing Question 60/60: How does this clock compare to other medieval or Renaissance clocks in Europe?
 >>>>>>>>>>>>>>>>>>>>>>>>>>>>>>
>>> (Token count: 483)

Model Output: ['This is the **Horloge du Parvis Notre-Dame**, also known as the **Tour de l\'Horloge** (Clock Tower) in Paris, France. It is one of the oldest functioning municipal clocks in Europe and dates back to 1370. Here’s how it compares to other medieval or Renaissance clocks:\n\n### Historical Context:\n- **Medieval Clocks**: Before the Horloge du Parvis Notre-Dame, many European cities had more rudimentary timekeeping devices like sundials and water clocks. The clock at Notre-Dame was revolutionary because it was one of the first public clocks designed with ornate and intricate details.\n  \n### Architectural and Decorative Features:\n- **Ornamentation**: The Horloge du Parvis Notre-Dame is richly decorated with gold leaf, statues, and intricate enamel work. This was characteristic of the Renaissance period, which valued elaborate ornamentation as a reflection of wealth and cultural sophistication.\n- **Mechanical Complexity**: While earlier clocks were often driven by water or wind power, this clock is believed to have been powered by weights and gears, showcasing the advancements in mechanical engineering during the Renaissance.\n\n### Functionality and Design:\n- **Public Accessibility**: Unlike some earlier private clocks, this clock was accessible to everyone in the city, reflecting its importance as a symbol of civic pride and technological advancement.\n- **Intricacy in Timekeeping**: The clock featured not only the time but also astronomical features like zodiac signs, making it a valuable tool for both practical and astrological purposes.\n\n### Comparisons with Other Notable Clocks:\n- **The Clock of Strasbourg (1584)**: This clock was another monumental achievement of the Renaissance era, featuring an astronomical display and intricate carvings, though it was built later than the Notre-Dame clock.\n- **The Prague Astronomical Clock (1410)**: Often referred to as the "Oldest Astronomical Clock," it predates the Notre-Dame clock by over 100 years and displays astronomical data, including the phases of the moon and the zodiac constellations.\n\nIn summary, the Horloge du Parvis Notre-Dame stands out as an early example of a Renaissance-style clock that combined advanced mechanics with artistic decoration, serving as a landmark in the history of European timekeeping technology.']
average_tokens : 198.8
