Using default attention!

Processing Question 1/60: What types of fixtures are present in the bathroom?
 >>>>>>>>>>>>>>>>>>>>>>>>>>>>>>
>>> (Token count: 136)

Model Output: ['The bathroom in the image features several fixtures:\n\n1. **Shower**: A walk-in shower with a glass door is visible on the left side.\n2. **Bathtub**: A bathtub with a dark red curtain is positioned next to the shower.\n3. **Vanity and Sink**: On the right side, there is a vanity with a double sink, featuring wooden cabinets below and a white countertop.\n4. **Mirror**: Above the vanity, there is a large mirror framed in a dark material.\n5. **Lighting**: There are two wall-mounted light fixtures above the mirror, providing illumination for the bathroom.\n\nThese are the primary fixtures visible in the image.']

Processing Question 2/60: How many mirrors are above the sink?
 >>>>>>>>>>>>>>>>>>>>>>>>>>>>>>
>>> (Token count: 12)

Model Output: ['There are two mirrors above the sink in the image.']

Processing Question 3/60: What is the color of the bathroom cabinets?
 >>>>>>>>>>>>>>>>>>>>>>>>>>>>>>
>>> (Token count: 10)

Model Output: ['The bathroom cabinets are dark brown in color.']

Processing Question 4/60: What material appears to be used for the floor?
 >>>>>>>>>>>>>>>>>>>>>>>>>>>>>>
>>> (Token count: 35)

Model Output: ['The floor in the image appears to be made of tiles, specifically ceramic or porcelain tiles, which are common materials for bathroom floors due to their durability and ease of cleaning.']

Processing Question 5/60: What color is the shower curtain?
 >>>>>>>>>>>>>>>>>>>>>>>>>>>>>>
>>> (Token count: 14)

Model Output: ['The shower curtain in the image is maroon or burgundy.']

Processing Question 6/60: Does the room have a bathtub or a shower, or both?
 >>>>>>>>>>>>>>>>>>>>>>>>>>>>>>
>>> (Token count: 42)

Model Output: ['The room has both a bathtub and a shower. The image shows a walk-in shower on the left side, as well as a bathtub with a red curtain partially covering it in the center of the image.']

Processing Question 7/60: How many sinks are visible on the countertop?
 >>>>>>>>>>>>>>>>>>>>>>>>>>>>>>
>>> (Token count: 14)

Model Output: ['There are two sinks visible on the countertop in the image.']

Processing Question 8/60: What is the color of the walls in the bathroom?
 >>>>>>>>>>>>>>>>>>>>>>>>>>>>>>
>>> (Token count: 18)

Model Output: ['The walls in the bathroom appear to be painted in a light beige or cream color.']

Processing Question 9/60: What type of lighting is present above the mirror?
 >>>>>>>>>>>>>>>>>>>>>>>>>>>>>>
>>> (Token count: 74)

Model Output: ['The lighting above the mirror appears to be recessed or embedded lighting, as there are no visible light fixtures or bulbs hanging from the ceiling. Instead, the light is diffused and evenly distributed across the mirror area, suggesting that it may be part of a fixture built into the wall or ceiling. The light is warm in tone, likely designed for a cozy ambiance.']

Processing Question 10/60: Is there a rug or decorative floor mat in the room?
 >>>>>>>>>>>>>>>>>>>>>>>>>>>>>>
>>> (Token count: 20)

Model Output: ['Yes, there is a red rug or decorative floor mat visible in the bathroom near the bathtub.']

Processing Question 11/60: What is the design of the tiles around the bathtub?
 >>>>>>>>>>>>>>>>>>>>>>>>>>>>>>
>>> (Token count: 51)

Model Output: ['The tiles around the bathtub have a decorative pattern, featuring light beige and cream tones with small, darker accents that create a textured look. The tiles appear to be square-shaped and arranged in a traditional style, giving the bathroom a classic and elegant appearance.']

Processing Question 12/60: Does the bathroom have natural or artificial lighting?
 >>>>>>>>>>>>>>>>>>>>>>>>>>>>>>
>>> (Token count: 67)

Model Output: ['The bathroom in the image appears to have artificial lighting. This is indicated by the presence of a light fixture above the vanity mirror, which is emitting a warm glow and illuminating the room evenly. There are no visible windows that would suggest natural light, and the lighting seems consistent and controlled, as one typically finds with artificial lights.']

Processing Question 13/60: What material could the countertop be made of?
 >>>>>>>>>>>>>>>>>>>>>>>>>>>>>>
>>> (Token count: 151)

Model Output: ['The countertop in the image appears to be made of a material that is commonly used in bathrooms for its durability and ease of cleaning. Based on its appearance, it looks like it could be made of:\n\n1. **Marble or Quartzite**: These materials are often used for bathroom countertops due to their aesthetic appeal and resistance to water and stains.\n2. **Granite**: Another popular choice for bathroom countertops, granite is known for its natural beauty and durability.\n3. **Laminate**: While less common in more upscale bathrooms, laminate can also be used and mimics the look of marble or quartz.\n\nThe specific material cannot be determined with certainty without physical inspection, but these are reasonable guesses based on the visual characteristics of the countertop.']

Processing Question 14/60: Does the bathroom include any visible decor items?
 >>>>>>>>>>>>>>>>>>>>>>>>>>>>>>
>>> (Token count: 87)

Model Output: ['Yes, the bathroom includes several visible decor items:\n\n1. **Curtains**: A red patterned curtain is used to cover the bathtub.\n2. **Bath Mat**: There is a red bath mat placed on the floor in front of the bathtub.\n3. **Light Fixtures**: The bathroom has two wall-mounted lights above the vanity that provide illumination.\n\nThese elements contribute to the overall aesthetic and functionality of the space.']

Processing Question 15/60: What kind of faucet (e.g., single or double handles) does the sink have?
 >>>>>>>>>>>>>>>>>>>>>>>>>>>>>>
>>> (Token count: 37)

Model Output: ['The sink in the image has a **double-handle faucet**. This is indicated by the two separate handles visible above the sink, which control the hot and cold water flow independently.']

Processing Question 16/60: Is there any visible towel storage in the bathroom?
 >>>>>>>>>>>>>>>>>>>>>>>>>>>>>>
>>> (Token count: 66)

Model Output: ['No, there is no visible towel storage in this bathroom. The image shows a bathtub with a red curtain and a shower area, but there are no towels or visible towel racks or shelves within the frame of the photo. The bathroom includes a vanity with a countertop and two sinks, as well as a mirror above it.']

Processing Question 17/60: Are the mirrors framed, and if so, what is their frame color or material?
 >>>>>>>>>>>>>>>>>>>>>>>>>>>>>>
>>> (Token count: 42)

Model Output: ["Yes, the mirrors in the image are framed. The frames appear to be made of dark wood with a slightly reflective, polished finish. This gives them a sophisticated look that complements the bathroom's decor."]

Processing Question 18/60: How many towels are visible in the bathroom?
 >>>>>>>>>>>>>>>>>>>>>>>>>>>>>>
>>> (Token count: 20)

Model Output: ['There is one towel visible in the bathroom. It is placed on the edge of the bathtub.']

Processing Question 19/60: Is the bathtub separate from the shower stall?
 >>>>>>>>>>>>>>>>>>>>>>>>>>>>>>
>>> (Token count: 38)

Model Output: ['No, the bathtub is not separate from the shower stall in this image. The shower stall and the bathtub share the same enclosed space, as indicated by the wall and curtain separating them.']

Processing Question 20/60: What is the design or shape of the bathtub?
 >>>>>>>>>>>>>>>>>>>>>>>>>>>>>>
>>> (Token count: 63)

Model Output: ['The bathtub in the image appears to be rectangular in shape, with a standard design typical for many bathrooms. It has a built-in shower area on one side, which is common in walk-in shower designs where the tub and shower share space within the same enclosure. The tiled surround suggests a clean, modern style.']

Processing Question 21/60: Are there windows in the bathroom?
 >>>>>>>>>>>>>>>>>>>>>>>>>>>>>>
>>> (Token count: 50)

Model Output: ['No, there are no windows visible in this bathroom image. The image shows a bathtub with a red curtain and a shower area to the left. There is a mirror above the vanity but no window can be seen in the frame of the image.']

Processing Question 22/60: Is there a hook near the shower?
 >>>>>>>>>>>>>>>>>>>>>>>>>>>>>>
>>> (Token count: 38)

Model Output: ['Yes, there appears to be a hook near the shower in the image. It is located on the left side of the shower area, close to the wall and above the towel bar.']

Processing Question 23/60: What color is the countertop surface?
 >>>>>>>>>>>>>>>>>>>>>>>>>>>>>>
>>> (Token count: 13)

Model Output: ['The countertop surface in the image appears to be white.']

Processing Question 24/60: Are there any visible electrical outlets near the sink?
 >>>>>>>>>>>>>>>>>>>>>>>>>>>>>>
>>> (Token count: 34)

Model Output: ['No, there are no visible electrical outlets near the sink in this image. The outlet appears to be located further back on the wall, away from the sink area.']

Processing Question 25/60: Does the lighting on the wall appear to be centered over both mirrors?
 >>>>>>>>>>>>>>>>>>>>>>>>>>>>>>
>>> (Token count: 32)

Model Output: ['No, the lighting on the wall appears to be centered over one of the mirrors. It is not directly over the other mirror but rather positioned between them.']

Processing Question 26/60: What color is the floor rug or mat?
 >>>>>>>>>>>>>>>>>>>>>>>>>>>>>>
>>> (Token count: 12)

Model Output: ['The floor rug or mat in the image is red.']

Processing Question 27/60: Are the doors of the cabinet below the sink made of wood?
 >>>>>>>>>>>>>>>>>>>>>>>>>>>>>>
>>> (Token count: 38)

Model Output: ['Yes, the doors of the cabinet below the sink appear to be made of wood. The texture and color suggest a wooden material, and they have the typical appearance of wood cabinetry.']

Processing Question 28/60: Does the bathroom look modern, traditional, or transitional in design?
 >>>>>>>>>>>>>>>>>>>>>>>>>>>>>>
>>> (Token count: 88)

Model Output: ['This bathroom appears to have elements of both traditional and modern design, but leans more toward a traditional style. The use of a patterned red curtain, ornate mirror frame, and the classic design of the vanity suggest a traditional influence. However, the clean lines, neutral color palette, and the simple, contemporary fixtures give it a modern feel as well. The overall aesthetic is balanced, blending traditional charm with a touch of modern elegance.']

Processing Question 29/60: How many light fixtures are attached to the wall?
 >>>>>>>>>>>>>>>>>>>>>>>>>>>>>>
>>> (Token count: 17)

Model Output: ['There are two light fixtures attached to the wall above the mirror in the bathroom.']

Processing Question 30/60: Is the design of the bathroom more functional or decorative?
 >>>>>>>>>>>>>>>>>>>>>>>>>>>>>>
>>> (Token count: 263)

Model Output: ['The design of this bathroom appears to be more functional than purely decorative, with a focus on practicality and utility. Here are some observations that support this assessment:\n\n1. **Shower Design**: The shower is equipped with a sliding glass door, which is both functional and aesthetically pleasing while providing easy access and a sense of spaciousness.\n\n2. **Bathtub**: The bathtub has a simple, clean design, and the tile around it adds durability and ease of cleaning, indicating practical considerations over elaborate decoration.\n\n3. **Mirror and Vanity**: The vanity features a mirror and double sink, which are essential for functionality in a bathroom setting. The mirror and vanity area provide ample space for grooming activities.\n\n4. **Storage**: The cabinets under the vanity offer storage, which is a practical feature for storing toiletries and other bathroom essentials.\n\n5. **Lighting**: The lighting fixtures above the mirror are functional and provide adequate illumination for daily use.\n\n6. **Curtain**: The curtain for the bathtub adds a touch of decor but does not detract from the overall functionality of the space.\n\nWhile the red curtain and the dark wooden vanity add a decorative element, the primary focus remains on creating a functional and user-friendly space. The design balances form and function well, making it suitable for everyday use.']

Processing Question 31/60: What type of flooring is used in this bathroom?
 >>>>>>>>>>>>>>>>>>>>>>>>>>>>>>
>>> (Token count: 52)

Model Output: ['The flooring in the bathroom appears to be made of tiles, specifically ceramic or porcelain tiles, given their uniform shape and size, as well as the shine that is typical for these materials. The tiles seem to be laid in a square pattern on the floor.']

Processing Question 32/60: How many mirrors are above the sink area?
 >>>>>>>>>>>>>>>>>>>>>>>>>>>>>>
>>> (Token count: 13)

Model Output: ['There are two mirrors above the sink area in the image.']

Processing Question 33/60: What is the color and material of the bathroom cabinets?
 >>>>>>>>>>>>>>>>>>>>>>>>>>>>>>
>>> (Token count: 23)

Model Output: ['The bathroom cabinets appear to be made of wood or wood-like material, and they are dark brown in color.']

Processing Question 34/60: Are the walls painted a neutral tone or a bold color?
 >>>>>>>>>>>>>>>>>>>>>>>>>>>>>>
>>> (Token count: 37)

Model Output: ['The walls in the bathroom are painted a neutral tone. The paint appears to be a light beige or cream color, which is commonly used for its clean and calming effect in bathrooms.']

Processing Question 35/60: Is the lighting above the sink warm or cool-toned?
 >>>>>>>>>>>>>>>>>>>>>>>>>>>>>>
>>> (Token count: 31)

Model Output: ['The lighting above the sink appears to be warm-toned. The light from the fixtures casts a yellowish glow, which is characteristic of warm lighting.']

Processing Question 36/60: What color is the bath mat?
 >>>>>>>>>>>>>>>>>>>>>>>>>>>>>>
>>> (Token count: 10)

Model Output: ['The bath mat in the image is red.']

Processing Question 37/60: Does the bathtub have a shower curtain? If so, what color is it?
 >>>>>>>>>>>>>>>>>>>>>>>>>>>>>>
>>> (Token count: 20)

Model Output: ['Yes, the bathtub has a shower curtain. The shower curtain is red with a floral pattern.']

Processing Question 38/60: How many sinks are visible on the countertop?
 >>>>>>>>>>>>>>>>>>>>>>>>>>>>>>
>>> (Token count: 14)

Model Output: ['There are two sinks visible on the countertop in the image.']

Processing Question 39/60: Is there a shower stall separate from the bathtub?
 >>>>>>>>>>>>>>>>>>>>>>>>>>>>>>
>>> (Token count: 46)

Model Output: ['Yes, in the image there is a shower stall that appears to be separate from the bathtub. The shower has a glass door on one side, and the bathtub has a curtain, indicating they are distinct areas within the bathroom.']

Processing Question 40/60: Does this bathroom have a modern, traditional, or transitional design style?
 >>>>>>>>>>>>>>>>>>>>>>>>>>>>>>
>>> (Token count: 160)

Model Output: ["The bathroom in the picture appears to have a traditional design style. This is indicated by several elements:\n\n1. **Bathroom Fixtures**: The vanity features wooden cabinets with a classic design, and the fixtures, such as the sink and faucets, have a traditional look.\n2. **Mirror Frame**: The mirror has a dark frame that complements a more traditional aesthetic.\n3. **Color Scheme**: The use of neutral tones on the walls paired with the darker wood and red accents suggests a traditional palette.\n4. **Decorative Elements**: The patterned shower curtain adds a touch of traditional decor.\n\nWhile it's possible for a transitional design to incorporate both modern and traditional elements, the overall impression here leans towards traditional due to the classic fixtures, cabinetry, and the warm color scheme."]

Processing Question 41/60: What material appears to be used for the vanity countertop?
 >>>>>>>>>>>>>>>>>>>>>>>>>>>>>>
>>> (Token count: 70)

Model Output: ['The vanity countertop appears to be made of a solid surface material, likely a type of engineered stone such as quartz or a similar composite material. These materials are commonly used in bathrooms due to their durability, ease of cleaning, and resistance to stains and scratches. The smooth and uniform appearance of the countertop is characteristic of these types of surfaces.']

Processing Question 42/60: Are there towel holders visible in the picture?
 >>>>>>>>>>>>>>>>>>>>>>>>>>>>>>
>>> (Token count: 27)

Model Output: ['No, there are no towel holders visible in the picture. The bathroom appears to have a shower curtain instead of a towel holder.']

Processing Question 43/60: Are the faucets gold, silver, or another finish?
 >>>>>>>>>>>>>>>>>>>>>>>>>>>>>>
>>> (Token count: 30)

Model Output: ['The faucets in the image appear to be gold in color. They have a warm tone that is characteristic of gold or a similar metallic finish.']

Processing Question 44/60: What type of lighting fixture is mounted above the mirrors?
 >>>>>>>>>>>>>>>>>>>>>>>>>>>>>>
>>> (Token count: 65)

Model Output: ['The lighting fixtures mounted above the mirrors in the image appear to be wall sconces. These fixtures are typically installed directly on the walls and are used to provide ambient or task lighting in areas such as bathrooms or dressing rooms. They are often used in conjunction with vanity lights, which may also be present in this setting.']

Processing Question 45/60: Is there natural light present or only artificial light?
 >>>>>>>>>>>>>>>>>>>>>>>>>>>>>>
>>> (Token count: 35)

Model Output: ['The image shows only artificial light. There is no visible window or source of natural light, and the lighting in the bathroom is provided by wall-mounted fixtures above the mirror.']

Processing Question 46/60: What is the color of the shower curtain rod?
 >>>>>>>>>>>>>>>>>>>>>>>>>>>>>>
>>> (Token count: 11)

Model Output: ['The shower curtain rod in the image is white.']

Processing Question 47/60: Is there any visible décor on the vanity countertop?
 >>>>>>>>>>>>>>>>>>>>>>>>>>>>>>
>>> (Token count: 30)

Model Output: ['No, there is no visible décor on the vanity countertop in the image. The countertop appears to be clean and unadorned.']

Processing Question 48/60: What type of material lines the shower walls?
 >>>>>>>>>>>>>>>>>>>>>>>>>>>>>>
>>> (Token count: 49)

Model Output: ['The shower walls in this image appear to be lined with a white textured material, likely ceramic tiles or a similar material commonly used for shower walls. The texture is smooth and consistent, typical of bathroom wall tiles designed for easy cleaning and durability.']

Processing Question 49/60: Are the mirrors framed or frameless? If framed, what is the frame color?
 >>>>>>>>>>>>>>>>>>>>>>>>>>>>>>
>>> (Token count: 32)

Model Output: ['The mirrors in the image are framed. The frame color of both mirrors appears to be a dark wood tone, likely matching the dark wooden cabinet below them.']

Processing Question 50/60: Is the shower fully enclosed with glass, or does it have a partial panel?
 >>>>>>>>>>>>>>>>>>>>>>>>>>>>>>
>>> (Token count: 49)

Model Output: ['The shower in the image is partially enclosed with glass. There is a glass door on one side of the shower stall, but the other side appears to be open and not enclosed by glass. This creates a semi-enclosed shower area.']

Processing Question 51/60: What design detail is seen at the edge of the bathtub?
 >>>>>>>>>>>>>>>>>>>>>>>>>>>>>>
>>> (Token count: 59)

Model Output: ['The design detail at the edge of the bathtub appears to be decorative molding or tiles with a beige or tan color that complements the wall behind it. This type of detail adds a subtle, elegant touch to the bathroom design while also serving as a clean transition between the bathtub and the walls.']

Processing Question 52/60: Can you see any electrical outlets in the picture?
 >>>>>>>>>>>>>>>>>>>>>>>>>>>>>>
>>> (Token count: 43)

Model Output: ['Yes, there is an electrical outlet visible in the image on the wall near the right side of the vanity mirror. It is located to the left of the mirror and appears to be standard-sized with two sockets.']

Processing Question 53/60: Are there any towels visible, and if so, where?
 >>>>>>>>>>>>>>>>>>>>>>>>>>>>>>
>>> (Token count: 37)

Model Output: ['Yes, there are towels visible in the image. They can be seen hanging on the side of the bathtub and one is placed on the red bath mat in front of the bathtub.']

Processing Question 54/60: Is the bathtub a standalone feature or part of a wall unit?
 >>>>>>>>>>>>>>>>>>>>>>>>>>>>>>
>>> (Token count: 75)

Model Output: ['The bathtub in the image appears to be part of a wall unit, as it is enclosed by a wall with a shower curtain and a tiled surround. There is no visible stand or separate base that would suggest it is a standalone bathtub. The shower area is integrated into the wall, which is typical for bathtubs designed within a bathroom layout rather than freestanding.']

Processing Question 55/60: What is the general layout of this bathroom, and is it efficient for space?
 >>>>>>>>>>>>>>>>>>>>>>>>>>>>>>
>>> (Token count: 264)

Model Output: ["The bathroom in the picture appears to have a standard layout with a bathtub/shower combination, a vanity sink with two sinks, and a mirror. Here's a breakdown:\n\n1. **Bathtub/Shower Combination**: Positioned on one side of the room.\n2. **Vanity Sink**: Located on the opposite side, featuring dual sinks with ample counter space.\n3. **Mirror**: Mounted above the vanity sink.\n4. **Shower Curtain**: A maroon curtain separates the shower area from the rest of the bathroom.\n\n### Space Efficiency:\n- The layout utilizes the space effectively by placing the shower and bathtub adjacent to each other and separating them with a curtain. This arrangement saves space compared to having a separate door for the shower.\n- The vanity sink and mirror are placed away from the shower area, allowing for sufficient movement around the sink while using the shower.\n- There is adequate counter space beneath the vanity, which can be useful for toiletries or personal items.\n- The presence of two mirrors and dual sinks suggests that the bathroom could comfortably accommodate multiple users simultaneously.\n\nOverall, the layout seems to maximize the use of available space while maintaining functionality. However, if the bathroom is quite small, the placement of the bathtub and shower may make it feel cramped; larger bathrooms often provide more elbow room in such designs."]

Processing Question 56/60: Are any plants or decorative accessories present?
 >>>>>>>>>>>>>>>>>>>>>>>>>>>>>>
>>> (Token count: 32)

Model Output: ['No, there are no plants or decorative accessories visible in the image of this bathroom. The room appears to be simply furnished with basic fixtures and minimal decor.']

Processing Question 57/60: What is the purpose of the small wall hook to the left of the shower?
 >>>>>>>>>>>>>>>>>>>>>>>>>>>>>>
>>> (Token count: 72)

Model Output: ['The small wall hook to the left of the shower is likely intended for hanging items such as towels, robes, or other small bathroom accessories. It provides a convenient place to hang these items when they are not in use, keeping them off the floor and preventing water damage or spills on the shower area. This helps maintain organization and tidiness in the bathroom.']

Processing Question 58/60: Does the bathroom have a double or single vanity?
 >>>>>>>>>>>>>>>>>>>>>>>>>>>>>>
>>> (Token count: 30)

Model Output: ['The bathroom in the picture has a double vanity, as there are two sinks with separate faucets and a shared countertop and cabinets beneath them.']

Processing Question 59/60: What seems to be the daylight color reflected in the corner mirror (warm or neutral)?
 >>>>>>>>>>>>>>>>>>>>>>>>>>>>>>
>>> (Token count: 44)

Model Output: ['The daylight reflected in the corner mirror appears to have a warm tone, as it is soft and diffused, with a golden hue that suggests natural light. The reflection shows a warm and inviting atmosphere in the bathroom.']

Processing Question 60/60: Does the bathroom appear clean and well-maintained? Why or why not?
 >>>>>>>>>>>>>>>>>>>>>>>>>>>>>>
>>> (Token count: 168)

Model Output: ["The bathroom in the image appears to be clean and well-maintained. Here's why:\n\n1. **Neatness of Surfaces**: The surfaces, including the countertop, sink, and cabinet, look free from clutter or stains.\n2. **Tidy Towels and Mats**: The towels are neatly placed on the tub and the mat is folded and clean, indicating regular upkeep.\n3. **Lighting and Cleanliness of Fixtures**: The light fixtures are shiny, and there are no visible signs of grime or dirt on the faucets or any other fixtures.\n4. **Organization**: Items like the toiletries seem to be organized, contributing to an overall tidy appearance.\n\nThere are no visible signs that suggest neglect or untidiness, such as stains, smudges, or disarray in the space."]
average_tokens : 53.5
