Using default attention!

Processing Question 1/60: What is the color of the cat's fur?
 >>>>>>>>>>>>>>>>>>>>>>>>>>>>>>
>>> (Token count: 40)

Model Output: The cat's fur is primarily a beautiful shade of gray, with a lighter, almost creamy or beige color on its chest and paws. 

It’s a lovely, muted gray!

Processing Question 2/60: How many different fur colors are visible on the cat?
 >>>>>>>>>>>>>>>>>>>>>>>>>>>>>>
>>> (Token count: 130)

Model Output: Okay, let's analyze the colors of the cat's fur in the image!

I can see at least three different colors:

1.  **Gray:** The predominant color is a lovely, soft gray.
2.  **White:** There's a patch of white fur on the cat’s chest.
3.  **Cream/Tan:** A small area on the paws appears to be a cream or tan color. 

So, there are **three** distinct fur colors visible. 

Do you want me to describe any of those colors in more detail, or perhaps point out any subtle variations?

Processing Question 3/60: Where is the cat sitting?
 >>>>>>>>>>>>>>>>>>>>>>>>>>>>>>
>>> (Token count: 16)

Model Output: Based on the image, the cat is sitting on a black cushioned chair.

Processing Question 4/60: What material does the chair seem to be made of?
 >>>>>>>>>>>>>>>>>>>>>>>>>>>>>>
>>> (Token count: 37)

Model Output: Based on the image, the chair appears to be made of **plastic**. 

It has a smooth, somewhat shiny surface, and the cushion looks like a molded plastic material.

Processing Question 5/60: What color are the cat's eyes?
 >>>>>>>>>>>>>>>>>>>>>>>>>>>>>>
>>> (Token count: 22)

Model Output: The cat's eyes are a striking shade of green! They have a beautiful, almost luminous quality.

Processing Question 6/60: Is the cat looking directly at the camera?
 >>>>>>>>>>>>>>>>>>>>>>>>>>>>>>
>>> (Token count: 29)

Model Output: No, the cat is not looking directly at the camera. It's looking slightly to the right of the camera with a contemplative expression.

Processing Question 7/60: Does the cat appear to be relaxed or alert?
 >>>>>>>>>>>>>>>>>>>>>>>>>>>>>>
>>> (Token count: 106)

Model Output: Based on the image, the cat appears to be **relaxed**. 

Here's what suggests that:

*   **Position:** It's sprawled out, with its paws tucked underneath, indicating a comfortable, loose posture.
*   **Expression:** Its eyes are half-closed, and its face seems calm and content.

While it’s definitely looking directly at the camera, the overall impression is one of tranquility rather than alertness.

Would you like me to describe anything else about the picture?

Processing Question 8/60: What do you think the darker patch on the cat's head and body indicates?
 >>>>>>>>>>>>>>>>>>>>>>>>>>>>>>
>>> (Token count: 163)

Model Output: Okay, let's analyze the image!

Looking closely at the cat, the darker patch on its head and body appears to be a **chin spot** or a **"cap".** 

Here's why:

*   **Common in Grey Cats:** This pattern is frequently seen in grey (or blue-grey) cats. It's a genetic variation that results in a concentrated area of darker pigment around the chin.
*   **Shape and Location:** The shape and placement in the picture strongly suggest it's a distinct, separate spot rather than just shading or a general darkening of the fur.

It's a very charming and unique feature! 

Do you want to know anything more about this particular cat, or perhaps about the genetics of color variations in cats?

Processing Question 9/60: Does the chair have armrests?
 >>>>>>>>>>>>>>>>>>>>>>>>>>>>>>
>>> (Token count: 16)

Model Output: No, the chair in the image does not appear to have armrests.

Processing Question 10/60: Can you see the cat's tail? If so, in what position is it?
 >>>>>>>>>>>>>>>>>>>>>>>>>>>>>>
>>> (Token count: 24)

Model Output: Yes, I can see the cat's tail! It's lying straight out to the side, relaxed.

Processing Question 11/60: Does the image suggest it was taken indoors or outdoors?
 >>>>>>>>>>>>>>>>>>>>>>>>>>>>>>
>>> (Token count: 91)

Model Output: Based on the image, it appears to have been taken **outdoors**. 

Here's how I came to that conclusion:

*   **Visible Background:** There's a blurry outdoor scene in the background, suggesting a window or door.
*   **Natural Light:** The lighting seems to be natural, which is typical of outdoor settings.

Let me know if you'd like me to analyze anything else about the image!

Processing Question 12/60: How many legs of the cat are visible?
 >>>>>>>>>>>>>>>>>>>>>>>>>>>>>>
>>> (Token count: 19)

Model Output: Based on the image, I can see **four** legs of the cat are visible.

Processing Question 13/60: What might the cat be thinking or feeling?
 >>>>>>>>>>>>>>>>>>>>>>>>>>>>>>
>>> (Token count: 290)

Model Output: Okay, let's analyze this lovely gray cat! Based on the image, here’s what the cat might be thinking or feeling:

**Strong Possibilities:**

* **Content and Relaxed:** The posture – sprawled out, paws tucked in, a slight droop of the whiskers – screams relaxation. He seems utterly comfortable and happy just being where he is.
* **A Little Regal:** The direct gaze, combined with his coloring, gives off a subtle air of confidence. He might be thinking, “Yes, *I* am in charge of this chair.”
* **Observing:** He's definitely looking at the camera (or whoever took the picture!). He could be thinking, "Well, hello there. What's going on?" 


**Other potential thoughts (slightly more playful):**

* **Warmth:** It looks like a sunny day, and he's enjoying the warmth of the chair. “This is a good spot.”
* **A slight boredom:** He's clearly not in a hurry, which might suggest a bit of a “let’s just be here” attitude. 


**Overall:**  I’d say he’s primarily feeling peaceful, comfortable, and perhaps a little bit superior! 😊

Would you like me to try and guess what he might be thinking based on a specific detail in the picture, like his expression or body language?

Processing Question 14/60: What details stand out in the texture of the cat's fur?
 >>>>>>>>>>>>>>>>>>>>>>>>>>>>>>
>>> (Token count: 228)

Model Output: Okay, let's break down the texture details of the cat's fur in the image:

*   **Softness & Layering:** The fur appears incredibly soft and plush. You can see how it has a layered quality, with individual strands giving it depth and a slightly rumpled appearance.
*   **Gray Variations:** There's a beautiful range of gray tones – from a lighter, almost silvery gray on the chest and paws, to darker charcoal shades on the back and sides. This variation in color adds to the complexity of the fur's texture.
*   **Smoothness:** In certain areas, like the head and upper back, the fur looks remarkably smooth and sleek.
*   **Slightly Matted/Wavy:** In some places, particularly around the ears and along the sides of the face, there are subtle signs of slight matting or waviness, which adds to the natural, lived-in look of the fur. 

Would you like me to describe any particular area of the cat's fur in more detail, or perhaps compare the texture to something familiar?

Processing Question 15/60: What is the condition of the wooden parts of the chair?
 >>>>>>>>>>>>>>>>>>>>>>>>>>>>>>
>>> (Token count: 160)

Model Output: Okay, let's take a look at the wooden parts of the chair in the image. 

Based on the photo, the wooden parts appear to be in **fair condition**. 

Here's what I can observe:

*   **Wear and Tear:** There's visible wear and tear on the wood, including some scratches and what looks like slight discoloration. This suggests the chair has been used and is not brand new.
*   **Grain:** You can see the wood grain clearly, which is typical for wooden furniture.
*   **No major damage:** There don't seem to be any significant cracks, splits, or loose pieces of wood.

Do you want me to zoom in on a specific area of the wood to provide a more detailed description?

Processing Question 16/60: Can you see any visible patterns or markings on the cat?
 >>>>>>>>>>>>>>>>>>>>>>>>>>>>>>
>>> (Token count: 116)

Model Output: Okay, let's take a look! 

Based on the image, I can see the following patterns and markings on the cat:

*   **Gray base coat:** The cat's fur is primarily a lovely shade of gray.
*   **White markings:** There's a distinct white patch on the cat's chest, extending up towards the neck.
*   **Gray markings:** A gray stripe runs down the side of the cat's face. 

Do you want me to describe any other details about the cat or the image?

Processing Question 17/60: From the position of the shadows, what time of day might this be?
 >>>>>>>>>>>>>>>>>>>>>>>>>>>>>>
>>> (Token count: 139)

Model Output: Okay, let's analyze the shadows in the image to estimate the time of day.

Here's what I see:

*   **Long, clear shadows:** The shadows cast by the chair and the cat are quite distinct and relatively long. This indicates that the sun is lower in the sky.

*   **Shadow direction:** The shadows are pointing diagonally across the frame.

Considering these factors, it's likely that this photo was taken in the **late afternoon or early evening** – roughly between 4:00 PM and 6:00 PM. 

Let me know if you'd like me to elaborate on any aspect of my analysis!

Processing Question 18/60: Is the surface the cat is sitting on padded?
 >>>>>>>>>>>>>>>>>>>>>>>>>>>>>>
>>> (Token count: 25)

Model Output: Yes, it definitely looks like the surface the cat is sitting on is padded! It has a dark, cushioned seat.

Processing Question 19/60: What color is the padded part of the chair?
 >>>>>>>>>>>>>>>>>>>>>>>>>>>>>>
>>> (Token count: 10)

Model Output: The padded part of the chair is black.

Processing Question 20/60: Does the cat appear well-fed?
 >>>>>>>>>>>>>>>>>>>>>>>>>>>>>>
>>> (Token count: 42)

Model Output: Based on the image, the cat appears to be well-fed. It has a rounded, plump appearance, indicating a healthy weight. 

Would you like me to describe anything else about the picture?

Processing Question 21/60: Are the cat's ears relaxed or pointed?
 >>>>>>>>>>>>>>>>>>>>>>>>>>>>>>
>>> (Token count: 24)

Model Output: Based on the image, the cat’s ears appear to be **pointed**. They are alert and facing forward.

Processing Question 22/60: Is there any visible wear or damage on the chair?
 >>>>>>>>>>>>>>>>>>>>>>>>>>>>>>
>>> (Token count: 106)

Model Output: Okay, let's take a look at the image.

Yes, there is visible wear and damage on the chair. Specifically, I can see:

*   **Scratches:** There are several noticeable scratches on the wooden parts of the chair.
*   **Wear on the cushion:** The cushion appears to be worn, with some flattening and a slightly faded appearance.

Do you want me to describe any of these details in more detail, or would you like me to analyze something else about the image?

Processing Question 23/60: Are there any highlights in the cat's fur?
 >>>>>>>>>>>>>>>>>>>>>>>>>>>>>>
>>> (Token count: 67)

Model Output: Yes, there are definitely highlights in the cat's fur! You can see a subtle, lighter gray shading around its cheeks, forehead, and the base of its ears. It gives the gray a bit of a shimmering, almost silvery effect. 

Let me know if you want me to describe anything else about the picture!

Processing Question 24/60: How does the cat's expression contribute to the overall tone of the image?
 >>>>>>>>>>>>>>>>>>>>>>>>>>>>>>
>>> (Token count: 355)

Model Output: Okay, let's analyze the cat's expression and how it contributes to the image's tone.

Looking at the photo, the cat has a very deliberate and slightly grumpy expression. Here's a breakdown of how that contributes to the overall tone:

*   **Dominant and Self-Assured:** The cat is lying quite regally on the chair, with its paws tucked neatly under it. Its gaze is direct and somewhat challenging – it's not inviting attention. This creates a sense of dominance and a slightly aloof personality.

*   **Slightly Annoyed/Displeased:** The furrowed brow and the overall set of its face suggests a subtle hint of annoyance or displeasure. It's not outwardly aggressive, but it conveys a feeling that it's not thrilled with the situation.

*   **Humorous Contrast:** The contrast between this serious expression and the inherently cute appearance of a cat creates a bit of humor. It’s funny because we know cats are often portrayed as cuddly and playful, but this cat is clearly holding its own.

*   **Relaxed but Guarded:** Despite the slightly grumpy expression, the relaxed posture—lying sprawled on the chair—also suggests a comfortable, secure feeling. It’s content, but also cautious.

**Overall Tone:** The image’s tone is a mix of sophisticated, slightly humorous, and a little bit charming. It’s not a high-energy, playful picture; instead, it’s a quiet, observational one that captures a moment of feline self-possession and a hint of attitude. 

---

Would you like me to analyze any other aspect of the image, such as the lighting, composition, or background?

Processing Question 25/60: Does the background provide any clues about the setting?
 >>>>>>>>>>>>>>>>>>>>>>>>>>>>>>
>>> (Token count: 169)

Model Output: Okay, let's analyze the background in the image!

The background appears to be a bright, outdoor setting, likely a patio or deck. I can see:

*   **A glimpse of a house:** There's a portion of a building visible in the blurry background, suggesting it’s an exterior shot.
*   **Blue sky:** The sky is visible through the blur, indicating a daytime scene.
*   **Possibly a garden:** There's a bit of greenery in the distance, which could be part of a garden or landscaping.

Overall, it looks like the cat is relaxing on a chair outside, probably in someone’s yard or on a patio. 

Do you want me to look for anything specific in the background, or would you like me to describe it in more detail?

Processing Question 26/60: Do the colors in the image complement each other?
 >>>>>>>>>>>>>>>>>>>>>>>>>>>>>>
>>> (Token count: 166)

Model Output: Yes, the colors in the image do complement each other quite well! Here's a breakdown of why:

*   **The Cat:** The cat's gray fur is a cool, muted tone. This creates a calming and sophisticated feel.
*   **The Chair Cushion:** The dark brown cushion provides a strong, grounding contrast to the gray cat. Dark browns and grays are often seen as complementary colors, especially when one is a warmer, richer tone (brown) and the other is cooler (gray).
*   **Background:** The blurred background of blue and gray sky softens the image and doesn’t compete with the main subjects.

The overall effect is a balanced and pleasing composition. 

Do you want me to analyze any specific aspect of the image further, like the lighting or composition?

Processing Question 27/60: Is the photo focused more on the cat or the surroundings?
 >>>>>>>>>>>>>>>>>>>>>>>>>>>>>>
>>> (Token count: 51)

Model Output: The photo is definitely more focused on the cat! It's in sharp detail and takes up most of the frame. While you can see the chair and some of the background, the cat is the clear subject and the primary focus of the image.

Processing Question 28/60: If you could add something to this image, what would it be?
 >>>>>>>>>>>>>>>>>>>>>>>>>>>>>>
>>> (Token count: 87)

Model Output: Okay, let's analyze this lovely image! 

If I could add something to this picture, I'd add a little dish of salmon!  It would be a small, tempting dish just slightly out of reach, perhaps on a small table nearby. 

It would give the cat something to look at and perhaps ponder, adding a bit of playful narrative to the image. 😊 

What do you think?

Processing Question 29/60: Does this cat resemble any breed you recognize?
 >>>>>>>>>>>>>>>>>>>>>>>>>>>>>>
>>> (Token count: 202)

Model Output: Okay, let's take a look at this beautiful cat! 

Based on its appearance, this cat strongly resembles a **Chartreux**. 

Here's why:

*   **Gray Coat:** The dense, silvery-gray coat is a hallmark of the Chartreux breed.
*   **Short, Dense Coat:** The texture looks like a very short, dense coat, typical of Chartreux cats.
*   **Round Face & Blue Eyes:** The round face, large expressive eyes, and those striking green-gold eyes are very characteristic of Chartreux cats.
*   **Stocky Build:** The cat seems to have a slightly stocky build, which is also common in Chartreux.

**Important Note:** While it strongly resembles a Chartreux, it's possible this is a mixed breed with some other influences. However, the Chartreux features are the most prominent. 

Would you like me to tell you a bit more about the Chartreux breed?

Processing Question 30/60: How does the lighting highlight the cat's features?
 >>>>>>>>>>>>>>>>>>>>>>>>>>>>>>
>>> (Token count: 362)

Model Output: Okay, let's analyze how the lighting in the image highlights the cat's features.

Here's a breakdown of what's happening:

*   **Soft, Diffused Light:** The overall lighting seems to be quite soft and diffused. This means the light isn't coming from a single, direct source. Instead, it’s likely a combination of light from the overcast sky and possibly a bit of reflected light from the surrounding area.

*   **Highlighting the Fur:** The soft light is especially effective at creating a gentle sheen on the cat’s fur. You can see subtle highlights along the curves and contours of its body. This gives the fur a sense of depth and texture, making it appear fluffy and rich in color.

*   **Eye Catchment:** Critically, the light is focused on the cat’s eyes. The highlights around its pupils create a noticeable glow and draw the viewer's attention directly to its gaze. The subtle reflection in the eyes adds to their intensity and makes them appear bright and alert.

*   **Shadows and Contrast:** There are subtle shadows beneath the cat’s chin, around its ears, and along the edges of its body. This creates gentle contrast, which defines the shape of the cat and gives it a three-dimensional appearance. It prevents the image from looking flat.

*   **Color Saturation:** The light emphasizes the gray color of the cat's fur.

**In short, the lighting isn’t dramatic. It’s a gentle, balanced illumination that plays to the cat’s natural features – especially its eyes – while giving a pleasant texture to the fur.**

Do you want me to analyze any specific aspect of the image, like the composition or the background?

Processing Question 31/60: What color is the cat in the image?
 >>>>>>>>>>>>>>>>>>>>>>>>>>>>>>
>>> (Token count: 40)

Model Output: The cat in the image is primarily gray, with a slightly bluish-gray hue. It also has some white markings on its chest and paws. 

It has beautiful, striking green eyes!

Processing Question 32/60: Is the cat sitting or lying down in the image?
 >>>>>>>>>>>>>>>>>>>>>>>>>>>>>>
>>> (Token count: 30)

Model Output: Based on the image, the cat is **lying down** on the chair. You can see its paws and body extended out to the side.

Processing Question 33/60: What is the texture of the chair that the cat is on?
 >>>>>>>>>>>>>>>>>>>>>>>>>>>>>>
>>> (Token count: 55)

Model Output: Based on the image, the chair appears to have a **vinyl or synthetic leather** texture. It has a smooth, slightly shiny surface with a noticeable pattern or design. 

Let me know if you'd like me to describe any other details about the photo!

Processing Question 34/60: Does the cat appear relaxed or alert?
 >>>>>>>>>>>>>>>>>>>>>>>>>>>>>>
>>> (Token count: 97)

Model Output: Based on the image, the cat appears to be **relaxed**. 

Here's why:

*   **Body posture:** The cat is sprawled out, with its paws extended and a loose, relaxed body posture.
*   **Facial expression:** Its eyes are half-closed, and its expression is calm and content. 

It’s definitely taking its time and enjoying the moment!

Would you like me to describe anything else about the image?

Processing Question 35/60: How many colors can you observe in the cat's fur?
 >>>>>>>>>>>>>>>>>>>>>>>>>>>>>>
>>> (Token count: 151)

Model Output: Okay, let's analyze the cat's fur in the image!

I can observe at least four distinct colors in the cat's fur:

1.  **Gray:** This is the dominant color, covering most of the body.
2.  **White:** There's a significant patch of white fur on the cat’s chest and paws.
3.  **Light Gray/Silver:** There are lighter gray tones around the face and possibly on the ears.
4.  **Dark Gray/Slate:** The areas around the eyes and ears show a darker gray color.

So, I see four distinct colors! 

Would you like me to describe any particular detail of the cat or its fur further?

Processing Question 36/60: What material does the seat of the chair appear to be made of?
 >>>>>>>>>>>>>>>>>>>>>>>>>>>>>>
>>> (Token count: 35)

Model Output: Based on the image, the seat of the chair appears to be made of **vinyl**. It has a smooth, slightly shiny surface, which is typical of vinyl upholstery.

Processing Question 37/60: Does the chair look like it's indoors or outdoors?
 >>>>>>>>>>>>>>>>>>>>>>>>>>>>>>
>>> (Token count: 31)

Model Output: Based on the image, the chair appears to be outdoors. You can see a blurred background with what looks like a window or possibly a yard outside.

Processing Question 38/60: What color are the cat's eyes?
 >>>>>>>>>>>>>>>>>>>>>>>>>>>>>>
>>> (Token count: 27)

Model Output: The cat's eyes appear to be a striking shade of **green**. 

It’s a beautiful, intense color!

Processing Question 39/60: What expression does the cat have on its face?
 >>>>>>>>>>>>>>>>>>>>>>>>>>>>>>
>>> (Token count: 171)

Model Output: Okay, let's analyze the cat's expression in the image!

The cat appears to have a very **contemplative and slightly judgmental** expression. Here’s a breakdown of what contributes to that:

*   **Direct gaze:** The cat is looking directly at the camera, which creates a sense of awareness and scrutiny.
*   **Half-closed eyes:** Its eyes are partially closed, suggesting a relaxed but also observant state.
*   **Slightly furrowed brow:** The subtle furrowing of its brow indicates a thoughtful or assessing mood.
*   **Overall demeanor:** The pose itself - lying relaxed but alert - gives the impression of a cat evaluating something (perhaps the photographer!).

It’s a charming and dignified look!

Would you like me to describe any other details about the photo?

Processing Question 40/60: Are the cat's ears pointed forward or back?
 >>>>>>>>>>>>>>>>>>>>>>>>>>>>>>
>>> (Token count: 34)

Model Output: Based on the image, the cat's ears appear to be pointed **forward**. You can see the tips of the ears directed towards the front of the frame.

Processing Question 41/60: Is the chair on which the cat is lying padded or solid?
 >>>>>>>>>>>>>>>>>>>>>>>>>>>>>>
>>> (Token count: 33)

Model Output: Based on the image, the chair appears to have a **padded** seat. You can see the distinct shape and cushion-like quality of the seat surface.

Processing Question 42/60: Can you see the full body of the cat, or is part of it cropped out of the frame?
 >>>>>>>>>>>>>>>>>>>>>>>>>>>>>>
>>> (Token count: 59)

Model Output: Okay, let's analyze the image!

Based on the shot, we can definitely see the cat’s full body. It’s lying comfortably on the seat of a chair. 

Let me know if you'd like me to describe any other details about the picture!

Processing Question 43/60: Is the lighting in the image natural or artificial?
 >>>>>>>>>>>>>>>>>>>>>>>>>>>>>>
>>> (Token count: 93)

Model Output: Based on the image, the lighting appears to be **natural**. 

Here's why:

*   **Softness:** The light is fairly soft and diffused, without harsh shadows. This is typical of natural daylight.
*   **Color Temperature:** The color of the light seems balanced, with no strong blue or orange tones that would indicate artificial lighting.

Let me know if you’d like me to analyze anything else about the image!

Processing Question 44/60: Does the chair have armrests?
 >>>>>>>>>>>>>>>>>>>>>>>>>>>>>>
>>> (Token count: 16)

Model Output: No, the chair in the image does not appear to have armrests.

Processing Question 45/60: What is the condition of the chair — rustic or modern?
 >>>>>>>>>>>>>>>>>>>>>>>>>>>>>>
>>> (Token count: 113)

Model Output: Based on the image, the chair appears to be **rustic**. 

Here's why:

*   **Wood Grain:** The visible wood grain is quite prominent and uneven, which is characteristic of rustic furniture.
*   **Texture:** The wood has a textured surface, suggesting it's likely unfinished or minimally treated.
*   **Style:** The overall design is simple and unrefined, which aligns with the rustic aesthetic.

It's not a sleek, polished, or contemporary chair – it has a more aged and natural look.

Processing Question 46/60: How is the cat's tail positioned?
 >>>>>>>>>>>>>>>>>>>>>>>>>>>>>>
>>> (Token count: 61)

Model Output: Okay, let's take a look at the image!

The cat's tail is draped loosely over the edge of the chair, extending downwards and slightly to the side. It appears relaxed and not particularly curled up. 

Do you want me to describe any other details about the photo?

Processing Question 47/60: Is there any visible wear or damage on the chair?
 >>>>>>>>>>>>>>>>>>>>>>>>>>>>>>
>>> (Token count: 138)

Model Output: Okay, let's take a look at the chair in the image. 

Yes, there's definitely some visible wear and damage. Here's what I can see:

*   **Scratches:** There are several scratches on the wooden frame, particularly on the arms and legs of the chair.
*   **Fading:** The wood appears to be faded in places, suggesting it has been exposed to sunlight over time.
*   **Wear on the cushion:** The cushion itself has some visible wear, with creases and possibly some flattening in the middle.

Do you want me to zoom in on a specific area or describe a particular detail more closely?

Processing Question 48/60: Is the cat's fur a single uniform color or multi-colored?
 >>>>>>>>>>>>>>>>>>>>>>>>>>>>>>
>>> (Token count: 50)

Model Output: Based on the image, the cat’s fur is **multi-colored**. 

It has a predominantly gray base color, but there's a noticeable white patch on its chest and paws, and a lighter gray shading around its face.

Processing Question 49/60: Are the cat's claws visible in the image?
 >>>>>>>>>>>>>>>>>>>>>>>>>>>>>>
>>> (Token count: 25)

Model Output: Yes, the cat's claws are visible in the image! You can see them on one of its front paws.

Processing Question 50/60: What season might it be, based on the setting and lighting?
 >>>>>>>>>>>>>>>>>>>>>>>>>>>>>>
>>> (Token count: 142)

Model Output: Okay, let's analyze the image to determine the season. 

Based on the lighting and the background, it looks like it might be **late autumn or early winter**. Here's my reasoning:

*   **Lighting:** The light is soft and diffused, suggesting an overcast day. This is common in autumn and winter when the sun isn't as strong.
*   **Background:** The blurred background shows a somewhat muted, greyish-blue scene, which is typical of winter landscapes with cloudy skies. There's no bright green foliage visible, which would suggest spring or summer. 

Let me know if you'd like me to elaborate on any of these observations!

Processing Question 51/60: Does the backdrop give a sense of the environment being urban or rural?
 >>>>>>>>>>>>>>>>>>>>>>>>>>>>>>
>>> (Token count: 113)

Model Output: Okay, let's analyze the backdrop in the image! 

Based on what I can see, the backdrop suggests an **urban** environment. 

Here's why:

*   There's a glimpse of a building and some windows in the blurry background, which is typical of cityscapes. 
*   The overall scene appears to be a patio or deck area, a common feature in urban dwellings.

Do you want me to focus on any specific aspect of the image or perhaps describe the cat's appearance in more detail?

Processing Question 52/60: Is there any visible pattern on the seat of the chair?
 >>>>>>>>>>>>>>>>>>>>>>>>>>>>>>
>>> (Token count: 38)

Model Output: Based on the image, it appears the seat of the chair has a repeating diamond pattern. 

Let me know if you’d like me to analyze anything else about the picture!

Processing Question 53/60: How does the texture of the cat's fur appear in the photograph?
 >>>>>>>>>>>>>>>>>>>>>>>>>>>>>>
>>> (Token count: 157)

Model Output: Okay, let's analyze the texture of the cat's fur in the photograph. 

Based on the image, the cat’s fur appears to have a **soft, slightly plush texture**. 

Here’s what contributes to this impression:

*   **Layering:** The fur seems to have multiple layers, creating a slightly ruffled look. 
*   **Color variation:** The gray color with lighter patches suggests a dense, woolly undercoat.
*   **Lighting:** The way the light reflects off the fur gives it a gentle sheen, implying softness.

It doesn't appear to be a short, sleek fur, but rather a longer, more voluminous coat.

Do you want me to describe any other aspect of the image?

Processing Question 54/60: What could be the cat's approximate age based on its appearance?
 >>>>>>>>>>>>>>>>>>>>>>>>>>>>>>
>>> (Token count: 226)

Model Output: Okay, let's take a look at this handsome gray cat! 

Based on its appearance, I'd estimate this cat to be somewhere in the range of **7-12 years old**. Here's my reasoning:

*   **Coat Color & Pattern:** Gray cats, especially with a slightly muted, somewhat dusty gray, often mature into their color as they age.
*   **Body Condition:** He seems to be a bit on the fuller side, which can be common in adult cats, especially those who enjoy a good nap (as he’s doing!). 
*   **Facial Features:** The slightly relaxed expression, the set of the ears, and the eyes are consistent with a mature cat.  The eyes themselves seem to be a healthy, vivid green, which tends to be more prominent in slightly older cats. 

**Important Note:** This is just an educated guess! A vet would be the best person to determine the cat's exact age.

Would you like me to tell you anything more about this lovely cat, perhaps based on its posture or expression?

Processing Question 55/60: What is the dominant color of the cat's surroundings in the image?
 >>>>>>>>>>>>>>>>>>>>>>>>>>>>>>
>>> (Token count: 46)

Model Output: The dominant color of the cat's surroundings in the image is **gray**. 

The cat itself is a gray tabby, and the chair seat is also a dark gray. There are also gray tones in the background.

Processing Question 56/60: Does the seating angle give the impression that the chair is tilted?
 >>>>>>>>>>>>>>>>>>>>>>>>>>>>>>
>>> (Token count: 71)

Model Output: Yes, based on the image, the seating angle does give the impression that the chair is tilted slightly. The cat's position on the cushion, combined with the way the chair's back is angled, creates a visual effect where it appears to be leaning back a bit. 

Would you like me to analyze anything else about the image?

Processing Question 57/60: Is the cat directly looking at the camera?
 >>>>>>>>>>>>>>>>>>>>>>>>>>>>>>
>>> (Token count: 29)

Model Output: No, the cat is not directly looking at the camera. It’s looking slightly to the right of the camera with a contemplative expression.

Processing Question 58/60: Are there any visible objects in the background apart from the cat and chair?
 >>>>>>>>>>>>>>>>>>>>>>>>>>>>>>
>>> (Token count: 31)

Model Output: Yes, there appears to be a blurry, out-of-focus view of a white wall and possibly a glimpse of a window in the background.

Processing Question 59/60: Does the image convey a calm or lively mood?
 >>>>>>>>>>>>>>>>>>>>>>>>>>>>>>
>>> (Token count: 100)

Model Output: Based on the image, the cat appears to convey a **calm** mood. 

Here's why:

*   **Relaxed posture:** The cat is lying down, stretched out, with its paws tucked under it.
*   **Expression:** Its eyes are half-closed, and its expression is serene and contemplative. 
*   **Overall stillness:** The entire scene feels quiet and peaceful.

Would you like me to describe any other details about the image?

Processing Question 60/60: What might the cat be thinking based on its facial expression?
 >>>>>>>>>>>>>>>>>>>>>>>>>>>>>>
>>> (Token count: 212)

Model Output: Okay, let's analyze this cat's expression! 

Based on the image, this cat seems to be radiating a mix of contentment and mild judgment. Here's a breakdown of what it might be thinking:

*   **"This is *my* spot."**  The relaxed pose, with one paw tucked under and the body stretched out, suggests a feeling of ownership and comfort.
*   **"You're looking at me?"** The direct gaze and slightly raised eyebrows hint at a subtle "You're not supposed to be looking at me like that!" kind of awareness. It’s a dignified, slightly superior look.
*   **“I’m supremely comfortable and you should be too.”** The overall posture speaks of a cat who is enjoying a moment of blissful relaxation. 

It’s a classic cat expression – regal, a little bit sassy, and totally unapologetic about being fabulous.

Do you want me to elaborate on any specific aspect of its expression or offer other interpretations?
average_tokens : 95.26666666666667
