Using default attention!

Processing Question 1/60: What sport is being played in this image?
 >>>>>>>>>>>>>>>>>>>>>>>>>>>>>>
>>> (Token count: 42)

Model Output: ['The sport being played in the image is baseball. The presence of a catcher with a glove, a batter at home plate, and the dirt infield all indicate that this is a scene from a baseball game.']

Processing Question 2/60: What position is the person wearing the glove playing?
 >>>>>>>>>>>>>>>>>>>>>>>>>>>>>>
>>> (Token count: 77)

Model Output: ["The person wearing the glove in the image appears to be playing the position of a catcher in baseball. The glove is positioned near home plate, and the individual's stance and gear (including the shin guards and chest protector) are consistent with that role. The catcher's job involves receiving pitches from the pitcher, signaling plays to the pitcher, and catching balls that are hit towards them."]

Processing Question 3/60: Which base or part of the baseball field is shown in the image?
 >>>>>>>>>>>>>>>>>>>>>>>>>>>>>>
>>> (Token count: 74)

Model Output: ["The image shows a close-up of a baseball player standing at home plate, which is the part of the baseball field where the batter stands to hit the ball and where the pitcher throws the ball from across the field. The base is not fully visible, but it can be inferred that this is home plate based on the context provided by the player's position and equipment."]

Processing Question 4/60: What role does the person on the left wearing the gear play in baseball?
 >>>>>>>>>>>>>>>>>>>>>>>>>>>>>>
>>> (Token count: 112)

Model Output: ['The person on the left, who is wearing protective gear such as a chest protector and shin guards, is a **catcher** in baseball. The catcher is responsible for receiving pitches thrown by the pitcher and signaling to them with hand gestures what type of pitch to throw next. They also play a critical defensive role by catching balls pitched outside the strike zone or batted foul, and they throw out base runners attempting to steal bases. Their position requires exceptional hand-eye coordination and quick reflexes to handle fast-moving pitches and potentially dangerous bunts or line drives.']

Processing Question 5/60: Why is the line on the field significant in baseball?
 >>>>>>>>>>>>>>>>>>>>>>>>>>>>>>
>>> (Token count: 276)

Model Output: ['The white line on the baseball field, often referred to as the "infield dirt," is significant for several reasons:\n\n1. **Batter\'s Box**: The area within the batter\'s box (often outlined by white lines) marks where the batter stands during their at-bat. It defines the boundaries of the area they are allowed to occupy while swinging.\n\n2. **Pitcher\'s Mound**: The mound is located at the center of the white circle in the middle of the infield, and it is the raised area from which the pitcher throws the ball to the batter. The mound is critical for the pitcher’s pitching mechanics and the overall dynamics of the game.\n\n3. **Base Paths**: The white lines extending from home plate to each base (first, second, third) mark the bases that players must run to if they hit the ball into play. These lines also determine where fielders may catch or tag a runner.\n\n4. **Outfield Foul Lines**: The white lines extending outwards from home plate to the edges of the playing field indicate the foul lines. If a batted ball crosses these lines without touching the ground, it is considered a foul ball and does not count as a hit unless it goes out of bounds.\n\nThese lines help define the playing area and establish the rules of the game, ensuring fair play and maintaining order on the field.']

Processing Question 6/60: What type of glove is being used in the image?
 >>>>>>>>>>>>>>>>>>>>>>>>>>>>>>
>>> (Token count: 93)

Model Output: ["The glove in the image appears to be a baseball glove, which is typically made for catching a baseball during a game. The design and shape of the glove, with its fingerless fingers and webbing, are characteristic features of a catcher's mitt or a fielder's glove used in baseball. The specific use of this glove (catcher or fielder) can be inferred from the context, but it could be either one based on the player's positioning."]

Processing Question 7/60: What time of day might this baseball game be happening based on the lighting?
 >>>>>>>>>>>>>>>>>>>>>>>>>>>>>>
>>> (Token count: 77)

Model Output: ['The image appears to have warm, golden lighting, suggesting that the baseball game is likely taking place during the late afternoon or early evening. The long shadows and the quality of light resemble the golden hour, which typically occurs shortly after sunrise or before sunset. This is a common time for outdoor sports like baseball to be played, as the lighting can be ideal for both players and spectators.']

Processing Question 8/60: Is this image taken during a professional game or a casual game? How can you tell?
 >>>>>>>>>>>>>>>>>>>>>>>>>>>>>>
>>> (Token count: 245)

Model Output: ["This image appears to be taken during a casual game rather than a professional one. Several details suggest this:\n\n1. **Equipment**: The catcher is wearing a basic set of protective gear, which is typically more minimalistic and less advanced compared to the high-quality, professional-grade equipment worn in professional baseball.\n\n2. **Uniform**: The uniform on the player does not appear to be a team's official or sponsor-branded uniform that would be seen in professional games. Instead, it seems to be a generic or practice uniform.\n\n3. **Field Condition**: The field looks like an amateur or local park setting, with a less polished appearance compared to the well-maintained fields found in professional stadiums.\n\n4. **Lighting and Quality**: The image has a casual quality, possibly indicating it was taken by someone with a camera or phone, rather than by a professional photographer with high-end equipment, as might be used for professional sports photography.\n\n5. **No Crowd or Spectators**: There is no visible crowd or spectators in the background, which is common in professional games but less likely in a casual game where spectators may not be present.\n\nThese factors collectively suggest that this is a casual baseball game rather than a professional one."]

Processing Question 9/60: What is the role of the catcher (person on the left) as seen in this image?
 >>>>>>>>>>>>>>>>>>>>>>>>>>>>>>
>>> (Token count: 223)

Model Output: ["The catcher, as depicted in this image, is a crucial defensive position in baseball. Their primary roles include:\n\n1. **Receiving Pitches:** The catcher catches pitches thrown by the pitcher to prevent them from reaching the batter.\n2. **Calling Pitches:** They work closely with the pitcher to strategize which type and location of pitches to throw based on the batter's tendencies and game situations.\n3. **Protecting the Umpire:** Catchers wear protective gear such as a mask to shield themselves from foul balls and to protect their face from potential contact with the ball during a pitch or when the batter swings.\n4. **Fielding Throws:** Catchers often field bunts, pop-ups, or throws from other infielders that are directed to them for a quick response.\n5. **Defending Home Plate:** They are responsible for tagging out runners attempting to steal bases or score on a wild pitch or passed ball.\n\nIn the context of this image, the catcher appears to be crouched behind home plate, ready to receive a pitch, which is a key part of their defensive duties."]

Processing Question 10/60: What is the batter preparing to do in this moment?
 >>>>>>>>>>>>>>>>>>>>>>>>>>>>>>
>>> (Token count: 76)

Model Output: ["In this image, the batter appears to be preparing to swing at a pitch during a baseball game. The batter's stance and the catcher's position suggest that the batter is in the middle of a pitch, likely having just received a pitch from the opposing pitcher. The batter's weight is slightly shifted forward, and their hands are positioned on the bat, indicating readiness to swing."]

Processing Question 11/60: Can you identify if this image is from an in-game action or practice?
 >>>>>>>>>>>>>>>>>>>>>>>>>>>>>>
>>> (Token count: 97)

Model Output: ["The image depicts a moment during a baseball game. The player's body language, the catcher's glove extended towards the ball, and the presence of a home plate suggest that this is part of a live game situation rather than a practice session. In a practice setting, players often have more relaxed postures and may be wearing different types of equipment or uniforms. The focus on the home plate and the glove also indicates a specific play is occurring, which is typical for in-game action."]

Processing Question 12/60: What might the white chalk line indicate in relation to gameplay?
 >>>>>>>>>>>>>>>>>>>>>>>>>>>>>>
>>> (Token count: 117)

Model Output: ["The white chalk line in the image appears to be part of a baseball diamond, specifically marking the area around home plate. In baseball, this line is significant because it demarcates the batter's box and defines the boundary for the catcher when receiving a pitch. The catcher must stand within or behind these lines while attempting to catch the ball. Additionally, the line helps the umpire determine whether a pitch is in the strike zone based on its location relative to the batter. The presence of the chalk line also signifies the area where the batter will stand to face pitches from the pitcher."]

Processing Question 13/60: Why are the players wearing long pants for this game?
 >>>>>>>>>>>>>>>>>>>>>>>>>>>>>>
>>> (Token count: 165)

Model Output: ["The players in this image appear to be wearing long pants because they are playing baseball. Baseball uniforms traditionally include long pants, which serve several practical purposes:\n\n1. **Protection**: The long pants protect the player's legs from potential injuries caused by sliding into bases or collisions with other players.\n2. **Comfort and Fit**: The pants provide a comfortable fit that allows the player to move freely without restriction, which is essential during the fast-paced nature of the game.\n3. **Tradition**: Baseball has a long history, and its uniform style has evolved over time to maintain consistency with traditional attire.\n4. **Field Conditions**: Long pants can help keep dirt and debris out of the player's clothing, especially when running on a dirt field.\n\nThese practical reasons make long pants an integral part of a baseball player's uniform."]

Processing Question 14/60: What kind of footwear is the batter wearing?
 >>>>>>>>>>>>>>>>>>>>>>>>>>>>>>
>>> (Token count: 87)

Model Output: ['The batter in the image is wearing cleats, which are specifically designed for baseball. Cleats have studs on the bottom that provide better traction and stability on the field, allowing the player to move quickly and change direction while maintaining control during the game. The cleats appear to be standard baseball cleats, likely with a metal or plastic baseplate at the heel, which is common in baseball for durability and protection against turf wear.']

Processing Question 15/60: How does the dirt on the field contribute to the gameplay experience?
 >>>>>>>>>>>>>>>>>>>>>>>>>>>>>>
>>> (Token count: 306)

Model Output: ["The dirt on a baseball field plays a significant role in enhancing the gameplay experience for both players and spectators. Here’s how:\n\n1. **Field Surface Texture**: The dirt provides a textured surface that affects ball speed and spin, influencing the trajectory of batted balls and the ease with which fielders can throw the ball.\n\n2. **Ball Bounce**: The dirt's composition can affect the bounce of the ball when it hits the ground, impacting the ability of fielders to field it cleanly or the effectiveness of baserunners in advancing.\n\n3. **Sliding Resistance**: The dirt adds friction, which can influence a player’s ability to slide into bases without slipping or sliding easily, impacting their performance during close plays.\n\n4. **Ground Conditions**: The firmness and consistency of the dirt can vary based on weather conditions (e.g., rain or heat), which might alter game dynamics by affecting pitching grip, batted ball bounce, and fielding accuracy.\n\n5. **Gameplay Challenges**: Players must adapt to the unique characteristics of the dirt, such as its texture and moisture levels, to perform effectively, adding an element of strategy and challenge to the game.\n\n6. **Visual Appeal**: A well-maintained dirt field adds to the aesthetic appeal of the game, making it more enjoyable for spectators to watch and appreciate the athleticism and skill involved.\n\nIn summary, the dirt on a baseball field not only contributes to the physical aspects of the game but also enhances the overall experience for players, fans, and officials."]

Processing Question 16/60: What kind of equipment is the catcher wearing on their knees?
 >>>>>>>>>>>>>>>>>>>>>>>>>>>>>>
>>> (Token count: 78)

Model Output: ["The catcher in the image is wearing protective knee pads, which are essential for safety during baseball games. These knee pads are designed to absorb impact and protect the catcher from injuries caused by collisions with the batter or the ball itself. Additionally, they can provide padding for the catcher's legs to prevent bruising and other injuries when sliding into home plate or making plays at the catcher's position."]

Processing Question 17/60: Is the glove positioned to catch a high or low pitch?
 >>>>>>>>>>>>>>>>>>>>>>>>>>>>>>
>>> (Token count: 60)

Model Output: ["The glove appears to be positioned to catch a low pitch, as it is angled downward and closer to the ground, which suggests that it is likely prepared to catch a pitch that would be near the batter's knees. This positioning allows for better control and reaction time in case of a low pitch."]

Processing Question 18/60: What does the body positioning of the batter tell you about their next move?
 >>>>>>>>>>>>>>>>>>>>>>>>>>>>>>
>>> (Token count: 114)

Model Output: ["The body positioning of the batter in the image suggests that they are likely in the process of swinging at an incoming pitch. The angle and extension of their legs, along with their hands holding the bat mid-swing, indicate they are actively engaging with the ball. The stance is typical of a baseball player preparing to make contact with the ball, suggesting they are aiming for a powerful swing or a well-placed hit. However, without seeing the ball itself, it's not possible to determine if they have successfully connected or whether they've missed or fouled the ball."]

Processing Question 19/60: Can you tell if the image was captured before or after a pitch?
 >>>>>>>>>>>>>>>>>>>>>>>>>>>>>>
>>> (Token count: 138)

Model Output: ["This image captures a moment in a baseball game, showing a batter at home plate and a catcher in position behind him. The batter appears to be preparing for a pitch, as his stance is set in anticipation of the ball being thrown by the pitcher. The catcher's mitt is extended toward the batter, which is common when the catcher is ready to receive the pitch. \n\nThe image does not provide direct evidence of whether the pitch has already been thrown or if it is about to be thrown. However, considering the batter's posture and the catcher's readiness, it can be inferred that this is likely before a pitch, as the batter is likely preparing to swing if the ball is thrown."]

Processing Question 20/60: Why is the catcher crouching?
 >>>>>>>>>>>>>>>>>>>>>>>>>>>>>>
>>> (Token count: 119)

Model Output: ['The catcher is crouching to be in the optimal position to catch the ball thrown by the pitcher during a baseball game. This stance allows the catcher to react quickly and efficiently to the ball, either catching it directly with their mitt or throwing it to another base to try and get an out. The crouched position also helps protect the catcher from being hit by fast-moving pitches, as it keeps more of their body low and closer to the ground. Additionally, this posture is more aerodynamic and helps the catcher conserve energy while remaining ready for any play that may occur at home plate.']

Processing Question 21/60: What might the person wearing the glove be focusing their eyes on in this moment?
 >>>>>>>>>>>>>>>>>>>>>>>>>>>>>>
>>> (Token count: 95)

Model Output: ['In this moment, the person wearing the glove, who appears to be the catcher in a baseball game, is likely focusing their eyes on the ball. The image shows them with a mitt extended, suggesting they are ready to catch or field the ball. Their gaze would typically be directed at the trajectory of the ball to anticipate its landing and make a precise play. The timing and focus required for this action emphasize the importance of visual acuity and quick reaction time in baseball.']

Processing Question 22/60: What does the bent positioning of the batter's knees indicate?
 >>>>>>>>>>>>>>>>>>>>>>>>>>>>>>
>>> (Token count: 135)

Model Output: ["The bent positioning of the batter's knees in this image indicates that they are in the follow-through phase of their swing, after having made contact with the ball. The follow-through is an essential part of a baseball swing, where the batter continues to move their hands and arms in a smooth motion to maintain balance and control. This movement helps generate power and accuracy in hitting the ball. The bent knees also suggest the batter is using their legs as part of the body's kinetic energy to help propel the bat forward.\n\nIn the context of the image, it looks like the batter has just completed a swing and is following through, which is a common sight during a baseball game."]

Processing Question 23/60: Why might there be no other visible players in the image?
 >>>>>>>>>>>>>>>>>>>>>>>>>>>>>>
>>> (Token count: 210)

Model Output: ["The absence of other players in the image could be due to several reasons:\n\n1. **Focus on the Catcher and Batter**: The photograph is specifically framed around the interaction between the catcher and the batter, with the intent to capture that particular moment in the game.\n\n2. **Perspective**: The angle at which the photo was taken may have intentionally excluded other players from the frame to highlight this specific action or interaction.\n\n3. **Action Timing**: The timing of the shot might have been such that the other players were not within the camera's field of view when the image was captured.\n\n4. **Game Stage**: This could be a moment where only these two players are actively involved, like during a pitch and catch, and the rest of the team isn't currently in the frame.\n\n5. **Limited Field of View**: The photographer may have focused on a small portion of the field to emphasize the tension or detail of the moment rather than including additional players.\n\nThis selective framing often serves artistic purposes, focusing on key elements of the scene."]

Processing Question 24/60: How is the posture of the catcher designed to help their role in the game?
 >>>>>>>>>>>>>>>>>>>>>>>>>>>>>>
>>> (Token count: 278)

Model Output: ["The posture of the catcher in the image reflects their critical role in baseball, which is to receive pitches thrown by the pitcher and protect themselves from potential injuries. Here's how their posture contributes to this role:\n\n1. **Crouched Position**: The catcher's crouched position lowers their center of gravity, providing better balance and stability, allowing them to react quickly to the pitch.\n\n2. **Extended Arms**: The catcher has their arms extended forward, with the glove outstretched to catch the ball. This position allows for maximum reach and control while minimizing the risk of injury by keeping the body low.\n\n3. **Ready Stance**: The knees are bent, and the legs are apart, forming a stable base that supports the catcher's weight and allows for quick movement in different directions. This stance also helps in effectively blocking balls and reacting to various plays.\n\n4. **Focus on the Pitcher**: By maintaining a focused posture, the catcher is better prepared to track the ball as it approaches, ensuring they can make the best possible play.\n\n5. **Proper Padding**: The protective gear (such as leg guards, chest protector, and shin guards) helps absorb impact and prevent injuries, enabling the catcher to maintain their defensive stance throughout the game.\n\nThis posture is essential for the catcher to perform their duties efficiently and safely, contributing significantly to the team's defense and strategy."]

Processing Question 25/60: What is the significance of cleats in a baseball game?
 >>>>>>>>>>>>>>>>>>>>>>>>>>>>>>
>>> (Token count: 260)

Model Output: ["Cleats in baseball serve several important purposes, both for player safety and performance:\n\n1. **Traction**: Cleats provide better grip on the field surface, especially during sliding or quick movements. This helps players maintain control over their footing, reducing the risk of slipping.\n\n2. **Performance Enhancement**: The design of cleats can affect a player's ability to accelerate, decelerate, and change direction swiftly. Properly designed cleats can help reduce the risk of injuries by allowing players to react more quickly and efficiently.\n\n3. **Safety**: In addition to providing traction, cleats with spikes or studs can offer protection against tripping hazards on the field, such as loose dirt or uneven surfaces. \n\n4. **Position-Specific**: Different positions in baseball require different types of cleats. For example, pitchers may use cleats that offer good stability and support, while infielders might prefer cleats with shorter studs for better speed and agility. \n\n5. **Weight and Balance**: Cleats should be lightweight yet durable enough to support the player’s weight while ensuring they stay secure on the field.\n\nIn summary, cleats are essential for enhancing a player's performance and safety during a baseball game. They improve traction, protect from injuries, and allow for better movement and control."]

Processing Question 26/60: How does the person holding the glove prepare to receive the ball?
 >>>>>>>>>>>>>>>>>>>>>>>>>>>>>>
>>> (Token count: 179)

Model Output: ["The person holding the glove is in a crouched position, which is typical for a catcher or infielder in baseball. Here's how they prepare:\n\n1. **Body Position**: They are positioned low to the ground, with their knees bent and feet spread apart for balance and agility.\n\n2. **Glove Placement**: The glove is held up, ready to catch the incoming ball, with fingers slightly curled to provide maximum control upon catching.\n\n3. **Focus and Reaction**: The player's body is angled to anticipate the direction of the ball, and their eyes are focused on the pitcher or ball, preparing to react quickly.\n\n4. **Preparation for Movement**: The catcher or infielder is ready to move in any direction to field the ball effectively, maintaining readiness as the ball approaches.\n\nThis stance allows them to efficiently receive the ball while being prepared for various plays that may follow."]

Processing Question 27/60: What other players on the field might be present just beyond the frame?
 >>>>>>>>>>>>>>>>>>>>>>>>>>>>>>
>>> (Token count: 89)

Model Output: ["In this image, there is a catcher and a player who appears to be a batter or base runner. Just beyond the frame, it's possible that other players such as the pitcher (if the game is in progress), basemen at first or third base, an umpire, and other fielders could be present on the field. The specific roles of these players depend on the stage of play and their positions relative to the area shown."]

Processing Question 28/60: How does the dirt field affect how the ball moves compared to a grass field?
 >>>>>>>>>>>>>>>>>>>>>>>>>>>>>>
>>> (Token count: 289)

Model Output: ["The dirt field in this image can impact the movement of the ball in several ways compared to a grass field:\n\n1. **Slower Ball Speed**: On a dirt field, the ball tends to move more slowly than on a grass field due to less friction between the ball and the surface. This is because the particles of dirt have larger spaces between them, allowing the ball to roll further before losing speed.\n\n2. **Greater Bounce**: Balls on a dirt field tend to bounce higher and further than on a grass field. The lack of grass and its softer structure allows for greater elasticity in the ground, resulting in more bounce.\n\n3. **Different Spin Behavior**: The way the ball spins may also be different on a dirt field. The rougher texture of the dirt can cause more irregular spin, which might alter the flight path or trajectory of the ball when hit.\n\n4. **Fielding Conditions**: Fielders may find it harder to catch balls on a dirt field because they need to adjust their grip and technique to compensate for the different texture and bounce of the surface. \n\n5. **Injury Risk**: Injuries to players' hands or legs may occur more frequently when catching or sliding on a dirt field due to the uneven and potentially harder surface compared to the softer, cushioned grass.\n\nThese differences highlight why baseball fields often use artificial turf or well-maintained grass to provide a consistent playing surface for both teams and players."]

Processing Question 29/60: What might happen if the catcher fails to catch the ball in this play?
 >>>>>>>>>>>>>>>>>>>>>>>>>>>>>>
>>> (Token count: 243)

Model Output: ['If the catcher fails to catch the ball in this play, several things could happen depending on the context of the game:\n\n1. **Safety Risk**: If the batter is in motion (e.g., running), the failure to catch the ball could lead to a potential collision between the batter and the catcher or other players.\n\n2. **Scoring**: If the ball bounces near home plate and the batter is in position to score, the failure to catch it could result in the batter scoring a run, potentially advancing runners on base.\n\n3. **Advancement of Runners**: If the ball remains live after the missed catch, runners on base may attempt to advance further, depending on their positions and the rules of the game.\n\n4. **Fielding Opportunity**: The ball may roll into the field, allowing another player to retrieve it and make a play, such as throwing to first base to retire the batter-runner.\n\n5. **Outs**: Depending on the game situation, the failure to catch the ball could result in an out if the batter-runner is forced off base by the fielders.\n\nThe specific outcome depends on the timing, location of the ball, and the defensive positioning of the players involved.']

Processing Question 30/60: How does the angle of photography add to the dramatic effect of this image?
 >>>>>>>>>>>>>>>>>>>>>>>>>>>>>>
>>> (Token count: 260)

Model Output: ["The angle of photography in this image enhances its dramatic effect by creating a sense of tension and action. Here's how:\n\n1. **Dynamic Perspective**: The low-angle shot emphasizes the player at home plate, making them appear larger and more dominant. This perspective adds intensity and makes the moment feel monumental.\n\n2. **Focus on Action**: The angle captures the motion and anticipation of the play, with the batter poised mid-swing and the catcher prepared for the pitch. This conveys movement and suspense.\n\n3. **Depth and Contrast**: The angle creates depth, placing the batter and catcher in sharp focus while keeping the background blurred. This isolates the subjects and draws attention to their interaction, heightening the drama of the moment.\n\n4. **Emphasis on the Moment**: The angle captures a split-second of the game, freezing the action and giving it a timeless quality. It invites viewers to imagine what happens next, adding intrigue.\n\n5. **Mood and Atmosphere**: The low angle can evoke feelings of power or vulnerability depending on who is in the foreground. In this case, the batter's stance suggests confidence and readiness, while the catcher's position implies defense and anticipation.\n\nTogether, these elements contribute to a powerful and engaging image that effectively conveys the energy and emotion of baseball."]

Processing Question 31/60: What part of the baseball game does this image depict?
 >>>>>>>>>>>>>>>>>>>>>>>>>>>>>>
>>> (Token count: 107)

Model Output: ['This image depicts a moment during a baseball game, specifically at home plate where the batter is positioned to hit the ball. The catcher is crouched behind the batter, ready to catch the pitch if the batter misses or does not swing. The image captures the action and focus of the batter as they prepare to swing, which is a critical part of the game when the pitcher throws the ball toward home plate. The setting suggests it could be a practice session or a game in progress, as indicated by the dirt and field markings.']

Processing Question 32/60: Who might the player wearing the glove be — a catcher or a fielder?
 >>>>>>>>>>>>>>>>>>>>>>>>>>>>>>
>>> (Token count: 93)

Model Output: ["The player wearing the glove is likely a catcher, as they appear to be positioned behind home plate, which is the typical position for a catcher in baseball. The catcher's role includes receiving pitches from the pitcher and signaling plays to the rest of the team. The protective gear worn by this individual (such as leg guards) is also characteristic of a catcher's equipment. The fact that their body posture suggests readiness to catch or receive a ball further supports this identification."]

Processing Question 33/60: What position is the person standing near the white line likely playing?
 >>>>>>>>>>>>>>>>>>>>>>>>>>>>>>
>>> (Token count: 89)

Model Output: ["The person standing near the white line appears to be in a crouched position, wearing catcher's gear, which suggests they are likely a **catcher** in baseball. The catcher is positioned behind home plate and is equipped with a catcher's mitt and shin guards, which are essential for this role. The player's stance, with knees bent and hands ready to catch a pitch, is consistent with the duties of a catcher in baseball."]

Processing Question 34/60: Is the white chalk line on the field a foul line or a baseline?
 >>>>>>>>>>>>>>>>>>>>>>>>>>>>>>
>>> (Token count: 90)

Model Output: ["The white chalk line in the image appears to be a baseline, specifically the third base line in a baseball game. This is indicated by its position relative to the player and the catcher, as well as the fact that it runs parallel to the third base side of the diamond. The foul line would run from home plate to first base and third base, but here it seems to be a baseline based on its placement and the direction it's heading."]

Processing Question 35/60: What time of day does the lighting in the image suggest?
 >>>>>>>>>>>>>>>>>>>>>>>>>>>>>>
>>> (Token count: 114)

Model Output: ['The lighting in this image suggests it was taken during the daytime, likely in the late afternoon or early evening. The long shadows cast by the players and the angle of the sunlight indicate that the sun is low in the sky, which typically occurs when the sun is near its zenith (around noon) and then gradually moves lower as the day progresses. The warm tones and the strong contrast between light and shadow also suggest that the photo might have been taken during golden hour, which is shortly after sunrise or before sunset when the sunlight creates a softer, more diffused quality.']

Processing Question 36/60: What kind of cleats is the player wearing?
 >>>>>>>>>>>>>>>>>>>>>>>>>>>>>>
>>> (Token count: 92)

Model Output: ['The player appears to be wearing baseball cleats, which are designed for traction on dirt and grass fields. The cleats have spikes or studs on the bottom to help the player maintain grip and stability during play. While the image does not provide a clear view of the entire cleat design, the visible portion suggests that they are likely a standard baseball cleat used in amateur or professional play. The specific brand or model cannot be determined from this image alone.']

Processing Question 37/60: What is the role of the crouching player in the game?
 >>>>>>>>>>>>>>>>>>>>>>>>>>>>>>
>>> (Token count: 197)

Model Output: ["The crouching player in this image appears to be a catcher, which is a key defensive position in baseball. The catcher's main roles include:\n\n1. **Receiving pitches**: They catch the pitches thrown by the pitcher and relay them to the pitcher if necessary.\n2. **Defending home plate**: Catchers are responsible for preventing runners from scoring on pitches that are hit into the strike zone or when runners attempt to steal bases.\n3. **Stealing pitch information**: They work with the pitcher to keep batters guessing about the type of pitch coming next.\n4. **Throwing out base runners**: The catcher often throws to first base to attempt to tag out baserunners attempting to advance to home plate.\n\nIn this photo, the catcher's glove is extended toward the ball, indicating they are actively engaged in receiving a pitch. Their crouched position allows them to have better visibility and reach for incoming pitches while minimizing their exposure to the batter's swing."]

Processing Question 38/60: What kind of glove is shown in the image?
 >>>>>>>>>>>>>>>>>>>>>>>>>>>>>>
>>> (Token count: 83)

Model Output: ['The image shows a baseball glove, which is used by the catcher in baseball to catch and field the ball. It is typically made of leather or synthetic materials and is designed to be durable and flexible to provide the best grip on the ball. The specific design of this glove appears to be that of a "mitt," which is larger and more open compared to a glove worn by an infielder or outfielder.']

Processing Question 39/60: What action do you think is about to take place in this moment?
 >>>>>>>>>>>>>>>>>>>>>>>>>>>>>>
>>> (Token count: 121)

Model Output: ["This image captures a dynamic moment in a baseball game, likely at or near home plate. Given the positioning of the catcher and the batter, it appears that the batter has just made contact with the ball (or is about to). The catcher's mitt is extended, suggesting they are preparing to catch the ball after the batter hits it. If the ball was not hit into play, the catcher would be ready to field it, and the umpire may be signaling the result of the pitch. If the ball went into play, the next action could involve baserunning or fielding by other players."]

Processing Question 40/60: Does the field surface appear to be well-maintained?
 >>>>>>>>>>>>>>>>>>>>>>>>>>>>>>
>>> (Token count: 150)

Model Output: ["The image shows a baseball field, and while it appears to be in use with players on the field, the specific condition of the field surface is not entirely clear due to the angle and focus of the shot. However, from what can be observed:\n\n- The dirt around home plate looks dry and compacted, which is typical for a playing field.\n- The grass areas visible in the background appear to be green but could be overgrown or uneven if not recently maintained.\n\nWithout more context or a broader view of the field, it's difficult to determine the overall maintenance level definitively. It seems to be a standard baseball field, but details such as mowing frequency, fertilization, and irrigation practices would be needed for a more accurate assessment."]

Processing Question 41/60: What material might the dirt on this field be made of?
 >>>>>>>>>>>>>>>>>>>>>>>>>>>>>>
>>> (Token count: 166)

Model Output: ['The dirt on a baseball field, such as the one in the image, is typically made of a blend of clay, sand, and organic matter, often with some added lime to improve its consistency and drainage properties. The exact composition can vary by region, but common materials include:\n\n1. **Clay**: Provides structural integrity and helps maintain the shape of the field.\n2. **Sand**: Improves drainage and allows for better footing by reducing the stickiness of the soil.\n3. **Organic Matter (like peat)**: Adds nutrients and helps retain moisture.\n4. **Lime**: Sometimes added to adjust the pH level or enhance the structure of the soil.\n\nThe specific mix is tailored to meet the needs of the local climate and playing conditions, ensuring optimal performance for players and proper maintenance of the field.']

Processing Question 42/60: What could the position of the legs tell us about the player's readiness?
 >>>>>>>>>>>>>>>>>>>>>>>>>>>>>>
>>> (Token count: 129)

Model Output: ['The position of the legs in this image suggests that the baseball player is in a ready stance, which is typical for a batter preparing to hit the ball. The legs are slightly bent, with one leg extended forward and the other bent behind, forming a stable base for the body. This stance allows for quick movement and balance, essential for reacting to the pitch and making contact with the ball.\n\nAdditionally, the player appears to be focused on the incoming pitch, as indicated by their posture and the orientation of their body. This readiness also implies that they are anticipating the speed and type of the pitch, preparing to swing or adjust their position accordingly.']

Processing Question 43/60: Why might the image focus on the lower half of the players?
 >>>>>>>>>>>>>>>>>>>>>>>>>>>>>>
>>> (Token count: 279)

Model Output: ["The image focuses on the lower half of the players for several possible reasons:\n\n1. **Action and Timing**: The image captures the moment when a pitch is being thrown or a player is about to make contact, which naturally centers around their lower body. This timing helps emphasize the dynamic movement and action typical in baseball.\n\n2. **Composition and Focus**: By focusing on the lower half, the photographer may be emphasizing the physicality and athleticism involved in the sport, such as the positioning of the legs, the grip on the bat, or the readiness of the catcher's glove.\n\n3. **Mood and Emotion**: This perspective can create an emotional connection with the scene. It might evoke feelings of tension, anticipation, or excitement as viewers imagine the potential outcome of the play.\n\n4. **Technical Choice**: The angle and focus could be a deliberate artistic choice by the photographer to highlight specific aspects of the game, like the intensity of the pitch, the stance of the batter, or the catcher’s readiness.\n\n5. **Emphasis on Key Elements**: In this sport, the lower half often contains the most critical elements of a play. For example, the batter’s position, the catcher’s glove, and the pitcher’s throw all occur primarily below the waistline.\n\nBy capturing just the lower half, the image simplifies the scene while still conveying essential information about the action at hand."]

Processing Question 44/60: Can you identify any specific league or team based on the uniforms?
 >>>>>>>>>>>>>>>>>>>>>>>>>>>>>>
>>> (Token count: 73)

Model Output: ["This image shows a baseball game in progress, but it does not provide clear or identifiable information about the specific league or team. The uniforms and equipment are common among amateur or semi-professional teams. Without visible logos, text, or distinctive colors that are unique to a specific team, it's not possible to identify a particular league or team from this image alone."]

Processing Question 45/60: What type of game might this be: professional, amateur, or a friendly match?
 >>>>>>>>>>>>>>>>>>>>>>>>>>>>>>
>>> (Token count: 183)

Model Output: ["The image shows a close-up of a baseball game, likely focusing on the action around home plate, with a catcher and a runner on base. The quality and style of the photograph suggest it could be from a professional or amateur game rather than a friendly match. \n\nIn professional games, players often wear well-maintained uniforms and equipment, and the field is meticulously prepared, as seen in this image. Amateur games can also look similar, but there might be less emphasis on the uniformity of equipment and field preparation compared to professional standards. Friendly matches are typically less formal and may not feature the level of equipment or field maintenance observed here.\n\nWithout additional context about the league, stadium, or the team uniforms, it's difficult to definitively determine whether this is a professional, amateur, or friendly match. However, based on the visible details, it leans more towards being either professional or an organized amateur game."]

Processing Question 46/60: Could weather conditions affect the players' performance on this surface?
 >>>>>>>>>>>>>>>>>>>>>>>>>>>>>>
>>> (Token count: 443)

Model Output: ["Yes, weather conditions can significantly impact a player's performance on a baseball field. The specific surface in the image appears to be a dirt infield, which is common in many baseball fields. Here’s how different weather conditions might affect players:\n\n1. **Dirt Infield Conditions**:\n   - **Dry and Hard**: If the dirt is dry and hard, it can make it difficult for players to gain traction when running or sliding. This can lead to slower movements and increased risk of injury.\n   - **Moist and Soft**: When the dirt is moist but not overly muddy, it provides better traction. However, if the soil becomes too soft (e.g., due to heavy rain), players may struggle with footing and balance, potentially affecting their performance.\n\n2. **Rain or Wet Conditions**:\n   - **Slippery Surfaces**: Rain can create slippery surfaces, especially on the bases and in areas where there has been significant water accumulation. This increases the risk of players slipping, which could result in errors or injuries.\n   - **Mud Pools**: Prolonged rain can create mud pools, making it challenging for players to advance safely on the field, as they need to avoid getting stuck or injured by stepping into deep mud.\n\n3. **Sunlight and Heat**:\n   - **Dehydration**: Extreme heat can lead to dehydration, impacting a player's physical endurance and performance.\n   - **Visibility**: Bright sunlight can affect visibility, particularly on fields without proper shading, which could make it harder for players to track the ball or read the game.\n\n4. **Wind**:\n   - **Field Balance**: Wind can influence the trajectory of the ball, making it harder for batters to predict its path, and for catchers to throw accurately.\n   - **Player Comfort**: Strong winds can also disrupt a player's balance and comfort during throws, hits, or runs.\n\nOverall, understanding and adapting to the field conditions is crucial for optimizing performance in baseball. Players should stay hydrated, wear appropriate footwear, and adjust their techniques based on the playing environment. Coaches and umpires also play an important role in ensuring that the field is safe and playable under varying weather conditions."]

Processing Question 47/60: Is the field boundary visible in the image?
 >>>>>>>>>>>>>>>>>>>>>>>>>>>>>>
>>> (Token count: 65)

Model Output: ['No, the field boundary is not clearly visible in this image. The focus of the picture is on the area near home plate with the catcher and runner, but the edges of the field and its boundary lines are not prominently displayed or discernible. The visible part includes the dirt around home plate and the grass beyond it.']

Processing Question 48/60: Are there any markings on the catcher's gear in the image?
 >>>>>>>>>>>>>>>>>>>>>>>>>>>>>>
>>> (Token count: 71)

Model Output: ['Yes, there appears to be a marking or logo on the catcher\'s gear. It is located on the shin guard and looks like it could be the name "Mizuno," which is a brand known for manufacturing baseball equipment. However, the image resolution makes it difficult to confirm if it\'s exactly "Mizuno" or another similar logo.']

Processing Question 49/60: What kind of motion might come next from the player closest to the pitcher's mound?
 >>>>>>>>>>>>>>>>>>>>>>>>>>>>>>
>>> (Token count: 134)

Model Output: ["The player closest to the pitcher's mound appears to be the catcher, based on their position and gear. In this image, the catcher is crouched low, ready to receive the pitch. The next possible motion would involve catching or attempting to catch the ball if it is pitched in their direction. If the ball is not headed toward them, they may also prepare for the next pitch by staying alert and in position to respond to the batter's swing.\n\nIf the ball has already been pitched and is in play, the catcher may need to throw the ball to another fielder depending on the situation, such as covering a base or making a play at home plate."]

Processing Question 50/60: Does the angle of the photo suggest an intense or casual moment?
 >>>>>>>>>>>>>>>>>>>>>>>>>>>>>>
>>> (Token count: 132)

Model Output: ["The angle and composition of this photograph capture a dynamic and intense moment in a baseball game. The focus on the player's body language, with one leg extended forward and the other bent, suggests they are actively engaged in play. The catcher's glove is visible, indicating that there has been a pitch, and the player appears to be in mid-action, possibly preparing for a defensive play such as catching the ball or throwing it. The sharpness of the image and the contrast between the players' uniforms and the dirt field emphasize the intensity of the moment. It does not suggest a casual setting but rather one where the players are focused and committed to the game."]

Processing Question 51/60: Is the ball visible in this image, or does this add to the tension?
 >>>>>>>>>>>>>>>>>>>>>>>>>>>>>>
>>> (Token count: 88)

Model Output: ["The ball is not visible in this image. The focus is on the player at bat and the catcher's mitt positioned near home plate. The absence of the ball adds to the tension by leaving the viewer wondering where it is, whether it has been pitched, and what will happen next in the play. This kind of anticipation is a common element in sports photography, as it captures the dynamic nature of the moment before an action takes place."]

Processing Question 52/60: Why might the photographer have chosen this perspective?
 >>>>>>>>>>>>>>>>>>>>>>>>>>>>>>
>>> (Token count: 337)

Model Output: ["The photographer may have chosen this perspective for several reasons:\n\n1. **Action and Focus**: The perspective captures the dynamic moment of the game, emphasizing the motion and energy of the play. It highlights the player's stance at home plate, which is a key part of baseball action.\n\n2. **Composition**: By focusing on the player’s lower body and the catcher in the foreground, the image creates a strong sense of depth and balance. The framing draws attention to the critical moment between the batter and the catcher.\n\n3. **Emphasis on Equipment**: The image prominently features the catcher's mitt and the batter’s uniform, which could be intended to showcase the importance of these tools in the sport.\n\n4. **Aesthetic Appeal**: The angle and lighting give the photo an artistic quality. The sunlight hitting the dirt and the players creates a dramatic effect that adds visual interest and enhances the mood of the photograph.\n\n5. **Focus on Skill**: The shot emphasizes the skill required from both the batter and the catcher, as well as the interaction between them, which is central to the game of baseball.\n\n6. **Storytelling**: This perspective tells a small story of the game: the anticipation of the pitch, the batter’s positioning, and the catcher’s readiness. It captures a split-second moment that is often pivotal in the game.\n\n7. **Sports Photography Style**: This perspective aligns with the style of sports photography, which often focuses on the intensity and emotion of the action rather than the broader scene.\n\nBy framing the image this way, the photographer may aim to convey the excitement, precision, and skill involved in baseball while also creating a visually compelling snapshot of the game."]

Processing Question 53/60: Do the shadows suggest where the sun is positioned?
 >>>>>>>>>>>>>>>>>>>>>>>>>>>>>>
>>> (Token count: 105)

Model Output: ["The shadows in the image appear to be cast from the baseball player's legs towards the ground, indicating that the light source (the sun) is coming from the upper left of the frame. This suggests that the sun is positioned somewhere in the upper left quadrant of the sky relative to the scene depicted in this photograph. The direction and length of the shadows can provide clues about the time of day and the angle of the sun, but without more context, it's difficult to pinpoint the exact time or position of the sun."]

Processing Question 54/60: What does the crouching position of the player suggest about the situation?
 >>>>>>>>>>>>>>>>>>>>>>>>>>>>>>
>>> (Token count: 85)

Model Output: ["The crouching position of the player in the image suggests that they are likely preparing to catch or block a ball. This stance is common among baseball players, particularly catchers and fielders, when anticipating the trajectory of an incoming pitch or a thrown ball during a play. The readiness displayed here indicates that the player is in position to react quickly to the ball's arrival, ensuring they can make the necessary play effectively."]

Processing Question 55/60: Could the player in the foreground be a batter?
 >>>>>>>>>>>>>>>>>>>>>>>>>>>>>>
>>> (Token count: 168)

Model Output: ['The image shows two individuals on what appears to be a baseball field. The person standing and wearing a glove is likely the catcher, as they are positioned behind home plate, which is where catchers typically stand. The other individual, who seems to be crouching and wearing protective gear, is likely the umpire, given their location and attire.\n\nThe player in the foreground, who is standing upright with legs spread apart, does not appear to have a bat or any equipment that would suggest they are a batter. Batters usually stand near home plate holding a bat, preparing to hit the ball. The stance of this player suggests more of a defensive or fielding position rather than batting.\n\nTherefore, it is unlikely that the player in the foreground is the batter; instead, they might be a fielder or another defensive position player.']

Processing Question 56/60: How does the brown and green color contrast in the photo add to its composition?
 >>>>>>>>>>>>>>>>>>>>>>>>>>>>>>
>>> (Token count: 251)

Model Output: ["The brown and green color contrast in the photo adds depth and visual interest, enhancing the composition in several ways:\n\n1. **Foreground vs. Background**: The brown dirt of the baseball field is in the foreground, while the green grass and blurred background provide a sense of depth. This creates a layered effect that draws the viewer’s eye into the image.\n\n2. **Focus on Action**: The brown dirt around the base adds texture and grounding, helping to anchor the player and the action in the scene. The green grass in the background further emphasizes the outdoor setting and provides a natural backdrop for the sport.\n\n3. **Warm vs. Cool Colors**: The warm brown tones of the dirt contrast with the cooler green of the grass, adding vibrancy and balance to the overall color palette. This contrast creates a dynamic interplay between the elements.\n\n4. **Mood and Atmosphere**: The warm hues of the dirt and the cool tones of the grass contribute to the image's mood. The earthy browns evoke a sense of ruggedness and realism, while the green represents nature and vitality, complementing the intensity of the game.\n\nOverall, the interplay of these colors enhances the photo’s dynamic feel and helps convey the energy of the moment captured."]

Processing Question 57/60: What might the players be looking at in this moment?
 >>>>>>>>>>>>>>>>>>>>>>>>>>>>>>
>>> (Token count: 187)

Model Output: ["In this image, the players appear to be engaged in a baseball game, specifically near home plate. The catcher is crouched behind the batter, ready to catch the ball if it's not hit. The batter seems focused on the incoming pitch, likely assessing its speed and trajectory.\n\nHere's what each player might be looking at:\n\n- **The batter**: The batter is probably observing the pitcher's hand position, ball release point, and arm movement to anticipate the pitch type (e.g., fastball, curveball) and decide whether to swing.\n  \n- **The catcher**: The catcher is watching the ball as it travels toward home plate. They need to gauge where the pitch will land to make the best judgment on whether to attempt a play, such as catching the ball or signaling for a throw to another base.\n\nThis moment requires precision and focus for both players, as their actions can significantly impact the outcome of the play."]

Processing Question 58/60: How do the metal cleats benefit the players on this type of field?
 >>>>>>>>>>>>>>>>>>>>>>>>>>>>>>
>>> (Token count: 243)

Model Output: ["Metal cleats provide several benefits for baseball players, particularly when playing on fields with dirt or artificial turf like the one in the image:\n\n1. **Improved Traction**: The metal spikes on cleats enhance grip on loose soil or artificial turf, preventing the player from slipping during quick movements and plays.\n\n2. **Enhanced Stability**: Cleats with metal spikes offer better stability on uneven surfaces, allowing players to maintain balance and react quickly during games.\n\n3. **Increased Power Transfer**: The rigid structure of metal cleats helps transfer power efficiently to the ground, providing players with more explosive movement and acceleration.\n\n4. **Durability**: Metal cleats tend to be more durable than their plastic counterparts, which can break easily. This is especially important on a field where players may slide or slide into bases frequently.\n\n5. **Customizable Fit**: Metal cleats often have interchangeable spikes that allow players to adjust the length and depth based on their preference and playing style, optimizing performance.\n\nHowever, it's important to note that metal cleats can also cause damage to artificial turf surfaces if not used properly. Additionally, they might not be suitable for all types of fields or may not meet certain league regulations regarding equipment."]

Processing Question 59/60: Does the angle of the baseline suggest that the batter's box is nearby?
 >>>>>>>>>>>>>>>>>>>>>>>>>>>>>>
>>> (Token count: 80)

Model Output: ["Yes, the angle of the baseline in the image suggests that the batter's box is likely nearby. The white chalk line marking the baseline extends toward the batter's box area, which typically starts just beyond home plate and extends across the field. The player in the image appears to be standing near this baseline, consistent with the positioning expected for someone who has just batted or is preparing to bat."]

Processing Question 60/60: How might the audience's perspective differ from that of the players in this moment?
 >>>>>>>>>>>>>>>>>>>>>>>>>>>>>>
>>> (Token count: 309)

Model Output: ["In this moment captured during a baseball game, the perspective of the audience and the players would likely differ significantly.\n\n### Audience Perspective:\n- **Focus**: The audience typically watches the action unfold as it happens, often with a broader view of the field.\n- **Context**: They may see more of the surrounding environment, such as the stands, spectators, and the rest of the field.\n- **Timing**: Spectators may perceive the action as part of a larger sequence of plays or moments in the game.\n- **Emotion**: The audience might experience excitement or suspense as they watch the critical play unfold, but their view is limited to what's on the screen or at their location.\n\n### Player Perspective:\n- **Focus**: Players are highly focused on the immediate play, often seeing only a small area around them.\n- **Context**: Their view is limited to their immediate surroundings, such as the opposing team's players, the catcher, the umpire, and the ball.\n- **Timing**: Players are acutely aware of the timing of the play, including the pitch speed, the catcher's glove position, and the batter’s swing.\n- **Emotion**: Players may feel intense pressure, concentration, and anticipation, which can be heightened by the outcome of the play (e.g., whether the batter makes contact, whether the pitch is caught, etc.).\n\nThe image captures a moment where the player and the catcher are intensely engaged, while the audience's perspective might not show such close detail and could encompass a broader scene of the game."]
average_tokens : 154.63333333333333
