Using default attention!

Processing Question 1/60: What type of vehicle is shown in the image?
 >>>>>>>>>>>>>>>>>>>>>>>>>>>>>>
>>> (Token count: 37)

Model Output: Based on the image, the vehicle shown is a **Mitsubishi Outlander**. 

You can identify it by its distinctive styling, including the headlights, grille, and overall shape.

Processing Question 2/60: Where is this scene taking place?
 >>>>>>>>>>>>>>>>>>>>>>>>>>>>>>
>>> (Token count: 41)

Model Output: Based on the signage visible in the image, this scene is taking place at **McCarran International Airport** in Las Vegas. 

Specifically, the sign says "Shuttle Bus to McCarran."

Processing Question 3/60: How many suitcases or bags are visible in the image?
 >>>>>>>>>>>>>>>>>>>>>>>>>>>>>>
>>> (Token count: 64)

Model Output: Based on the image, I can see at least 7 suitcases or bags. Here's a breakdown:

*   3 large suitcases on the ground
*   2 smaller bags on top of the luggage
*   2 bags in the vehicle

It’s possible there are more hidden behind the vehicles.

Processing Question 4/60: Is the car parked or in motion?
 >>>>>>>>>>>>>>>>>>>>>>>>>>>>>>
>>> (Token count: 79)

Model Output: Based on the image, the car appears to be **parked**. 

Here's how I came to that conclusion:

*   The doors are open.
*   People are actively loading luggage into the car.
*   The car isn't moving or showing signs of movement. 

Let me know if you want me to analyze anything else in the image!

Processing Question 5/60: What is the color of the car in the image?
 >>>>>>>>>>>>>>>>>>>>>>>>>>>>>>
>>> (Token count: 9)

Model Output: The car in the image is white.

Processing Question 6/60: What is the man in the brown shirt doing with the luggage?
 >>>>>>>>>>>>>>>>>>>>>>>>>>>>>>
>>> (Token count: 62)

Model Output: Based on the image, the man in the brown shirt appears to be helping to load luggage into a white SUV. He's carefully maneuvering a large suitcase and a smaller bag onto the back of the vehicle. 

It looks like he's assisting someone in getting their belongings ready for a trip.

Processing Question 7/60: What is the purpose of the luggage trolley shown?
 >>>>>>>>>>>>>>>>>>>>>>>>>>>>>>
>>> (Token count: 76)

Model Output: Certainly! Let's analyze the image. 

The luggage trolley's purpose is to **transport luggage** from the airport parking area to the vehicles. It's being used to help the travelers move their suitcases and bags to their cars for the journey. 

Do you want to know anything more about the image, like the type of airport or the vehicles?

Processing Question 8/60: What type of parking space is this?
 >>>>>>>>>>>>>>>>>>>>>>>>>>>>>>
>>> (Token count: 121)

Model Output: Based on the image, this appears to be a **ride-share or shuttle parking area** at an airport. 

Here's what indicates this:

*   **Shuttle Bus Sign:** There's a clear sign indicating a shuttle bus to McCarran Airport.
*   **Vehicles:** The vehicles present (primarily SUVs) are often used for ride-sharing services.
*   **People Loading Luggage:** The people in the image are loading luggage into vehicles, likely for transport to the airport. 

Do you want me to describe anything else in the image?

Processing Question 9/60: How many people are visible in the image?
 >>>>>>>>>>>>>>>>>>>>>>>>>>>>>>
>>> (Token count: 39)

Model Output: Based on the image, I can see **three** people. 

Two men are actively unloading luggage from a vehicle, and there's a third man partially visible in the background.

Processing Question 10/60: Are there signs or markers indicating this location?
 >>>>>>>>>>>>>>>>>>>>>>>>>>>>>>
>>> (Token count: 125)

Model Output: Yes, there are several signs and markers indicating this location in the image! Here's what I can identify:

*   **"Shuttle Bus to McCarran International Airport"**: This sign clearly indicates the purpose of the area – it's a shuttle bus stop.
*   **"Thank You for Parking at..."**: This sign likely indicates the parking facility.
*   **"SmartPark Advertising"**: This suggests the parking area is managed by SmartPark.
*   **License Plate Number**: Visible on the white SUV.

Do you want me to describe anything else about the image?

Processing Question 11/60: Is this likely an airport pickup or drop-off scene?
 >>>>>>>>>>>>>>>>>>>>>>>>>>>>>>
>>> (Token count: 112)

Model Output: Based on the image, it's **highly likely this is an airport drop-off scene.** 

Here's why:

*   **Vehicles:** There are several cars parked, which is common at airport drop-off areas.
*   **Luggage:** People are unloading luggage from carts, indicating they’ve just arrived.
*   **Signage:** The sign clearly states "Shuttle Bus to McCarran International Airport," confirming the airport setting.

Do you want me to describe any other details in the image?

Processing Question 12/60: What does the sign labeled "Thank You" suggest about the location?
 >>>>>>>>>>>>>>>>>>>>>>>>>>>>>>
>>> (Token count: 42)

Model Output: Based on the sign labeled "Thank You," it suggests that this is the McCarran International Airport car rental area. It’s a polite message thanking travelers for using the car rental services at the airport.

Processing Question 13/60: What kind of luggage can be observed (rolling suitcases, duffel bags, etc.)?
 >>>>>>>>>>>>>>>>>>>>>>>>>>>>>>
>>> (Token count: 118)

Model Output: Okay, let's take a look at the luggage in the image! 

Here's what I can observe:

*   **Rolling Suitcases:** There are at least three rolling suitcases visible, suggesting people are traveling.
*   **Duffel Bags:** I can see what appear to be duffel bags being carried, alongside the suitcases.
*   **Large Bags:** There are also larger bags, possibly backpacks or carry-ons, stacked near the vehicles.

Do you want me to describe any specific detail about the luggage or the people carrying them?

Processing Question 14/60: Is the parking area covered or uncovered?
 >>>>>>>>>>>>>>>>>>>>>>>>>>>>>>
>>> (Token count: 36)

Model Output: Based on the image, the parking area appears to be **covered**. You can see a ceiling with lights and a grid pattern, which indicates a roof or other overhead covering.

Processing Question 15/60: Can you identify any vehicles parked in the background of the image?
 >>>>>>>>>>>>>>>>>>>>>>>>>>>>>>
>>> (Token count: 115)

Model Output: Okay, let's take a look at the image!

In the background, I can identify the following vehicles:

*   **A white Nissan Rogue:** This is the most prominent vehicle, parked relatively close to the foreground.
*   **Several other cars:** There are at least three other cars further back, appearing to be a mix of SUVs and sedans – white, grey and a silver/metallic color.

Do you want me to try and identify any specific details about them (like make and model), or perhaps describe them in more detail?

Processing Question 16/60: What is the man in the gray suit doing?
 >>>>>>>>>>>>>>>>>>>>>>>>>>>>>>
>>> (Token count: 39)

Model Output: Based on the image, the man in the gray suit appears to be helping load luggage into a car. He's carrying a large suitcase and seems to be guiding it toward the trunk.

Processing Question 17/60: Is the back door of the car open or closed?
 >>>>>>>>>>>>>>>>>>>>>>>>>>>>>>
>>> (Token count: 29)

Model Output: Based on the image, the back door of the car is **open**. You can clearly see the interior of the car and luggage inside.

Processing Question 18/60: How many wheels are on the luggage trolley?
 >>>>>>>>>>>>>>>>>>>>>>>>>>>>>>
>>> (Token count: 26)

Model Output: Based on the image, the luggage trolley has **4 wheels**. You can see them clearly at the base of the trolley.

Processing Question 19/60: What type of footwear is the man wearing in the brown shirt?
 >>>>>>>>>>>>>>>>>>>>>>>>>>>>>>
>>> (Token count: 18)

Model Output: Based on the image, the man in the brown shirt is wearing **sandals**.

Processing Question 20/60: Is the interior of the vehicle visible in this image?
 >>>>>>>>>>>>>>>>>>>>>>>>>>>>>>
>>> (Token count: 24)

Model Output: Yes, the interior of the vehicle is partially visible. You can see the seats, steering wheel, and dashboard.

Processing Question 21/60: How many signs are visible in the parking area?
 >>>>>>>>>>>>>>>>>>>>>>>>>>>>>>
>>> (Token count: 97)

Model Output: Based on the image, I can see **three** signs visible in the parking area. 

Here's what I identified:

1.  A sign that says "Shuttle Bus to McCarran International Airport"
2.  A sign that says "Thank You for Parking at McCarran"
3.  A sign with a license plate number on it. 

Let me know if you’d like me to look for anything else in the image!

Processing Question 22/60: Can you determine the location based on the signage?
 >>>>>>>>>>>>>>>>>>>>>>>>>>>>>>
>>> (Token count: 52)

Model Output: Based on the signage in the image, this appears to be **McCarran International Airport** in Las Vegas, Nevada. 

Specifically, the sign says "Shuttle Bus to McCarran Airport" and "Thank You for Parking at McCarran Airport."

Processing Question 23/60: Are any travel-related facilities visible in the background?
 >>>>>>>>>>>>>>>>>>>>>>>>>>>>>>
>>> (Token count: 73)

Model Output: Yes, there are several travel-related facilities visible in the background of the image! 

Specifically, there's a sign that clearly indicates it's the **McCarran International Airport** shuttle bus area. 

You can also see the words "Shuttle Bus to McCarran" on the sign, along with a map pointing towards the shuttle.

Processing Question 24/60: How is the luggage arranged on the ground?
 >>>>>>>>>>>>>>>>>>>>>>>>>>>>>>
>>> (Token count: 134)

Model Output: Okay, let's analyze the luggage arrangement in the image. 

The luggage is stacked in a somewhat chaotic but functional way. Here's a breakdown:

*   **Large Suitcases:** There are several large suitcases piled up on the ground, mostly near the front of the frame.
*   **Smaller Bags:** There are also smaller bags, likely backpacks or carry-ons, mixed in with the larger suitcases. 
*   **General Placement:** The luggage seems to be piled up to make it easier to load into the vehicles (the SUVs).

Do you want me to describe any specific aspect of the luggage arrangement in more detail?

Processing Question 25/60: Does the luggage trolley appear full or empty?
 >>>>>>>>>>>>>>>>>>>>>>>>>>>>>>
>>> (Token count: 34)

Model Output: Based on the image, the luggage trolley appears to be quite full. There are several suitcases and bags visible, suggesting it’s holding a significant amount of luggage.

Processing Question 26/60: What might the actions of the two men suggest about their activities?
 >>>>>>>>>>>>>>>>>>>>>>>>>>>>>>
>>> (Token count: 221)

Model Output: Here's an analysis of what the actions of the two men in the image might suggest:

**Likely Scenario:** They are picking up passengers and their luggage after an international flight.

**Here's the reasoning:**

*   **Luggage:** The presence of several suitcases and a larger duffel bag clearly indicates that the people being picked up have traveled internationally, where baggage allowances are often more restricted.
*   **Shuttle Bus Sign:** The sign that reads "Shuttle Bus to McCarran International Airport" confirms that this is an airport shuttle service.
*   **Helping with Luggage:** The men are actively assisting the people getting out of their vehicle by carrying their bags – a common courtesy offered at airports.
*   **Business Attire:** The men's attire (button-down shirts) suggests they might be business travelers.

**In short, it’s a very typical scene at an airport shuttle service after an international arrival.**

Would you like me to elaborate on any aspect of this analysis, or perhaps describe the cars in more detail?

Processing Question 27/60: Are the parking spaces marked with clear white lines?
 >>>>>>>>>>>>>>>>>>>>>>>>>>>>>>
>>> (Token count: 32)

Model Output: No, the parking spaces in the image are not marked with clear white lines. They are indicated with a dark gray and white striped pattern on the floor.

Processing Question 28/60: Is there any visible license plate information on the car?
 >>>>>>>>>>>>>>>>>>>>>>>>>>>>>>
>>> (Token count: 22)

Model Output: Yes, there is! The license plate on the white SUV reads **669766**.

Processing Question 29/60: Are there any other pedestrians visible in the parking area?
 >>>>>>>>>>>>>>>>>>>>>>>>>>>>>>
>>> (Token count: 27)

Model Output: Based on the image, it appears there are no other pedestrians visible in the parking area besides the three people loading luggage into vehicles.

Processing Question 30/60: What does the overall setting suggest about the time of day?
 >>>>>>>>>>>>>>>>>>>>>>>>>>>>>>
>>> (Token count: 145)

Model Output: Okay, let's analyze the image to determine the time of day.

Here's what the setting suggests:

*   **Artificial Lighting:** The scene is illuminated by bright, fluorescent overhead lights – typical of an airport terminal.
*   **Activity:** People are loading luggage into cars, which is a common activity during pickup times.
*   **Lack of Daylight:** The lighting is strong, but there is no natural sunlight visible.

**Therefore, the overall setting suggests it is likely either evening or night.** It's probably after the typical rush hour, as people are heading home or onward after their flights. 

Do you want me to look for any other details about the image?

Processing Question 31/60: What type of vehicle is shown in the image?
 >>>>>>>>>>>>>>>>>>>>>>>>>>>>>>
>>> (Token count: 34)

Model Output: Based on the image, the vehicle shown is a **Mitsubishi Outlander**. 

You can identify it by its distinctive body shape, headlights, and overall design.

Processing Question 32/60: How many pieces of luggage are visible in the scene?
 >>>>>>>>>>>>>>>>>>>>>>>>>>>>>>
>>> (Token count: 90)

Model Output: Based on the image, I can see at least **7** pieces of luggage visible. Here's a breakdown:

*   **3** large suitcases on the ground near the man with the luggage cart.
*   **2** suitcases visible in the white SUV.
*   **2** suitcases partially visible in the gray SUV.

Let me know if you’d like me to analyze any other details in the image!

Processing Question 33/60: What is the purpose of the luggage cart in the image?
 >>>>>>>>>>>>>>>>>>>>>>>>>>>>>>
>>> (Token count: 72)

Model Output: Based on the image, the luggage cart is being used to transport luggage from the vehicles (likely rental cars) to the terminal building. It's a common way to move bags when travelers are picking up their rental cars at the airport. 

Do you want to know anything more about the image, such as the airport or the people in it?

Processing Question 34/60: Where does this scene take place?
 >>>>>>>>>>>>>>>>>>>>>>>>>>>>>>
>>> (Token count: 115)

Model Output: Based on the image, this scene takes place at an **airport parking garage**. 

Here’s how I can tell:

*   **Shuttle Bus Sign:** The sign reading "Shuttle Bus to McCarran International Airport" is a clear indicator.
*   **Cars:** The presence of several vehicles suggests a parking area.
*   **Luggage and Rolling Carts:** People are loading luggage into cars, which is common when travelers are picking up their vehicles after flying.

Do you want me to provide any more details about the image?

Processing Question 35/60: What are the people in the image doing with the luggage?
 >>>>>>>>>>>>>>>>>>>>>>>>>>>>>>
>>> (Token count: 49)

Model Output: Certainly! Based on the image, the people are unloading luggage from a white SUV into the airport shuttle bus. They are carefully maneuvering large suitcases and bags onto the bus. 

Would you like me to describe anything else about the image?

Processing Question 36/60: Which side of the car is the trunk located on?
 >>>>>>>>>>>>>>>>>>>>>>>>>>>>>>
>>> (Token count: 20)

Model Output: Based on the image, the trunk is located on the **left** side of the car.

Processing Question 37/60: What makes this parking location unique compared to a regular parking lot?
 >>>>>>>>>>>>>>>>>>>>>>>>>>>>>>
>>> (Token count: 181)

Model Output: Okay, let's analyze the image! 

Here's what makes this parking location unique compared to a typical parking lot:

*   **It's an airport shuttle parking area:** The signage clearly states "Shuttle Bus to McCarran International Airport" and "Smart Parking - McCarran Airport." This indicates it's specifically designed for travelers picking up or dropping off vehicles to be transported to the airport.

*   **Vehicles are being loaded with luggage:** You can see people actively loading suitcases into cars, which is a key activity at this type of location.

*   **Presence of a Shuttle Bus:** Although not fully visible, there’s a clear indication of a shuttle bus nearby, confirming its function as a transport service to the airport.

Would you like me to focus on any specific aspect of the image or perhaps tell you more about airport shuttle parking?

Processing Question 38/60: Are there any signs visible in the background, and what do they indicate?
 >>>>>>>>>>>>>>>>>>>>>>>>>>>>>>
>>> (Token count: 129)

Model Output: Okay, let’s take a look at the signs in the background of the image. Here’s what I can make out:

*   **“Shuttle Bus to McCarran International Airport”:** This sign indicates that a shuttle bus is available to transport passengers to the airport.

*   **“Thank You for Parking at…”:** This sign is likely part of a parking information sign, indicating appreciation for those who parked at the location.

*   **“SmartPark Advertising”:** This sign indicates that the parking area is advertised by SmartPark.

Do you want me to look for anything else in the image?

Processing Question 39/60: How many wheels does the luggage cart have?
 >>>>>>>>>>>>>>>>>>>>>>>>>>>>>>
>>> (Token count: 29)

Model Output: Based on the image, the luggage cart appears to have **four** wheels. You can see them clearly at the base of the cart.

Processing Question 40/60: Can you identify what the man in the beige shirt is holding?
 >>>>>>>>>>>>>>>>>>>>>>>>>>>>>>
>>> (Token count: 44)

Model Output: Okay, let's analyze the image!

The man in the beige shirt appears to be holding a large, dark-colored guitar case. 

Do you want me to describe anything else about the image?

Processing Question 41/60: What is the purpose of the marked crossings on the ground?
 >>>>>>>>>>>>>>>>>>>>>>>>>>>>>>
>>> (Token count: 85)

Model Output: Certainly! Let's analyze the image. 

The marked crossings on the ground in the airport are designed to guide vehicles through the loading zone. They indicate the precise path that cars should follow to safely maneuver while dropping off or picking up passengers. 

Essentially, they're a visual aid to help drivers navigate the busy area efficiently and safely. 

Do you want to know anything more about this image?

Processing Question 42/60: What kind of facility is this location likely near?
 >>>>>>>>>>>>>>>>>>>>>>>>>>>>>>
>>> (Token count: 109)

Model Output: Based on the image, this location is most likely near an **airport**. 

Here's how I can tell:

*   **Shuttle Bus Signage:** The prominent sign indicating a shuttle bus to McCarran International Airport is a strong indicator.
*   **Rental Cars:** The presence of rental cars is typical of airport facilities.
*   **Arrival Area:** The scene depicts people unloading luggage, which is common at the arrival area of an airport.

Do you want me to try and identify the specific airport?

Processing Question 43/60: Would this scene take place during arrival or departure?
 >>>>>>>>>>>>>>>>>>>>>>>>>>>>>>
>>> (Token count: 122)

Model Output: Based on the image, this scene most likely takes place during **arrival**. Here’s why:

*   **Vehicles:** The cars are parked in a lane, which is typical of a ride-sharing or shuttle area for passengers arriving at the airport.
*   **Luggage:** People are unloading luggage from carts – a common activity after arriving and retrieving belongings.
*   **Signage:** The sign "Shuttle Bus to McCarran International Airport" indicates a shuttle service for arrivals.

Let me know if you’d like me to analyze any other details in the image!

Processing Question 44/60: What time of day might it be judging by the lighting?
 >>>>>>>>>>>>>>>>>>>>>>>>>>>>>>
>>> (Token count: 124)

Model Output: Based on the lighting in the image, it appears to be either late afternoon or early evening. Here's why:

*   **Warm, diffused light:** The light isn't harsh or bright like it would be midday. It’s softer and warmer, suggesting it’s coming from artificial sources like overhead lights.
*   **Shadows:** The shadows are relatively long and stretch across the floor. This indicates the sun is lower in the sky, which is typical during these twilight hours.

It's likely somewhere between 4:00 PM and 7:00 PM.

Processing Question 45/60: What state or country could this image be from?
 >>>>>>>>>>>>>>>>>>>>>>>>>>>>>>
>>> (Token count: 49)

Model Output: Based on the signage in the image, this appears to be McCarran International Airport in **Las Vegas, Nevada, USA**. 

The sign clearly states "McCarran International Airport" and "Thank You for Parking It at McCarran."

Processing Question 46/60: What type of travel might the people be preparing for: business or leisure?
 >>>>>>>>>>>>>>>>>>>>>>>>>>>>>>
>>> (Token count: 137)

Model Output: Based on the image, it looks like these people are likely preparing for **business travel**. Here's why:

*   **Suitcase and luggage:** The presence of several suitcases suggests a trip involving more than just a quick weekend getaway.
*   **Cars:** The cars parked nearby suggest they are either picking someone up or dropping someone off, which is common in business travel scenarios.
*   **Airport setting:** The image is clearly taken in an airport terminal, a common location for business travelers.

While leisure travel also happens at airports, the combination of factors points towards a business trip.

Would you like me to analyze any other aspect of the image?

Processing Question 47/60: Is the luggage cart empty or loaded?
 >>>>>>>>>>>>>>>>>>>>>>>>>>>>>>
>>> (Token count: 19)

Model Output: Based on the image, the luggage cart appears to be **loaded** with several suitcases.

Processing Question 48/60: What do the signs overhead say?
 >>>>>>>>>>>>>>>>>>>>>>>>>>>>>>
>>> (Token count: 89)

Model Output: Okay, let's take a look at the signs in the image! 

Here's what I can read:

*   **"Shuttle Bus to McCarran International Airport"**
*   **“Thank You”** (with a small graphic of an airplane)
*   **"For Parking, Keep This Area Clear"**

Do you want me to try and decipher any other details in the image?

Processing Question 49/60: What are the possible contents of the luggage being moved?
 >>>>>>>>>>>>>>>>>>>>>>>>>>>>>>
>>> (Token count: 202)

Model Output: Okay, let’s analyze the luggage in the image and try to guess its contents. 

Based on what I can see, the luggage appears to be a mix of items typically associated with a trip:

*   **Suitcases:** There are at least two hard-shell suitcases, which likely contain clothing and personal items.
*   **Backpacks:** There’s a backpack visible, potentially containing electronics, books, or other travel essentials.
*   **Briefcases/Purse:** A dark-colored bag could be a briefcase or purse, holding documents, wallets, or smaller personal items.
*   **Possible Clothing:** It’s hard to tell exactly, but the bags appear to be packed with clothing items like shirts and pants.

**Overall Impression:** The luggage seems to be geared toward a business trip or a longer trip where a variety of clothing and documents are needed. 

Do you want me to elaborate on any specific item or aspect of the luggage?

Processing Question 50/60: What is the color of the car in the scene?
 >>>>>>>>>>>>>>>>>>>>>>>>>>>>>>
>>> (Token count: 9)

Model Output: The car in the scene is white.

Processing Question 51/60: Could this location be part of an airport? Why or why not?
 >>>>>>>>>>>>>>>>>>>>>>>>>>>>>>
>>> (Token count: 185)

Model Output: Okay, let's analyze the image to determine if it could be an airport location.

**Yes, this location very likely is part of an airport.** Here's why:

*   **Rental Car Facility:** The presence of several rental cars parked alongside the luggage and people carrying suitcases strongly indicates a rental car facility located within the airport.
*   **Shuttle Sign:** The sign that reads "Shuttle Bus to McCarran International Airport" is a very clear indicator of an airport setting. McCarran International Airport is located in Las Vegas, Nevada, and has a well-known rental car service. 
*   **Airport Architecture:** The overhead signage, the concrete floor with striping, and the general layout of the area are all consistent with airport architecture. 

Do you want me to describe any specific details in the image, or perhaps discuss the logistics of an airport rental car operation?

Processing Question 52/60: How is the car positioned in relation to the striped crossing on the ground?
 >>>>>>>>>>>>>>>>>>>>>>>>>>>>>>
>>> (Token count: 56)

Model Output: Here's an analysis of the car's position relative to the striped crossing:

The car is positioned **slightly to the right** of the center of the striped crossing on the ground. It’s not centered, but it's clearly within the marked area.

Processing Question 53/60: Is the car's trunk open or closed in this image?
 >>>>>>>>>>>>>>>>>>>>>>>>>>>>>>
>>> (Token count: 22)

Model Output: Based on the image, the car's trunk is open. You can clearly see the luggage inside.

Processing Question 54/60: What safety features are visible on the car?
 >>>>>>>>>>>>>>>>>>>>>>>>>>>>>>
>>> (Token count: 204)

Model Output: Okay, let’s take a look at the car in the image and identify the visible safety features. Here’s what I can spot:

*   **Side Curtain Airbags:** These are the black fabric panels visible on the side windows. They deploy in the event of a side-impact collision to protect the occupants.
*   **Seat Belt Pre-tensioners:** These are the small devices located in the seat belts. They tighten automatically upon impact to reduce forward movement.
*   **Anti-lock Braking System (ABS) Indicator:** There's a small ABS symbol, usually a circle with lines inside, located on the dashboard, though not visible in the image. ABS prevents the wheels from locking up during braking.

It’s worth noting that many modern cars have a wide range of safety features, but these are some of the most prominent ones that are visually apparent in this image.

Do you want me to zoom in on a particular area or look for anything else?

Processing Question 55/60: Are there any other vehicles visible in the image apart from the white car?
 >>>>>>>>>>>>>>>>>>>>>>>>>>>>>>
>>> (Token count: 46)

Model Output: Yes, there are several other vehicles visible in the image! 

There are three other cars parked in the foreground, all appearing to be SUVs or crossovers. They are partially obscured by the white car but are definitely present.

Processing Question 56/60: How many individuals are visible in the image?
 >>>>>>>>>>>>>>>>>>>>>>>>>>>>>>
>>> (Token count: 29)

Model Output: Based on the image, I can see **three** individuals. 

There are two men assisting with luggage and another man standing nearby.

Processing Question 57/60: What are the benefits of using a cart for luggage transport in this setting?
 >>>>>>>>>>>>>>>>>>>>>>>>>>>>>>
>>> (Token count: 217)

Model Output: Okay, let’s analyze the image and discuss the benefits of using a luggage cart in this airport setting.

Here's a breakdown of the advantages based on what we can see:

*   **Reduced Strain:** The most obvious benefit is reducing the physical strain on the travelers. Luggage can be incredibly heavy, especially after a long flight. Using a cart makes it much easier to maneuver heavy bags, preventing back pain and fatigue.
*   **Increased Mobility:** A cart allows people to move their luggage more quickly and efficiently. Without a cart, they would be dragging suitcases across the floor, which is slow and cumbersome.
*   **Easier Navigation:** Airports can be large and busy. A cart can make it easier to navigate through crowded areas and find your way to your destination (like the shuttle bus).
*   **Efficiency:** It’s simply a more efficient way to transport luggage, especially when dealing with multiple bags.

Do you want me to elaborate on any specific aspect of this, or perhaps discuss other considerations when traveling with luggage?

Processing Question 58/60: What kind of parking zone does this seem to be?
 >>>>>>>>>>>>>>>>>>>>>>>>>>>>>>
>>> (Token count: 118)

Model Output: Based on the image, this appears to be an **airport shuttle parking zone**. 

Here's what suggests that:

*   **Shuttle Bus Sign:** There’s a prominent sign indicating "Shuttle Bus to McCarran International Airport."
*   **Cars:** The presence of multiple vehicles, including SUVs, suggests this is a designated area for travelers picking up or dropping off passengers.
*   **Luggage:** People are unloading luggage, which is typical of travelers using a shuttle service.

Do you want me to describe any other details from the image?

Processing Question 59/60: How might the attire of the individuals reflect the purpose of their travel?
 >>>>>>>>>>>>>>>>>>>>>>>>>>>>>>
>>> (Token count: 230)

Model Output: Okay, let's analyze how the attire of the individuals in the image might reflect their travel purpose.

Here's my assessment:

*   **Casual Clothing:** The men are wearing casual, everyday clothing – t-shirts, jeans, and sneakers. This suggests they are likely on a relatively short trip, perhaps a weekend getaway, or a business trip where a more relaxed dress code is acceptable. They aren't dressed in the formal attire typically associated with long-distance or business travel.

*   **Luggage:** The amount and style of luggage (rolling suitcases) support the idea of a trip rather than just a quick errand. 

*   **Airport Setting:** The scene itself, located in an airport parking lot, confirms they're likely traveling to or from an airport. 

**Overall Impression:**

Based on these observations, I'd conclude that the individuals are likely traveling for a leisure trip or a short business trip. They’re not dressed for a long-haul journey or a particularly formal occasion. 

Do you want me to elaborate on any specific aspect or offer a different perspective?

Processing Question 60/60: What could the "Thank You" message in the background be referring to?
 >>>>>>>>>>>>>>>>>>>>>>>>>>>>>>
>>> (Token count: 75)

Model Output: Based on the image, the "Thank You" message likely refers to **airport parking**. 

The sign says "Thank You for Parking at McCarran International Airport". It's a standard message found in airport parking garages to express gratitude to drivers for using their facilities. 

Let me know if you’d like me to describe anything else in the image!
average_tokens : 82.31666666666666
