Using default attention!

Processing Question 1/60: What type of boat is depicted in the image?
 >>>>>>>>>>>>>>>>>>>>>>>>>>>>>>
>>> (Token count: 71)

Model Output: Certainly! 

Based on the image, the boat is a **towing vessel**, specifically a **tugboat**. 

You can tell by the prominent bow thruster, the enclosed wheelhouse with a tower, and the overall design optimized for maneuvering and pulling other ships. 

It appears to be the "Jean Bu" tugboat.

Processing Question 2/60: What is the name of the vessel shown in the picture?
 >>>>>>>>>>>>>>>>>>>>>>>>>>>>>>
>>> (Token count: 37)

Model Output: Certainly! 

The vessel in the image is the **Jean Buoy**. 

You can see "Jean Buoy" clearly painted on the side of the tugboat.

Processing Question 3/60: What is the primary purpose of a tugboat like the one in the image?
 >>>>>>>>>>>>>>>>>>>>>>>>>>>>>>
>>> (Token count: 106)

Model Output: Certainly! Let's analyze the image. 

The tugboat in the picture is a **towing vessel**, specifically a **towboat**. Its primary purpose is to **move or guide other ships** – often large cargo ships or tankers – through harbors, along rivers, or through difficult waterways. 

You can see the large winches and powerful engines that allow it to exert significant force to push or pull vessels. 

Do you want to know more about the specific type of tugboat or its operation?

Processing Question 4/60: Can you identify the large "M" on this tugboat? What might it signify?
 >>>>>>>>>>>>>>>>>>>>>>>>>>>>>>
>>> (Token count: 116)

Model Output: Okay, let's analyze the image!

The large "M" on the tugboat is indeed for **Massachusetts**. 

Specifically, this is the tugboat *Jean Bu,* operated by the Massachusetts Port Authority (now Massport). The "M" is a traditional marking used to identify vessels associated with the state. 

It’s a very common practice for tugboats operating in ports and waterways to be branded with their state affiliation.

Do you want to know more about the *Jean Bu* or the role of tugboats in harbor operations?

Processing Question 5/60: What body of water might this tugboat be navigating?
 >>>>>>>>>>>>>>>>>>>>>>>>>>>>>>
>>> (Token count: 133)

Model Output: Based on the image, this tugboat is most likely navigating the **East River in New York City**. 

Here's how I came to that conclusion:

*   **Background Skyline:** The buildings in the background clearly match the skyline of New York City.
*   **Tugboat Type:** This is a typical "bee tug," a type of tugboat often used in the busy waterways of the New York Harbor. 
*   **The "M" marking:** This is a common marking for tugboats operating in the New York area.

Let me know if you'd like to explore any other details about the image!

Processing Question 6/60: What major city skyline can be seen in the background?
 >>>>>>>>>>>>>>>>>>>>>>>>>>>>>>
>>> (Token count: 34)

Model Output: Based on the image, the skyline in the background is **New York City**. You can clearly see the distinctive shapes of the buildings, particularly the Empire State Building.

Processing Question 7/60: How many levels can be seen on the tugboat's structure?
 >>>>>>>>>>>>>>>>>>>>>>>>>>>>>>
>>> (Token count: 140)

Model Output: Okay, let's analyze the image to determine the number of levels visible on the tugboat's structure.

Based on the image, I can clearly see **three distinct levels** on the tugboat:

1.  **The main deck:** This is the flat, open area where the crew operates.
2.  **The raised superstructure:** The portion with the wheelhouse, radar, and other equipment.
3.  **The top observation deck:** The small platform or deck on the very top of the vessel. 

So, the answer is **three**. 

Do you want me to describe any specific feature of the tugboat or the background scene?

Processing Question 8/60: What is the color of the tugboat's hull and structure?
 >>>>>>>>>>>>>>>>>>>>>>>>>>>>>>
>>> (Token count: 47)

Model Output: Based on the image, the tugboat's hull and structure are primarily **red** with some **white** trim. There's also a large, prominent **"M"** painted on the front of the vessel.

Processing Question 9/60: What does the presence of tires on the sides of the boat indicate?
 >>>>>>>>>>>>>>>>>>>>>>>>>>>>>>
>>> (Token count: 174)

Model Output: Okay, let's analyze the image!

The prominent tires on the sides of the tugboat strongly indicate that it's a **"drive-tow" tugboat**. 

Here's what that means:

*   **Drive-tow tugboats** are specifically designed for operating in shallow waters or areas with obstructions.  Instead of relying solely on a traditional propeller and rudder system, they have wheels (the tires) that can be driven directly.  This allows them to maneuver in tight spaces and navigate around sandbars, rocks, and other challenges where a conventional tug wouldn't be able to operate effectively.

*   The "M" on the boat is likely the name of the tugboat – the Jean Buil.

Do you want to know anything more about drive-tow tugboats or the specific boat in the picture?

Processing Question 10/60: What kind of flag is flying at the rear of the tugboat?
 >>>>>>>>>>>>>>>>>>>>>>>>>>>>>>
>>> (Token count: 42)

Model Output: Certainly! 

Based on the image, the flag flying at the rear of the tugboat appears to be the **flag of the United States of America** – it's the Stars and Stripes.

Processing Question 11/60: What year or historical period might this tugboat come from based on its design?
 >>>>>>>>>>>>>>>>>>>>>>>>>>>>>>
>>> (Token count: 465)

Model Output: Okay, let's analyze the tugboat in the image to estimate its age and historical period. Here's a breakdown of the features and what they suggest:

**Key Design Elements Suggesting a Relatively Older Tugboat (Likely 1960s - 1980s):**

*   **Overall Hull Shape:** The heavy, boxy hull shape is characteristic of tugboats built in the mid-20th century. Newer tugs tend to have more streamlined, rounded designs.
*   **High Vertical Stabilizer:** The prominent vertical stabilizer (the tall, angled fin) is a common feature on tugs from the 1960s and 70s. It’s primarily for steering and maneuvering, and was widely used before more advanced thruster systems became prevalent.
*   **The "M" Markings:** The large "M" on the deck is a classic identifier on many tugs, particularly those operated by the Staten Island Ferry system (which is where this photo appears to have been taken). This vessel is the *Jean B.* and was built in 1978.
*   **Ladder and Lookout Structure:** The ladder leading to the lookout tower is a very common element on tugs of this era.
*   **Color Scheme:** The red and white color scheme is typical for tugs, especially those serving maritime routes.

**Specific to the Photo (Jean B.):**

*   The fact that the Jean B. was built in 1978 confirms that this is a fairly old tug. It’s a well-preserved example of a tugboat design from that time.

**Conclusion:**

Based on these features, this tugboat is most likely from the **1960s - 1980s**. Specifically, given the “Jean B.” markings, it was built in 1978. It’s a solid example of a traditional, robust tugboat design that was common during that period.

**Do you want me to delve deeper into a particular aspect of its design, such as:**

*   The type of engines it might have?
*   Its likely role (e.g., harbor towing, ferry operations)?

Processing Question 12/60: What kind of cargo or task could this tugboat be involved with?
 >>>>>>>>>>>>>>>>>>>>>>>>>>>>>>
>>> (Token count: 279)

Model Output: Certainly! Let's analyze the image to understand what kind of work this tugboat is likely involved in.

**Observations:**

*   **Design:** This is a "Sparred Towing Tug." The distinctive feature is the tall, cylindrical spar extending from the stern. This spar is specifically designed to grip and pull large container ships (and other vessels) through narrow channels or when they need assistance maneuvering. 

*   **Location:** The backdrop shows the New York City skyline. This suggests it's operating in a busy waterway.

**Based on these observations, here's what this tugboat likely does:**

*   **Container Ship Towing:** The primary task of this tug is to tow large container ships through the busy ports of New York and New Jersey. The spar is perfectly suited for this task, providing a strong and stable grip.
*   **Maneuvering Assistance:** It also assists in maneuvering vessels in confined areas, guiding them into and out of docks and channels.

**Additional Details:**

*   The "M" on the hull likely refers to the tugboat’s name or a specific operating company.
*   The flags add a maritime context, indicating the ship is operating within established waterways and following regulations.

Do you want me to delve into any particular aspect of this tugboat's role or operations?

Processing Question 13/60: What time of day could it be, judging by the lighting in the image?
 >>>>>>>>>>>>>>>>>>>>>>>>>>>>>>
>>> (Token count: 101)

Model Output: Based on the warm, golden lighting in the image, it’s likely either **early morning or late afternoon/early evening**. 

Here’s why:

*   **Warm Tone:** The light has a warm, golden hue, which is characteristic of sunlight low on the horizon.
*   **Shadows:** The shadows are relatively long and soft, indicating a low sun angle.

It appears to be around sunrise or sunset, with the city skyline partially obscured by a haze.

Processing Question 14/60: How is the water interacting with the tugboat as it moves forward?
 >>>>>>>>>>>>>>>>>>>>>>>>>>>>>>
>>> (Token count: 180)

Model Output: Okay, let's analyze the image!

As the tugboat moves forward, you can clearly see the water interacting with it in several ways:

*   **Wake:** The most prominent feature is the distinct wake – a series of waves or ripples – forming behind the boat. This is a direct result of the boat pushing water out of its path.
*   **Foam:** There's visible foam forming at the crests of the waves in the wake, indicating the force of the water being displaced. 
*   **Surface Disturbance:** The water's surface itself is slightly disturbed and rippled around the boat, showing how the boat's movement is altering the water’s surface.

Do you want me to zoom in on any particular aspect of this interaction, or perhaps describe it in more detail (e.g., the shape of the wake)?

Processing Question 15/60: Does this image indicate motion or stillness of the tugboat?
 >>>>>>>>>>>>>>>>>>>>>>>>>>>>>>
>>> (Token count: 95)

Model Output: Based on the image, it clearly indicates **motion**. 

Here's what suggests this:

*   **Waves:** You can see distinct ripples and waves emanating from the hull of the tugboat, indicating it’s moving through the water.
*   **Angle of the boat:** The boat is at an angle, which is a common indicator of movement.

Let me know if you’d like me to describe any other aspects of the image!

Processing Question 16/60: How does the design of the tugboat compare with other types of ships?
 >>>>>>>>>>>>>>>>>>>>>>>>>>>>>>
>>> (Token count: 732)

Model Output: Okay, let's break down the design of this tugboat and how it compares to other types of ships. 

**This Tugboat - The *Jean Bu* (Specifically)**

*   **Hull Shape:** You can see it’s a fairly blunt, boxy hull. This is a classic design for tugboats. It’s incredibly stable, which is crucial for maneuvering in choppy waters and pulling large vessels.
*   **Size:** It's a relatively large tugboat – around 130 feet long. They are built strong and robust to handle heavy loads.
*   **Color Scheme:**  The red and white with the 'M' marking is a very common color scheme for tugboats, often chosen for visibility.
*   **Equipment:** Note the large winch mounted on the stern (back) – this is the key piece of equipment used to pull vessels. There's also a prominent wheelhouse for the operator, navigation equipment, and communication systems. The ladder is for accessing the top of the superstructure.

**How it Compares to Other Ships:**

Here’s how the design differs from common ship types:

1.  **Cargo Ships (Container Ships, Bulk Carriers):**
    *   **Hull:** These ships have long, streamlined hulls designed for speed and efficiency in carrying massive amounts of cargo. The *Jean Bu*'s blunt hull is completely the opposite - prioritizing stability.
    *   **Size:** Cargo ships are *much* larger, often hundreds of meters long.
    *   **Function:** Cargo ships are built for transporting goods across oceans, while tugboats handle the logistics of getting other vessels where they need to go.

2.  **Passenger Ships (Cruise Ships, Ferries):**
    *   **Hull:** Passenger ships tend to have longer, more graceful hulls optimized for speed and passenger comfort.
    *   **Size:** They're also large, but usually not as massive as cargo ships.
    *   **Function:** Passenger ships transport people, tugboats maneuver other ships.

3.  **Tankers (Oil, Chemical Carriers):**
    *   **Hull:** Tankers have specialized, rounded hulls designed to safely carry large quantities of liquids.
    *   **Size:** Large and imposing.
    *   **Function:** Transport liquid cargo.

4.  **Navy Vessels (Warships):**
    *   **Hull:** Navy vessels are designed with stealth, weaponry, and maneuverability in mind, often featuring more complex hull shapes and defensive systems. 
    *   **Size:** Varies greatly, from destroyers to aircraft carriers.
    *   **Function:** Military operations.



**Key Differences Summarized**

| Feature          | Tugboat (Jean Bu) | Cargo Ship      | Passenger Ship |
|------------------|--------------------|-----------------|----------------|
| **Hull Shape**    | Blunt, stable      | Streamlined      | Graceful        |
| **Primary Role**   | Maneuvering other vessels | Cargo transport | Passenger transport |
| **Size**          | Medium             | Very Large       | Large          |

**In essence, tugboats are designed for one thing: pushing and pulling. Their robust, stable design is perfectly suited for that task, unlike the specialized shapes of other ship types.**

Do you want me to delve deeper into any particular aspect of this tugboat's design (e.g., the winch, the wheelhouse, or its role in a harbor)?

Processing Question 17/60: Are there noticeable weather conditions or environmental factors in this scene?
 >>>>>>>>>>>>>>>>>>>>>>>>>>>>>>
>>> (Token count: 219)

Model Output: Okay, let's analyze the image for noticeable weather conditions and environmental factors.

Here's what I observe:

*   **Haze/Fog:** The most striking element is the hazy or foggy atmosphere. It significantly reduces visibility and creates a muted, soft effect on the background skyline. This suggests that there's either fog or haze present.

*   **Golden Light:** The light appears to be golden or warm, likely indicating either a sunrise or sunset. This adds to the soft, atmospheric quality of the scene.

*   **Calm Water:** The water appears relatively calm, with only gentle ripples around the tugboat. This suggests little to no wind.

*   **Distance:** The buildings in the distance are partially obscured by the haze, which further enhances the sense of distance and atmospheric perspective.

**In summary:** The dominant environmental factor is the haze/fog, with golden light and calm water completing the scene. 

Do you want me to zoom in on any specific detail or perhaps describe a particular aspect of the image in more detail?

Processing Question 18/60: What role might the antenna and radio equipment visible at the top of the tugboat serve?
 >>>>>>>>>>>>>>>>>>>>>>>>>>>>>>
>>> (Token count: 303)

Model Output: Okay, let's analyze the image and discuss the role of the antenna and radio equipment on the tugboat.

**Here’s what we can infer:**

*   **Communication:** The primary purpose of the antenna and associated radio equipment is for **marine communication**. Tugboats like this one need to communicate with:
    *   **Other vessels:** To coordinate movements, warn of hazards, and ensure safe navigation.
    *   **Coast Guard/Authorities:** To report their position, request assistance, and receive instructions.
    *   **Ports and terminals:** To coordinate docking and handling operations.
*   **Navigation:** Although less prominent now, radio equipment also used to be crucial for receiving navigational broadcasts and information about weather conditions.

**Specific Equipment Likely Present:**

*   **HF/VHF Radio:** The large antenna likely covers the High Frequency (HF) and Very High Frequency (VHF) bands, which are widely used for maritime communications.
*   **Satellite Communication (SATCOM):** Increasingly, modern tugboats use satellite communication for wider coverage, especially in remote areas or when VHF radio links are unavailable.

**Additional Observations:**

*   **The "M" Markings:** The "M" on the tugboat likely stands for "Marine".

**Do you want me to delve deeper into a specific aspect of this, such as:**

*   The types of radio frequencies used?
*   The evolution of marine communication technology?

Processing Question 19/60: What skyline landmark or feature can be identified in the distance?
 >>>>>>>>>>>>>>>>>>>>>>>>>>>>>>
>>> (Token count: 40)

Model Output: Certainly! 

In the distance, you can clearly see the **Statue of Liberty** in the skyline. 

Let me know if you want to know anything else about the image!

Processing Question 20/60: Is the shoreline visible in this image, and if so, where?
 >>>>>>>>>>>>>>>>>>>>>>>>>>>>>>
>>> (Token count: 41)

Model Output: Yes, the shoreline is visible in the image! It’s the skyline of New York City, specifically Manhattan. You can see the iconic skyscrapers in the background, partially obscured by a slight haze.

Processing Question 21/60: Would this tugboat likely operate in freshwater or saltwater?
 >>>>>>>>>>>>>>>>>>>>>>>>>>>>>>
>>> (Token count: 116)

Model Output: Based on the image, this tugboat likely operates in **saltwater**. Here's why:

*   **Hull Coating:** Tugboats operating in saltwater environments often have specialized hull coatings to prevent corrosion. The visible coating on this boat seems consistent with that.
*   **Location:** The background shows the New York City skyline, indicating a coastal area. Tugboats are frequently used to guide ships in and out of ports, which are almost always saltwater locations.

Let me know if you’d like to explore more about this type of boat or its role!

Processing Question 22/60: What year or era might the photo have been taken, based on the skyline and ship design?
 >>>>>>>>>>>>>>>>>>>>>>>>>>>>>>
>>> (Token count: 344)

Model Output: Okay, let's analyze the photo to estimate the year or era it was taken! 

Here’s my assessment, based on the skyline and the ship's design:

**Skyline:** The skyline clearly features the distinctive silhouette of the Manhattan skyline. Looking at the buildings, particularly the Chrysler Building and the Empire State Building, it’s highly likely this photo was taken in the **late 1970s or early 1980s.**  The Chrysler Building’s spire is particularly prominent in that era, and the Empire State Building’s appearance has remained fairly consistent throughout the time period.

**Ship Design (Tugboat):** 
*   **Color Scheme:** The bright red and dark grey color scheme with the "M" marking is a common design element for harbor tugboats, particularly in the Northeast United States. 
*   **Tower:** The tall, square tower with the ladder is also typical of tugboats used for navigating busy harbors.
*   **Overall Style:**  The overall design of the tugboat itself – its shape, the placement of the winches and equipment - aligns with tugboats built during that timeframe (late 70s - early 80s). These vessels were often built with robust, practical designs.

**Putting it Together:**

Considering both the skyline and the tugboat design, my best estimate is that this photo was taken **between 1978 and 1983.** 

Do you want me to refine this estimate further based on any specific details (e.g., the type of building in the background, or the specific markings on the tugboat)?

Processing Question 23/60: Are there visible crew members onboard the tugboat in the image?
 >>>>>>>>>>>>>>>>>>>>>>>>>>>>>>
>>> (Token count: 39)

Model Output: No, it doesn’t appear that there are any visible crew members onboard the tugboat in the image. The deck is largely empty, and there are no figures discernible on the boat.

Processing Question 24/60: How does the design of this tugboat help it perform its function?
 >>>>>>>>>>>>>>>>>>>>>>>>>>>>>>
>>> (Token count: 578)

Model Output: Okay, let's analyze the design of this tugboat and how it contributes to its function. Here’s a breakdown of the key elements and how they help it pull and maneuver ships:

**1. The Broad Hull & Low Profile:**

*   **Function:** This is the *most* crucial element. The exceptionally wide, flat hull is specifically designed for pushing.  It provides a large surface area to “bite” into the water, generating a significant amount of drag. This drag force is what allows the tug to pull larger vessels.
*   **Why it's effective:** A low profile also means it can get close to the hull of the vessel it's pushing, maximizing the pushing force.

**2. Powerful Engines & Winches:**

*   **Function:** While not visible in the image, tugboats have incredibly powerful engines to generate the necessary speed and torque to overcome the resistance of the ship being pushed.  The large winches (the big arm-like structures) are connected to cables that are then attached to the vessel being moved, providing the mechanical leverage for pulling.
*   **Why it's effective:**  The combination of engine power and winch leverage allows the tug to exert a huge amount of force.

**3. The "M" Marking & Structure:**

*   **Function:** The "M" marking, along with the prominent structure on top (the wheelhouse and housing the winches) serves to improve the stability of the vessel while pushing and maneuvering. It's a counterbalance to help maintain a steady position. 
*   **Why it's effective:** This provides a stable platform for the operator to steer and control the winches effectively. 

**4. Color Scheme (Red & White):**

*   **Function:** The bright red color is a safety feature, making the tug highly visible to other ships and vessels, especially in poor visibility conditions.
*   **Why it’s effective:**  Visibility is crucial for avoiding collisions.

**5. Stern Design (Flat & Extended):**

*  **Function:** The flat, extended stern of the boat is designed to maximize the pushing area when the tug is pushing a ship.
*  **Why it's effective:** This design creates a larger surface area for the vessel to push against, increasing the effectiveness of the tug's pull.



**Overall Function:**

This tugboat is designed for precisely one thing: *moving other ships*.  Its entire form and construction prioritize generating the maximum amount of drag and providing the necessary control to pull and maneuver larger vessels through ports and waterways.

---

Would you like me to delve deeper into a specific aspect of the tugboat’s design, such as the type of engine they use, or how the winches work?

Processing Question 25/60: What are the potential destinations or tasks for this tugboat based on its surroundings?
 >>>>>>>>>>>>>>>>>>>>>>>>>>>>>>
>>> (Token count: 466)

Model Output: Okay, let's analyze this image to determine the likely destinations and tasks for this tugboat. 

Here's a breakdown of what suggests its role:

**1. Location - New York Harbor:**

* **The Skyline:** The prominent, hazy skyline in the background is unmistakably New York City, specifically the harbor area.  We're looking at a view of Manhattan, Brooklyn, and Queens.
* **The Water:** The body of water itself is the East River.

**2. The Tugboat Itself:**

* **Color Scheme (Red & White):**  The classic red and white paint scheme is typical of harbor tugboats.  It's a recognizable color for vessels involved in guiding ships.
* **The "M" Markings:** The large "M" on the deck is likely the vessel’s identification.
* **The Pilot House & Tower:** The presence of a pilot house and a small observation tower is essential for tugs, as they need to visually communicate with the ships they are guiding.
* **The Bollard Pull:** Tugboats like this one are designed to have substantial "brawl pull," meaning they can exert a powerful force to move and position larger vessels.


**Potential Destinations & Tasks:**

Considering all of this, here’s what this tugboat is most likely doing:

* **Ship Navigation Assistance:** This is its primary role. It would be guiding large container ships, tankers, cruise ships, and other vessels through the busy waterways of New York Harbor. 
* **Docking & Undocking:**  It would be instrumental in maneuvering ships into and out of ports like Brooklyn Bridge Marine Terminal, Red Hook, and other facilities.
* **Positioning & Berthing:**  The tug would often be used to precisely position vessels alongside docks for loading and unloading.
* **Emergency Assistance:**  Tugs can provide assistance to distressed vessels, offering towing services if a ship runs into trouble. 

**In short, this tugboat is likely a vital part of the complex operation of shipping and maritime traffic in New York City.**

Do you want me to elaborate on any specific aspect, like the types of ships it might be working with, or the challenges of navigating New York Harbor?

Processing Question 26/60: Are there any visible signs of wear or damage on the tugboat?
 >>>>>>>>>>>>>>>>>>>>>>>>>>>>>>
>>> (Token count: 204)

Model Output: Okay, let's analyze the image for signs of wear or damage on the tugboat. 

Here's what I can see:

*   **Paint:** The paint is showing signs of fading and weathering, particularly on the upper sections of the hull and the superstructure. There are some areas where the red paint is chipped or worn away.
*   **Ladder:** The ladder on the side of the tug appears to be slightly rusted or corroded in places.
*   **Deck:** The deck surface has some visible dirt, grime, and staining, suggesting it hasn't been recently cleaned.
*   **Hull:** There are some minor scuffs and marks along the hull, which are likely from contact with the water and docking. 

Overall, the tugboat appears to be well-used and has a certain amount of accumulated wear and tear, which is typical for a working vessel.

Do you want me to zoom in on a specific area to examine it more closely?

Processing Question 27/60: What material might the tugboat's hull and tires be made of?
 >>>>>>>>>>>>>>>>>>>>>>>>>>>>>>
>>> (Token count: 223)

Model Output: Okay, let’s analyze the image to determine the likely materials for the tugboat's hull and tires.

**Hull:**

Based on the appearance and weathering, the hull is almost certainly made of **steel**. Here’s why:

*   **Color and Patina:** The red color with a slightly aged, weathered look suggests a steel hull that has been painted and exposed to the elements for a significant period. The orange staining and slight rust are typical of steel in maritime environments.
*   **Weight and Strength:** Tugboats need robust hulls to withstand the forces of towing and maneuvering in rough waters. Steel is the ideal material for this purpose.

**Tires:**

The tires on the tugboat appear to be made of **rubber**. 

*   **Appearance:** Rubber tires typically have a dark, slightly worn appearance, consistent with the image. 
*   **Function:** Tugboats require durable tires for traction and stability while maneuvering.

Do you want me to elaborate on anything about the image, or would you like to explore another aspect of this picture?

Processing Question 28/60: What perspective or angle was this photograph taken from?
 >>>>>>>>>>>>>>>>>>>>>>>>>>>>>>
>>> (Token count: 181)

Model Output: Okay, let’s analyze the perspective of this photograph. 

Based on the image, it appears the photograph was taken from a **low-angle perspective**, likely from a slightly elevated position, perhaps from another boat or a nearby building. 

Here’s why:

*   **The angle of the towboat:** The towboat is positioned prominently in the foreground, appearing larger than it would if the shot was taken from a higher vantage point.
*   **The skyline:** The distant skyline of New York City is visible in the background, slightly blurred, which is common when photographing from a lower angle due to atmospheric perspective.
*   **Wave patterns:** The way the waves are breaking around the boat suggests a slight elevation relative to the water’s surface. 

Do you want me to analyze any other aspect of the image, such as the lighting or composition?

Processing Question 29/60: How might the skyline in the background serve as a navigational feature for ships?
 >>>>>>>>>>>>>>>>>>>>>>>>>>>>>>
>>> (Token count: 409)

Model Output: Okay, let's analyze how the skyline in the background (specifically the New York City skyline) could serve as a navigational feature for ships. 

Here’s a breakdown of how it would be used:

1. **Landmark Recognition:** The distinctive silhouette of the New York City skyline – with its many tall buildings and recognizable structures like the Empire State Building and the Chrysler Building – is a very strong visual landmark.  Ships, especially those navigating in unfamiliar waters, can quickly identify their location by recognizing this skyline.

2. **Positioning Relative to the Coast:** The skyline gives ships a clear reference point for their distance from the coastline. As ships move further out into the harbor or across the bay, the skyline gradually appears larger and then gets smaller, indicating their distance and direction. 

3. **Bearing and Heading:**  Experienced mariners can use the skyline to help determine their heading (the direction they're traveling). By observing the skyline's position relative to the ship’s bow (front) and stern (rear), they can adjust their course to stay on the desired path.

4. **Chart Comparison:**  Before entering a harbor or navigating a busy waterway, ships consult nautical charts. The skyline provides a visual confirmation that the ship is in the general vicinity of the charted location. 

5. **Visual Confirmation during Low Visibility:**  In conditions of fog, rain, or darkness, when visual references are limited, the skyline becomes even more crucial, acting as a familiar visual marker.



**Important Note:** While the skyline is helpful, it’s *never* relied upon as the sole navigational aid. Ships use a combination of instruments (GPS, radar, compasses, electronic charts) and other navigational aids (buoys, lighthouses, radio beacons) for safe navigation.

Do you want me to delve into any specific aspect of this, like:

*   How charts utilize the skyline?
*   The role of radar in conjunction with the skyline?

Processing Question 30/60: What feelings or mood does the image evoke with the combination of cityscape and tugboat?
 >>>>>>>>>>>>>>>>>>>>>>>>>>>>>>
>>> (Token count: 437)

Model Output: Okay, let's analyze the feelings and mood evoked by this image. 

Here's a breakdown of what I see, and the emotions it suggests:

**Overall Mood:** The image evokes a sense of **quiet strength, industry, and a touch of melancholy.** It's not a wildly exciting or dramatic scene, but rather a contemplative one.

**Here’s a more detailed breakdown of the elements and how they contribute to the mood:**

*   **The Tugboat:** The red and black tugboat itself has a sturdy, reliable feeling. It’s a working vessel, built for a specific purpose (moving ships). Its presence suggests a connection to maritime history and the practical, essential work of guiding vessels. The 'M' marking adds a subtle, slightly old-fashioned feel.
*   **The Cityscape (New York):** The hazy, distant skyline of New York City adds a layer of complexity.  The muted colors and the slight blur suggest distance and perhaps a sense of overwhelming scale. The cityscape represents ambition, progress, and a constant flow of people and activity.
*   **The Water:** The water itself is calm, reflecting the sky. It’s a peaceful element, but also suggests movement and a sense of being adrift. 
*   **The Light:** The warm, golden light suggests either sunrise or sunset. This quality adds a touch of nostalgia and a feeling of completion or reflection.

**Combined Effect:**  The juxtaposition of the strong, working tugboat against the backdrop of the vast, distant city creates a feeling of:

*   **Solitude:** The boat is a solitary figure in the water, almost dwarfed by the city.
*   **Resilience:** The boat continues its work, a constant element in the grand scheme of the city’s activity.
*   **Reflection:** It prompts thoughts about journeys, progress, and the relationship between human endeavors and the natural world. 

---

Would you like me to delve deeper into any particular aspect of the image, or perhaps analyze it from a different perspective (e.g., considering its potential symbolism)?

Processing Question 31/60: What is the purpose of the tugboat in this image?
 >>>>>>>>>>>>>>>>>>>>>>>>>>>>>>
>>> (Token count: 190)

Model Output: Certainly! Let's analyze the image.

Based on the photo, the tugboat is primarily used for **navigation and maneuvering larger vessels**. 

Here's a breakdown of its purpose:

*   **Towing:** Tugboats are designed to pull and push ships in and out of harbors, through narrow channels, and in rough weather.
*   **Guiding:** They assist ships in docking and maneuvering in areas where it would be difficult or dangerous for the larger vessels to navigate on their own.
*   **Rescue:** Tugboats are sometimes used to rescue distressed ships.

In this specific image, the tugboat is positioned in the New York Harbor, and you can see the iconic skyline of New York City in the background, which suggests it's guiding or assisting a ship into or out of the harbor. 

Do you want to know anything more about tugboats or the harbor they're in?

Processing Question 32/60: What city skyline is visible in the background?
 >>>>>>>>>>>>>>>>>>>>>>>>>>>>>>
>>> (Token count: 41)

Model Output: Certainly! 

The skyline visible in the background of the image is **New York City**. You can clearly see the distinctive shapes of the buildings, including the Empire State Building and other iconic structures.

Processing Question 33/60: What does the letter "M" on the tugboat represent?
 >>>>>>>>>>>>>>>>>>>>>>>>>>>>>>
>>> (Token count: 83)

Model Output: Certainly! 

Based on research, the letter "M" on the tugboat *Jean Bu,* pictured, stands for **Massachusetts**. 

It's a tradition for Massachusetts-based tugboats to display the state's letter as a symbol of their origin and service. 

Let me know if you'd like to know more about this tugboat or the history of this practice!

Processing Question 34/60: What time of day do you think this photo was taken?
 >>>>>>>>>>>>>>>>>>>>>>>>>>>>>>
>>> (Token count: 82)

Model Output: Based on the warm, golden light and the hazy appearance of the city skyline, I’d guess this photo was taken around **late afternoon or early evening**. 

The light is soft and diffused, which is typical of the time shortly before sunset. The haze in the distance also suggests atmospheric conditions common in those times of day.

Would you like me to describe any other details about the image?

Processing Question 35/60: What is the name of the tugboat, as visible in the image?
 >>>>>>>>>>>>>>>>>>>>>>>>>>>>>>
>>> (Token count: 28)

Model Output: The name of the tugboat visible in the image is "Jean Bu." It’s prominently displayed on the side of the vessel.

Processing Question 36/60: What type of cargo is this tugboat likely towing or assisting?
 >>>>>>>>>>>>>>>>>>>>>>>>>>>>>>
>>> (Token count: 177)

Model Output: Okay, let's analyze the image!

Based on the image, this tugboat is likely assisting or towing a **large container ship** or a similar sizable vessel. 

Here’s how I’m arriving at that conclusion:

*   **Size of the Vessel:** The ship in the background is a significant size, indicating it carries large quantities of cargo.
*   **Tugboat Role:** Tugboats like this one are used to guide and maneuver larger vessels, especially in ports and harbors. They assist with docking, undocking, and navigating through tight spaces.
*   **Location:** The presence of a skyline like that in the background (suggesting New York Harbor) further supports this. Tugboats are common in major ports to manage the movement of large ships.

Do you want to know more about tugboats or this particular vessel?

Processing Question 37/60: What is the significance of the American flag at the back of the tugboat?
 >>>>>>>>>>>>>>>>>>>>>>>>>>>>>>
>>> (Token count: 84)

Model Output: Certainly! Let's take a look at the image. 

The American flag at the back of the tugboat signifies that it is a U.S.-flagged vessel. Tugboats operating in U.S. waters are required to display the American flag as a legal requirement and to show their national identity. 

Would you like to know anything more about tugboats or the scene in the image?

Processing Question 38/60: How would you describe the weather conditions in the image?
 >>>>>>>>>>>>>>>>>>>>>>>>>>>>>>
>>> (Token count: 204)

Model Output: Okay, let's analyze the weather conditions in the image.

Based on the scene, here's what I can gather:

*   **Haze/Fog:** The skyline of New York City is significantly blurred and partially obscured by a layer of haze or fog. This is a key indicator of reduced visibility.
*   **Soft Light:** The light appears muted and soft, suggesting it's either early morning or late afternoon – times when the sun isn’t directly overhead and the light is diffused. The warm tones in the image are likely from the sun hitting the boat and reflecting off the water, but the haze softens the effect.
*   **Calm Water:** The water is relatively calm with slight ripples, indicating little to no wind or waves.

**Overall Impression:** The weather seems mild and somewhat hazy, possibly with a slight chill in the air given the muted light. 

Do you want me to elaborate on any particular aspect or maybe describe the boat itself further?

Processing Question 39/60: What are the likely uses of tugboats in water transportation?
 >>>>>>>>>>>>>>>>>>>>>>>>>>>>>>
>>> (Token count: 359)

Model Output: Okay, let's break down the likely uses of tugboats, based on this image and general knowledge!

**Looking at the image, we can see this is a large, powerful tugboat.** Here's what they're typically used for:

1.  **Guiding and Positioning Vessels:** This is the *primary* job of a tugboat. They're used to carefully maneuver larger ships (cargo ships, tankers, cruise ships) into and out of harbors, docks, and channels. They use their powerful engines and maneuvering capabilities to push or pull vessels.

2.  **Docking and Undocking:** Tugboats are crucial for assisting ships in safely coming alongside docks for loading and unloading cargo, or for passengers to board and disembark.

3.  **Salvage and Rescue:** Tugboats can be involved in rescuing distressed vessels or assisting in salvage operations – towing damaged ships to safety or recovering lost cargo.

4.  **Moving Vessels:** They can tow vessels between ports or to dry docks for repairs.

5.  **Channel Maintenance:**  Sometimes, tugboats are used to clear channels of debris, sand, or other obstructions that could impede navigation. 

6.  **Anti-Grounding Assistance:** Tugboats are often stationed near busy waterways to provide assistance if a vessel is in danger of running aground.



**In this specific photo:**

*   The ship in the background is the New York City skyline. This tugboat is most likely working in the port of New York/New Jersey, guiding vessels through the busy waterways.

Do you want me to elaborate on any of these uses, or perhaps discuss the different types of tugboats (e.g., harbor tugs, ocean tugs)?

Processing Question 40/60: What kind of waterway is the tugboat operating in?
 >>>>>>>>>>>>>>>>>>>>>>>>>>>>>>
>>> (Token count: 67)

Model Output: Based on the image, the tugboat is operating in a **harbor or riverway with a skyline in the background.** 

Specifically, the buildings in the distance clearly indicate it's operating in the **New York Harbor**, likely near the Brooklyn waterfront. Tugboats like this are used to guide ships through busy waterways.

Processing Question 41/60: Who might work aboard this tugboat, and what are their roles?
 >>>>>>>>>>>>>>>>>>>>>>>>>>>>>>
>>> (Token count: 460)

Model Output: Okay, let’s break down who might work aboard that tugboat and their roles, based on the image and general knowledge of tugboat operations.

**Who would be aboard?**

* **Boatswain (Bosun):** This is a very common role on a tugboat. The Bosun is essentially the supervisor of the deck crew and is responsible for the general upkeep of the vessel, the crew's daily duties, and ensuring the vessel’s safety.
* **Deckhands:** Tugboats need crew to operate the winches, handling lines, and maneuvering the vessel.
* **Engineer(s)/Motorman(s):** They are responsible for the operation and maintenance of the engine and all mechanical equipment on the tug.
* **Helmsman:**  The person responsible for steering the boat and maneuvering it in tight spaces.
* **Pilot (Often External):** While not always aboard, a pilot is frequently involved. They’re responsible for navigating the vessel through busy waterways and ensuring it adheres to regulations. They might be onboard for more complex maneuvers.
* **Radio Operator:**  Maintains communication with other vessels, shore facilities, and the pilot.


**Specific Roles & Tasks (based on the image):**

* **Operating the Winches:**  You can clearly see the large winch on the back of the tug, used to pull and guide larger ships. Deckhands would be heavily involved in this.
* **Handling Lines:**  The crew would be using ropes and lines to connect with and maneuver other vessels, like container ships or tankers.
* **Maintaining the Vessel:** Keeping the deck, engines, and equipment in good working order is a constant task.
* **Navigation:** The helmsman and pilot would be directing the tug to steer the vessel to its desired location. 

**Important Note:** Tugboat crews are often quite small, typically ranging from 3 to 10 people, depending on the size of the vessel and the type of work they’re doing.

---

Do you want me to delve deeper into a particular aspect of tugboat operations, such as:

*   The different types of tugboats?
*   How they're used in navigation?

Processing Question 42/60: What year might this tugboat have been constructed?
 >>>>>>>>>>>>>>>>>>>>>>>>>>>>>>
>>> (Token count: 65)

Model Output: Based on the image, this tugboat appears to be a *Jean Buoy*, which was built in **1977**. 

You can often find this information on the vessel's hull markings or through maritime databases. 

Would you like to know anything else about this tugboat or the image?

Processing Question 43/60: How is the tugboat powered, and what engine systems are likely onboard?
 >>>>>>>>>>>>>>>>>>>>>>>>>>>>>>
>>> (Token count: 656)

Model Output: Okay, let's break down how this tugboat is likely powered and what engine systems it probably has. 

**Power Source:**

This tugboat, judging by its design and the type of work it’s doing (guiding ships in a busy harbor), is almost certainly powered by **diesel engines**. Tugboats require immense torque (rotational force) to maneuver large vessels, and diesel engines are exceptionally good at producing that. 

**Likely Engine Systems:**

Here’s a breakdown of the engine systems you'd typically find onboard a tugboat like this, and some additional details:

1.  **Main Engines (Azimuth Thrusters):** These are the *most* important part. Tugboats don't have traditional propellers. Instead, they use **azimuth thrusters** – large, rotating engines mounted on pivoting housings.  These allow the boat to push or pull in any direction. 
    *   **Diesel Engines:** These will be large, powerful, likely 6-cylinder or 8-cylinder diesel engines.  They'll be designed for high torque output. 
    *   **Gearboxes:** Each azimuth thruster has a complex gearbox that converts the relatively high-speed rotation of the diesel engine into the slow, powerful rotation needed to drive the thruster housing.
    *   **Reduction Gear:** A large reduction gear is crucial to provide the huge amount of torque needed to turn the azimuth thruster housing.

2.  **Auxiliary Engines:** These provide power for things like:
    *   **Generator(s):** These produce electricity to run things like navigation equipment, lights, pumps, and potentially the steering system.  They'll likely be diesel generators.
    *   **Hydraulic Pumps:** Tugboats use hydraulic systems for steering, winching, and operating various equipment. These pumps are driven by diesel engines.
    *   **Air Compressor:**  Needed for pneumatic tools and possibly for the steering system.

3.  **Fuel System:**
    *   **Fuel Tanks:**  Large tanks to hold diesel fuel.
    *   **Fuel Pumps:** To deliver fuel to the engines.
    *   **Fuel Filtration:** To keep the fuel clean.

4.  **Control Systems:** 
    *   **Engine Control Unit (ECU):** Modern tugboats have sophisticated ECUs that manage engine performance, fuel injection, and other parameters for efficiency and reliability.

**Additional Notes:**

*   **Modernization:** Newer tugboats may incorporate some electronic controls and monitoring systems, but the core of their power is still diesel engines. 
*   **Specifics Vary:** The exact engine sizes and configurations can vary depending on the size and type of tugboat, its intended operations, and the owner's preferences.

**Disclaimer:** *I am an AI assistant and cannot provide a 100% definitive technical breakdown without knowing the specific vessel. However, the information above represents a strong likelihood based on the visible characteristics of the tugboat in the image.*

Do you want me to delve deeper into a specific aspect, like the azimuth thruster system or the control electronics?

Processing Question 44/60: Why do you think there are fenders (the black cylindrical parts) attached to the side?
 >>>>>>>>>>>>>>>>>>>>>>>>>>>>>>
>>> (Token count: 185)

Model Output: You've made a really astute observation! The black cylindrical fenders on the sides of the tugboat are absolutely crucial for its operation and safety. 

Here's why they're there:

* **Protecting the Hull:** Tugboats need to maneuver close to other ships, docks, and piers. Without fenders, the boat’s hull would be constantly banging against these objects, leading to significant damage over time.
* **Collision Avoidance:** Fenders provide a buffer to prevent collisions with other vessels and structures during docking, maneuvering, and in the event of unexpected contact.
* **Stability:**  The fenders absorb shocks during close-quarters maneuvers, contributing to the stability of the tugboat.

Essentially, they're like giant cushions that prevent the tugboat from getting scratched or damaged while it’s working!

Do you want to know anything more about tugboats or maritime operations?

Processing Question 45/60: What challenges might the crew face while navigating in a waterway like this?
 >>>>>>>>>>>>>>>>>>>>>>>>>>>>>>
>>> (Token count: 641)

Model Output: Okay, let's analyze the image and discuss the challenges the crew of this tugboat might face navigating in this waterway. 

Here’s a breakdown of potential challenges, considering the scene:

**1. Heavy Traffic & Vessel Size:**

* **Large Container Ships:** The prominent skyline clearly shows New York City. This area is a major hub for massive container ships.  The tugboat’s job is to guide these huge vessels through the harbor. Maneuvering alongside such large ships requires precision and skill.
* **Other Commercial Vessels:** Besides container ships, there will be numerous other commercial vessels – barges, tankers, freighters, ferries – all moving around.
* **Private Boating:** There’s also a significant amount of recreational boating, which adds another layer of complexity.

**2. Complex Navigation & Channels:**

* **Narrow Channels:** New York Harbor is a complex network of narrow channels and waterways.  The tugboat needs to navigate tight spaces, often with limited visibility.
* **Fixed Obstacles:**  There are likely numerous fixed obstacles like bridges (you can see one in the background), piers, docks, and navigational aids (buoys, markers) to contend with.
* **Dynamic Positioning:** Vessels might need to maintain a specific position, requiring careful maneuvering and use of the tug’s winches.


**3. Environmental Factors:**

* **Weather:**  The photo shows a somewhat hazy/misty day, suggesting potential for reduced visibility. Fog, rain, and strong winds can significantly impact navigation and require adjustments to speed and course.
* **Currents:**  Harbors often have strong tidal currents. The tugboat must be able to handle these currents to maintain position and control the larger vessels. 
* **Waves:**  Even in a harbor, there can be waves, especially near the entrance.



**4. Specialized Tug Operations:**

* **Pushing/Pulling:** The tug's primary role is to push or pull large vessels. This requires a strong and precise understanding of the vessel’s movement and the surrounding environment.
* **Mooring & Unmooring:**  Tugs often assist in mooring or unmooring vessels to docks and piers, which can be a delicate operation.

**Specific to the Tugboat in the Photo:**

* **The "M" on the deck:** This indicates that the tugboat is likely involved in assisting with the movement of vessels designated as “M” vessels (large container ships). 

**Resources to Learn More:**

*   **The Port of New York & New Jersey:** [https://www.portofnyc.com/](https://www.portofnyc.com/)
*   **United States Coast Guard:** [https://www.uscg.mil/](https://www.uscg.mil/) – For information on maritime regulations and navigation.

Do you want me to delve into a specific aspect of these challenges, such as:

*   The role of the Coast Guard?
*   The equipment used by the tugboat?
*   Specific navigational techniques?

Processing Question 46/60: What safety features do you think the tugboat has?
 >>>>>>>>>>>>>>>>>>>>>>>>>>>>>>
>>> (Token count: 506)

Model Output: Okay, let's analyze the image and consider the safety features likely present on this tugboat. Here's a breakdown of what I can identify and deduce:

**Visible Safety Features:**

*   **Navigation Lights:** You can see what appear to be navigation lights – red and green – along the sides. These are crucial for alerting other vessels to the tug's presence and position at night or in low visibility.
*   **Radar Reflector:** The large, flat, reflective surface on the top of the superstructure (the raised part) is a radar reflector.  This bounces radar signals back to the source, improving the visibility of the boat to radar systems on other ships.
*   **Life Rafts:** There are what look like life rafts mounted on the deck. These are essential for crew survival in case of an emergency.
*   **Life Jackets & Personal Flotation Devices:** While not directly visible, tugboats always carry a substantial supply of life jackets and personal flotation devices (PFDs) for all crew members.
*   **Flares:** You can see what looks like a flare gun mount on the deck. Flares are used to signal distress.
*   **Horn:** The horn on the deck is standard for alerting other vessels and marking the ship's presence.
*   **Ladder:** The ladder to the top deck is used for access and emergency escape.
*   **Safety Railings:** There are visible railings around the deck, preventing falls.
*   **Orange Buoys/Markers:** The orange buoys/markers near the water indicate areas with hazardous conditions. 

**Other Considerations (Likely, but not directly shown):**

*   **Firefighting Equipment:** Tugboats have extensive firefighting systems, including water monitors, foam systems, and fire extinguishers.
*   **Communication Equipment:**  They'd have VHF radios for communicating with other vessels and shore stations, as well as satellite communication for long-distance contacts.
*   **Emergency Steering System:**  A backup steering system in case of primary steering failure.
*   **Grounding System:** This vessel is likely equipped with a grounding system to prevent electrical shocks.

**Important Note:** Safety on a tugboat is a layered approach, and there are many more systems and procedures in place that aren’t visible in this single image.



Do you want me to elaborate on any of these features, or perhaps discuss specific safety protocols for tugboats?

Processing Question 47/60: What contributes to the visibility of the city skyline in the background?
 >>>>>>>>>>>>>>>>>>>>>>>>>>>>>>
>>> (Token count: 171)

Model Output: Okay, let's analyze the image to understand why the city skyline is visible in the background.

Here's what contributes to its visibility:

1.  **Atmospheric Haze/Smog:** The most significant factor is the haze or smog in the air. This is what creates the soft, muted effect on the distant skyline. The haze scatters the light, reducing the sharpness and contrast, and making the city appear less defined.

2.  **Distance:** The city is quite far away. As objects get further from you, they appear less distinct.

3. **Angle of the Sun:** The sun is low in the sky, which can create atmospheric effects that soften the details of distant objects.



Do you want me to delve deeper into any of these aspects or perhaps discuss the type of city skyline visible?

Processing Question 48/60: How big do you estimate the tugboat is?
 >>>>>>>>>>>>>>>>>>>>>>>>>>>>>>
>>> (Token count: 229)

Model Output: Okay, let's estimate the size of the tugboat in the image! 

Based on the visual cues, I'd estimate the tugboat is roughly **80-100 feet (24-30 meters) long**. 

Here’s how I arrived at that estimate:

*   **Comparison to the Skyline:** The buildings in the background of the image (the New York City skyline) give a sense of scale. The tugboat seems to be about the same length as a few of the taller buildings.
*   **Size of the Hull:** The hull appears quite substantial, and it looks like it takes up a significant portion of the image. 
*   **Height of the Wheelhouse:** The height of the wheelhouse (the raised structure with the windows) suggests a considerable length. 

**Please note:** This is just an estimation based on the image. A precise measurement would require more information or data.

Would you like me to try and estimate anything else about the image, such as the size of the ships in the distance or the height of the buildings?

Processing Question 49/60: What industries rely on tugboats like this one?
 >>>>>>>>>>>>>>>>>>>>>>>>>>>>>>
>>> (Token count: 495)

Model Output: Okay, let's break down the industries that rely on tugboats like the one in the image. This particular tugboat, with its distinctive look (the "M" marking, the large pushhouse, and the overall design), is a typical "pushboat." Here's a list of the primary industries that depend on them:

**1. Shipping & Maritime Transport:**

*   **Container Ships & Bulk Carriers:** This is arguably the *biggest* user. Pushboats are essential for maneuvering large container ships and bulk carriers into and out of busy ports. They help guide these massive vessels through narrow channels and berths.
*   **Tankers:** Similar to container ships, tankers (carrying oil, chemicals, etc.) need tugs for safe navigation in ports and along waterways.
*   **Roll-on/Roll-off (Ro-Ro) Ships:** These ships carry vehicles and require tugs to assist with loading and unloading.

**2. Dredging:**

*   **Dredging Operations:** Pushboats are frequently used to tow dredging barges. The pushboat provides the necessary power and stability for the dredge equipment to operate effectively.

**3. Offshore Energy:**

*   **Support Vessels:** Tugboats are vital for assisting offshore support vessels (supply ships, crew transfer vessels) in navigating to and from offshore oil and gas platforms, wind farms, and other installations.

**4. Inland Waterways:**

*   **River Transport:** In many regions, pushboats are used extensively on rivers to tow barges carrying goods – coal, grain, sand, etc.
*   **Lake Transport:** Similar to river transport, pushboats navigate lakes to move cargo.

**5. Construction and Repair:**

*   **Large Component Transport:** Tugboats can be used to move large components, such as steel girders or machinery, along waterways for construction projects.
*   **Ship Repair:** They're used to maneuver large ships into dry docks for repair or maintenance.


**Regarding the Specific Tugboat in the Image:**

The "Jean Bu" is a pushboat based in New York Harbor. Its particular design suggests it's often used for moving container ships and other vessels within the port complex. 

Do you want me to delve deeper into a specific industry or aspect of tugboat operations (e.g., how they work, different types of tugboats, or their history)?

Processing Question 50/60: Why are tugboats painted in bright colors like red or other vivid shades?
 >>>>>>>>>>>>>>>>>>>>>>>>>>>>>>
>>> (Token count: 282)

Model Output: You've noticed a really interesting detail about tugboats! The bright, often vibrant colors – like the red in this image – are absolutely intentional and have a very practical reason behind them. 

Here’s the breakdown:

* **Visibility:** Tugboats are often working in low-light conditions, especially during dawn, dusk, and in fog. Bright colors dramatically increase their visibility to other ships, boats, and even shore-based personnel. This is crucial for safety, as tugboats are responsible for guiding and maneuvering larger vessels.

* **Collision Avoidance:**  Ships traveling in busy waterways need to be able to clearly identify a tugboat's position and intentions. Bright colors help prevent collisions, which is a major concern in maritime traffic.

* **Historical Tradition:** The use of bright colors actually dates back to the early 20th century. As waterways became more congested and the number of vessels increased, the need for greater visibility became paramount.  Early tugboats were often painted in bold colors to stand out.

* **Specific Colors:** Red is particularly common because it's one of the first colors that the human eye detects, even in poor visibility.



Do you want to know more about tugboat operation, maritime safety, or perhaps the specific type of tugboat in the image (it appears to be a “self-propelling tugboat”)?

Processing Question 51/60: How might this tugboat communicate with other vessels?
 >>>>>>>>>>>>>>>>>>>>>>>>>>>>>>
>>> (Token count: 600)

Model Output: Okay, let's break down how this tugboat likely communicates with other vessels. 

Based on the image and the typical equipment found on tugboats, here's a breakdown of the methods they would use:

**1. Radio Communication (Most Common):**

* **VHF (Very High Frequency) Radio:** This is the *primary* means of communication for tugboats. They'll have VHF radios to talk to:
    * **Ships:**  To coordinate movements, give instructions on berthing, and exchange safety information.
    * **Coast Guard/Other Authorities:** To report position, request assistance, and receive orders.
    * **Other Tugboats:** To coordinate operations in busy waterways.
* **MF (Medium Frequency) Radio:** Used for long-range communication.  Less common than VHF for everyday operations but might be used for long-distance coordination.

**2. Visual Signals (Essential):**

* **Lights:** Tugboats have a complex system of lights for signaling. Here’s what you can see in the image and what they mean:
    * **Red Stern Light:**  Indicates the vessel is moving.
    * **Green Stern Light:**  Indicates the vessel is stationary or maneuvering. 
    * **White All-Around Lights:** Used for general visibility.
* **Flags:** Tugboats carry flags that convey specific meanings (like "will assist," "request assistance," "reporting position," etc.).  You can see a flag on the left side of the image.
* **Hand Signals:** Tugboats rely heavily on hand signals - a whole vocabulary of movements of the arms and hands to communicate intentions. These are complex and learned.


**3. Other Potential Communication Methods:**

* **GPS/AIS (Automatic Identification System):** Most modern tugboats have GPS and AIS transponders.  AIS broadcasts the vessel's identity, position, course, and speed to other vessels equipped with AIS receivers.
* **Radar:** Used for situational awareness and collision avoidance.

**Regarding the "M" on the bow:** It’s likely a name or identifier for the vessel. 

**Resources for Learning More:**

* **US Coast Guard - Maritime Safety Communications:** [https://www.uscg.mil/mccs/](https://www.uscg.mil/mccs/)  - This site provides detailed information about maritime communications regulations.
* **Wikipedia - Tugboat Signaling:** [https://en.wikipedia.org/wiki/Tugboat_signalling](https://en.wikipedia.org/wiki/Tugboat_signalling) -  A good overview of the flags and signals used.

Do you want me to delve deeper into a specific aspect of this communication, like:

*   The specifics of VHF radio usage?
*   The different meanings of the flags a tugboat might carry?

Processing Question 52/60: Why is the tugboat's tower or bridge relatively high?
 >>>>>>>>>>>>>>>>>>>>>>>>>>>>>>
>>> (Token count: 189)

Model Output: Okay, let's analyze the image and figure out why the tugboat's tower is so high.

The high tower on this tugboat, the *Jean Bu, * is specifically designed to provide **radar visibility** and **radio communication**. 

Here’s the breakdown:

*   **Radar:** The elevated position allows the radar to "see" over the tops of buildings and other vessels, giving the crew a wider field of view for navigation, especially in busy harbor areas like New York Harbor.
*   **Radio Communication:** A high mast is essential for broadcasting and receiving radio signals for coordinating with other ships, harbor pilots, and the Coast Guard.

Tugboats, particularly those working in busy ports, need to be highly visible and communicate effectively to safely maneuver large ships. That's why they have these prominent towers!

Do you want to know anything more about tugboats or maritime navigation?

Processing Question 53/60: What kind of maintenance might this tugboat require?
 >>>>>>>>>>>>>>>>>>>>>>>>>>>>>>
>>> (Token count: 758)

Model Output: Okay, let's break down the maintenance needs of this tugboat based on its appearance and the context of the image (it looks like it's operating in the New York Harbor). 

Here’s a categorized list of maintenance tasks, considering the vessel's design and typical use:

**1. Hull and Structure:**

* **Antifouling Paint:**  Crucially important! Tugboats operate in saltwater environments where marine growth (barnacles, algae, etc.) rapidly accumulates.  Regular antifouling paint applications are vital to maintain efficient hull performance.
* **Blister Repair:** Tugboats are subjected to constant stress from waves and the movement of the ship they're assisting.  This can lead to blisters (small bubbles) in the hull.  Regular inspections are needed to identify and repair these.
* **Rust Prevention:**  Saltwater is highly corrosive.  Ongoing rust prevention, including applying protective coatings and regular inspections, is essential. 
* **Structural Inspections:**  Periodic inspection of the hull, deck plating, and superstructure for cracks, corrosion, and structural weaknesses.

**2. Engine and Mechanical Systems:**

* **Engine Maintenance:** A large diesel engine powers the tug. This requires:
    * **Oil Changes:** Regular oil changes are vital for engine longevity.
    * **Filter Replacements:** Fuel, oil, and air filters need replacing at specified intervals.
    * **Cooling System Flush & Service:** Maintaining proper coolant levels and flushing the system to prevent corrosion and buildup.
    * **Valve Adjustments:** Maintaining proper valve clearances.
* **Steering Gear Maintenance:** Tugboats rely on complex steering gear. This includes:
    * **Hydraulic System Inspections:**  Checking hydraulic lines, pumps, and valves for leaks and proper operation.
    * **Gear Lubrication:**  Maintaining proper lubrication of gears and bearings.
* **Winches and Cranes:** The tug utilizes powerful winches and cranes. These require lubrication, cable inspection, and gear box maintenance.
* **Pumps and Plumbing:**  Inspection and maintenance of fresh water, bilge, and fuel pumps.


**3. Electrical Systems:**

* **Wiring Inspections:**  Wiring can degrade over time due to vibration and moisture.  Regular inspections are needed.
* **Battery Maintenance:**  Maintenance of the batteries, including charging, testing, and electrolyte levels (if applicable).
* **Lighting System Checks:**  Ensuring all lights (navigation lights, searchlights, deck lights) are functioning correctly.

**4. Safety Equipment:**

* **Life Raft Inspection:** Life rafts require regular inspection and maintenance to ensure they are in proper working order.
* **Firefighting Equipment:** Testing and servicing of fire extinguishers, fire pumps, and fire suppression systems.
* **Radar and Navigation Equipment:** Regular calibration and maintenance of radar, GPS, and other navigation systems.
* **Life Jackets & Safety Gear:** Checking the condition and availability of life jackets and other safety equipment.

**5. Specific to this Tug:**

* **The "M" on the bow:** This might require periodic cleaning and repainting to maintain visibility.
* **The Pilot House:** This area needs regular cleaning, maintenance of communication equipment, and checks on the pilot's safety gear. 

**Important Note:**  The frequency of these maintenance tasks will vary depending on the tug’s usage, operating environment, and the regulations of the flag state it operates under. Tugboats often have a detailed maintenance schedule.

---

Would you like me to delve deeper into any specific area of maintenance, such as the engine, electrical systems, or a particular component?

Processing Question 54/60: Could this tugboat operate in open waters, or is it limited to coastal areas?
 >>>>>>>>>>>>>>>>>>>>>>>>>>>>>>
>>> (Token count: 285)

Model Output: Okay, let's analyze the image to determine where this tugboat is likely to operate.

**Based on the image, it appears this tugboat is most likely designed for coastal and river operations, rather than truly open ocean use.** 

Here's why:

*   **Design Features:** The boat has a relatively low freeboard (the distance from the waterline to the deck). This is typical for boats operating in shallower waters and harbors. It also has a flat bottom, which is more suited for navigating rivers and estuaries. 
*   **Background:** The backdrop is a skyline of New York City, indicating a port area. Tugboats like this are essential for guiding ships in and out of busy harbors. 
*   **Size:** While not tiny, it's not a massive ocean-going tugboat. 

**Open Ocean Considerations:**

True open ocean tugboats are built much larger and have deeper drafts (the distance from the waterline to the bottom of the hull). They’re designed for much rougher seas and longer distances. 

**In conclusion:** This tugboat is well-suited for the coastal waters and harbor environments of a place like New York City. 

Do you want me to elaborate on any aspect of this, such as:

*   The type of tugboat it is?
*   The role of tugboats in navigation?

Processing Question 55/60: What environmental considerations come into play for tugboat operations?
 >>>>>>>>>>>>>>>>>>>>>>>>>>>>>>
>>> (Token count: 776)

Model Output: Okay, let's break down the environmental considerations involved in tugboat operations. Tugboats play a critical role in maritime transport, but their activities do have some significant environmental impacts. Here's a breakdown of the key areas:

**1. Emissions & Air Quality:**

* **Diesel Exhaust:** Tugboats primarily run on diesel engines, which are a major source of air pollutants. These include:
    * **Nitrogen Oxides (NOx):** Contribute to smog, acid rain, and respiratory problems.
    * **Particulate Matter (PM):** Tiny particles that can penetrate deep into the lungs and cause respiratory and cardiovascular issues.
    * **Sulfur Oxides (SOx):** Contribute to acid rain and respiratory problems.
    * **Greenhouse Gases (CO2):** Contribute to climate change.
* **Operational Emissions:**  The act of towing – maneuvering, pushing, and pulling – creates turbulence and wakes that can also stir up dust and pollutants from the shoreline.

**2. Water Quality Impacts:**

* **Ballast Water:** This is arguably the biggest concern. Tugboats frequently take on and discharge ballast water (water used to stabilize the ship) in different ports. This water can carry:
    * **Invasive Species:**  These species can outcompete native species, disrupt ecosystems, and cause economic damage. Ballast water exchange is regulated, but compliance isn’t always perfect.
* **Oil Spills:**  Despite regulations, the risk of oil spills from fuel leaks, tank failures, or accidents always exists.  Even small spills can have devastating effects on marine life and habitats.
* **Cleaning Fluids:**  Maintenance and cleaning operations can release cleaning chemicals into the water, potentially harming aquatic organisms.
* **Washout:** The powerful wash from the vessel’s movement can stir up sediment and pollutants from the seabed.

**3. Noise Pollution:**

* **Underwater Noise:**  The operation of tugboats creates significant underwater noise, which can:
    * **Disrupt Marine Mammals:**  Noise can interfere with communication, feeding, and navigation for marine mammals like whales and dolphins.
    * **Impact Fish Populations:** High levels of noise can damage fish hearing and affect their behavior.


**4.  Other Considerations:**

* **Waste Management:** Proper disposal of waste generated on board is crucial to prevent contamination.
* **Shoreline Erosion:**  Repeated towing near shorelines can contribute to erosion.


**Mitigation Efforts - What’s Being Done:**

* **Scrubber Systems:** Increasingly, tugboats are equipped with exhaust gas cleaning systems (scrubbers) to remove pollutants from the exhaust.
* **Alternative Fuels:** There’s growing interest in using alternative fuels like LNG (Liquefied Natural Gas) or biofuels to reduce emissions.
* **Ballast Water Management Systems (BWMS):** Required by regulations, these systems treat ballast water to kill or remove invasive species.
* **Improved Operational Practices:**  Training and procedures to minimize washouts, reduce fuel consumption, and prevent spills.
* **Shore Power:** Connecting to shore power when possible reduces emissions.

**Resources for More Information:**

* **U.S. Coast Guard:** [https://www.uscg.mil/](https://www.uscg.mil/)
* **International Maritime Organization (IMO):** [https://www.imo.org/](https://www.imo.org/) -  Focuses on international standards for shipping.


Do you want me to delve deeper into a specific aspect of this, such as:

*   Ballast water management in more detail?
*   Specific regulations related to tugboat operations?
*   The role of technology in reducing environmental impact?

Processing Question 56/60: What makes tugboats essential in places with busy ports?
 >>>>>>>>>>>>>>>>>>>>>>>>>>>>>>
>>> (Token count: 444)

Model Output: Okay, let's break down why tugboats are absolutely essential in busy ports like the one depicted in the image (which appears to be New York Harbor).

Here’s a breakdown of what they do and why they’re critical:

**1. Maneuvering Large Vessels:**

* **Size Matters:** Modern container ships, tankers, and other large cargo vessels are *huge*. They require significant force to turn, dock, and undock.  A single push or pull from a dockside crane simply isn’t enough.
* **Precision is Key:** Ports need these massive vessels to be positioned with incredible accuracy. Even a slight miscalculation can cause collisions, damage to the ship or harbor infrastructure, or delays in operations.

**2.  Assisting with Berthing and Unloading:**

* **Pushing and Pulling:** Tugboats use their powerful engines and maneuvering capabilities to physically push or pull ships into their berths (designated docking spaces) or away from them.
* **Shifting Position:** During the loading and unloading process, tugs are used to adjust the ship's position for optimal access to cranes, conveyors, and other equipment.

**3. Safety and Navigation:**

* **Guiding Vessels:** Tugboats frequently escort other vessels through busy waterways and harbor channels, ensuring safe navigation.
* **Emergency Response:** They are often on standby to assist vessels experiencing mechanical problems, grounding, or other emergencies.

**4.  Maintaining Channel Depth:**

* **Clearing Obstructions:** Tugboats sometimes help clear debris or obstructions from the shipping channels, maintaining navigable depths.


**In the Image's Context (New York Harbor):**

New York Harbor is one of the busiest ports in the world. The iconic skyline in the background shows the incredible volume of shipping traffic.  Tugboats are *constantly* working to keep those massive ships moving, docking, and unloading efficiently and safely.

---

Do you want me to delve deeper into a specific aspect, like:

*   Different types of tugboats?
*   The technology used in modern tugboats?
*   The history of tugboat operations?

Processing Question 57/60: How is the tugboat designed to maneuver heavy loads?
 >>>>>>>>>>>>>>>>>>>>>>>>>>>>>>
>>> (Token count: 681)

Model Output: Okay, let's break down how this tugboat, and tugboats in general, are designed to maneuver heavy loads. Here’s a breakdown of the key features and techniques:

**1. Powerful Engines & Propulsion:**

*   **Large Engines:** Tugboats are built with incredibly powerful diesel engines—often multiple engines – to generate substantial thrust. These engines are crucial for overcoming resistance from the water.
*   **Z-Drive System:** This is the *most* important element. Tugboats almost exclusively use a "Z-drive" propulsion system. It consists of:
    *   **Two powerful motors** located on either side of the hull.
    *   **A single propeller** located between the motors.
    *   **A “Z” shaped hydraulic system** connecting the two motors.
    *   **How it works:** By varying the thrust of each motor independently, the operator can create a “Z” motion.  This allows the boat to:
        *   **Pivot:**  Turning sharply in place is much easier with this system.
        *   **Move Forward and Backward:**  Changing the thrust of the motors in unison allows for forward and reverse motion.
        *   **Lateral Movement:** The unique control of the Z-drive allows for a sideways movement, essential for pushing or pulling vessels.


**2. Fore-and-Aft Positioning (Pushing/Pulling):**

*   **Bow & Stern Hooks:** Tugboats have specialized hooks at the bow (front) and stern (rear) of the boat. These hooks are attached to similar hooks on the vessel they're maneuvering.
*   **Precise Control:** The operator uses the Z-drive and the boat's steering to carefully align the hooks, creating a strong mechanical connection.

**3. Side-to-Side Positioning (Towing):**

*   **Lateral Thrusters:** Many modern tugboats have additional lateral (sideways) thrusters—small, powerful engines with propellers—located along the sides of the hull. These are particularly useful for making precise adjustments during a tow.
*   **Skid Shoes/Guides:**  Sometimes, tugboats utilize skid shoes or guides on the hull to help maintain alignment during lateral maneuvers.

**4.  Ballast and Stability:**

*   **Ballast Tanks:** Tugboats have ballast tanks that can be filled with water or air to adjust the boat’s trim and stability. This is vital for maintaining control when dealing with heavy loads.

**5.  Observation & Communication:**

*   **Tower/Wheelhouse:** The tall tower/wheelhouse provides the operator with a commanding view of the surrounding area and the vessels involved.
*   **Radar & Navigation Equipment:** Modern tugboats are equipped with sophisticated radar, GPS, and communication systems to ensure safe and efficient operations.



**In short, the Z-drive system is the magic that allows these vessels to manipulate their position with exceptional precision – the cornerstone of their effectiveness in maneuvering large ships and barges.**

Would you like me to delve deeper into a specific aspect, such as:

*   The history of the Z-drive system?
*   How the hooks are used in practice?
*   Different types of tugboats and their specialized designs?

Processing Question 58/60: How would the visibility of the city skyline in the background change throughout the day?
 >>>>>>>>>>>>>>>>>>>>>>>>>>>>>>
>>> (Token count: 494)

Model Output: Okay, let’s analyze how the visibility of the city skyline in the background of this image would change throughout the day. 

Here’s a breakdown, considering the photo's conditions (hazy, late afternoon/early evening light):

**Currently (as depicted in the photo):**

*   **Haze/Smog:** The skyline is partially obscured by haze, likely due to atmospheric conditions and potentially pollution. This is a significant factor.
*   **Low Sun Angle:** The sun is low in the sky – it’s likely late afternoon or early evening. This low angle of sunlight is what causes the haze to scatter more, reducing visibility.
*   **Color:** The photo has a warm, golden cast, also typical of this time of day.

**Changes Throughout the Day:**

1.  **Morning (Shortly After Sunrise):**
    *   **Increased Visibility:** As the sun rises higher in the sky, the haze will begin to dissipate. You’d see a significantly clearer skyline. The colors would shift from warm yellows and oranges to brighter blues and whites.
    *   **Sharpness:** The buildings would appear sharper and more defined.

2.  **Midday (Around Noon):**
    *   **Best Visibility:** During midday, the air is typically at its clearest. The skyline would be the most sharply defined, with all the details of the buildings visible. The sun’s angle would be high, minimizing scattering of light.

3.  **Late Afternoon/Early Evening (Similar to the photo):**
    *   **Decreased Visibility:** As the sun continues to descend, the haze would begin to return. The skyline would become increasingly hazy and blurred. The warm, golden light would intensify, but it wouldn't overcome the atmospheric conditions.

4.  **Sunset:**
    *   **Very Limited Visibility:** The skyline would be significantly obscured by haze, appearing as a soft, muted glow. The color would shift to oranges, reds, and purples.

**Important Note:** Weather conditions (humidity, cloud cover, wind) can dramatically affect visibility and change these predicted changes. A particularly hazy or polluted day would keep the skyline obscured for longer.


Do you want me to elaborate on any specific aspect, like how different weather conditions would impact visibility, or perhaps discuss the historical reasons for the haze in this area?

Processing Question 59/60: What is the history or evolution of tugboats in maritime operations?
 >>>>>>>>>>>>>>>>>>>>>>>>>>>>>>
>>> (Token count: 950)

Model Output: Okay, let's dive into the fascinating history and evolution of tugboats! They’ve come a long way from simple wooden boats and are absolutely crucial to modern maritime operations. Here’s a breakdown of their journey:

**Early Days – Wooden Roots (17th-19th Centuries)**

* **Primitive Beginnings:** The very earliest forms of tugboats were essentially small, rowed or sail-powered boats used to guide ships into and out of harbors. These were incredibly rudimentary – often just flat-bottomed wooden boats with a simple oar or sail. They were a necessity for navigating shallow, often treacherous, waters.
* **Early Steam Era (Early 19th Century):** The arrival of steam power revolutionized everything, and tugboats weren't far behind. Initially, they were often just converted sailing vessels, equipped with small steam engines for propulsion. These were still primarily used for rudimentary maneuvering.
* **The “Pushing Boats” – Early Steam Tugboats (Mid-19th Century):** This is where things really started to take shape. These were specifically designed tugboats, usually built with a single large paddlewheel at the stern.  They were called “pushing boats” because they literally pushed the ships they were guiding.  Notable ships of this era included the *Vanguard* (1854) and *Richmond* (1859), which are considered the first modern steam tugs. They were incredibly powerful for their size, allowing them to handle larger vessels.

**The Rise of the Modern Tug (Late 19th – Early 20th Centuries)**

* **The Twin Screw Tug (Late 1880s):** A game-changer! Robert Stuart, a Scottish engineer, developed the twin-screw tugboat design. This dramatically increased pulling power and maneuverability. Twin screws distributed the force more efficiently, allowing them to handle heavier loads and navigate tight spaces with greater control. This became the dominant design.
* **Increased Size and Power:** Tugboats grew in size and power throughout the late 19th and early 20th centuries, reflecting the increasing size of the ships they were supporting.  They were built to handle liners, large cargo ships, and even warships.


**20th & 21st Centuries - Specialization & Technology**

* **Specialized Tug Types:**  The 20th century saw the emergence of specialized tugboat designs:
    * **Spar Tug:** Designed to handle large container ships and tankers with their massive offshore moorings. They have a massive tugger head, and a powerful winch.
    * **Anchor Tug:**  Specifically built to recover dropped anchors.
    * **Coastal Tow Tug:**  For towing vessels along coastlines.
    * **Harbor Tugs:** Designed for maneuvering vessels in tight harbor spaces.
* **Engine Technology:**  Diesel engines replaced steam engines, offering greater efficiency and reliability.  Later, large, powerful engines became the norm, particularly for heavy-duty work.
* **Modern Electronics & Systems:** Modern tugboats are packed with sophisticated technology:
    * **Radar:**  Essential for navigating in all weather conditions.
    * **GPS & Chart Plotters:**  For precise positioning and route planning.
    * **Dynamic Positioning (DP) Systems:** Some large tugs, especially those used in offshore operations, employ DP systems that use thrusters to maintain position without physical anchoring.
    * **Advanced Control Systems:** Computerized systems for maneuvering and controlling the tug.

**The Image in the Photo**

The tugboat in your image is likely a *Jean Bu*, a classic “pushing boat” style, designed for maneuvering vessels in busy ports like New York Harbor.  Its prominent "M" marking is a common practice among tugboats, signifying "Manuevering."



**Resources for Further Research:**

* **The Maritime Museum of the Pacific:** [https://www.maritimemuseumofthepacific.org/tugboats/](https://www.maritimemuseumofthepacific.org/tugboats/)
* **Wikipedia - Tugboat:** [https://en.wikipedia.org/wiki/Tugboat](https://en.wikipedia.org/wiki/Tugboat)


Do you want me to delve deeper into a specific aspect of tugboat history, such as:

*   A particular type of tugboat?
*   The role of tugboats in a specific location (e.g., New York Harbor)?
*   The technological advancements that shaped their evolution?

Processing Question 60/60: How might modern technology have enhanced the functionality of tugboats like this one?
 >>>>>>>>>>>>>>>>>>>>>>>>>>>>>>
>>> (Token count: 722)

Model Output: Okay, let's break down how modern technology could significantly enhance the functionality of this tugboat, the *Jean Bu*. Looking at the image, it’s a classic design, but incorporating today’s tech would make it far more efficient and safer. Here’s a detailed look:

**1. Navigation & Positioning:**

* **Advanced GPS & Charting:** Instead of relying solely on paper charts, this tug would have a sophisticated GPS system integrated with electronic chart display and information systems (ECDIS). This provides precise location, real-time updates on waterways, hazards, and depths.
* **Radar & AIS:** Modern radar systems (especially Variable Radar – VDR) would give the crew better situational awareness, especially in low visibility.  Automatic Identification System (AIS) would allow the tug to communicate its position, speed, and course to other vessels, significantly improving collision avoidance.
* **Drone Surveillance:** Small, unmanned drones could be deployed to scout ahead for obstructions, ice buildup, or other potential hazards before the tug approaches.

**2. Propulsion & Power:**

* **Electric or Hybrid Propulsion:**  Replacing the traditional diesel engines with electric motors powered by batteries or a hybrid system would dramatically reduce emissions and noise.  Electric motors are also incredibly efficient.
* **Variable Speed Drives (VSDs):**  These allow for precise control of the engine’s output, optimizing speed and fuel efficiency for different maneuvering tasks.
* **Advanced Bow Thrusters:** These already exist, but enhanced systems with multiple, electronically controlled thrusters would offer incredible maneuverability in tight spaces – crucial for navigating crowded harbors.

**3.  Maneuvering & Control:**

* **Remote Control Capabilities:** Imagine the ability to remotely steer the tug using a joystick or computer interface, especially in challenging conditions. This would be useful for precise positioning and assisting larger vessels.
* **Dynamic Positioning (DP) Systems:** These systems use sensors and computer control to maintain the tug’s position precisely, without the need for anchors. This is vital for assisting vessels in busy ports or shallow waters.
* **Virtual Reality (VR) Training:** Before deployment, the crew could train in a VR environment simulating various scenarios – strong currents, inclement weather, maneuvering around obstacles – enhancing their skills and decision-making.


**4. Monitoring & Communication:**

* **Sensor Networks:** Sensors throughout the vessel would monitor everything from engine performance and hull stress to water temperature and ballast conditions. This data would be relayed to a central monitoring system, alerting the crew to potential problems.
* **Satellite Communication:** High-speed satellite communication would provide reliable connectivity for weather updates, vessel tracking, and communication with shore-based support.
* **Digital Logbooks:** Replacing paper logbooks with digital systems would improve data accuracy and facilitate remote access to vessel history.

**5. Safety Enhancements:**

* **Automated Damage Control Systems:** Sensors could detect flooding or leaks, automatically activating pumps and initiating damage control procedures.
* **Collision Avoidance Systems (CAS):** Advanced systems that automatically calculate the safest course to avoid collisions based on radar and sensor data.

**In summary:** The *Jean Bu* is a robust vessel, but modern technology offers ways to make it even safer, more efficient, and more adaptable to the challenges of navigating busy waterways. 

---

Do you want me to delve deeper into a specific aspect of these enhancements (e.g., how DP systems work, the benefits of electric propulsion, or the role of drone surveillance)?
average_tokens : 287.6
