Using default attention!

Processing Question 1/60: What activity is the person in the image engaging in?
 >>>>>>>>>>>>>>>>>>>>>>>>>>>>>>
>>> (Token count: 31)

Model Output: ['The person in the image is surfing, as they are riding a wave on a surfboard in what appears to be a river or artificial wave setting.']

Processing Question 2/60: Is the person surfing on a river or in the ocean?
 >>>>>>>>>>>>>>>>>>>>>>>>>>>>>>
>>> (Token count: 67)

Model Output: ['The person is surfing on a river, as indicated by the calm and relatively shallow water, which contrasts with the typical appearance of ocean waves. Additionally, the size and shape of the wave suggest it could be a river wave, often found in places like the Whanganui River in New Zealand or other locations known for river surfing.']

Processing Question 3/60: What type of board is the individual using?
 >>>>>>>>>>>>>>>>>>>>>>>>>>>>>>
>>> (Token count: 98)

Model Output: ['The individual appears to be using a longboard, which is characterized by its longer length and wider stance area compared to a shortboard. Longboards are typically used for riding waves that require more speed and stability, making them popular in river surfing or in conditions where the wave does not break sharply. The design allows for more control and maneuverability at the expense of speed. The specific shape of the board, including its nose and tail, would help identify it further as a longboard.']

Processing Question 4/60: Does the person have any protective gear on?
 >>>>>>>>>>>>>>>>>>>>>>>>>>>>>>
>>> (Token count: 57)

Model Output: ['No, the person in the picture does not appear to be wearing any protective gear such as a helmet or wrist guards while surfing. The individual is wearing swim trunks and appears to be in motion on a surfboard, but there is no visible indication of protective gear being used.']

Processing Question 5/60: What is the lighting condition in the environment?
 >>>>>>>>>>>>>>>>>>>>>>>>>>>>>>
>>> (Token count: 87)

Model Output: ["The image shows an outdoor setting with sunlight reflecting off the water, creating bright highlights on the surface of the waves and the surfer's board. The lighting suggests it is daytime with clear or partially sunny weather, as there are no signs of overcast shadows or artificial light sources. The water appears to be well-lit, indicating that the sun is either directly overhead or at a high angle, possibly midday or early afternoon."]

Processing Question 6/60: Is the water calm or turbulent in this image?
 >>>>>>>>>>>>>>>>>>>>>>>>>>>>>>
>>> (Token count: 60)

Model Output: ["The water in the image appears to be turbulent, as indicated by the splashes and the wake created by the surfer. The presence of the wave and the surfer's posture suggest that the water is moving with some force and speed, which is typical of turbulent water conditions suitable for surfing."]

Processing Question 7/60: What maneuver or position is the surfer trying to perform?
 >>>>>>>>>>>>>>>>>>>>>>>>>>>>>>
>>> (Token count: 104)

Model Output: ["The surfer appears to be attempting a maneuver that involves balance and control while riding the wave. The extended arm and crouched stance suggest they may be trying to maintain stability, possibly during a turn or after a pop-up (the initial movement of standing up on the surfboard). The extended hand could be for balance, as they navigate the changing dynamics of the wave. However, without further context, it's difficult to pinpoint an exact maneuver, but it seems to involve active engagement with the wave's energy."]

Processing Question 8/60: Is the person wearing shoes or barefoot?
 >>>>>>>>>>>>>>>>>>>>>>>>>>>>>>
>>> (Token count: 17)

Model Output: ['The person in the image appears to be barefoot while surfing on the wave.']

Processing Question 9/60: What is the person wearing in the image?
 >>>>>>>>>>>>>>>>>>>>>>>>>>>>>>
>>> (Token count: 34)

Model Output: ['The person in the image is wearing boardshorts, which are typically worn for surfing and water sports activities. The shorts appear to be patterned with a design.']

Processing Question 10/60: How would you describe the person's posture?
 >>>>>>>>>>>>>>>>>>>>>>>>>>>>>>
>>> (Token count: 88)

Model Output: ['The person in the image is balancing on a surfboard, leaning slightly forward with their body positioned to maintain stability and control. The individual has one arm extended outward for balance, while the other hand is gripping the edge of the surfboard. Their knees are bent, which helps them distribute weight evenly and adapt to the movement of the water. This posture suggests they are actively engaged in surfing, likely navigating a wave or a river current.']

Processing Question 11/60: Are there any visible safety measures present, like a helmet or life vest?
 >>>>>>>>>>>>>>>>>>>>>>>>>>>>>>
>>> (Token count: 41)

Model Output: ['No, there are no visible safety measures such as a helmet or life vest in the image. The person is only wearing swim trunks and appears to be engaging in river surfing without additional protective gear.']

Processing Question 12/60: Does the person appear to be experienced or a beginner?
 >>>>>>>>>>>>>>>>>>>>>>>>>>>>>>
>>> (Token count: 270)

Model Output: ["Determining whether a surfer is an experienced or beginner based on a single image can be challenging, as it's not possible to accurately assess skill level from a static photo. However, there are some visual cues that might suggest experience:\n\n1. **Balance and Posture**: The surfer appears to have good balance and control, which could indicate experience. Experienced surfers often maintain a stable stance with knees bent for better maneuverability.\n\n2. **Position of the Surfboard**: The board seems to be positioned correctly, with the tail slightly lifted off the water, allowing for better maneuvering and control. Beginners may struggle with maintaining this position.\n\n3. **Arm Position**: The surfer has one arm extended, which could be for balance or to help with turning. Experienced surfers use their arms strategically to maintain balance and control while turning.\n\n4. **Water Conditions**: The surfer is riding what looks like a small wave, which might make it easier for both beginners and experienced surfers. However, the fact that they're riding it at all suggests that they have some level of ability.\n\nWhile these observations lean towards experience, they don't definitively prove it. A beginner could also perform well in certain conditions. For a more accurate assessment, watching the surfer in action over time would provide a better understanding of their skill level."]

Processing Question 13/60: What season or time of day might this image have been taken?
 >>>>>>>>>>>>>>>>>>>>>>>>>>>>>>
>>> (Token count: 88)

Model Output: ["The image shows a person surfing, which suggests that it is likely taken during the warmer seasons, such as late spring, summer, or early fall, when water temperatures are suitable for surfing. The lighting in the photo appears to be natural sunlight, indicating daytime conditions. However, without specific indicators like shadows or season-specific attire, it's not possible to determine the exact time of year or time of day with certainty from the image alone."]

Processing Question 14/60: Can you determine the location based on the image?
 >>>>>>>>>>>>>>>>>>>>>>>>>>>>>>
>>> (Token count: 80)

Model Output: ['It is not possible to determine the exact location of this image from the image alone. The person appears to be surfing, but there are no clear landmarks or distinctive features that would indicate a specific place. Surfing can occur in various locations around the world where suitable waves and water conditions exist. If you have additional context or details about the image, it could help in identifying a more precise location.']

Processing Question 15/60: Are there any objects or obstacles in the water?
 >>>>>>>>>>>>>>>>>>>>>>>>>>>>>>
>>> (Token count: 81)

Model Output: ["The image shows a person surfing on what appears to be a wave, but it is not entirely clear if there are any specific objects or obstacles in the water beside the surfer. The focus of the photo is on the surfer and their interaction with the wave. Without additional context or a wider view, it's difficult to determine if there are any other objects in the water beyond the surfboard."]

Processing Question 16/60: What do the water's splashes and ripples indicate about movement?
 >>>>>>>>>>>>>>>>>>>>>>>>>>>>>>
>>> (Token count: 123)

Model Output: ["The splashes and ripples in the water around the surfer suggest that there is significant motion and interaction between the surfboard and the water. These visual cues indicate the surfer is likely navigating through a wave or a current, which creates turbulence and energy in the water. The direction of the splashes and ripples can also provide insights into the flow of water and the path taken by the surfer as they move across the surface. In this image, the water's activity around the surfer highlights the dynamic nature of surfing, where the rider must adapt to the changing conditions of the waves and currents."]

Processing Question 17/60: Is the surfer's balance more to the front or rear of the board?
 >>>>>>>>>>>>>>>>>>>>>>>>>>>>>>
>>> (Token count: 65)

Model Output: ["The surfer's balance appears to be more towards the front of the board. This can be inferred from the surfer's posture, with the back foot positioned further forward than the front foot and the body leaning slightly forward, which suggests that they are using their front foot for stability and control as they navigate the wave."]

Processing Question 18/60: Are there other individuals visible in the scene or nearby?
 >>>>>>>>>>>>>>>>>>>>>>>>>>>>>>
>>> (Token count: 24)

Model Output: ['There is no one else visible in the scene or nearby. The image shows only one person surfing on a wave.']

Processing Question 19/60: What is the level of skill required for this type of activity?
 >>>>>>>>>>>>>>>>>>>>>>>>>>>>>>
>>> (Token count: 274)

Model Output: ["The activity depicted in the image appears to be river surfing or wave riding on a river, which typically requires a significant level of skill and experience. It involves navigating turbulent waters, maintaining balance, and timing one's movements to ride the waves effectively. This type of surfing usually demands a combination of physical fitness, mental focus, and understanding of the water's dynamics.\n\nHere are some factors that contribute to the skill level required:\n\n1. **Physical Fitness**: Navigating through waves requires strong core strength, balance, and leg muscles to keep the body stable on the surfboard.\n2. **Balance and Coordination**: Maintaining balance while riding a surfboard in moving water is challenging due to the constantly changing flow and turbulence.\n3. **Wave Reading**: Understanding how the river's flow creates waves and predicting their movement is crucial for successful surfing.\n4. **Experience with the Environment**: Knowing the specific characteristics and hazards of the river being used is essential for safety.\n5. **Equipment Handling**: Proper use of a surfboard in river conditions can be complex, as the board needs to be adjusted to fit the specific flow and size of the waves.\n\nRiver surfing is often considered more advanced than traditional ocean surfing because of the added challenges posed by the river's unique environment. This activity is best suited for experienced surfers who have honed their skills in other disciplines."]

Processing Question 20/60: Does the person's body language indicate confidence or hesitation?
 >>>>>>>>>>>>>>>>>>>>>>>>>>>>>>
>>> (Token count: 91)

Model Output: ["The person's body language, including their posture and the way they are leaning into the wave, suggests a high level of confidence. The extended arm and dynamic stance imply that they are in control of their movement on the surfboard, which is characteristic of someone who is experienced and comfortable with the activity. There is no visible sign of hesitation; instead, the individual appears to be actively engaging with the wave, which aligns with confident behavior in surfing."]

Processing Question 21/60: Are there rocks visible in the water that could pose a challenge?
 >>>>>>>>>>>>>>>>>>>>>>>>>>>>>>
>>> (Token count: 82)

Model Output: ["In the image, there is no clear view of the water to determine if there are rocks below the surface or visible above the waterline. The focus is on the surfer and their movement, with only the water's surface and the surfboard being visible. To know if there are rocks that could pose a challenge, one would need to see more of the underwater environment, which isn't shown here."]

Processing Question 22/60: What part of the image draws the most attention?
 >>>>>>>>>>>>>>>>>>>>>>>>>>>>>>
>>> (Token count: 75)

Model Output: ["The most attention-grabbing element in this image is the surfer and his dynamic pose as he balances on the surfboard amidst the water's movement. The contrast between the individual's body, the surfboard, and the surrounding water creates an engaging visual focal point. Additionally, the lighting and reflections on the water add to the overall drama and energy of the scene."]

Processing Question 23/60: Is the person using any accessories like a leash to secure the board?
 >>>>>>>>>>>>>>>>>>>>>>>>>>>>>>
>>> (Token count: 49)

Model Output: ['The image does not show the surfer using a leash to secure the board, so it is not possible to determine if they are using one from this perspective. Leashes are typically attached at the ankle and are not visible in this photo.']

Processing Question 24/60: What evidence suggests whether this is a natural or artificial water feature?
 >>>>>>>>>>>>>>>>>>>>>>>>>>>>>>
>>> (Token count: 235)

Model Output: ["This image shows a person surfing on what appears to be a wave, which could be either natural or artificial. Here's some evidence that might suggest the type of water feature:\n\n1. **Wave Characteristics**: The wave in the image looks relatively small and smooth compared to typical ocean waves. It could resemble a wave created by a river or a man-made structure.\n\n2. **Environment**: The surrounding environment appears to be a river, suggesting it may be a river wave or a wave from an artificial wave pool designed for river surfing, rather than an open ocean wave.\n\n3. **Surfing Style**: The surfer’s posture and positioning indicate they might be using skills adapted for smaller, controlled waves, which can be seen in river surfing or artificial wave pools designed specifically for such conditions.\n\n4. **Water Source**: The water seems to flow continuously, which is typical of river currents or artificial wave systems rather than a large, open ocean wave.\n\nWhile it is not possible to definitively determine if this is a natural or artificial wave without more context, the clues point toward it being an artificial water feature, possibly a wave pool or a wave created by a river."]

Processing Question 25/60: How fast do you think the water is flowing in this location?
 >>>>>>>>>>>>>>>>>>>>>>>>>>>>>>
>>> (Token count: 187)

Model Output: ["The image shows a person surfing on what appears to be a river wave, which suggests that the water is flowing relatively quickly. The presence of a wave indicates that there is a significant current, and the surfer's posture and balance suggest that they are riding the wave at a moderate speed.\n\nHowever, without specific information about the location or additional context like the height of the wave or the size of the river, it's challenging to provide an exact speed. Typically, river surfing occurs in flowing rivers with currents ranging from 2 to 4 knots (approximately 3.7 to 7.4 km/h or 2.3 to 4.6 mph). If this were a larger river, the flow could be faster, while in a smaller stream, it might be slower. In any case, the surfer seems to have some control, indicating that the flow is neither too slow nor too fast for safe surfing."]

Processing Question 26/60: Are there any shadows visible that give clues about the angle of light?
 >>>>>>>>>>>>>>>>>>>>>>>>>>>>>>
>>> (Token count: 97)

Model Output: ["The image shows a person surfing in what appears to be a river or artificial wave pool. Shadows are visible on the water, but they do not provide clear information about the angle of the light source since the water's surface is reflective and the shadows are diffused due to the movement and the nature of the water. The lighting seems natural, likely from the sun, which suggests some light angles could be inferred, but the exact angle cannot be determined conclusively from the shadows alone."]

Processing Question 27/60: What kind of environment surrounds the water activity?
 >>>>>>>>>>>>>>>>>>>>>>>>>>>>>>
>>> (Token count: 97)

Model Output: ['The image shows a person surfing in what appears to be a river or wave-like body of water, possibly created by a man-made structure such as a wave pool. The surrounding environment is not clearly visible due to the focus on the surfer and the water action. However, based on the clarity and coloration of the water, it suggests a natural outdoor setting, which might include trees, rocks, or vegetation in the background, though these are not directly visible in this shot.']

Processing Question 28/60: Is there any visible action, like spraying water, indicating movement?
 >>>>>>>>>>>>>>>>>>>>>>>>>>>>>>
>>> (Token count: 34)

Model Output: ['Yes, the image shows visible action with splashing water around the surfer. The water spray and the way the surfer is positioned suggest movement and dynamic activity.']

Processing Question 29/60: What hand gestures or arm positions is the surfer using for balance?
 >>>>>>>>>>>>>>>>>>>>>>>>>>>>>>
>>> (Token count: 102)

Model Output: ["The surfer in the image appears to be using a combination of arm positions and gestures for balance while surfing. The left arm is extended outwards, likely to provide additional balance and help with steering. This positioning helps counteract the forces of the wave, particularly during turns or when the surfboard tips. Meanwhile, the right arm seems to be slightly bent, helping maintain stability on the board. These gestures are common among surfers as they adjust their center of gravity and interact with the wave's movement."]

Processing Question 30/60: What might be the challenges of this activity in this specific environment?
 >>>>>>>>>>>>>>>>>>>>>>>>>>>>>>
>>> (Token count: 340)

Model Output: ["The activity depicted in the image is river surfing, which involves riding waves created by the flow of a river rather than ocean waves. This can present several unique challenges compared to traditional surfing:\n\n### 1. **Shallow Water Hazards:**\n   - Rivers often have varying depths and can have underwater rocks, reefs, or currents that surfers must avoid.\n   - The shallow water may limit maneuverability and make it harder for surfers to paddle or recover from falls.\n\n### 2. **Fast Flowing Currents:**\n   - Strong current can be unpredictable and powerful, making it difficult to maintain balance on the board.\n   - It requires strong paddling skills and a good understanding of the river's dynamics to navigate the current effectively.\n\n### 3. **Wave Formation:**\n   - River waves are typically smaller and more irregular compared to ocean waves. They may require surfers to adapt their techniques and body positioning to ride them successfully.\n\n### 4. **Environmental Factors:**\n   - Rivers can be influenced by weather changes, such as heavy rain, which can cause flooding and affect water levels.\n   - Changes in water temperature can also impact comfort and safety.\n\n### 5. **Limited Access Points:**\n   - In some rivers, suitable surfing spots may be few and far between, requiring surfers to travel long distances to find suitable waves.\n\n### 6. **Physical Demands:**\n   - River surfing requires excellent core strength, balance, and flexibility due to the dynamic nature of the waves and the physical effort needed to paddle against strong currents.\n\nIn summary, river surfing demands specialized skills and awareness of environmental factors, making it both exhilarating and challenging."]

Processing Question 31/60: What activity is the person in the image engaged in?
 >>>>>>>>>>>>>>>>>>>>>>>>>>>>>>
>>> (Token count: 25)

Model Output: ['The person in the image is surfing, as they are standing on a surfboard and riding a wave in the water.']

Processing Question 32/60: Is the person riding on a river or an ocean wave?
 >>>>>>>>>>>>>>>>>>>>>>>>>>>>>>
>>> (Token count: 76)

Model Output: ["The image shows a person surfing on a river, not in the ocean. The water appears more turbulent and the flow is characteristic of a river rather than the open ocean waves typically associated with surfing. Additionally, the structure of the water and the way the surfer is positioned suggest it's a river wave, which is a common occurrence in certain rivers known for their surfing conditions."]

Processing Question 33/60: What is the stance of the person on the board?
 >>>>>>>>>>>>>>>>>>>>>>>>>>>>>>
>>> (Token count: 71)

Model Output: ['The person on the board appears to be in an athletic and dynamic stance, leaning forward with one arm extended for balance and stability. Their body is angled towards the direction they are moving, suggesting they are actively maneuvering or riding the wave. The posture indicates a skilled and confident approach to surfing, which is often necessary when navigating waves or performing maneuvers.']

Processing Question 34/60: Is the person using any safety gear, like a helmet or life vest?
 >>>>>>>>>>>>>>>>>>>>>>>>>>>>>>
>>> (Token count: 25)

Model Output: ['No, the person in the image is not wearing any visible safety gear such as a helmet or life vest while surfing.']

Processing Question 35/60: What materials might the surfboard in the image be made of?
 >>>>>>>>>>>>>>>>>>>>>>>>>>>>>>
>>> (Token count: 231)

Model Output: ["The surfboard in the image could be made of several common materials, depending on its design and intended use:\n\n1. **Polyurethane (PU) or Polyurethane Foam (PUF)**: These materials are lightweight and offer good buoyancy, making them popular for beginner-level boards.\n2. **Balsa Wood**: Historically used in surfboards due to its light weight and flexibility, though it is no longer commonly used due to environmental concerns and availability issues.\n3. **EPS (Expanded Polystyrene)**: Often used as a core material in foam boards, offering durability and a good balance between weight and performance.\n4. **Glass Fiber Reinforced Plastic (GRP) or Composite Materials**: These materials provide strength and rigidity, commonly used in more advanced and high-performance surfboards.\n5. **Balsa Wood Core with Fiberglass Skin**: A hybrid design combining the natural buoyancy of balsa wood with the strength of fiberglass.\n\nThe specific type would depend on the construction details visible in the image. If it's a modern board, it's likely made from composite materials like GRP or polyurethane foam."]

Processing Question 36/60: Is the individual performing any tricks or stunts?
 >>>>>>>>>>>>>>>>>>>>>>>>>>>>>>
>>> (Token count: 61)

Model Output: ["It is not clear if the individual in the image is performing any tricks or stunts, as they appear to be actively surfing on a wave. The person's posture and balance suggest they may be attempting a maneuver, but it is not certain whether this qualifies as a trick or stunt without additional context."]

Processing Question 37/60: What time of day do you think this photo was taken, based on the lighting?
 >>>>>>>>>>>>>>>>>>>>>>>>>>>>>>
>>> (Token count: 92)

Model Output: ["The photo appears to be taken during the daytime, as indicated by the sunlight reflecting off the water and illuminating the surfer's body and the board. The angle and quality of the light suggest it could be either mid-morning or early afternoon when the sun is relatively high in the sky, producing strong direct light. However, without additional context such as shadows or the position of the sun in the sky, it's difficult to pinpoint an exact time."]

Processing Question 38/60: Can you identify the type of water activity depicted in the scene?
 >>>>>>>>>>>>>>>>>>>>>>>>>>>>>>
>>> (Token count: 67)

Model Output: ["The image shows a person engaging in river surfing, also known as riverboarding or river surfing. This is a water sport where a surfer rides on a surfboard down a flowing river, similar to how one would surf on ocean waves. The individual appears to be balancing on the surfboard while navigating through the river's flow."]

Processing Question 39/60: What could explain the man's arm positioning?
 >>>>>>>>>>>>>>>>>>>>>>>>>>>>>>
>>> (Token count: 232)

Model Output: ["The man's arm positioning in this image appears to be a dynamic pose, likely captured during an action moment while surfing. Here are some possible explanations:\n\n1. **Balance**: He may have extended his arm to maintain balance on the surfboard as he maneuvers through the water. This is common when surfers shift their weight and adjust their stance.\n\n2. **Directional Control**: His extended arm might be helping him steer or control the direction of the surfboard, especially if he is navigating through waves or avoiding obstacles.\n\n3. **Recovery from a Fall**: If he had fallen off the board earlier, his arm might be extended for balance as he readjusts himself.\n\n4. **Expression of Effort**: The position could also reflect the effort involved in riding the wave, with one arm stretched out for stability and the other potentially assisting in paddling or steering.\n\n5. **Artistic Pose**: The photo might have been taken at a specific moment that captures a dramatic or artistic expression of the surfer’s motion, emphasizing the power and fluidity of surfing.\n\nThe exact reason would depend on the context of the moment captured in the image."]

Processing Question 40/60: Is the water rough and turbulent or calm and smooth?
 >>>>>>>>>>>>>>>>>>>>>>>>>>>>>>
>>> (Token count: 50)

Model Output: ['The water in the picture appears to be rough and turbulent, as evidenced by the visible waves and splashes around the surfer. The surfer is actively riding a wave, which suggests that the water conditions are dynamic and not calm and smooth.']

Processing Question 41/60: Do you think the man is surfing in a natural or an artificial setting?
 >>>>>>>>>>>>>>>>>>>>>>>>>>>>>>
>>> (Token count: 97)

Model Output: ['The image shows a surfer riding what appears to be a wave generated by a waterpark or a river wave machine, which is typically an artificial environment designed for surfing. The presence of the clear, structured wave and the controlled setting suggest it is not a natural ocean wave but rather a human-made one. Additionally, the clarity and the coloration of the water are consistent with a constructed environment, as natural waves often have more dynamic and varied characteristics due to tides and currents.']

Processing Question 42/60: What is the surrounding environment like in this image?
 >>>>>>>>>>>>>>>>>>>>>>>>>>>>>>
>>> (Token count: 93)

Model Output: ['The image shows a person surfing on what appears to be a river wave, likely an artificial one created by a wave machine, as suggested by the controlled and calm nature of the water. The water is dark green and has ripples, indicating movement but not strong turbulence. The surfer is positioned in the middle of the wave, balancing on a surfboard with one hand extended for stability. The overall environment suggests a recreational or professional setting designed for surfing activities.']

Processing Question 43/60: How skilled does the person appear based on their stance and balance?
 >>>>>>>>>>>>>>>>>>>>>>>>>>>>>>
>>> (Token count: 111)

Model Output: ["Based on the individual's stance and balance, it appears that they have a good deal of skill in surfing. The way they are positioned on the surfboard, with one arm extended for stability and their body leaning into the wave, suggests experience and control. Their posture indicates an ability to adjust to the movement of the water, which is crucial for maintaining balance and maneuvering effectively. However, without more context or comparison to other surfers, it's difficult to pinpoint the exact level of expertise, but they certainly seem to be well-practiced."]

Processing Question 44/60: Is the individual wearing any protective wrist or ankle gear?
 >>>>>>>>>>>>>>>>>>>>>>>>>>>>>>
>>> (Token count: 49)

Model Output: ['No, the individual in the image does not appear to be wearing any protective wrist or ankle gear while surfing. The person is wearing shorts and appears to be barefoot on the surfboard, which is common for surfing without additional protective gear.']

Processing Question 45/60: Does the water appear shallow or deep in this image?
 >>>>>>>>>>>>>>>>>>>>>>>>>>>>>>
>>> (Token count: 86)

Model Output: ["The water appears to be shallow in the image, as the surfer is positioned close to the bottom of the wave and the surfboard seems to be partially submerged. The white foam surrounding the board also suggests that the water depth might not be very great at this point. However, it's important to note that this assessment is based on the visible portion of the image and may not fully capture the overall depth of the water."]

Processing Question 46/60: Is this an example of a popular water sport?
 >>>>>>>>>>>>>>>>>>>>>>>>>>>>>>
>>> (Token count: 105)

Model Output: ['The image depicts a person surfing on a wave, which is indeed a popular water sport. Surfing is enjoyed by millions around the world and involves riding waves on a surfboard. The image shows the surfer skillfully maneuvering on the board, which is a key aspect of the sport. Surfing can be practiced in various locations with suitable wave conditions, such as oceans, rivers, or artificial wave pools. It requires balance, strength, and technique to perform effectively, making it both challenging and rewarding for enthusiasts.']

Processing Question 47/60: What details can you observe on the surfboard?
 >>>>>>>>>>>>>>>>>>>>>>>>>>>>>>
>>> (Token count: 85)

Model Output: ["The surfboard in the image appears to be a longboard, which is characterized by its longer length compared to a shortboard. The board has a white base with some blue and black designs or patterns near the tail section. There also seems to be branding or logos on the deck of the board, though they aren't clearly visible in this image. The design suggests it may be tailored for surfing smooth, larger waves."]

Processing Question 48/60: Does the lighting suggest this scene takes place outdoors?
 >>>>>>>>>>>>>>>>>>>>>>>>>>>>>>
>>> (Token count: 65)

Model Output: ['The lighting in the image appears to be natural, with sunlight reflecting off the water and illuminating the surfer. The shadows and highlights on the person and the surfboard suggest that the scene is taking place outdoors during daytime. The overall brightness and clarity of the image further support the idea that it is an outdoor setting.']

Processing Question 49/60: Is there motion or action captured in this image?
 >>>>>>>>>>>>>>>>>>>>>>>>>>>>>>
>>> (Token count: 45)

Model Output: ['Yes, the image captures action. The surfer appears to be actively riding a wave, with their body leaning and balancing on the surfboard. The splashing water around them indicates movement and the dynamic nature of surfing.']

Processing Question 50/60: What might be the purpose or goal of this activity?
 >>>>>>>>>>>>>>>>>>>>>>>>>>>>>>
>>> (Token count: 194)

Model Output: ['The activity depicted in the image is river surfing, which involves riding waves on a surfboard in a river or similar flowing water environment. The purpose and goals of river surfing include:\n\n1. **Recreational Fun**: Many people engage in river surfing as a fun and adventurous pastime.\n2. **Physical Activity**: It provides a great workout, as it requires balance, strength, and agility to navigate the waves.\n3. **Connection with Nature**: River surfing allows individuals to connect with natural environments, offering a unique experience away from traditional surfing spots.\n4. **Skill Development**: Practicing river surfing helps develop skills such as balance, paddling, and wave reading, which can translate to better performance in other water sports.\n5. **Social Interaction**: It can also be an excellent way to socialize and share experiences with others who enjoy the same activity.\n\nRiver surfing can be both challenging and rewarding for participants, making it a popular and engaging outdoor activity.']

Processing Question 51/60: Is the individual barefoot or wearing footwear?
 >>>>>>>>>>>>>>>>>>>>>>>>>>>>>>
>>> (Token count: 37)

Model Output: ['The person in the image appears to be barefoot while surfing on the wave. There is no visible footwear, and the surfboard seems to be in direct contact with their feet.']

Processing Question 52/60: How could the direction of the water flow impact the surfer's movements?
 >>>>>>>>>>>>>>>>>>>>>>>>>>>>>>
>>> (Token count: 311)

Model Output: ["The direction and speed of the water flow can significantly affect the surfer's movements in several ways:\n\n1. **Stability**: If the water is flowing in the same direction as the surfer's movement, it can make it easier to maintain balance and control. Conversely, if the current is against the surfer, it may be more challenging to stay upright.\n\n2. **Speed**: The strength of the current can increase or decrease the surfer's overall speed, making it harder or easier to paddle or maneuver.\n\n3. **Wave Formation**: Depending on the direction and speed of the water flow, it may influence the formation of waves. For instance, if the surfer is riding a river wave, the water flow can shape the wave into a particular form, affecting how the surfer interacts with it.\n\n4. **Energy Consumption**: A strong current requires the surfer to expend more energy to maintain their position or advance. This can lead to fatigue over time.\n\n5. **Control and Maneuverability**: In a current, the surfer may need to adapt their paddling techniques and positioning to counteract the flow and keep control of their surfboard.\n\n6. **Risk of Being Driven Away**: In some cases, the current might push the surfer away from the wave or towards obstacles, potentially leading to a loss of control or an accident.\n\nIn this image, the surfer appears to be using the current effectively, leaning into it while maintaining balance, suggesting that they have adapted well to the flow of the water."]

Processing Question 53/60: In what type of location might this activity typically be done?
 >>>>>>>>>>>>>>>>>>>>>>>>>>>>>>
>>> (Token count: 106)

Model Output: ['The activity shown in the picture, which is surfing on a river wave, is typically done in locations known for river surfing. River surfing is a variant of surfing that takes place on waves generated by waterfalls or artificial structures like dams. These locations often include rivers with strong currents and steep drop-offs that create powerful waves. The sport is popular in areas such as Oregon, California, and other regions with suitable natural features. Additionally, some artificial river surfing parks have been built to provide controlled environments for practicing and performing the sport.']

Processing Question 54/60: What role does balance play in the activity shown?
 >>>>>>>>>>>>>>>>>>>>>>>>>>>>>>
>>> (Token count: 139)

Model Output: ["Balance is crucial in the activity shown, which is surfing. The surfer must maintain their center of gravity over the surfboard to remain upright and control their movements on the wave. Proper balance allows the surfer to:\n\n1. **Stay stable**: To avoid falling off the board.\n2. **Navigate waves effectively**: By shifting their weight to steer or adjust to the wave's motion.\n3. **Execute maneuvers**: Such as turns, jumps, or drops into the water, which require precise body positioning.\n\nThe surfer's stance, leaning forward or backward, and the position of their arms (as seen here with one extended for stability) all contribute to maintaining balance during the ride."]

Processing Question 55/60: Are there any potential risks associated with the depicted activity?
 >>>>>>>>>>>>>>>>>>>>>>>>>>>>>>
>>> (Token count: 367)

Model Output: ["Yes, there are several potential risks associated with the activity shown in the picture, which appears to be surfing on a river wave or a small wave that may not have the same conditions as an ocean wave:\n\n1. **Rapid Currents**: Rivers can have strong currents and eddies, which can sweep surfers away from the wave or into dangerous areas.\n\n2. **Uneven Riverbed**: The riverbed can be rocky, uneven, or slippery, posing a risk of injury if the surfer falls.\n\n3. **Obstacles**: There could be submerged branches, rocks, or other objects that could cause harm if the surfer hits them.\n\n4. **Water Conditions**: The water might be shallow, cold, or contaminated, increasing the risk of hypothermia or infection.\n\n5. **Limited Visibility**: In some rivers, visibility is poor due to debris or sediment, making it difficult to spot hazards.\n\n6. **Inexperienced Surfers**: If the surfer is inexperienced or unprepared, they might struggle to maintain balance or control over the board, increasing the likelihood of falling or crashing.\n\n7. **Weak Waves**: Small waves might not provide enough momentum or stability for safe surfing, leading to wipeouts or loss of control.\n\n8. **Lack of Safety Gear**: Without appropriate safety gear such as a wetsuit, life jacket, or helmet, the surfer is more vulnerable to injuries.\n\n9. **Crowding**: If there are other surfers or boaters in the area, the risk of collisions increases.\n\nTo mitigate these risks, it's essential to practice in safe conditions, use proper safety equipment, and understand the specific characteristics of the water being used. It's also advisable to surf with someone else, have a spotter, and be aware of the local river regulations."]

Processing Question 56/60: Could the wave shown be natural or created by stones or a waterfall?
 >>>>>>>>>>>>>>>>>>>>>>>>>>>>>>
>>> (Token count: 163)

Model Output: ["The image shows a person surfing on what appears to be a river wave, which is typically formed by a combination of factors including currents, the shape of the riverbed, and sometimes human intervention like dams or waterfalls. While it's possible for waves in rivers to form naturally due to the interaction of currents and topography, they can also be created artificially through structures such as dams or waterfalls that manipulate the flow of water. \n\nIn this case, given the appearance of the wave, it looks more like a natural river wave rather than one created by stones or a waterfall, as the size and formation suggest a larger, flowing body of water typical of river surfing spots. However, without more context about the location or additional images, it's difficult to definitively determine if the wave is natural or artificial."]

Processing Question 57/60: Would you consider this activity to be a sport or a recreational pastime?
 >>>>>>>>>>>>>>>>>>>>>>>>>>>>>>
>>> (Token count: 126)

Model Output: ["This activity, which appears to be river surfing, is typically considered both a sport and a recreational pastime. River surfing involves riding the waves created by waterfalls or rivers, and it requires skills such as balance, paddling, and maneuvering the surfboard on moving water. It can be a challenging and exciting sport for experienced participants. However, it is also enjoyed recreationally by those who may not pursue it competitively but still find it enjoyable for relaxation and fun in nature. The activity can vary in intensity depending on the individual's skill level and the specific environment, making it appealing to a wide range of interests."]

Processing Question 58/60: What might the man be thinking or focusing on at this moment?
 >>>>>>>>>>>>>>>>>>>>>>>>>>>>>>
>>> (Token count: 259)

Model Output: ["The man in the image appears to be surfing, and at this moment, he may be focusing on several aspects:\n\n1. **Maintaining Balance**: He is leaning forward with his arms extended for stability, suggesting that he's concentrating on keeping his center of gravity low and centered over the surfboard.\n\n2. **Direction and Speed**: He might be assessing the flow of the water and planning where to move next to maintain momentum or change direction.\n\n3. **Surfboard Control**: His grip and stance indicate he is actively working to steer and control the board, which requires precise focus.\n\n4. **Avoiding Obstacles**: If there are rocks, other surfers, or waves nearby, he may be monitoring the environment to avoid collisions or losing balance.\n\n5. **Enjoyment and Flow**: Surfing often involves being in the moment, so he could also be fully enjoying the experience, focusing on the sensation of riding the wave.\n\n6. **Strategies for Paddling or Turning**: Depending on the situation, he might be mentally preparing for his next move, such as paddling out to catch another wave or adjusting his position for a turn.\n\nHis body language reflects a combination of concentration, physical exertion, and adaptability, all of which are essential for successful surfing."]

Processing Question 59/60: Does the sunlight enhance or hinder the clarity of the image?
 >>>>>>>>>>>>>>>>>>>>>>>>>>>>>>
>>> (Token count: 91)

Model Output: ["The sunlight in this image enhances the clarity by creating a bright reflection on the water's surface, which adds contrast and highlights the details of the surfer and the surfboard. The light also reflects off the water, making it easier to see the texture and movement of the water around the surfer, thus contributing to a clear and vibrant visual effect. However, it might also cause some glare that could affect the overall sharpness if not properly managed."]

Processing Question 60/60: Is this image a good representation of outdoor adventure?
 >>>>>>>>>>>>>>>>>>>>>>>>>>>>>>
>>> (Token count: 87)

Model Output: ['This image indeed captures an excellent moment of outdoor adventure. It shows a person surfing, which is a thrilling and adventurous water sport that requires skill, balance, and a connection with nature. The dynamic pose of the surfer and the flowing water create a sense of movement and excitement, highlighting the exhilaration of engaging in such activities. The natural setting, combined with the action of riding waves, emphasizes the adventurous spirit of outdoor activities.']
average_tokens : 110.4
