Using default attention!

Processing Question 1/60: What types of fixtures are present in the bathroom?
 >>>>>>>>>>>>>>>>>>>>>>>>>>>>>>
>>> (Token count: 204)

Model Output: Okay, let's break down the fixtures in this bathroom! Here's a list of what I can identify:

*   **Shower:** A glass-enclosed shower.
*   **Bathtub:** A white clawfoot-style bathtub.
*   **Shower Curtain:** A dark red curtain.
*   **Vanity:** A double vanity with wood-framed cabinets.
*   **Sinks:** Two sinks.
*   **Faucets:** Two modern-style faucets for the sinks.
*   **Mirror:** A large, framed mirror above the vanity.
*   **Lighting:** Two sconces on the wall, and an overhead light.
*   **Toilet:** Not visible in the picture, but it's likely located in the space to the right.
*   **Rug:** A red rug placed in front of the toilet.



Do you want me to zoom in on a particular fixture or provide more detail about any of these elements?

Processing Question 2/60: How many mirrors are above the sink?
 >>>>>>>>>>>>>>>>>>>>>>>>>>>>>>
>>> (Token count: 14)

Model Output: Based on the image, there are two mirrors above the sink.

Processing Question 3/60: What is the color of the bathroom cabinets?
 >>>>>>>>>>>>>>>>>>>>>>>>>>>>>>
>>> (Token count: 23)

Model Output: Based on the image, the bathroom cabinets appear to be a shade of **dark brown** or **espresso**.

Processing Question 4/60: What material appears to be used for the floor?
 >>>>>>>>>>>>>>>>>>>>>>>>>>>>>>
>>> (Token count: 26)

Model Output: Based on the image, the floor appears to be made of **tile**. It has a speckled, stone-like pattern.

Processing Question 5/60: What color is the shower curtain?
 >>>>>>>>>>>>>>>>>>>>>>>>>>>>>>
>>> (Token count: 28)

Model Output: Based on the image, the shower curtain is a deep shade of **red**. It has a slightly dark, wine-like appearance.

Processing Question 6/60: Does the room have a bathtub or a shower, or both?
 >>>>>>>>>>>>>>>>>>>>>>>>>>>>>>
>>> (Token count: 30)

Model Output: Based on the image, the room has both a bathtub and a shower. There's a freestanding bathtub and a glass-enclosed shower.

Processing Question 7/60: How many sinks are visible on the countertop?
 >>>>>>>>>>>>>>>>>>>>>>>>>>>>>>
>>> (Token count: 17)

Model Output: Based on the image, there are **two** sinks visible on the countertop.

Processing Question 8/60: What is the color of the walls in the bathroom?
 >>>>>>>>>>>>>>>>>>>>>>>>>>>>>>
>>> (Token count: 38)

Model Output: Based on the image, the walls in the bathroom appear to be a muted shade of beige or cream. It's a warm, light color that creates a calm and inviting atmosphere.

Processing Question 9/60: What type of lighting is present above the mirror?
 >>>>>>>>>>>>>>>>>>>>>>>>>>>>>>
>>> (Token count: 32)

Model Output: Based on the image, the lighting above the mirror appears to be **sconces**. They are small, wall-mounted fixtures with two lights each.

Processing Question 10/60: Is there a rug or decorative floor mat in the room?
 >>>>>>>>>>>>>>>>>>>>>>>>>>>>>>
>>> (Token count: 19)

Model Output: Yes, there is a red rug or decorative floor mat on the floor in the bathroom.

Processing Question 11/60: What is the design of the tiles around the bathtub?
 >>>>>>>>>>>>>>>>>>>>>>>>>>>>>>
>>> (Token count: 100)

Model Output: Okay, let's analyze the tile design around the bathtub in the image.

The tiles appear to be a **subway tile pattern**. They're rectangular and laid out in a staggered horizontal fashion, which is a classic subway tile look. 

They seem to be a beige or cream color, providing a neutral contrast to the white bathtub and vanity. 

Do you want me to describe any other specific elements of the bathroom design, like the vanity style or the wall colors?

Processing Question 12/60: Does the bathroom have natural or artificial lighting?
 >>>>>>>>>>>>>>>>>>>>>>>>>>>>>>
>>> (Token count: 72)

Model Output: Based on the image, the bathroom has both natural and artificial lighting. 

*   **Natural lighting** is coming through a window in the background.
*   **Artificial lighting** is provided by the sconce on the wall and the mirror's light.

Let me know if you want me to describe any other aspects of the image!

Processing Question 13/60: What material could the countertop be made of?
 >>>>>>>>>>>>>>>>>>>>>>>>>>>>>>
>>> (Token count: 110)

Model Output: Based on the image, the countertop appears to be made of **wood, likely a dark-stained wood like walnut or cherry.** 

Here's why I think so:

*   **Color and Grain:** The countertop has a rich, warm brown color with visible wood grain.
*   **Finish:** The smooth, polished surface suggests a wood finish.

It could potentially be a veneer over a substrate, but the color and grain strongly point towards solid wood.

Do you want me to analyze other aspects of the image?

Processing Question 14/60: Does the bathroom include any visible decor items?
 >>>>>>>>>>>>>>>>>>>>>>>>>>>>>>
>>> (Token count: 118)

Model Output: Here's what I can see in the image of the bathroom:

Yes, the bathroom does include some visible decor items:

*   **Mirror:** There's a large, ornate framed mirror above the double vanity.
*   **Wall Sconce:** A decorative wall sconce with two lights is mounted on the wall.
*   **Shower Curtain:** A red and burgundy patterned shower curtain adds color and texture.
*   **Rug:** A red patterned rug is placed on the floor.

Do you want me to describe any other details about the bathroom?

Processing Question 15/60: What kind of faucet (e.g., single or double handles) does the sink have?
 >>>>>>>>>>>>>>>>>>>>>>>>>>>>>>
>>> (Token count: 26)

Model Output: Based on the image, the sink has **double handles**. You can clearly see two separate faucets for hot and cold water.

Processing Question 16/60: Is there any visible towel storage in the bathroom?
 >>>>>>>>>>>>>>>>>>>>>>>>>>>>>>
>>> (Token count: 31)

Model Output: Yes, there is visible towel storage in the bathroom. 

There’s a small, white towel placed on the countertop next to the sink.

Processing Question 17/60: Are the mirrors framed, and if so, what is their frame color or material?
 >>>>>>>>>>>>>>>>>>>>>>>>>>>>>>
>>> (Token count: 27)

Model Output: Yes, the mirrors are framed. The frames appear to be made of dark wood, possibly a rich brown or dark walnut color.

Processing Question 18/60: How many towels are visible in the bathroom?
 >>>>>>>>>>>>>>>>>>>>>>>>>>>>>>
>>> (Token count: 37)

Model Output: Based on the image, I can see **two** towels visible in the bathroom. One is folded neatly on the counter and the other is draped over the side of the bathtub.

Processing Question 19/60: Is the bathtub separate from the shower stall?
 >>>>>>>>>>>>>>>>>>>>>>>>>>>>>>
>>> (Token count: 33)

Model Output: Yes, based on the image, the bathtub and shower stall are separate. You can see a distinct division between them, with a curtain separating the two areas.

Processing Question 20/60: What is the design or shape of the bathtub?
 >>>>>>>>>>>>>>>>>>>>>>>>>>>>>>
>>> (Token count: 43)

Model Output: Based on the image, the bathtub appears to be a **rectangular, clawfoot-style bathtub**. 

It has a classic, curved shape with a slightly rounded edge, characteristic of traditional clawfoot tubs.

Processing Question 21/60: Are there windows in the bathroom?
 >>>>>>>>>>>>>>>>>>>>>>>>>>>>>>
>>> (Token count: 15)

Model Output: No, there are no windows visible in the bathroom in the image.

Processing Question 22/60: Is there a hook near the shower?
 >>>>>>>>>>>>>>>>>>>>>>>>>>>>>>
>>> (Token count: 31)

Model Output: Yes, there is a hook near the shower in the image. It's located on the left-hand wall, just above the shower door.

Processing Question 23/60: What color is the countertop surface?
 >>>>>>>>>>>>>>>>>>>>>>>>>>>>>>
>>> (Token count: 33)

Model Output: Based on the image, the countertop surface appears to be **white**. It has a subtle veining pattern that suggests it might be a marble or quartz composite.

Processing Question 24/60: Are there any visible electrical outlets near the sink?
 >>>>>>>>>>>>>>>>>>>>>>>>>>>>>>
>>> (Token count: 30)

Model Output: Yes, there is a visible electrical outlet near the sink in the image. It's located on the wall to the right of the mirror.

Processing Question 25/60: Does the lighting on the wall appear to be centered over both mirrors?
 >>>>>>>>>>>>>>>>>>>>>>>>>>>>>>
>>> (Token count: 36)

Model Output: No, the lighting on the wall does not appear to be centered over both mirrors. It's positioned to the right of the vanity, illuminating the right mirror more prominently.

Processing Question 26/60: What color is the floor rug or mat?
 >>>>>>>>>>>>>>>>>>>>>>>>>>>>>>
>>> (Token count: 34)

Model Output: Based on the image, the floor rug or mat is a deep, rich **red** color. It appears to have a slightly textured or velvet-like appearance.

Processing Question 27/60: Are the doors of the cabinet below the sink made of wood?
 >>>>>>>>>>>>>>>>>>>>>>>>>>>>>>
>>> (Token count: 35)

Model Output: Yes, based on the image, the doors of the cabinet below the sink appear to be made of wood. They have a dark brown color and a visible wood grain.

Processing Question 28/60: Does the bathroom look modern, traditional, or transitional in design?
 >>>>>>>>>>>>>>>>>>>>>>>>>>>>>>
>>> (Token count: 132)

Model Output: Based on the image, the bathroom leans towards a **transitional** design style. 

Here’s why:

*   **Traditional Elements:** The double vanity with dark wood cabinets, the framed mirror, and the ornate sconces give it a traditional feel.
*   **Modern Elements:** The sleek showerhead, the frameless glass shower door, and the simple, clean lines of the countertop and sink add a modern touch.

The combination of these elements is what defines a transitional style – blending classic and contemporary features.

Would you like me to describe any specific features in more detail, or perhaps analyze other aspects of the room?

Processing Question 29/60: How many light fixtures are attached to the wall?
 >>>>>>>>>>>>>>>>>>>>>>>>>>>>>>
>>> (Token count: 16)

Model Output: Based on the image, there are two light fixtures attached to the wall.

Processing Question 30/60: Is the design of the bathroom more functional or decorative?
 >>>>>>>>>>>>>>>>>>>>>>>>>>>>>>
>>> (Token count: 277)

Model Output: Okay, let's analyze the bathroom design in the image.

Based on the image, it leans more towards **decorative** than purely functional, although it certainly has elements of both. Here's a breakdown of why:

*   **Decorative Elements:**
    *   **Mirror:** The large, ornate framed mirror is a key decorative feature.
    *   **Curtain:** The rich red curtain adds a touch of luxury and color.
    *   **Rug:** The patterned rug adds warmth and visual interest.
    *   **Lighting:** The sconce fixtures and the vanity light are more focused on creating an aesthetic ambiance.
    *   **Color Palette:** The warm, neutral color scheme (beige, cream, brown) creates a soothing, stylish look.

*   **Functional Elements:**
    *   **Shower and Tub:** These are clearly functional necessities.
    *   **Vanity with Double Sink:** Provides adequate space for toiletries.
    *   **Toilet:** Essential functionality.

**Overall Impression:** The bathroom has a luxurious feel with its decorative touches, and while it's well-equipped with essential functional items, the design prioritizes aesthetics.

---

Would you like me to:

*   Describe specific design features in more detail?
*   Suggest ways to make the bathroom more functional?

Processing Question 31/60: What type of flooring is used in this bathroom?
 >>>>>>>>>>>>>>>>>>>>>>>>>>>>>>
>>> (Token count: 30)

Model Output: Based on the image, the flooring appears to be **tile**. It has a subtle, slightly textured appearance, typical of ceramic or porcelain tile.

Processing Question 32/60: How many mirrors are above the sink area?
 >>>>>>>>>>>>>>>>>>>>>>>>>>>>>>
>>> (Token count: 15)

Model Output: Based on the image, there are two mirrors above the sink area.

Processing Question 33/60: What is the color and material of the bathroom cabinets?
 >>>>>>>>>>>>>>>>>>>>>>>>>>>>>>
>>> (Token count: 48)

Model Output: Based on the image, the bathroom cabinets appear to be:

*   **Color:** A dark brown or espresso color.
*   **Material:** They look to be made of wood, likely a solid wood or wood veneer.

Processing Question 34/60: Are the walls painted a neutral tone or a bold color?
 >>>>>>>>>>>>>>>>>>>>>>>>>>>>>>
>>> (Token count: 16)

Model Output: The walls are painted a neutral tone – a warm beige or cream color.

Processing Question 35/60: Is the lighting above the sink warm or cool-toned?
 >>>>>>>>>>>>>>>>>>>>>>>>>>>>>>
>>> (Token count: 35)

Model Output: Based on the image, the lighting above the sink appears to be **warm-toned**. 

The bulbs have a yellowish hue, which suggests a warmer light temperature.

Processing Question 36/60: What color is the bath mat?
 >>>>>>>>>>>>>>>>>>>>>>>>>>>>>>
>>> (Token count: 17)

Model Output: Based on the image, the bath mat is a deep, rich red color.

Processing Question 37/60: Does the bathtub have a shower curtain? If so, what color is it?
 >>>>>>>>>>>>>>>>>>>>>>>>>>>>>>
>>> (Token count: 18)

Model Output: Yes, the bathtub does have a shower curtain. It is a deep red color.

Processing Question 38/60: How many sinks are visible on the countertop?
 >>>>>>>>>>>>>>>>>>>>>>>>>>>>>>
>>> (Token count: 17)

Model Output: Based on the image, there are **two** sinks visible on the countertop.

Processing Question 39/60: Is there a shower stall separate from the bathtub?
 >>>>>>>>>>>>>>>>>>>>>>>>>>>>>>
>>> (Token count: 33)

Model Output: Yes, based on the image, there is a separate shower stall alongside the bathtub. You can clearly see a glass shower enclosure to the left of the bathtub.

Processing Question 40/60: Does this bathroom have a modern, traditional, or transitional design style?
 >>>>>>>>>>>>>>>>>>>>>>>>>>>>>>
>>> (Token count: 117)

Model Output: Based on the image, this bathroom appears to have a **transitional** design style. 

Here's why:

*   **Traditional Elements:** You can see elements like the ornate mirror frame, the traditional-style faucets, and the dark wood vanity.
*   **Modern Elements:** The showerhead, the floating vanity, and the simple wall color (beige) introduce a more contemporary feel.

The combination of these classic and modern features is what defines the transitional style.

Would you like me to point out any other specific design elements in the picture?

Processing Question 41/60: What material appears to be used for the vanity countertop?
 >>>>>>>>>>>>>>>>>>>>>>>>>>>>>>
>>> (Token count: 35)

Model Output: Based on the image, the vanity countertop appears to be made of **marble**. 

It has the characteristic veining and subtle color variations that are typical of marble.

Processing Question 42/60: Are there towel holders visible in the picture?
 >>>>>>>>>>>>>>>>>>>>>>>>>>>>>>
>>> (Token count: 24)

Model Output: Yes, there are towel holders visible in the picture. You can see them attached to the wall near the sink.

Processing Question 43/60: Are the faucets gold, silver, or another finish?
 >>>>>>>>>>>>>>>>>>>>>>>>>>>>>>
>>> (Token count: 17)

Model Output: Based on the image, the faucets appear to have a **gold** finish.

Processing Question 44/60: What type of lighting fixture is mounted above the mirrors?
 >>>>>>>>>>>>>>>>>>>>>>>>>>>>>>
>>> (Token count: 38)

Model Output: Based on the image, the lighting fixture above the mirrors appears to be **two sconces**. They are rectangular in shape with a brass or gold finish and feature a frosted glass shade.

Processing Question 45/60: Is there natural light present or only artificial light?
 >>>>>>>>>>>>>>>>>>>>>>>>>>>>>>
>>> (Token count: 55)

Model Output: Based on the image, there appears to be a combination of both natural and artificial light. 

You can see a window in the background, suggesting natural light is present. Additionally, there are two sconces and a vanity light, indicating the use of artificial lighting.

Processing Question 46/60: What is the color of the shower curtain rod?
 >>>>>>>>>>>>>>>>>>>>>>>>>>>>>>
>>> (Token count: 16)

Model Output: Based on the image, the shower curtain rod appears to be **silver**.

Processing Question 47/60: Is there any visible décor on the vanity countertop?
 >>>>>>>>>>>>>>>>>>>>>>>>>>>>>>
>>> (Token count: 16)

Model Output: Yes, there is a small stack of white towels on the vanity countertop.

Processing Question 48/60: What type of material lines the shower walls?
 >>>>>>>>>>>>>>>>>>>>>>>>>>>>>>
>>> (Token count: 37)

Model Output: Based on the image, the shower walls appear to be lined with **light-colored tile**. It looks like a small, square or rectangular tile with a subtle variation in color.

Processing Question 49/60: Are the mirrors framed or frameless? If framed, what is the frame color?
 >>>>>>>>>>>>>>>>>>>>>>>>>>>>>>
>>> (Token count: 23)

Model Output: Based on the image, both mirrors are framed. The frame color appears to be a dark brown or burgundy.

Processing Question 50/60: Is the shower fully enclosed with glass, or does it have a partial panel?
 >>>>>>>>>>>>>>>>>>>>>>>>>>>>>>
>>> (Token count: 31)

Model Output: Based on the image, the shower appears to be **fully enclosed with glass**. You can see the glass panels on both sides of the shower enclosure.

Processing Question 51/60: What design detail is seen at the edge of the bathtub?
 >>>>>>>>>>>>>>>>>>>>>>>>>>>>>>
>>> (Token count: 39)

Model Output: At the edge of the bathtub, I see a **decorative molding** or trim. It appears to be a subtle, dark-colored detail that adds a touch of elegance to the fixture.

Processing Question 52/60: Can you see any electrical outlets in the picture?
 >>>>>>>>>>>>>>>>>>>>>>>>>>>>>>
>>> (Token count: 35)

Model Output: Yes, I can see two electrical outlets in the picture. One is located on the right side of the vanity, and the other is near the top of the wall.

Processing Question 53/60: Are there any towels visible, and if so, where?
 >>>>>>>>>>>>>>>>>>>>>>>>>>>>>>
>>> (Token count: 17)

Model Output: Yes, there is a white towel visible on the counter next to the sink.

Processing Question 54/60: Is the bathtub a standalone feature or part of a wall unit?
 >>>>>>>>>>>>>>>>>>>>>>>>>>>>>>
>>> (Token count: 43)

Model Output: Based on the image, the bathtub appears to be a **standalone feature**. It's not integrated into a wall unit or alcove. It sits on its own base and is separated from the surrounding walls.

Processing Question 55/60: What is the general layout of this bathroom, and is it efficient for space?
 >>>>>>>>>>>>>>>>>>>>>>>>>>>>>>
>>> (Token count: 312)

Model Output: Okay, let's analyze the layout and efficiency of this bathroom.

**General Layout:**

*   **Dual Vanity:** The bathroom features a double vanity with two sinks, providing ample space for toiletries and grooming.
*   **Separate Shower and Tub:** There’s a distinct separation between a glass-enclosed shower and a freestanding bathtub.
*   **Mirror and Lighting:** A large, ornate mirror sits above the vanity with sconce lighting flanking it.
*   **Wall-Mounted Toilet:** A toilet is located on the side, contributing to the overall compact design.
*   **Partial Wall:** There’s a partial wall behind the toilet that serves as a backdrop to the bathtub.

**Efficiency for Space:**

*   **Compact Design:** This bathroom is relatively small and compact. The design choices (separate shower and tub, wall-mounted toilet) contribute to this.
*   **Good Use of Vertical Space:** The height of the vanity and mirror makes good use of vertical space, preventing it from feeling cramped.
*   **Possible Considerations:** Given the small size, storage might be a slight challenge.  A taller cabinet or shelving unit could be beneficial.


**Overall:**  The layout appears fairly efficient for the limited space. It successfully incorporates the essentials (vanity, shower, tub, toilet) while maintaining a functional and aesthetically pleasing design.

Do you want me to zoom in on a specific area or aspect of the bathroom, like the lighting, or the style of the fixtures?

Processing Question 56/60: Are any plants or decorative accessories present?
 >>>>>>>>>>>>>>>>>>>>>>>>>>>>>>
>>> (Token count: 18)

Model Output: Based on the image, there are no visible plants or decorative accessories in the bathroom.

Processing Question 57/60: What is the purpose of the small wall hook to the left of the shower?
 >>>>>>>>>>>>>>>>>>>>>>>>>>>>>>
>>> (Token count: 35)

Model Output: That small wall hook to the left of the shower is likely for hanging a towel. It’s a convenient spot to hang a towel after showering or taking a bath.

Processing Question 58/60: Does the bathroom have a double or single vanity?
 >>>>>>>>>>>>>>>>>>>>>>>>>>>>>>
>>> (Token count: 23)

Model Output: Based on the image, the bathroom has a **double vanity**. You can clearly see two sinks and faucets.

Processing Question 59/60: What seems to be the daylight color reflected in the corner mirror (warm or neutral)?
 >>>>>>>>>>>>>>>>>>>>>>>>>>>>>>
>>> (Token count: 36)

Model Output: Based on the image, the daylight color reflected in the corner mirror appears to be **warm**. 

The reflection shows a noticeable golden or amber hue, indicating warm light.

Processing Question 60/60: Does the bathroom appear clean and well-maintained? Why or why not?
 >>>>>>>>>>>>>>>>>>>>>>>>>>>>>>
>>> (Token count: 147)

Model Output: Based on the image, the bathroom appears to be clean and well-maintained. Here’s why:

*   **Clean Surfaces:** The walls, vanity, and floor all appear to be clean and free of visible dirt or stains.
*   **Well-Organized:** The toiletries are neatly arranged on the countertop with a white towel.
*   **Functional Fixtures:** The shower, bathtub, and sinks look modern and in good working order.
*   **Good Lighting:** The lighting fixture above the vanity is bright and functional.

Overall, the bathroom has a tidy and inviting look, suggesting it is regularly cleaned and cared for.

Would you like me to describe any specific elements in more detail?
average_tokens : 50.166666666666664
