Using default attention!

Processing Question 1/60: What type of public transportation is shown in the image?
 >>>>>>>>>>>>>>>>>>>>>>>>>>>>>>
>>> (Token count: 31)

Model Output: ['The image shows a public bus, which is a common form of public transportation used for transporting passengers within urban areas and sometimes to suburban destinations as well.']

Processing Question 2/60: What is the purpose of the overhead wires aligned with the bus?
 >>>>>>>>>>>>>>>>>>>>>>>>>>>>>>
>>> (Token count: 122)

Model Output: ['The overhead wires in this image are part of an electric trolleybus system, which provides power to the bus as it moves along the wire. This setup allows the bus to operate without traditional fossil fuel-based engines, making it more environmentally friendly and reducing emissions compared to diesel buses.\n\nThe trolleybus draws electricity from the overhead wires using a pantograph (a device that connects to the wires), which is visible at the front of the bus. This system eliminates the need for a onboard generator or battery, making it a practical alternative to fully electric buses, especially where charging infrastructure is limited or impractical.']

Processing Question 3/60: What does the red side advertisement promote?
 >>>>>>>>>>>>>>>>>>>>>>>>>>>>>>
>>> (Token count: 43)

Model Output: ['The advertisement on the bus promotes an art exhibit or work by Cindy Sherman, as indicated by the text "CINDY SHERMAN" and the images of her work displayed on the side of the bus.']

Processing Question 4/60: What does "MUNI" on the bus signify?
 >>>>>>>>>>>>>>>>>>>>>>>>>>>>>>
>>> (Token count: 44)

Model Output: ['"MUNI" stands for Municipal Railway, which is the public transportation system in San Francisco, California. It refers to the city\'s transit agency that operates the buses, trams, and trains within the city.']

Processing Question 5/60: What number is written on the upper right corner of the bus?
 >>>>>>>>>>>>>>>>>>>>>>>>>>>>>>
>>> (Token count: 19)

Model Output: ['The number written on the upper right corner of the bus is "8235."']

Processing Question 6/60: What type of construction is occurring in the background of the image?
 >>>>>>>>>>>>>>>>>>>>>>>>>>>>>>
>>> (Token count: 57)

Model Output: ['The construction in the background appears to be related to a building, as evidenced by the metal framework and supports visible on the structures. It may involve the erection or assembly of new construction components, such as beams or columns, typical of a building project in an early stage of development.']

Processing Question 7/60: How many doors are visible on the bus?
 >>>>>>>>>>>>>>>>>>>>>>>>>>>>>>
>>> (Token count: 13)

Model Output: ['There are two doors visible on the bus in the image.']

Processing Question 8/60: Is this bus a single or articulated (double-length) bus?
 >>>>>>>>>>>>>>>>>>>>>>>>>>>>>>
>>> (Token count: 100)

Model Output: ['The bus in the image appears to be a single-length bus, as there is no indication of an extended or articulated section that would suggest it is a double-length bus. Single-length buses are typically shorter and more compact, while articulated buses have a longer body with a flexible joint allowing for greater length. The visible portion of the bus in the image does not show any signs of articulation, such as a joint or additional wheels, which further supports the conclusion that it is a single-length bus.']

Processing Question 9/60: How many passengers do you think this type of bus can accommodate?
 >>>>>>>>>>>>>>>>>>>>>>>>>>>>>>
>>> (Token count: 113)

Model Output: ["This is a standard public transit bus, likely designed for capacity between 30 to 50 passengers, depending on the specific model and configuration. The exact number would depend on the number of seats and standing room available inside the bus, as well as any reserved spaces for wheelchairs or other needs. The image shows a single-level bus with large windows and multiple doors, which are typical features of buses that can accommodate a significant number of people. However, without more details about the specific model, it's not possible to determine the exact passenger capacity."]

Processing Question 10/60: What could the red and white color scheme of the bus indicate?
 >>>>>>>>>>>>>>>>>>>>>>>>>>>>>>
>>> (Token count: 209)

Model Output: ["The red and white color scheme on the bus can be associated with various meanings or purposes, depending on its context. Here are some possible interpretations:\n\n1. **Brand or Company Identity**: The colors may represent the branding of the transit company or organization operating the bus.\n\n2. **Safety or Visibility**: Red and white are high-visibility colors that make the bus easily noticeable to pedestrians and other vehicles, especially in urban environments.\n\n3. **Promotional Campaign**: The red and white may be part of an advertisement campaign for a product, service, or brand, as seen here with the Cindy Sherman artwork promoting her work.\n\n4. **Government or Public Transit System**: In many cities, buses painted in specific colors signify public transportation, often representing a government or municipal entity.\n\n5. **Historical or Cultural Significance**: Some cities may have their buses painted in historical or culturally significant colors to reflect local heritage.\n\nIn this case, given the promotional artwork, it's likely part of an advertising campaign rather than a standard transit system color scheme."]

Processing Question 11/60: What purpose do the poles extending upwards from the bus serve?
 >>>>>>>>>>>>>>>>>>>>>>>>>>>>>>
>>> (Token count: 103)

Model Output: ['The poles extending upwards from the bus in this image are part of an overhead trolleybus electrical system, also known as "trolley poles." These poles are connected to overhead wires that supply electricity to the bus via a pantograph (a device on the bus that makes contact with the wires). This allows the bus to operate without a diesel engine and instead use electric power for propulsion. Trolleybuses require overhead wires for their operation and are commonly found in cities where it is feasible to install such infrastructure.']

Processing Question 12/60: What is the significance of the name "CINDY SHERMAN" on the advertisement?
 >>>>>>>>>>>>>>>>>>>>>>>>>>>>>>
>>> (Token count: 120)

Model Output: ['"Cindy Sherman" refers to the artist Cindy Sherman, known for her work in photography and performance art. The advertisement appears to be promoting an exhibit or project related to her work. Cindy Sherman is famous for her self-portraits and has been influential in the contemporary art scene, particularly within the realms of conceptual and feminist art. Her images often challenge traditional notions of identity, gender, and representation, making her a significant figure in modern art history. This advertisement likely highlights one of her projects or exhibitions, which could involve performances, installations, or a body of work that showcases her unique artistic vision.']

Processing Question 13/60: What type of lamp pole is shown near the bus?
 >>>>>>>>>>>>>>>>>>>>>>>>>>>>>>
>>> (Token count: 78)

Model Output: ['The lamp post near the bus appears to be a standard street lamp, commonly found in urban areas. It has a classic design with multiple light fixtures arranged vertically and is supported by a metal pole. This type of lamp post is typically used for public illumination and often contains wiring for electrical distribution and other utilities. The exact model cannot be identified from this image alone without further context or specifications.']

Processing Question 14/60: Are there any structural reinforcements visible in the background?
 >>>>>>>>>>>>>>>>>>>>>>>>>>>>>>
>>> (Token count: 47)

Model Output: ['Yes, in the background of the image, there are visible structural reinforcements, likely part of a construction site. These appear as metal rods or bars that are commonly used to reinforce concrete and provide support for building structures during construction phases.']

Processing Question 15/60: What kind of traffic signals can be seen in the image?
 >>>>>>>>>>>>>>>>>>>>>>>>>>>>>>
>>> (Token count: 36)

Model Output: ['In the image, there is a traffic light visible on a pole near the bus. The traffic light is showing a red signal, indicating that vehicles should stop at this point.']

Processing Question 16/60: How do the rounded windows on the bus affect its design?
 >>>>>>>>>>>>>>>>>>>>>>>>>>>>>>
>>> (Token count: 129)

Model Output: ['The rounded windows on the bus contribute to a modern and sleek design aesthetic. They provide an unobstructed view for passengers while also creating a smooth, flowing line along the side of the vehicle. This design choice may also enhance aerodynamics, which can improve fuel efficiency as the bus travels at higher speeds.\n\nAdditionally, the rounded shape of the windows gives the bus a friendly and approachable appearance, potentially making it more visually appealing and less intimidating to potential passengers. The use of rounded edges can also make the bus feel less rigid or angular, which can be beneficial in urban environments where aesthetics play a role in public perception of transit systems.']

Processing Question 17/60: Which areas could this bus potentially be serving?
 >>>>>>>>>>>>>>>>>>>>>>>>>>>>>>
>>> (Token count: 194)

Model Output: ['This bus, which appears to be part of a public transit system, could serve various urban and suburban areas depending on its route. The presence of a large advertisement for an artist (Cindy Sherman) suggests that the bus may operate in a city with a significant arts community or cultural presence. Cindy Sherman is known for her work in the fine art world, so it\'s plausible that this bus serves a metropolitan area where such events or exhibitions might take place.\n\nThe route number and location codes (e.g., "CA 41010") suggest that it could be operating within a region managed by the California Department of Transportation (Caltrans), possibly within a major city like Los Angeles or San Francisco. The design of the bus, including its route number ("8235"), indicates that it is likely part of a well-established public transportation network, serving residential neighborhoods, commercial districts, and other key points of interest within the city or region it serves.']

Processing Question 18/60: What type of road surface is the bus driving on?
 >>>>>>>>>>>>>>>>>>>>>>>>>>>>>>
>>> (Token count: 25)

Model Output: ['The bus appears to be driving on a paved road surface, likely asphalt or concrete, which is common for urban streets.']

Processing Question 19/60: Is the bus stationary or in motion in this image?
 >>>>>>>>>>>>>>>>>>>>>>>>>>>>>>
>>> (Token count: 57)

Model Output: ['It is ambiguous whether the bus is stationary or in motion from this still image alone. However, based on the context of the image showing the bus surrounded by construction and traffic lights, it seems to be in motion as it appears to be navigating through an urban area with active traffic.']

Processing Question 20/60: What does the bus's compact size suggest about its urban functionality?
 >>>>>>>>>>>>>>>>>>>>>>>>>>>>>>
>>> (Token count: 236)

Model Output: ['The bus in the image appears to be a standard-sized public transit vehicle, which is likely designed for efficient operation within urban environments. Compact and mid-sized buses like this one can maneuver easily through city streets with limited space, making them well-suited for densely populated areas where large vehicles may not be practical or feasible due to traffic congestion, narrow roads, or historical infrastructure.\n\nThese types of buses also offer several benefits in urban settings:\n\n1. **Reduced Traffic Congestion**: They can navigate congested streets more effectively than larger vehicles.\n2. **Improved Fuel Efficiency**: Smaller buses generally consume less fuel per passenger compared to larger buses.\n3. **Better Passenger Flow**: They often have fewer passengers, allowing for quicker boarding and alighting, which contributes to smoother flow on busy routes.\n4. **Environmental Impact**: Their smaller size leads to lower emissions per passenger, aligning with urban sustainability goals.\n5. **Accessibility**: They provide easier access to stops, particularly in older neighborhoods or areas with uneven road surfaces.\n\nThis type of bus is likely part of a fleet used for local transportation services in an urban area, offering reliable and efficient service to residents and visitors alike.']

Processing Question 21/60: How many passenger windows are visible on the bus?
 >>>>>>>>>>>>>>>>>>>>>>>>>>>>>>
>>> (Token count: 15)

Model Output: ['There are 9 passenger windows visible on the bus in this image.']

Processing Question 22/60: What materials do you think are being used in the background construction?
 >>>>>>>>>>>>>>>>>>>>>>>>>>>>>>
>>> (Token count: 126)

Model Output: ["The background of the image shows a construction site with visible steel rebar and concrete forms, which are commonly used in building structures. Steel rebar is often used as reinforcement for concrete to provide strength and stability, especially in load-bearing areas such as floors, walls, and columns. The concrete forms suggest that they might be part of the process for creating poured concrete elements like slabs or walls. Other materials typically used in construction include bricks, mortar, glass, metal panels, and various types of insulation and roofing materials. However, based on what's visible in this particular image, steel rebar and concrete are most prominent."]

Processing Question 23/60: What is likely the bus's fuel/electric source given the overhead wires?
 >>>>>>>>>>>>>>>>>>>>>>>>>>>>>>
>>> (Token count: 82)

Model Output: ['The overhead wires in the image suggest that the bus is an electric bus, which is powered by electricity. These types of buses typically use pantographs or集电弓 (jí diàn gōu) to draw power from the wires above as they travel along a designated route. The presence of these wires and the design of the bus indicate it is an electric vehicle rather than a conventional diesel bus.']

Processing Question 24/60: What role does public transportation play in urban development in this context?
 >>>>>>>>>>>>>>>>>>>>>>>>>>>>>>
>>> (Token count: 360)

Model Output: ["Public transportation, like the bus shown in the image, plays a critical role in urban development by providing an essential service for daily commuting and connectivity within cities. Here's how it contributes to urban development:\n\n1. **Reduced Traffic Congestion**: Public transport reduces the number of private vehicles on the road, which helps alleviate traffic congestion and decreases air pollution.\n\n2. **Cost-Effective Mobility**: For many residents, especially those in lower-income brackets, public transit offers an affordable alternative to owning and maintaining a personal vehicle, thereby reducing financial strain on individuals and households.\n\n3. **Enhanced Accessibility**: Public transportation connects various parts of a city, improving access to jobs, education, healthcare facilities, and other resources. This enhances the quality of life and encourages economic activity in different neighborhoods.\n\n4. **Promotes Sustainable Urban Planning**: By supporting public transit, urban planners can design cities with better pedestrian and cycling infrastructure, promote mixed-use developments, and encourage compact and efficient land use, all of which contribute to more sustainable urban environments.\n\n5. **Supports Economic Growth**: A well-functioning public transit system attracts businesses and investment to areas that are more accessible by public transport, which can lead to job creation and economic development.\n\n6. **Reduces Urban Sprawl**: Public transit can discourage sprawl by making it easier for people to live closer to their workplaces and services, thus conserving space and resources.\n\n7. **Fosters Social Inclusion**: Public transportation ensures that all segments of the population have access to essential services, helping to reduce social isolation and promoting inclusion.\n\nIn the context of the image, the bus with its advertising reflects the role of public transport in connecting people and spaces, and contributing to the vibrancy of urban life while managing urban challenges such as congestion and sustainability."]

Processing Question 25/60: Can you identify the type of bus by its design or features?
 >>>>>>>>>>>>>>>>>>>>>>>>>>>>>>
>>> (Token count: 133)

Model Output: ['The bus in the image appears to be a public transit bus, likely from a city with an extensive bus network, such as New York City (NYC) or Chicago, based on the design and style. The rectangular window layout, the presence of route number "8235," and the overall shape suggest it\'s an articulated bus, which is commonly used for longer routes in urban areas due to its flexibility and ability to navigate tight spaces. Additionally, the red advertisement on the side is consistent with NYC MTA buses\' branding. However, without more specific details, it\'s not possible to definitively identify the exact model or manufacturer of the bus.']

Processing Question 26/60: What time of day could this image have been taken based on lighting?
 >>>>>>>>>>>>>>>>>>>>>>>>>>>>>>
>>> (Token count: 80)

Model Output: ["The image appears to be taken during the daytime, as indicated by the bright sunlight and clear shadows cast on the bus and road surface. The light is consistent with what one might expect around midday or early afternoon when the sun is high in the sky. However, without additional context about the location's latitude and the season, it is not possible to determine the exact time of day more precisely."]

Processing Question 27/60: What safety measures might exist on this bus for passengers?
 >>>>>>>>>>>>>>>>>>>>>>>>>>>>>>
>>> (Token count: 337)

Model Output: ["This image shows a public transit bus, and while the specific details of its safety features aren't fully visible, here are some common safety measures typically found on such buses:\n\n1. **Emergency Exit Doors**: The bus likely has emergency exits at both ends, allowing passengers to disembark safely in case of an emergency.\n\n2. **Passenger Safety Ropes/Straps**: Some buses have safety ropes or straps that passengers can hold onto during stops, especially when boarding or alighting.\n\n3. **Handrails and Grab Bars**: These provide support for standing passengers and help maintain balance during stops.\n\n4. **Seating Arrangements**: Buses usually have seating arranged in rows with spacing between seats to ensure passengers don’t obstruct the aisle or other passengers.\n\n5. **Emergency Alarms/Buttons**: Passengers may have access to emergency alarms or buttons to alert the driver or staff in case of an issue.\n\n6. **Clear Visibility**: The bus is designed with large windows and mirrors to allow the driver to see clearly around the vehicle and for passengers to observe their surroundings.\n\n7. **Fire Extinguishers**: Many buses have fire extinguishers readily accessible in case of a fire emergency.\n\n8. **Widely Spaced Doors**: To allow quick evacuation in case of an incident.\n\n9. **High-Visibility Markings**: Some buses have reflective markings to increase visibility on the road, particularly at night.\n\n10. **Regular Inspections and Maintenance**: Buses undergo regular inspections and maintenance to ensure they are in safe working condition.\n\nThe presence of these safety measures helps protect passengers by providing ways to evacuate quickly, ensuring visibility, and maintaining structural integrity."]

Processing Question 28/60: How many advertisements total can you see on the bus?
 >>>>>>>>>>>>>>>>>>>>>>>>>>>>>>
>>> (Token count: 16)

Model Output: ['There is one advertisement visible on the side of the bus in the image.']

Processing Question 29/60: Are there any visible street signs or markers near the bus?
 >>>>>>>>>>>>>>>>>>>>>>>>>>>>>>
>>> (Token count: 57)

Model Output: ['No, there are no visible street signs or markers near the bus in this image. The focus of the photo is on the bus and its advertisement, and the surrounding area includes power lines, utility poles, and part of a construction site, but no street signs can be seen.']

Processing Question 30/60: How does the urban infrastructure depicted affect the integration of public transit?
 >>>>>>>>>>>>>>>>>>>>>>>>>>>>>>
>>> (Token count: 308)

Model Output: ['The urban infrastructure in this image, which includes power lines, overhead cables, and construction, can impact the integration of public transit in several ways:\n\n1. **Overhead Infrastructure**: The presence of power lines and overhead cables can complicate the design and operation of trolleybuses or streetcars that rely on these systems for power. If maintenance is required, it may disrupt service and pose logistical challenges.\n\n2. **Construction Impact**: The construction site visible in the background suggests ongoing development, which could lead to road closures or detours. This can cause delays and inconvenience for passengers, especially during peak hours when buses must navigate through congested areas.\n\n3. **Accessibility and Safety**: Construction may also create hazards for pedestrians and vehicles, such as uneven sidewalks, exposed electrical wires, or blocked visibility at intersections. Ensuring safety becomes crucial for both passengers and construction workers.\n\n4. **Operational Flexibility**: Urban areas with dense infrastructure often require buses to follow strict routes and schedules due to limited space and traffic congestion. Construction further complicates this by altering usual routes and requiring rerouting, which can lead to longer travel times and reduced reliability.\n\n5. **Integration with Other Services**: Public transit integration requires seamless coordination between different modes of transport (e.g., buses, trains, and trams). Construction can disrupt this integration if access points become unavailable or if new developments alter traditional routes.\n\nEfficient public transit integration in such environments requires careful planning, regular updates, and adaptive strategies to manage disruptions caused by urban development and infrastructure changes.']

Processing Question 31/60: What city does this bus likely operate in?
 >>>>>>>>>>>>>>>>>>>>>>>>>>>>>>
>>> (Token count: 148)

Model Output: ["The image shows a public transit bus with an advertisement for the artist Cindy Sherman on its side. Cindy Sherman is an American artist known for her photographs and films that often depict multiple identities and gender roles. Her work has been featured on public transportation systems in various cities, particularly in Los Angeles (LA) where she is based.\n\nThe design of the bus and the style of the advertisement suggest it could be from California, as buses in LA typically have similar designs and branding. However, without more specific details about the route number or other identifying features unique to a particular city, it's difficult to definitively state which city this bus operates in. It could also be operating in other cities that feature this type of public transportation or advertising style."]

Processing Question 32/60: What does the ad on the side of the bus promote?
 >>>>>>>>>>>>>>>>>>>>>>>>>>>>>>
>>> (Token count: 28)

Model Output: ['The advertisement on the side of the bus promotes artwork by Cindy Sherman, as indicated by the text and images displayed on the side panel.']

Processing Question 33/60: What does "Muni" refer to on the bus?
 >>>>>>>>>>>>>>>>>>>>>>>>>>>>>>
>>> (Token count: 80)

Model Output: ['"Muni" refers to the San Francisco Municipal Railway, which operates public transportation in San Francisco, California. The term "Muni" is derived from "municipal" and has been used since 1892 as part of the transit system\'s name. In this context, the "Muni" logo on the side of the bus indicates that it is one of their vehicles.']

Processing Question 34/60: How many doors are visible on this side of the bus?
 >>>>>>>>>>>>>>>>>>>>>>>>>>>>>>
>>> (Token count: 13)

Model Output: ['There are three visible doors on this side of the bus.']

Processing Question 35/60: What kind of construction is visible in the background?
 >>>>>>>>>>>>>>>>>>>>>>>>>>>>>>
>>> (Token count: 96)

Model Output: ['The image shows a bus with an advertisement for the artist Cindy Sherman on its side. In the background, there appears to be ongoing construction work. Specifically, there are tall metal structures that seem to be part of a building framework, possibly indicating the construction of a new structure or the reinforcement of existing ones. The construction site also has some exposed beams and scaffolding, which are typical elements found during building projects. The sky is clear, suggesting good weather conditions for outdoor work.']

Processing Question 36/60: What is the bus number written on the front side?
 >>>>>>>>>>>>>>>>>>>>>>>>>>>>>>
>>> (Token count: 19)

Model Output: ['The bus number written on the front side of the bus is 8235.']

Processing Question 37/60: What colors are used on the exterior design of the bus?
 >>>>>>>>>>>>>>>>>>>>>>>>>>>>>>
>>> (Token count: 46)

Model Output: ['The bus in the image has a predominantly white exterior with some red and yellow accents. There is also text in black and some additional details in green and blue, but the main colors used are white, red, and yellow.']

Processing Question 38/60: How many windows does the bus have on this visible side?
 >>>>>>>>>>>>>>>>>>>>>>>>>>>>>>
>>> (Token count: 14)

Model Output: ['The bus in the picture has six windows on the visible side.']

Processing Question 39/60: Are there any visible passengers inside the bus?
 >>>>>>>>>>>>>>>>>>>>>>>>>>>>>>
>>> (Token count: 27)

Model Output: ['It is not possible to clearly see inside the bus from this image, so I cannot determine if there are any visible passengers inside.']

Processing Question 40/60: What utility poles or wires can be seen in the image?
 >>>>>>>>>>>>>>>>>>>>>>>>>>>>>>
>>> (Token count: 116)

Model Output: ["The image shows a bus with a large advertisement on its side featuring the artist Cindy Sherman, who is known for her photographic self-portraits. In the background, there are utility poles and wires, which appear to be part of an urban electrical grid, likely used to supply power to buildings and other facilities in the area. The poles have multiple wires extending from them, forming a network that spans across the street. The wires may be for both overhead electricity distribution and possibly telecommunication services. Additionally, there's visible construction activity with scaffolding, indicating ongoing development in the vicinity."]

Processing Question 41/60: What is the 'Cindy Sherman' ad promoting?
 >>>>>>>>>>>>>>>>>>>>>>>>>>>>>>
>>> (Token count: 104)

Model Output: ['The "Cindy Sherman" advertisement on the bus is likely promoting one of her art exhibitions, books, or other works. Cindy Sherman is an artist known for her photographic self-portraits that often explore themes of identity, gender, and representation. The advertisement might be associated with a specific project she has been involved in, such as a gallery show, publication release, or a film collaboration. Without additional context, it\'s difficult to specify the exact promotion, but it is clear that the ad is highlighting her work.']

Processing Question 42/60: What type of power lines are shown in the image?
 >>>>>>>>>>>>>>>>>>>>>>>>>>>>>>
>>> (Token count: 53)

Model Output: ['The image shows overhead electric wires, which are typically used for public transportation systems like trolleybuses or light rail. These lines are connected to the bus via pantographs, which are mechanical arms that make contact with the wires to provide electricity to the vehicle.']

Processing Question 43/60: Is this bus powered electrically or by gas/diesel?
 >>>>>>>>>>>>>>>>>>>>>>>>>>>>>>
>>> (Token count: 115)

Model Output: ['The bus in the image appears to be an articulated bus, which is typically powered by diesel engines rather than electricity. The presence of overhead wires suggests that it might be part of a trolleybus system, where the power is supplied via overhead lines and pantographs. However, based on the visible branding and design, it seems more likely that this is a standard diesel-powered bus with an advertisement for a trolleybus system (as seen from the "CA-810" sign). Therefore, it is most probable that this bus is powered by a diesel engine.']

Processing Question 44/60: Can you identify any nearby streetlights in the image?
 >>>>>>>>>>>>>>>>>>>>>>>>>>>>>>
>>> (Token count: 31)

Model Output: ['Yes, there are streetlights visible in the image. They can be seen on the right side of the bus, near the background of the scene.']

Processing Question 45/60: How many tires are visible on this side of the bus?
 >>>>>>>>>>>>>>>>>>>>>>>>>>>>>>
>>> (Token count: 16)

Model Output: ['There is one tire visible on this side of the bus in the image.']

Processing Question 46/60: Are there any visible advertisements other than the main poster?
 >>>>>>>>>>>>>>>>>>>>>>>>>>>>>>
>>> (Token count: 31)

Model Output: ['No, the image only shows the main poster for Cindy Sherman on the side of the bus. There are no other visible advertisements in this particular picture.']

Processing Question 47/60: Is there any indicator about the bus' route in the image?
 >>>>>>>>>>>>>>>>>>>>>>>>>>>>>>
>>> (Token count: 62)

Model Output: ['Yes, the image shows an indicator on the side of the bus which says "Cindy Sherman," along with some text that appears to be related to the advertisement for the artist Cindy Sherman. It seems to indicate the bus route or perhaps the stop name, but it\'s not entirely clear without more context.']

Processing Question 48/60: What year might this image have been taken based on the surroundings?
 >>>>>>>>>>>>>>>>>>>>>>>>>>>>>>
>>> (Token count: 253)

Model Output: ['The image appears to be from around the late 20th century, likely between the 1980s and early 2000s. This assessment is based on several factors:\n\n1. **Bus Design**: The bus design and style, including its length, windows, and color scheme, is reminiscent of public transit vehicles commonly used in the United States during that period.\n\n2. **Advertisement Style**: The advertisement for "Cindy Sherman" features a bold, vibrant graphic style with a large red background and clear text, which was popular in the 1980s and 1990s.\n\n3. **Infrastructure**: The overhead wires and poles suggest an urban area with trolleybus or streetcar infrastructure, which was more prevalent before the widespread adoption of diesel and electric buses in many cities. Additionally, the construction scaffolding visible in the background might indicate urban development typical of the era.\n\n4. **Traffic Light and Street Signs**: The traffic light and road signs do not appear particularly modern, which aligns with the time frame suggested by the other elements.\n\nThese clues combined suggest that the photo could have been taken sometime in the late 1980s through the early 2000s.']

Processing Question 49/60: Are there any signs of the bus being ADA-compliant?
 >>>>>>>>>>>>>>>>>>>>>>>>>>>>>>
>>> (Token count: 79)

Model Output: ["It is ambiguous whether the bus in the image is ADA-compliant based on the visible information. However, the presence of wheelchair lifts and accessibility ramps may indicate that it could be ADA-compliant. It's important to note that compliance can only be confirmed by checking for specific features such as an accessible entrance, clear signage, and other requirements set forth by the Americans with Disabilities Act (ADA)."]

Processing Question 50/60: What materials are primarily visible in the background construction?
 >>>>>>>>>>>>>>>>>>>>>>>>>>>>>>
>>> (Token count: 98)

Model Output: ["The background of the image shows a construction site with materials such as:\n\n1. **Steel Rebar**: The vertical and horizontal bars that form part of the structural framework.\n2. **Concrete Forms**: The dark gray structures that appear to be molds or forms for casting concrete.\n3. **Metal Framework**: Visible around the site, likely used for supporting the structure while it's under construction.\n\nThese materials suggest that the construction is in an early phase, focusing on creating the foundational structure."]

Processing Question 51/60: What time of day do you think this photo was taken?
 >>>>>>>>>>>>>>>>>>>>>>>>>>>>>>
>>> (Token count: 95)

Model Output: ["It is difficult to determine the exact time of day from this photo alone without additional context or indicators such as shadows, lighting conditions, or the position of the sun in the sky. However, based on the brightness and clarity of the image, it seems to be daytime. The sky appears clear, and there are no strong shadows that would suggest early morning or late afternoon. Therefore, it's likely that the photo was taken somewhere between mid-morning and mid-afternoon."]

Processing Question 52/60: Are there any visible traffic signals in the image?
 >>>>>>>>>>>>>>>>>>>>>>>>>>>>>>
>>> (Token count: 18)

Model Output: ['Yes, there is a traffic signal visible in the upper right corner of the image.']

Processing Question 53/60: What art or design elements are notable on the bus ad?
 >>>>>>>>>>>>>>>>>>>>>>>>>>>>>>
>>> (Token count: 127)

Model Output: ["The bus advertisement features a bold and colorful design that captures attention with its vibrant imagery. The ad showcases multiple stylized portraits of a woman in various expressions, costumes, and settings, which is characteristic of Cindy Sherman's work, known for her iconic reenactments and artistic representations. The design uses a mix of bright colors like red, yellow, green, and pink against a white background to make the ad visually striking. The overall layout is clean and modern, with clear branding and text identifying the artist and the ad's source. The juxtaposition of the dynamic portraits with the structured format of the bus adds an interesting contrast."]

Processing Question 54/60: What language is used on the bus and its advertisements?
 >>>>>>>>>>>>>>>>>>>>>>>>>>>>>>
>>> (Token count: 37)

Model Output: ['The advertisement on the bus features text in English, specifically mentioning "CINDY SHERMAN." This indicates that the language primarily used on this bus and its advertisements is English.']

Processing Question 55/60: Is this type of bus common in urban areas?
 >>>>>>>>>>>>>>>>>>>>>>>>>>>>>>
>>> (Token count: 185)

Model Output: ['This image shows a public transit bus, which is indeed common in urban areas around the world. The bus has advertisements on its side, which is typical for buses in many cities to generate revenue and promote products or services.\n\nThe design and style of the bus suggest it could be from a city in North America, possibly the United States, given the "CA" (California) designation visible on the bus. Such buses are often used for urban transportation, connecting neighborhoods, suburbs, and even parts of the city with light rail or subway systems.\n\nThe presence of overhead wires indicates that this particular bus might be part of an electric bus system, which is becoming increasingly common as cities transition to more sustainable forms of public transport. These electric buses help reduce emissions and noise pollution, making them an attractive option for urban environments.\n\nOverall, the bus depicted in the image is representative of the public transportation infrastructure commonly found in major urban centers.']

Processing Question 56/60: How could the construction visible in the photo affect the area?
 >>>>>>>>>>>>>>>>>>>>>>>>>>>>>>
>>> (Token count: 334)

Model Output: ["The construction visible in the photo, which appears to be near the bus and includes tall steel frames that resemble rebar or structural elements for building support, could have several effects on the surrounding area:\n\n1. **Traffic Disruptions**: Construction zones can lead to traffic congestion as workers may use temporary access roads or require detours. This can impact local transit, such as the bus shown in the image.\n\n2. **Noise and Pollution**: Construction activity typically generates noise and dust, which can disturb residents and workers in the vicinity.\n\n3. **Impact on Local Economy**: Construction jobs can create employment opportunities, but they might also temporarily disrupt businesses and services in the immediate area.\n\n4. **Safety Concerns**: Construction sites present potential hazards such as falling debris or uneven ground, which could pose risks to pedestrians and vehicles like the bus.\n\n5. **Visual and Aesthetic Impact**: The construction site may alter the landscape of the area, changing its visual character and potentially affecting property values, depending on the location and scale of the project.\n\n6. **Public Services**: Construction can temporarily interrupt public utilities such as water, electricity, and gas, impacting residents and businesses in the area.\n\n7. **Community Impact**: Depending on the nature of the construction (e.g., residential, commercial, or infrastructure), it may have varying impacts on nearby communities, including changes to housing availability, access to amenities, and overall quality of life.\n\n8. **Environmental Impact**: Construction activities often involve the use of heavy machinery and materials, which can contribute to environmental degradation if not properly managed.\n\nIt's important for authorities overseeing the construction to implement mitigation strategies to minimize these effects on the community."]

Processing Question 57/60: What kind of architecture is the building under construction likely to have?
 >>>>>>>>>>>>>>>>>>>>>>>>>>>>>>
>>> (Token count: 279)

Model Output: ["The image shows a bus in an urban setting, with construction scaffolding and rebar visible in the background. While the image itself doesn't provide direct information about the specific architectural style of the building under construction, we can infer certain characteristics based on the visual cues:\n\n1. **Urban Setting:** The presence of a bus and power lines suggests this is an area with modern infrastructure, possibly within or near a city center.\n\n2. **Construction Scaffolding:** This indicates that the building under construction may be mid-development, which could imply a modern design with contemporary construction techniques. This might include elements like glass facades, steel frames, and reinforced concrete for stability.\n\n3. **Rebar:** Rebar (reinforcing steel bars) is typically used in structures that require high strength and durability, such as buildings with complex structural designs, including those featuring glass panels, large spans, or seismic-resistant features.\n\nGiven these observations, it's plausible that the building under construction might have:\n\n- **Modern Architecture:** Likely incorporating sleek, geometric shapes and clean lines.\n- **Mixed Materials:** Possibly combining glass, metal, and concrete to create a contemporary aesthetic.\n- **Functional Design:** Designed for practical use, possibly as office space, residential units, or mixed-use spaces.\n\nHowever, without more specific details or a clearer view of the structure, it is difficult to make precise architectural determinations."]

Processing Question 58/60: Can you see any parts of the sky in this photo?
 >>>>>>>>>>>>>>>>>>>>>>>>>>>>>>
>>> (Token count: 32)

Model Output: ['Yes, there is a portion of the sky visible in the background of the photo. It appears clear and blue, suggesting it might be a sunny day.']

Processing Question 59/60: How many utility poles are shown in the picture?
 >>>>>>>>>>>>>>>>>>>>>>>>>>>>>>
>>> (Token count: 21)

Model Output: ['The image shows two utility poles on the left side of the frame, partially obscured by the bus.']

Processing Question 60/60: Is the bus in motion, or is it stopped?
 >>>>>>>>>>>>>>>>>>>>>>>>>>>>>>
>>> (Token count: 71)

Model Output: ['The image shows a bus that appears to be in motion. The wheels of the bus are turning, and there is no visible sign of the bus being stationary at a stop or waiting at an intersection. Additionally, the bus seems to be on a road with traffic signals and other vehicles around it, which suggests it is actively traveling through the city streets.']
average_tokens : 98.63333333333334
