Using default attention!

Processing Question 1/60: What type of airplane is depicted in the image?
 >>>>>>>>>>>>>>>>>>>>>>>>>>>>>>
>>> (Token count: 66)

Model Output: Certainly! 

Based on the image, the airplane is a **Cessna 185**. 

You can tell by its distinctive high-wing configuration, the shape of the fuselage, and the general appearance of the aircraft. 

Let me know if you'd like to know more about it!

Processing Question 2/60: Is the airplane taking off or landing in this scene?
 >>>>>>>>>>>>>>>>>>>>>>>>>>>>>>
>>> (Token count: 92)

Model Output: Based on the image, the airplane appears to be **landing**. 

Here's how I came to that conclusion:

*   **Gear Down:** The landing gear is visibly extended.
*   **Angle of Descent:** The aircraft is angled downwards towards the runway.
*   **Approach:** It’s in the process of approaching the ground.

Let me know if you’d like me to analyze anything else about the image!

Processing Question 3/60: What kind of environment surrounds the runway in this image?
 >>>>>>>>>>>>>>>>>>>>>>>>>>>>>>
>>> (Token count: 174)

Model Output: Okay, let's analyze the surroundings of the runway in this image.

Here's what I can observe:

*   **Trees:** There's a dense line of trees behind the runway. They appear to be deciduous, suggesting it might be late fall or winter.
*   **Fence:** A chain-link fence runs along the edge of the runway, likely to contain the aircraft and provide a boundary.
*   **Grass/Field:** The ground immediately adjacent to the runway is covered in grass and appears to be a field.
*   **Other Vegetation:** There are some shrubs and other low-lying vegetation present.

Overall, the environment is rural and appears to be a small, privately-owned airfield.

Do you want me to describe any specific element in more detail, or perhaps answer another question about the image?

Processing Question 4/60: What is the condition of the trees in the background — are they full of leaves or bare?
 >>>>>>>>>>>>>>>>>>>>>>>>>>>>>>
>>> (Token count: 33)

Model Output: Based on the image, the trees in the background appear to be **bare**. They have no leaves, suggesting it’s likely either late fall or winter.

Processing Question 5/60: Does the airplane appear to be aligned properly with the runway?
 >>>>>>>>>>>>>>>>>>>>>>>>>>>>>>
>>> (Token count: 138)

Model Output: Based on the image, the airplane appears to be reasonably aligned with the runway, but there's room for slight improvement. 

Here's what I observe:

*   **Slightly off-center:** The plane is a little to the right of the center line of the runway.
*   **Approach angle:** The angle of approach looks good, not too steep and not too shallow.

**Overall:** It looks like the pilot is in control and is preparing for a safe landing, but a minor adjustment to the left would make the alignment perfect.

Would you like me to elaborate on any of these points or perhaps analyze other aspects of the image?

Processing Question 6/60: What color is the airplane in the image?
 >>>>>>>>>>>>>>>>>>>>>>>>>>>>>>
>>> (Token count: 29)

Model Output: The airplane in the image is primarily **blue** and **white**. It has some darker blue accents on the fuselage and a white wing.

Processing Question 7/60: What season might it be based on the trees in the background?
 >>>>>>>>>>>>>>>>>>>>>>>>>>>>>>
>>> (Token count: 73)

Model Output: Based on the trees in the background, it looks like it might be **late fall or early winter**. 

The trees are mostly bare, with only a few leaves clinging to some branches. This is a common characteristic of deciduous trees as they lose their leaves in the colder months. 

Would you like me to analyze any other aspect of the image?

Processing Question 8/60: Are there any obstacles visible near the airplane's approach path?
 >>>>>>>>>>>>>>>>>>>>>>>>>>>>>>
>>> (Token count: 129)

Model Output: Yes, there are several obstacles visible near the airplane’s approach path in the image. Here’s what I can identify:

*   **Fence:** A chain-link fence is running along the edge of the runway, close to the approach path.
*   **Cones:** There are several yellow cones placed along the runway, likely as markers for the approach.
*   **Trees:** The trees in the background are relatively close to the runway and could pose a hazard if the plane were to deviate from its path.

It’s important for the pilot to be aware of these obstacles and maintain a safe approach.

Processing Question 9/60: What is the surface of the runway made of, based on the image?
 >>>>>>>>>>>>>>>>>>>>>>>>>>>>>>
>>> (Token count: 31)

Model Output: Based on the image, the runway appears to be made of **asphalt**. You can see the smooth, dark gray texture characteristic of asphalt surfaces.

Processing Question 10/60: What are the yellow markers or objects along the runway's edge for?
 >>>>>>>>>>>>>>>>>>>>>>>>>>>>>>
>>> (Token count: 133)

Model Output: Okay, let's analyze the image!

Those yellow markers along the runway's edge are called **approach lights**. 

Here's what they're for:

*   **Guidance during landing:** They help the pilot visually align the aircraft with the centerline of the runway during the final approach phase of landing. They are most visible when the landing lights of the aircraft are on.
*   **Increased visibility:** They enhance the pilot's ability to see the runway in conditions of reduced visibility, such as dusk, dawn, fog, or rain.

Do you want to know anything more about approach lights or aviation in general?

Processing Question 11/60: How close is the airplane to the ground?
 >>>>>>>>>>>>>>>>>>>>>>>>>>>>>>
>>> (Token count: 38)

Model Output: Based on the image, the airplane appears to be very close to the ground. It looks like the landing gear is barely visible, and the aircraft is skimming the surface of the runway.

Processing Question 12/60: What is the weather like in the image?
 >>>>>>>>>>>>>>>>>>>>>>>>>>>>>>
>>> (Token count: 111)

Model Output: Based on the image, the weather appears to be somewhat chilly and dry. Here's what I can deduce:

*   **Bare Trees:** The trees are mostly bare, which is typical of late fall or winter in many regions.
*   **Clear Skies:** The sky is bright and clear, suggesting there’s little cloud cover.
*   **Dry Ground:** The ground looks dry and possibly a bit dusty, indicating a lack of recent rain.

It's likely a cool, sunny day with little to no humidity.

Processing Question 13/60: Are there any signs of wind affecting the airplane in flight?
 >>>>>>>>>>>>>>>>>>>>>>>>>>>>>>
>>> (Token count: 175)

Model Output: Okay, let's analyze the image for signs of wind affecting the airplane.

Based on the photo, here's what I observe:

*   **Wingtip Vortices:** There are noticeable swirling patterns, or wingtip vortices, visible on both wings. These are a strong indicator of the wind pushing upwards on the wingtips. This is a common phenomenon when an aircraft flies into a headwind.
*   **Roll:** The airplane appears to be exhibiting a slight roll to the right. This is likely caused by the headwind pushing on one wing more than the other.

**Conclusion:**

Yes, there is clear evidence of wind affecting the airplane. It appears to be encountering a **headwind**. 

Do you want me to elaborate on any aspect of this, such as how wind affects flight or the significance of wingtip vortices?

Processing Question 14/60: Is there a fence visible in the background?
 >>>>>>>>>>>>>>>>>>>>>>>>>>>>>>
>>> (Token count: 18)

Model Output: Yes, there is a chain-link fence visible in the background of the image.

Processing Question 15/60: How tall do the surrounding trees look compared to the aircraft?
 >>>>>>>>>>>>>>>>>>>>>>>>>>>>>>
>>> (Token count: 164)

Model Output: Okay, let's analyze the image to estimate the height of the trees relative to the aircraft.

Here's my assessment:

*   **Aircraft Height:** Looking at the image, the aircraft (a Cessna 182) appears to be roughly 2.5 to 3 meters (8.2 to 9.8 feet) tall. This is an estimate based on the visible height of the fuselage and wings.

*   **Tree Height:** The trees in the background seem to be approximately 8 to 12 meters (26 to 39 feet) tall. 

**Therefore, the trees are roughly 3 to 4 times taller than the aircraft.**

Do you want me to consider any other aspects of the image or provide a more detailed breakdown?

Processing Question 16/60: Could this be a small private airfield or a larger commercial airport?
 >>>>>>>>>>>>>>>>>>>>>>>>>>>>>>
>>> (Token count: 161)

Model Output: Based on the image, it's **more likely to be a small private airfield** rather than a larger commercial airport. Here's why:

*   **Runway Length:** The runway appears relatively short. Commercial airports generally have much longer runways.
*   **Surroundings:** The area around the runway is relatively open with trees. Commercial airports are usually surrounded by more developed areas and buildings.
*   **Equipment:** There's a chain-link fence and a few cones, which is typical of smaller, private airstrips. Commercial airports have more extensive safety and operational equipment.

However, it's difficult to say with absolute certainty without more information. 

Do you want me to elaborate on any of these points or perhaps analyze other aspects of the image?

Processing Question 17/60: What is the purpose of the white stripe running down the center of the runway?
 >>>>>>>>>>>>>>>>>>>>>>>>>>>>>>
>>> (Token count: 94)

Model Output: Certainly! Let's analyze the image.

The white stripe running down the center of the runway is a **tracking stripe**. 

Its purpose is to help pilots maintain their aircraft's centerline during landing and takeoff. It gives the pilot a visual reference to ensure they are staying aligned with the runway's center, which is crucial for a safe and accurate approach and landing. 

Would you like to know more about runway markings or aviation in general?

Processing Question 18/60: What type of landing gear does the airplane have?
 >>>>>>>>>>>>>>>>>>>>>>>>>>>>>>
>>> (Token count: 89)

Model Output: Based on the image, the airplane appears to have a **tailwheel landing gear** (also known as a tricycle gear). 

Here's how I can tell: 

*   The main wheels are positioned at the rear of the aircraft.
*   There's a smaller nose wheel, which is a characteristic of tailwheel configurations.

Do you want me to tell you anything else about this aircraft or the image?

Processing Question 19/60: Is the airplane veering off-center during its approach?
 >>>>>>>>>>>>>>>>>>>>>>>>>>>>>>
>>> (Token count: 74)

Model Output: Based on the image, it appears the airplane is exhibiting a slight but noticeable veer to the **left** during its approach. 

You can see the wing on the left side is slightly further out towards the edge of the runway compared to the right side. This indicates a tendency to drift left. 

It's a subtle deviation, but definitely present.

Processing Question 20/60: What safety features are visible around the runway?
 >>>>>>>>>>>>>>>>>>>>>>>>>>>>>>
>>> (Token count: 193)

Model Output: Okay, let's analyze the image for visible safety features around the runway. Here's what I can identify:

*   **Runway Markings:** There are clear black lines delineating the runway itself.
*   **Approach Lighting System:** There are yellow-green lights along the edge of the runway, which are part of the approach lighting system to guide the aircraft during landing.
*   **Taxiway Lights:** I can see some orange lights along the taxiways, indicating routes for the aircraft to move on the ground.
*   **Reflective Cones:** There are yellow reflective cones scattered on the runway and taxiway, used to mark specific locations or areas.
*   **Chain-Link Fence:** A chain-link fence runs along the perimeter of the airfield, providing a barrier to prevent unauthorized access. 

Do you want me to point out anything else or perhaps describe a specific safety feature in more detail?

Processing Question 21/60: Are there any other aircraft visible in the image?
 >>>>>>>>>>>>>>>>>>>>>>>>>>>>>>
>>> (Token count: 29)

Model Output: No, I don't see any other aircraft visible in the image. It appears to be just one small airplane landing on a runway.

Processing Question 22/60: What type of aviation activity might this image represent?
 >>>>>>>>>>>>>>>>>>>>>>>>>>>>>>
>>> (Token count: 135)

Model Output: Based on the image, this appears to be an **agricultural flying** or **crop dusting** operation. Here's why:

*   **Small, single-engine aircraft:** The plane is a typical Cessna Skytread, a popular choice for this type of work.
*   **Landing strip in a rural area:** The location looks like an open field with sparse trees, which is common for smaller airstrips used by crop dusters.
*   **Orientation of the aircraft:** It’s positioned as if it's preparing for a flight, likely to spray crops.

Would you like me to elaborate on anything about this type of aviation?

Processing Question 23/60: Is the image taken during the morning, midday, or evening, based on the lighting?
 >>>>>>>>>>>>>>>>>>>>>>>>>>>>>>
>>> (Token count: 103)

Model Output: Based on the lighting in the image, it appears to have been taken during the **midday**. 

Here's why:

*   **Bright and Even Light:** The light is relatively bright and even across the scene, with no harsh shadows. This is typical of midday sun.
*   **Lack of Long Shadows:** The absence of long, distinct shadows suggests the sun is high in the sky.

Let me know if you’d like me to analyze anything else about the image!

Processing Question 24/60: Are there any birds or wildlife visible near the runway?
 >>>>>>>>>>>>>>>>>>>>>>>>>>>>>>
>>> (Token count: 95)

Model Output: Okay, let's take a look at the image.

Based on the photo, it's difficult to definitively see any birds or wildlife nearby the runway. There are some trees in the background, but they appear to be bare, suggesting it’s a colder season. I don't observe any obvious birds or other animals in the immediate vicinity.

Would you like me to describe other aspects of the image, like the type of aircraft or the landscape?

Processing Question 25/60: Is there any visible damage or wear on the airplane?
 >>>>>>>>>>>>>>>>>>>>>>>>>>>>>>
>>> (Token count: 144)

Model Output: Okay, let's take a look at the image.

Based on what I can see, there appear to be some signs of wear and tear on the airplane:

*   **Wing Fabric:** There is some visible wrinkling and a slightly worn appearance on the wing fabric.
*   **Propeller:** The propeller has some wear and tear around the blades, showing signs of use.
*   **Landing Gear:** There's some dirt and grime on the landing gear, indicating it has been used.

Overall, it looks like a well-used airplane, but with some noticeable signs of wear.

Would you like me to zoom in on a specific area or look for anything else?

Processing Question 26/60: What might be the skill level of the pilot based on the positioning of the aircraft?
 >>>>>>>>>>>>>>>>>>>>>>>>>>>>>>
>>> (Token count: 357)

Model Output: Okay, let's analyze the image to assess the pilot's skill level. Here’s my breakdown:

**Observations:**

*   **Low Altitude:** The plane is very low to the ground, almost skimming the runway. This is a significant indicator.
*   **Wings Extended:** The wings are fully extended. This is common in short field landings, but when combined with the low altitude, suggests a degree of difficulty and control.
*   **Tail Down:** The tail is noticeably down, which means the pilot is actively fighting to keep the aircraft down and stable.
*   **Short Runway:** The runway appears relatively short, adding to the challenge.
*   **Orientation:** The plane is oriented at a slight angle. 

**Interpretation of Skill Level:**

Based on these observations, I'd estimate the pilot is likely at a **late beginner to intermediate level**. 

Here's why:

*   **Low Altitude Approach:** Successfully landing at this low an altitude requires a good understanding of airspeed, sink rate, and the plane’s performance. It demands a practiced feel for the controls.
*   **Wing Extension:**  Using the full flaps/wing extension shows that the pilot is utilizing all available control surfaces to slow the aircraft down.
*   **Control Adjustment:** The tail-down attitude suggests that the pilot is actively working to maintain the desired descent and airspeed.

**Important Note:** This is an educated guess based on a single image. A real assessment would require more information about the pilot's training, the aircraft type, and the prevailing weather conditions. 

Would you like me to elaborate on any aspect of this analysis, or perhaps discuss specific skills involved in this type of landing?

Processing Question 27/60: How long is the runway shown in the image?
 >>>>>>>>>>>>>>>>>>>>>>>>>>>>>>
>>> (Token count: 71)

Model Output: It's tricky to give an exact measurement from just a single image, but based on the scale of the plane and the markers on the runway, I'd estimate the runway is approximately **3,000 to 3,500 feet** long. 

It's important to note that this is just an estimate.

Processing Question 28/60: Are there any structures or buildings visible in the distance?
 >>>>>>>>>>>>>>>>>>>>>>>>>>>>>>
>>> (Token count: 95)

Model Output: Let's analyze the image!

Yes, in the distance, I can see what appear to be some structures or buildings. They are somewhat blurry and difficult to make out exactly, but they seem to be a cluster of dark shapes – likely buildings or possibly a small industrial area – situated behind the trees on the right side of the frame. 

Do you want me to try and describe them in more detail, or perhaps look for other elements in the picture?

Processing Question 29/60: Is there a significant slope or incline to the runway?
 >>>>>>>>>>>>>>>>>>>>>>>>>>>>>>
>>> (Token count: 173)

Model Output: Based on the image, it's difficult to say definitively if there's a *significant* slope or incline to the runway. However, there does appear to be a subtle downward slope towards the landing area. 

Here's what I observe:

*   **Slight Depression:** The runway seems slightly lower in elevation near the landing zone compared to the surrounding terrain.
*   **Obstacles:** The presence of some yellow markers near the runway edge suggests a slight drop-off.

It's not a dramatic incline, but it’s noticeable enough to warrant attention during landing. 

**Disclaimer:** *I am an AI and cannot assess runway conditions with the same precision as a qualified aviation professional. This analysis is based solely on visual interpretation of the image.*

Would you like me to describe other aspects of the image?

Processing Question 30/60: What could the purpose of this particular flight be?
 >>>>>>>>>>>>>>>>>>>>>>>>>>>>>>
>>> (Token count: 356)

Model Output: Okay, let's analyze the image to deduce the potential purpose of this flight. 

Here's what I can observe and what likely purposes this small airplane is undertaking:

**Observations:**

*   **Type of Aircraft:** The airplane appears to be a Cessna 182 Skyhawk or similar bush plane. These are known for their STOL (Short Takeoff and Landing) capabilities.
*   **Location:** It’s on a small, relatively short runway in a rural area with trees.
*   **Approach:** The plane is in the final stages of landing, with flaps deployed.
*   **Terrain:** The surroundings are fairly open, but with trees suggesting a somewhat isolated area.

**Possible Purposes:**

Considering these factors, here are some likely reasons for the flight:

1.  **Aerial Surveying/Mapping:** This is a very common use for small planes in this type of setting. The pilot could be surveying land for forestry, agriculture, or other purposes.
2.  **Agricultural Spraying:**  The plane could be carrying a crop duster and performing an application of pesticides or herbicides.
3.  **Wildlife Observation/Monitoring:**  Often used by biologists and conservationists to survey wildlife populations or habitats.
4.  **Remote Area Access:** It could be transporting personnel or supplies to a location difficult to reach by road.
5.  **Flight Training:** It is possible this is a flight school operation.

**Most Likely Scenario:**

Given the location and the aircraft type, **aerial surveying** is the most probable reason for this flight. 

---

Do you want me to elaborate on any of these possibilities, or perhaps analyze other elements of the image?

Processing Question 31/60: What type of aircraft is shown in the image?
 >>>>>>>>>>>>>>>>>>>>>>>>>>>>>>
>>> (Token count: 81)

Model Output: Certainly! 

Based on the image, the aircraft appears to be a **Cessna 185 Skycatcher**. 

Here's how I can tell: 

*   The distinctive high-wing design.
*   The shape of the fuselage and tail. 
*   The general proportions.

Do you want to know anything else about this type of aircraft?

Processing Question 32/60: Why is the airplane's nose pointing slightly upward?
 >>>>>>>>>>>>>>>>>>>>>>>>>>>>>>
>>> (Token count: 209)

Model Output: Okay, let’s analyze why the airplane’s nose is pointing slightly upward in the image.

The airplane is in the process of landing. When an aircraft is approaching the runway for landing, the pilot will typically angle the nose slightly upwards. This is called a “flare.”

**Here's why it's done:**

*   **Reducing Descent Rate:** The flare is designed to reduce the rate at which the plane is descending. As the plane approaches the runway, it needs to slow down and lose altitude gradually, not abruptly.
*   **Maintaining Lift:** By tilting the nose up, the pilot increases the angle of attack of the wings. This increases lift, allowing the plane to gently settle onto the runway without a hard touchdown.

You can see this happening in the image – the pilot is subtly adjusting the plane's attitude to create that upward angle.

Do you want to know anything more about the landing process or about the specific airplane model (it looks like a Cessna 185)?

Processing Question 33/60: Is the aircraft in the process of taking off or landing?
 >>>>>>>>>>>>>>>>>>>>>>>>>>>>>>
>>> (Token count: 113)

Model Output: Based on the image, the aircraft appears to be in the process of **landing**. Here's what suggests that:

*   **Gear Down:** The landing gear is visibly extended.
*   **Flaps Extended:** The flaps are deployed, which are used during landing to increase drag and slow the aircraft down.
*   **Position on the Runway:** The aircraft is positioned near the end of the runway, a typical characteristic of landing.

Do you want me to elaborate on any of these details or perhaps describe other aspects of the image?

Processing Question 34/60: What type of weather conditions are present in this image?
 >>>>>>>>>>>>>>>>>>>>>>>>>>>>>>
>>> (Token count: 111)

Model Output: Based on the image, here's what I can infer about the weather conditions:

*   **Dry:** The ground is dry and dusty, suggesting a lack of recent rain.
*   **Clear:** The sky appears bright and cloudless, indicating clear weather.
*   **Possibly Cool:** While not explicitly visible, the barren trees and relatively muted colors suggest it might be a cooler time of year, perhaps early spring or late fall.

It doesn't appear to be windy, as the plane is stable on the runway.

Processing Question 35/60: What role do the yellow cones placed along the runway play?
 >>>>>>>>>>>>>>>>>>>>>>>>>>>>>>
>>> (Token count: 112)

Model Output: Certainly! Let's analyze the image.

The yellow cones placed along the runway are **runway approach lights**. 

Here's what they do:

*   **Guidance:** They help pilots visually align their aircraft with the centerline of the runway during the approach phase of landing.
*   **Illumination:** They provide a bright, visible signal to the pilot, especially in low-visibility conditions like dusk, dawn, or fog.

Do you want me to tell you anything more about runway approach lights or aviation in general?

Processing Question 36/60: What might the pilot be concentrating on during this phase of flight?
 >>>>>>>>>>>>>>>>>>>>>>>>>>>>>>
>>> (Token count: 304)

Model Output: Okay, let's analyze the image and what the pilot might be focusing on.

Based on the picture, the airplane is in the *approach* phase of landing. Here's what the pilot would likely be concentrating on:

1.  **Airspeed:** Maintaining the correct approach speed is absolutely crucial. They need to be flying at the airspeed recommended for this specific aircraft and runway conditions.

2.  **Glide Path:** The pilot is striving to fly a consistent, downward glide path toward the runway. This means aligning the airplane's flight path with the runway centerline. 

3.  **Sink Rate:** Monitoring the aircraft's descent rate (how quickly it’s sinking) to ensure it's not descending too fast or too slow.

4.  **Wind Conditions:** The pilot needs to be aware of any wind, especially crosswinds, and adjust the aircraft's controls to compensate. 

5.  **Runway Alignment:** Keeping the airplane aligned with the runway centerline is vital for a straight-in landing. 

6.  **Flaps and Gear:** The pilot is likely managing the deployment of flaps (to increase lift at slower speeds) and confirming that the landing gear is down and locked. 

7.  **Obstacles:** Quickly scanning for any obstacles in the approach path—trees, power lines, or anything else.



Do you want me to elaborate on any of these points or perhaps discuss a specific aspect of landing?

Processing Question 37/60: How can the surrounding environment, like trees and fences, affect the flight?
 >>>>>>>>>>>>>>>>>>>>>>>>>>>>>>
>>> (Token count: 468)

Model Output: Okay, let's analyze how the surrounding environment in the image – the trees and fence – can affect a flight. 

Here's a breakdown of the ways these elements can impact a pilot:

**1. Trees:**

* **Obstacles:** The most immediate concern is trees.  They are a significant obstacle during takeoff and landing. The pilot must carefully judge the distance to the trees and ensure enough airspeed to clear them safely.
* **Wind Shadows:** Trees create “wind shadows.” This means that the air flowing around the trees is slowed down, creating a localized area of lower airspeed and potentially turbulence.  This can make takeoff more challenging, especially if a crosswind is present.
* **Visual Obstruction:** Trees can obscure the runway, the approach path, and the surrounding terrain. This reduces visibility, which is critically important for maintaining situational awareness and executing the landing safely.
* **Gusts:** Trees can create unpredictable gusts of wind. These gusts are sudden shifts in wind speed and direction that can destabilize the aircraft, making it harder to control. 

**2. Fence:**

* **Visual Marker:** The fence serves as a visual marker, indicating the edge of the runway. This helps the pilot stay within the designated landing area.
* **Potential Hazard (If Damaged):** If the fence is damaged (leaning, broken), it could become a hazard to the aircraft during landing, particularly if the pilot is not paying close attention. 
* **Wind Impact:** Like trees, the fence can contribute to wind shadow effects, especially if it's positioned in a way that disrupts airflow.



**Overall Considerations:**

* **Approach Path:** Pilots use visual cues like the runway, fence, and trees to establish a consistent approach path. Any deviation from this path can lead to a missed approach or a hard landing.
* **Wind:** The presence of trees and fences can amplify the effects of wind. A slight headwind can be manageable, but a crosswind combined with trees and a fence creates a more complex and potentially hazardous situation.

---

Do you want me to delve deeper into any of these aspects, such as:

*   Specific techniques pilots use to mitigate these hazards?
*   How different types of trees might affect the flight?

Processing Question 38/60: What is the significance of the runway marking in the photograph?
 >>>>>>>>>>>>>>>>>>>>>>>>>>>>>>
>>> (Token count: 310)

Model Output: Okay, let’s analyze the photograph and discuss the significance of the runway markings.

**The runway markings are crucial for the pilot to safely land and take off.** Here's a breakdown of what you're seeing:

*   **Marked Taxiway:** The darker, solid lines running parallel to the runway indicate a taxiway. These are used to guide the aircraft when moving on the ground before and after landing or taking off.

*   **Threshold Marking:** This is the most important marking – the white line at the very beginning of the runway.  It marks the point where the pilot should begin the approach to landing.  It's a critical reference for aligning the aircraft properly for touchdown.

*   **Touchdown Zone:** This is a painted area near the threshold, marking where the landing gear should make contact with the runway.

*   **Run-up Area:** The area immediately before the threshold is designated for the pilot to perform pre-flight checks and engine run-ups without being too close to the end of the runway.

*   **Markings at the Runway End:** The yellow cones at the end of the runway are approach lighting beacons to help the pilot determine the distance to the end of the runway.

**In short, these markings provide a visual guide for the pilot, ensuring they know exactly where to position the aircraft for a safe and controlled landing or takeoff.**

Do you want me to elaborate on any of these markings or perhaps discuss the broader importance of runway design?

Processing Question 39/60: Is there any indication of wind direction from the plane's position?
 >>>>>>>>>>>>>>>>>>>>>>>>>>>>>>
>>> (Token count: 152)

Model Output: Okay, let's analyze the image to determine the potential wind direction.

Here's what I'm seeing:

*   **Wingtip Vortices:** The most significant clue is the presence of wingtip vortices. These swirling masses of air are created by the pressure difference between the upper and lower surfaces of the wing as it moves through the air.
*   **Vortex Orientation:** The wingtip vortices are angled slightly to the *right* of the plane's direction of travel.

**Therefore, based on the wingtip vortices, the wind appears to be blowing from the *left* to the right.**

Do you want me to elaborate on any aspect of this analysis, or perhaps discuss how wind direction affects flight?

Processing Question 40/60: What type of engine does this small plane likely use?
 >>>>>>>>>>>>>>>>>>>>>>>>>>>>>>
>>> (Token count: 192)

Model Output: Based on the image and the plane's appearance – a single-engine, bush plane – it's highly likely that this aircraft uses a **radial piston engine**. 

Here's why:

*   **Design:** These planes, like the one in the picture (likely a Cessna 185 or similar), are commonly equipped with radial engines. They have a distinctive appearance with cylinders arranged in a circular pattern around a central crankshaft.
*   **Typical Use:** Radial engines are favored in smaller, rugged aircraft for their reliability and ability to operate in a wider range of altitudes and conditions, which is consistent with the look of this plane.

**Disclaimer:** Without a closer inspection of the engine itself, it’s impossible to be 100% certain, but a radial piston engine is the most probable answer.

Would you like me to tell you more about radial engines or the specific plane shown in the image?

Processing Question 41/60: Could this be a private-owned aircraft or used for training purposes?
 >>>>>>>>>>>>>>>>>>>>>>>>>>>>>>
>>> (Token count: 241)

Model Output: Let’s analyze the image to determine if it’s likely a private-owned aircraft or used for training:

**Indicators Suggesting Training:**

*   **Type of Aircraft:** The plane in the image is a Cessna 172 Skyhawk. This is a very popular aircraft used for introductory flight training.
*   **Pilot Position:** The pilot's position in the cockpit and the general setup suggest this might be a training setup.
*   **Location:** The airport appears relatively small and straightforward, which is common for training facilities.

**Indicators Suggesting Private Ownership:**

*   **Color Scheme:** The blue and white color scheme is common for Cessna aircraft.
*   **Condition:** The plane looks to be in reasonable condition, consistent with a privately owned aircraft.

**Conclusion:**

Considering all of these factors, **it’s highly probable that this aircraft is being used for flight training.** The Cessna 172 Skyhawk is a staple in flight training programs, and the overall image suggests a training scenario.

Would you like me to elaborate on any particular aspect or perhaps provide more information about the Cessna 172 Skyhawk?

Processing Question 42/60: Why is the area surrounding the runway essential for safety?
 >>>>>>>>>>>>>>>>>>>>>>>>>>>>>>
>>> (Token count: 634)

Model Output: Okay, let's break down why the area surrounding a runway is so crucial for safety, based on the image and general aviation knowledge.

Here's a breakdown of the key elements and why they're important:

**1. Runway Surface & Markings:**

*   **Smooth, Paved Surface:** The runway itself is the most obvious element. It needs to be smooth, free of debris, and consistently maintained to allow for safe landings and takeoffs.
*   **Markings:** The painted lines and markings on the runway are vital. These include:
    *   **Touchdown Zone:** Indicates where the aircraft should touch down.
    *   **Run-up Strip:** Designates the area where the pilot can taxi and perform pre-takeoff checks.
    *   **Hold Lines:**  Show where the aircraft should be positioned before takeoff to avoid conflicting with other aircraft.
    *   **Approach Lighting:** (You can’t see it clearly in the photo, but it would be present on a real runway) These lights help the pilot visually assess their approach and alignment.

**2. Safety Zones – The Area Beyond the Runway**

*   **Clear Zones:** These are areas immediately adjacent to the runway, extending outwards.  They're designed to prevent objects from rolling onto the runway and causing hazards. This includes:
    *   **Vehicles:** Cars, trucks, and other vehicles must not be present in these zones.
    *   **Obstacles:** Trees, fences, signs, power lines, and anything else that could pose a risk must be cleared.
*   **High-Stance Zones:**  Located further out than the clear zones, these areas are designed to catch aircraft that veer off course during landing or takeoff.  They are often graded to create a slight slope that will gently decelerate the aircraft.
*   **Wind Measurement Station:** (Often visible) This provides critical wind information to the pilot, allowing them to adjust their approach and takeoff.
*   **Wildlife Hazard Area:**  Areas where birds and other wildlife might congregate.  Airports often implement measures to deter wildlife and reduce the risk of bird strikes.

**3. Barriers & Fences:**

*   **Chain-Link Fences:**  As seen in the image, fences are a crucial part of the safety zones. They physically prevent vehicles and other objects from entering the hazardous areas.

**Why it's all essential:**

*   **Preventing Collisions:** The primary goal is to eliminate the risk of collisions between aircraft and ground vehicles, obstacles, or other aircraft.
*   **Safe Aircraft Operations:**  A clear and unobstructed environment is absolutely vital for pilots to perform safe takeoffs and landings.

**Disclaimer:** *I am an AI Chatbot and not an aviation safety expert. This is a general explanation.*

Would you like me to delve deeper into a specific aspect, such as:

*   Wildlife hazards?
*   The design of high-stance zones?
*   The role of air traffic control?

Processing Question 43/60: What kind of terrain can be seen near the airstrip?
 >>>>>>>>>>>>>>>>>>>>>>>>>>>>>>
>>> (Token count: 139)

Model Output: Okay, let’s analyze the image. 

Based on the photo, here's what I can see near the airstrip:

*   **Trees:** There's a dense area of trees behind the airstrip, likely a mix of deciduous trees (since they appear bare).
*   **Grassland/Field:** The area immediately around the runway is covered in grass.
*   **Fence:** There's a chain-link fence along the edge of the airfield.
*   **Road:** A road can be seen in the distance.

Do you want me to describe anything else about the image, like the weather conditions or the type of aircraft?

Processing Question 44/60: How would a pilot check if the landing gear is working correctly during flight?
 >>>>>>>>>>>>>>>>>>>>>>>>>>>>>>
>>> (Token count: 547)

Model Output: Okay, let's talk about how a pilot checks the landing gear during flight. It's a critical safety check! Here's a breakdown of the procedure:

**1. Initial Check (Before Landing Approach):**

* **Gear Handle/Lever Position:** The pilot *always* starts by verifying the landing gear handle (or lever) is in the "down and locked" position. This is a visual confirmation.
* **Gear Position Indicator:**  Most aircraft have a gear position indicator – this is typically a gauge or a series of lights that show the status of the landing gear.  The pilot should confirm the indicator shows "Down and Locked".

**2. During the Approach (Most Important Checks):**

* **Gear Down Feel:**  As the aircraft approaches the runway, the pilot will feel a change in the aircraft's handling characteristics when the gear comes down. This is a crucial tactile sensation. You should feel a slightly firmer, more solid feel underfoot when the gear is fully extended.  It’s not a dramatic bump, but a subtle difference.
* **Gear Position Indicator Confirmation:** The pilot repeatedly checks the gear position indicator to ensure it remains "Down and Locked" throughout the approach.
* **Visual Observation:** The pilot will visually scan the area around the aircraft to confirm the landing gear is indeed down and properly extended on the runway.  They look for the gear struts to be fully compressed.

**3. After Touchdown (Immediate Confirmation):**

* **Firmness Underfoot:** Immediately after touchdown, the pilot should continue to feel the firmness of the landing gear.  If it feels spongy or doesn't provide a solid support, it’s a red flag.
* **Gear Position Indicator Check:** Briefly check the indicator one last time to confirm it’s still "Down and Locked".


**Important Notes:**

* **Training:** Proper training from a certified flight instructor is essential for learning how to recognize the correct gear-down feel.
* **Malfunctions:** If the gear doesn’t go down, or if it feels unstable after going down, the pilot *must* execute a gear-up landing (a very specific and challenging procedure – again, learned in training).

**Disclaimer:** *I am an AI Chatbot and not a certified flight instructor. This information is for general knowledge only. Always follow the procedures outlined in your aircraft's Pilot Operating Handbook (POH) and receive proper training from a qualified flight instructor.*

Do you want me to elaborate on any of these points, such as:

*   Gear-up landings?
*   Specific aircraft types and their gear indicators?

Processing Question 45/60: What safety measures are critical when flying close to the ground?
 >>>>>>>>>>>>>>>>>>>>>>>>>>>>>>
>>> (Token count: 860)

Model Output: Okay, let's talk about the critical safety measures when flying low, particularly in situations like the one depicted in the image – an approach to landing in a smaller field. Flying close to the ground significantly increases the risk of accidents, so it's absolutely vital to be meticulous. Here’s a breakdown of what’s important, broken down into categories:

**1. Pre-Flight & Planning – Extra Scrutiny**

* **Detailed Terrain Assessment:** This is *the* most important. Don’t just glance at the field. You *must* thoroughly survey the area around the runway. Look for:
    * **Trees:** The biggest hazard. Identify the height and density of trees along the approach path. Consider the wind’s effect on branches.
    * **Power Lines:** A serious and potentially fatal hazard. Be aware of their location and height.
    * **Buildings/Structures:** Are there any structures nearby that could be struck?
    * **Hills/Changes in Elevation:**  Even subtle changes in terrain can significantly affect your approach speed and stability.
    * **Obstacles:** Anything that could interfere with the aircraft – fences, poles, water hazards, etc.
* **Wind Conditions:**  Low-level flying is *extremely* sensitive to wind.
    * **Tailwinds:**  Can dramatically reduce lift and increase stall speed.
    * **Crosswinds:** Require precise control inputs.
    * **Variable Winds:**  Increase the complexity and risk significantly.
* **Weather Briefing:** Get a very detailed weather briefing, focusing on thermals, inversions, and any potential turbulence. Low-level flying is often affected by these.
* **Aircraft Performance:**  Calculate your approach speeds and landing distances carefully, considering weight, wind, and terrain.

**2. During the Approach – Precision & Vigilance**

* **Maintain a Stable Approach:** A stable approach is paramount. This means:
    * **Proper Airspeed:** Crucially, fly at the correct approach speed (as defined in your aircraft's POH – Pilot Operating Handbook).  Stall speed increases significantly at low altitudes.
    * **Consistent Descent Rate:** Avoid a steep or erratic descent.
    * **Proper Trim:** Ensure your aircraft is properly trimmed for the approach.
* **Constant Visual Scanning:**  This is *non-negotiable*. You need to be actively looking for hazards *constantly* – every second.  Don’t just look at the runway.
* **Use of Reference Points:** Establish visual references to help you maintain a consistent descent path.
* **Be Aware of “Ground Effect”:**  As you get close to the ground, the airflow over the wings changes, which can affect your speed and control. Be prepared to react.
* **Early Recognition of Potential Problems:**  If you see a hazard or sense an instability in your approach, react *immediately*. Don’t hesitate.


**3. Landing – Controlled and Smooth**

* **Flare Timing:**  The flare (raising the nose just before touchdown) is even more critical at low altitudes.
* **Smooth Touchdown:** Aim for a smooth, controlled touchdown.  Avoid bouncing or jarring the aircraft.
* **Immediate Control:** After touchdown, maintain directional control and be prepared for a possible go-around if necessary.

**Important Considerations Specific to Low-Level Flying:**

* **Limited Rescue Options:** If something goes wrong, rescue options are often severely limited at low altitudes.  This underscores the importance of meticulous preparation and flawless execution.
* **Regulations:** Be aware of any regulations specific to low-level flying in your area (e.g., FAA restrictions on operating below a certain altitude).

**Disclaimer:** *I am an AI Chatbot and not a qualified aviation instructor. This information is for general knowledge only and should not be considered a substitute for proper flight training and adherence to all applicable regulations.*

**Would you like me to delve deeper into any specific aspect of low-level flying, such as:**

*   Calculating approach speeds?
*   Dealing with wind shear?
*   Specific hazards to look for?

Processing Question 46/60: Can you identify potential challenges a pilot might face on short runways like this?
 >>>>>>>>>>>>>>>>>>>>>>>>>>>>>>
>>> (Token count: 601)

Model Output: Okay, let's analyze this image and discuss the potential challenges a pilot might face on a runway like this.

Here's a breakdown of the issues, based on what we see in the photo:

**1. Short Runway Length:**

* **Most Significant Challenge:** The most obvious factor is the very short runway. It’s likely under 3,000 feet, and possibly even shorter. This severely limits the aircraft’s options.
* **Reduced Takeoff Distance:**  A short runway dramatically increases the takeoff distance required. The pilot needs a significant amount of accelerating distance to generate enough lift.
* **Reduced Landing Distance:** Similarly, the pilot needs a very short distance to touch down and slow the aircraft.  This leaves little room for error.

**2. Surface Conditions:**

* **Unpaved or Poorly Maintained Surface:** The runway appears to be mostly grass/dirt and gravel.  This creates:
    * **Increased Friction:**  More friction between the tires and the runway surface leads to increased braking distances and makes it harder to maintain directional control during landing.
    * **Increased Wear & Tear:** The aircraft’s tires and landing gear will experience more wear and tear.
* **Potential for Loose Material:** Loose gravel or debris on the runway surface could be kicked up by the tires during takeoff and landing, affecting visibility and potentially damaging the aircraft.

**3. Obstacles & Surroundings:**

* **Trees & Terrain:**  The surrounding area is filled with trees and a slight rise in terrain.  This restricts the pilot's ability to maneuver during takeoff and landing, especially if there’s a crosswind.
* **Limited Space for Flare:** The close proximity of the trees makes it difficult to establish a proper "flare" – the technique of reducing airspeed just before touchdown to allow the aircraft to float gently.

**4. Aircraft Type & Performance:**

* **Light Aircraft:** The plane in the image is a small, single-engine aircraft (likely a Cessna 185 based on the appearance). These types are generally designed for short field operations, but still have limits.

**5. Weather:**

* **Wind:**  Without knowing the wind direction, it’s difficult to assess the full challenge. A headwind would increase takeoff distance, while a tailwind would decrease it. A crosswind would make the landing very tricky.


**Overall, landing and taking off from this runway would require a highly skilled pilot with experience in short-field operations. Precision and careful control are absolutely essential.**

**Disclaimer:** *I'm an AI and cannot provide professional aviation advice. This analysis is based solely on the image provided.*

Would you like me to delve deeper into any specific aspect of these challenges, such as:

*   Calculating potential takeoff/landing distances (with some assumptions)?
*   Discussing techniques for short-field landings?

Processing Question 47/60: What could cause a small plane like this to bank or tilt during landing or takeoff?
 >>>>>>>>>>>>>>>>>>>>>>>>>>>>>>
>>> (Token count: 668)

Model Output: Okay, let's break down the potential causes for a small plane like the one in the image to bank or tilt during landing or takeoff. This type of aircraft (likely a Cessna 172 or similar) relies heavily on a combination of factors to maintain stability. Here's a breakdown of the possibilities, categorized for clarity:

**1. During Landing:**

* **Differential Thrust:** This is *the* most common culprit. If the pilot isn't applying equal throttle to both engines, one engine will produce more thrust than the other. This creates an imbalance, causing the plane to bank toward the side with less thrust.
* **Incorrect Glide Slope:**  The pilot needs to maintain a specific angle of descent (the glide slope) to land smoothly. If they’re too high or too low, it creates a bank.
* **Rudder Input:**  The rudder is used to counteract crosswind forces. If the rudder is applied unevenly or too much, it will cause the plane to bank.
* **Wing Low (Waxing):** As the aircraft slows down, the lower wing tends to droop slightly. This can cause a bank to the lower wing side.  The pilot needs to correct this with aileron input.
* **Wind:** Crosswinds are a significant factor during landing.  If the wind is stronger on one side, the plane will naturally tend to drift and bank in that direction.


**2. During Takeoff:**

* **Differential Thrust (Again!):** Just like during landing, unequal engine power is a primary cause.
* **Rudder Input (Again!):**  The pilot uses the rudder to align the aircraft with the runway during the initial rotation (lift-off). An incorrect rudder application can create a bank.
* **Aileron Input:** Ailerons control roll.  If not coordinated with rudder, the pilot could inadvertently induce a roll during takeoff.
* **Wind:** Headwinds can cause a bank into the wind. Tailwinds can cause a bank away from the wind.


**3. General Factors & Pilot Technique**

* **Coordination:** Landing and takeoff are *coordinated* maneuvers. It’s not just about the rudder or ailerons – it's about using them *together* seamlessly.  Poor coordination is a frequent cause of instability.
* **Pilot Experience/Training:** A less experienced pilot might struggle with subtle corrections needed to maintain a straight approach or prevent a bank.
* **Aircraft Configuration:** While less likely in a well-maintained aircraft, issues like uneven flaps or trim settings could contribute.

**Important Note:** The image doesn’t give us enough information to pinpoint the *specific* cause. However, differential thrust is the most likely explanation, particularly given that the plane looks relatively close to the ground and is in a landing configuration. 

**Disclaimer:** *I am an AI Chatbot and not a qualified aviation professional. This information is for general knowledge and discussion only.  Never attempt to diagnose or correct aircraft behavior without proper training and experience.*

Would you like me to delve deeper into any of these specific factors (e.g., explain “waxing” in more detail, or how crosswinds are managed)?

Processing Question 48/60: How does the forested area in the background affect visual references for the pilot?
 >>>>>>>>>>>>>>>>>>>>>>>>>>>>>>
>>> (Token count: 422)

Model Output: Okay, let's analyze how the forested background might affect visual references for the pilot in this image.

Here’s a breakdown of the potential challenges and considerations:

**Negative Impacts - Reduced Visual References:**

*   **Obscured Horizon:** The dense trees create a significant obstruction to the horizon. This is a critical reference point for pilots, especially during turns and maintaining level flight. It's much harder to accurately judge altitude and bank angle when the horizon is hidden.
*   **Limited Landmarks:** The forest provides very few distinct, easily identifiable landmarks for the pilot to use.  Instead of clear, contrasting shapes, they're faced with a uniform mass of green.
*   **Shadows and Contrast:** The varying density of the trees creates inconsistent shadows. This can be confusing for the pilot in terms of depth perception and judging distances.
*   **Change in Terrain:** The forest canopy changes the apparent terrain. It can make it harder to perceive subtle changes in the ground and how they relate to the aircraft's position.

**Potential Positive Impacts (Limited):**

*   **General Direction:** The general direction of the trees might provide a *very* rough sense of where the pilot is heading, especially if they're on a relatively straight approach.  However, this is unreliable.
*   **Wind Direction (Potentially):**  A strong breeze rustling the leaves *could* give a subtle clue about the wind direction, though this isn’t a reliable method for determining wind speed or direction.

**Overall:**

In this scenario, the forested background dramatically limits the pilot's visual references. They will need to rely heavily on instruments, runway markings, and possibly radio communication with air traffic control to maintain a safe approach and landing.

---

**Would you like me to elaborate on any particular aspect of this, such as:**

*   How pilots compensate for limited visual references?
*   The type of aircraft (Cessna 172) and how its design might help in this situation?

Processing Question 49/60: What kind of training would a pilot need to operate a single-engine aircraft like this?
 >>>>>>>>>>>>>>>>>>>>>>>>>>>>>>
>>> (Token count: 954)

Model Output: Okay, let's break down the training a pilot would need to operate an aircraft like the one in the image – a Cessna 182 Skycamin, or similar single-engine utility aircraft. 

Here’s a breakdown of the steps and requirements, generally:

**1. Student Pilot Certificate:**

*   **Age:** You generally need to be at least 16 years old to start flight training.
*   **Medical Certificate:** You'll need to pass a medical exam conducted by an FAA-approved Aviation Medical Examiner (AME). The class of medical certificate required depends on the type of flying you plan to do. For a Cessna 182, you’ll likely need a Third Class Medical.
*   **Knowledge Test:** You’ll need to pass a written knowledge test covering topics like aviation regulations, weather, navigation, aircraft systems, and aerodynamics. This is done using the FAA's computerized testing system.

**2. Flight Training – This is the core of it!**

*   **Discovery Flight:** Most flight schools start with a “discovery flight.” This is a short flight with an instructor where you get to experience what it’s like to fly.
*   **Ground School:** This covers the theoretical knowledge learned in the knowledge test, but goes into greater depth. You’ll learn about:
    *   Aerodynamics
    *   Aircraft Systems (engine, electrical, fuel, etc.)
    *   Navigation (using charts, instruments, GPS)
    *   Meteorology (weather)
    *   Regulations and Airspace
    *   Flight Planning
*   **Flight Hours – This is where the hands-on training happens:** The FAA requires a minimum of 40 hours of flight time for a Private Pilot Certificate. Here’s a general breakdown of what those hours usually involve:
    *   **Dual Instruction:**  The vast majority of your flight time will be with a certified flight instructor (CFI).
    *   **Pre-Flight Procedures:** Learning how to inspect the aircraft before each flight.
    *   **Basic Flight Maneuvers:** Straight and level flight, turns, climbs, descents, slow flight.
    *   **Takeoffs and Landings:**  Practicing various takeoff and landing techniques.
    *   **Cross-Country Flying:** Planning and executing flights to airports other than the one you started from.
    *   **Emergency Procedures:** Learning how to handle engine failures, system malfunctions, and other emergencies.
    *   **Night Flying (if desired):**  Additional training if you want to fly at night.
    *   **Solo Flights:**  Once your instructor deems you ready, you'll be allowed to fly the aircraft by yourself.

**3. Private Pilot Certificate (PPC):**

*   **Final Checkride:** After completing your flight training and meeting the FAA's requirements, you’ll need to pass a practical (flight) exam with an FAA examiner. This involves demonstrating your ability to safely operate the aircraft and handle various situations.

**Important Considerations for a Cessna 182:**

*   **Utility Aircraft:** The Cessna 182 is a “utility” aircraft, meaning it’s used for a variety of purposes – sightseeing, personal transportation, cargo carrying, etc. This means your training will likely cover some specialized procedures.
*   **Transponder and GPS:**  These are standard on most Cessna 182s, so you'll need to learn how to use them effectively.



**Resources:**

*   **FAA Website:** [https://www.faa.gov/](https://www.faa.gov/) – This is the official website for the Federal Aviation Administration.
*   **Sporty’s Pilot Shop:** [https://www.sportys.com/](https://www.sportys.com/) – A popular resource for flight training materials and information.
*   **Aircraft Owners and Pilots Association (AOPA):** [https://www.aopa.org/](https://www.aopa.org/) – A great organization for pilots of all levels.

**Disclaimer:** *I am an AI Chatbot and not a certified flight instructor. This information is for general knowledge only. Always consult with a qualified flight instructor for personalized training and guidance.*

Do you want me to delve deeper into a specific aspect of this training, such as:

*   The cost of flight training?
*   Specific maneuvers you'd learn?
*   The types of flight schools available?

Processing Question 50/60: How is takeoff speed or landing speed determined in small planes?
 >>>>>>>>>>>>>>>>>>>>>>>>>>>>>>
>>> (Token count: 845)

Model Output: Okay, let's break down how takeoff and landing speeds are determined in small planes. It's a fascinating blend of engineering, aircraft characteristics, and pilot judgment. Here’s a detailed explanation:

**1. Aircraft Design and Performance Charts – The Foundation**

* **Manufacturer's Data:** The primary source of information is the aircraft's Pilot Operating Handbook (POH) or Airplane Flight Manual (AFM). This document provides crucial performance charts. These charts detail:
    * **Takeoff Distance Required:**  This chart shows the distance an aircraft needs to travel to lift off based on factors like weight, runway length, temperature, and wind.
    * **Landing Distance Required:**  Similar to takeoff, this chart indicates the distance needed to stop after landing, again considering various factors.
    * **Best Glide Speed:**  This is a critical speed where the aircraft can maintain lift while descending, allowing for a controlled landing even if the runway is shorter than anticipated.
    * **Stall Speed:** This is the speed at which the aircraft loses lift and stalls. It's *always* lower than the Best Glide Speed.
* **Weight & Balance:**  The weight of the aircraft (including passengers and fuel) and its center of gravity position significantly impact performance. Heavier aircraft require higher takeoff speeds.

**2. Key Factors Influencing Speed**

* **Weight:**  As mentioned, heavier planes need more lift to get airborne and more force to decelerate.
* **Temperature:**  Warm air is less dense.  This reduces engine power and lift, thus increasing takeoff and landing speeds.
* **Altitude:**  Air pressure decreases with altitude, again affecting engine power and lift. Higher altitudes require higher speeds.
* **Wind:**
    * **Headwind:** A headwind is *extremely* beneficial for takeoff. It provides an extra boost of speed, reducing the required distance and speed.
    * **Tailwind:** A tailwind increases both takeoff and landing distances.
    * **Crosswind:** Requires careful attention to maintaining alignment on the runway, which can slightly impact speed.
* **Runway Surface:** A smooth, dry runway provides better friction and allows for slightly lower speeds. A bumpy or wet runway demands higher speeds to maintain control.

**3. Calculating Takeoff Speed (V1 & VR)**

* **V1 (Decision Speed):** This is the speed at which the pilot must commit to takeoff. If the aircraft hasn't accelerated to V1 by this point, the pilot should reject the takeoff.
* **VR (Rotation Speed):** This is the speed at which the pilot begins to gently pull back on the control column (or yoke) to raise the nose and initiate the takeoff.  VR is *always* higher than V1.
* **V3 (Takeoff Safety Speed):** This speed is determined by the pilot based on the runway length and conditions. It's the speed at which the pilot will be able to safely abort the takeoff if necessary.

**4. Landing Speed**

* **Approach Speed (V Approach):** This is the speed at which the pilot approaches the runway for landing. It’s typically slightly higher than the Best Glide Speed to allow for a smoother touchdown.
* **Touchdown Speed:**  This is the speed at which the landing gear touches down.  It's ideally kept low to minimize the impact forces.



**Important Note:** Small plane pilots don't just look at a single number. They use the performance charts and carefully assess all the relevant conditions to determine the *appropriate* takeoff and landing speeds for a particular flight.  

**Disclaimer:** *I am an AI Chatbot and not a certified flight instructor. This information is for general knowledge purposes only. Always consult the aircraft's POH/AFM and a qualified flight instructor for specific guidance.*

Would you like me to elaborate on any particular aspect, such as:

*   The specifics of a particular aircraft?
*   How wind affects takeoff and landing?
*   The role of stall speed?

Processing Question 51/60: Why are trees and fences kept a specific distance from runways?
 >>>>>>>>>>>>>>>>>>>>>>>>>>>>>>
>>> (Token count: 499)

Model Output: You've asked a really important question about aviation safety! Maintaining a specific distance between trees, fences, and other obstacles and runways is absolutely critical for the safe operation of aircraft. Here's a breakdown of why:

**1. Obstacle Clearance:**

* **Takeoff and Landing:** Aircraft need a clear path to take off and land. Trees, fences, and other obstacles can obstruct this path, making it impossible for the plane to gain enough speed or distance to safely depart or approach the runway.
* **Rollout:**  During takeoff, planes need a significant distance to accelerate and build up airspeed. Obstacles in the way can prevent this, leading to a crash.

**2. Wind and Turbulence:**

* **Wind Shear:** Trees and fences can create localized areas of wind shear – sudden changes in wind speed and direction. This is particularly dangerous during landing, as it can cause a sudden loss of lift and a stall.
* **Turbulence:** Trees can disrupt airflow, creating turbulence that can make it difficult for the pilot to maintain control.

**3. Visual Obstruction:**

* **Reduced Visibility:** Especially during low-light conditions (dawn, dusk, fog), trees and fences can significantly reduce a pilot’s visibility, making it harder to see the runway and other hazards.

**Regulations & Standards:**

* **FAA Regulations:** The Federal Aviation Administration (FAA) sets very specific regulations regarding obstacle clearance around airports. These regulations are based on the aircraft's performance characteristics (e.g., stall speed, takeoff distance).
* **Minimum Distances:** These regulations dictate minimum distances that trees and fences must be kept from runways. These distances vary depending on the size of the aircraft and the type of obstacle. Generally, there are:
    * **High-wing aircraft:** Have wider clearance requirements.
    * **Low-wing aircraft:** Generally have less clearance requirements.

**In the Image:**

Looking at the picture, you can see a chain-link fence and a row of trees. The fence is likely providing a minimum clearance, and the trees, although somewhat distant, could still pose a hazard if they were closer.


Do you want me to delve deeper into any of these aspects, such as:

*   Specific FAA regulations?
*   How obstacle clearance is determined?
*   The impact of different types of obstacles (e.g., tall buildings vs. small shrubs)?

Processing Question 52/60: What techniques do pilots use to achieve a smooth landing?
 >>>>>>>>>>>>>>>>>>>>>>>>>>>>>>
>>> (Token count: 865)

Model Output: Okay, let's break down the techniques pilots use to achieve a smooth landing. It’s a complex skill that combines many elements, but here’s a breakdown of the key areas:

**1. Approach and Configuration:**

* **Stable Approach Speed:** This is absolutely crucial. Pilots aim for a specific airspeed (often referred to as “Vref” – reference speed, which is determined by the aircraft’s weight and certified performance) throughout the approach. Maintaining this speed ensures the aircraft is stable and predictable.
* **Consistent Descent Rate:** A gentle, constant descent rate is vital. Too steep, and you’ll hit the ground hard. Too shallow, and you’ll float and potentially run out of runway.
* **Proper Glide Angle:** The angle at which the aircraft descends is carefully managed. This is influenced by speed and distance to the runway.
* **Flaps:** Using the correct amount of flaps is key. Flaps increase lift at slower speeds, allowing for a slower approach and a shorter landing distance. Pilots have to judge when to start deploying them and when to retract them.

**2. During the Landing Roll:**

* **Maintaining Alignment:** This is about keeping the aircraft centered on the runway. Small rudder and aileron inputs are constantly made to counteract any drift.
* **Early and Smooth Braking:**  Most aircraft have brakes that need to be applied relatively early in the landing roll – typically around 100-200 feet above the runway.  The braking is smooth and controlled, not a sudden slam-on.
* **Carriage (or ‘Nose-Down’ Attitude):**  Holding the aircraft with a slight nose-down attitude is extremely common. This:
    * **Increases Lift:** Keeps the aircraft generating lift.
    * **Reduces Sink Rate:**  Helps control the descent rate.
    * **Allows for More Brake Application:** Gives the brakes more effectiveness.
* **Using the Collective (for Multi-Engines):** In multi-engine aircraft, the collective is used to maintain the desired descent rate and lift.

**3. Technique and Feel (This is where experience comes in!):**

* **“Feel” for the Aircraft:** Experienced pilots develop a sense of how their aircraft *feels* – the subtle movements, the pitch and roll, and the balance. This ‘feel’ allows them to anticipate and react to changes.
* **Using the Controls:**
    * **Ailerons:** Used to maintain alignment with the runway centerline.
    * **Rudder:**  Used to counteract crosswind or any tendency to drift.
    * **Elevator:**  Used to control the pitch (and thus, the descent rate).
    * **Throttle:** Used to manage engine power and maintain the correct airspeed.
* **“Shock Absorbers”:** This is a popular term for subtly moving the yoke/stick forward and backward during the flare to cushion the impact of the landing wheel.  It’s a very delicate movement.

**4. The Flare (the last few seconds):**

* **Leveling Off:** Just before touchdown, the pilot “flares” the aircraft by gently pulling back on the yoke to raise the nose and reduce the descent rate.
* **Smooth Touchdown:** The goal is a smooth, controlled touchdown on the main wheels first, followed by the tail wheel (if applicable).  A hard or bumpy touchdown is something pilots strive to avoid.



**Important Note:**  Smooth landings are not just about technique; they are about *practice* and *experience*.  It takes countless hours of flight instruction and landings to develop the feel and reflexes needed to consistently execute smooth landings.

---

**Resources for Further Learning:**

* **YouTube:** Search for “smooth landing techniques” – there are many excellent instructional videos.
* **Pilot Associations:**  Organizations like the Aircraft Owners and Pilots Association (AOPA) offer resources and training materials.

Do you want me to delve deeper into a specific aspect of smooth landings, such as:

*   Handling crosswinds?
*   The role of the flare?
*   Specific aircraft types?

Processing Question 53/60: What time of day does this photograph appear to have been taken, and how does that impact flying conditions?
 >>>>>>>>>>>>>>>>>>>>>>>>>>>>>>
>>> (Token count: 362)

Model Output: Okay, let's analyze the photograph to determine the likely time of day and how that might affect flying conditions.

**Time of Day Estimate:**

Based on the lighting in the image, it appears this photograph was taken during **late afternoon or early evening**. Here's how I'm arriving at that conclusion:

*   **Warm, Golden Light:** The light has a noticeable warmth and a golden hue. This is characteristic of the sunlight when it's lower in the sky, typically around the time of sunset.
*   **Long Shadows:** The shadows cast by the trees are relatively long, which confirms the lower sun angle.

**Impact on Flying Conditions:**

Flying in the late afternoon/early evening can present some unique challenges:

*   **Reduced Visibility:** As the sun sets, the light can become dimmer, and haze or moisture in the air can increase, reducing visibility. This is particularly important for pilots needing to see approach aids (runway lights, etc.).
*   **Turbulence:** The temperature differences between the warmer ground and cooler air aloft can create turbulence, especially during approach and departure.
*   **Landing Light Requirements:** Pilots are required to have landing lights on during approach and landing under certain conditions.
*   **Fatigue:** It's important for pilots to be well-rested before flying in the late afternoon/early evening to combat potential fatigue.

**Important Note:** This is an estimation based solely on the visual evidence in the photograph. A pilot would, of course, use other factors (weather reports, instrument readings) to assess actual flying conditions.

Would you like me to delve deeper into any specific aspect of these flying conditions, or perhaps discuss how pilots might mitigate the challenges of flying during this time?

Processing Question 54/60: Why is the airplane's left wing visibly lower than the right one?
 >>>>>>>>>>>>>>>>>>>>>>>>>>>>>>
>>> (Token count: 193)

Model Output: Okay, let's analyze what's happening in the image.

The airplane's left wing is visibly lower than the right wing, and this is because it’s in the process of **landing**. Specifically, it's exhibiting a condition called **wing-down attitude**. 

Here's what's causing it:

*   **Sink Rate:** As the plane descends for landing, it naturally develops a downward tendency.
*   **Control Input:** The pilot is likely using the elevator controls to lower the nose of the aircraft, which in turn causes the left wing to dip downwards.

This is a normal maneuver during a landing, and the pilot is using control inputs to manage the aircraft’s descent and ensure a safe touchdown.

Would you like me to elaborate on any aspect of this, such as:

*   How pilots control a plane during landing?
*   The importance of maintaining the correct attitude?

Processing Question 55/60: What are the visual aids visible along the runway in this image?
 >>>>>>>>>>>>>>>>>>>>>>>>>>>>>>
>>> (Token count: 185)

Model Output: Okay, let's analyze the image for visual aids on the runway. Here's what I can see:

*   **Approach Lighting System (ALS):** There are multiple illuminated touchdown zones (typically white or yellow) leading up to the runway. These are designed to help the pilot gauge their descent rate and alignment during the approach.
*   **Runway Markings:** The runway itself has painted markings, likely including:
    *   **Solid White Lines:**  These likely delineate the edges of the runway.
    *   **Yellow Edge Line:** A yellow line may be present indicating the edge of the runway.
    *   **Centerline:** A single white centerline running down the middle of the runway.
*   **Taxiway Lights:** These are orange lights.

Do you want me to point out anything else or give you more details about any of these visual aids?

Processing Question 56/60: What does the relatively small size of the aircraft indicate about its range and usage?
 >>>>>>>>>>>>>>>>>>>>>>>>>>>>>>
>>> (Token count: 317)

Model Output: Okay, let's analyze the image and deduce some information about the aircraft's range and usage based on its size.

**Here's what the size suggests:**

* **Small Size:** The aircraft in the picture appears to be a single-engine, short takeoff and landing (STOL) aircraft, likely a Cessna 182 or similar. These planes are known for their relatively compact size.

* **Range:** Because of its size, this aircraft has a **limited range**. It’s typically designed for shorter flights, often within a few hundred miles of its base of operations. It's not built for long-distance travel.

* **Usage:** Its design points to specific types of usage:
    * **Local Travel:** Primarily used for trips within a relatively short distance – often to smaller airports or areas not well-served by larger commercial airlines.
    * **General Aviation:** Common for recreational flying, personal transport, flight training, and short-haul cargo runs.
    * **Bush Flying:**  Because of its STOL capabilities, these planes are frequently used in "bush flying," which involves operating in areas with unimproved airstrips or fields. The presence of the airfield in the background supports this type of usage.



**In short, the size indicates an aircraft designed for shorter distances and more specialized operational environments rather than long-haul travel.**

Do you want me to elaborate on any specific aspect of this analysis, like the specific type of aircraft, or the types of operations it's suited for?

Processing Question 57/60: Could turbulence or crosswinds create issues for the pilot in this scenario?
 >>>>>>>>>>>>>>>>>>>>>>>>>>>>>>
>>> (Token count: 447)

Model Output: Okay, let's analyze the image and consider how turbulence and crosswinds could affect the pilot.

**Here's a breakdown of the potential issues:**

**1. Turbulence:**

*   **Likely Issue:** Moderate to High Turbulence. The airplane is a small, single-engine aircraft (likely a Cessna Skytender, based on the appearance). These types of planes are inherently more susceptible to turbulence than larger airliners.
*   **Why it matters in this scenario:**  The plane is very close to the ground during landing. Turbulence at this low altitude could cause a significant and rapid drop, making it very difficult to maintain control, especially for a less experienced pilot. The pilot would need to fight hard to keep the aircraft level.

**2. Crosswinds:**

*   **Likely Issue:** Moderate Crosswind. The runway is relatively straight, and there’s a noticeable grass strip alongside it. This suggests a smaller, less-maintained runway.
*   **Why it matters:**  Crosswinds make it challenging to maintain a straight trajectory into the wind. The pilot would need to apply aileron and rudder to counteract the wind's force, which requires precise control.  A strong crosswind combined with turbulence would create a very demanding landing scenario.

**Additional Considerations based on the image:**

*   **Short Runway:**  The runway looks relatively short. This limits the pilot's ability to compensate for turbulence or crosswind errors.
*   **Low Altitude:** The aircraft is very low to the ground – adding to the challenges of both turbulence and crosswinds.

**Overall:**

Based on the image, turbulence and crosswinds would definitely be significant challenges for the pilot in this landing scenario. The pilot would need to be skilled, experienced, and prepared to make adjustments to ensure a safe landing.

**Disclaimer:** *I’m an AI and cannot provide professional aviation advice. This analysis is based solely on the visual information provided in the image.*

Would you like me to delve deeper into a specific aspect, such as:

*   The types of turbulence that might be present?
*   How the pilot would counter crosswinds?

Processing Question 58/60: With the grassy area alongside the runway, how would wildlife pose a risk to this flight?
 >>>>>>>>>>>>>>>>>>>>>>>>>>>>>>
>>> (Token count: 405)

Model Output: Okay, let's analyze the image and consider the wildlife risks this small airplane would face during landing and takeoff.

Here's a breakdown of the potential hazards:

**1. Animals on the Runway:**

*   **Deer, Rabbits, and other Small Mammals:** The grassy area alongside the runway is a prime habitat for small mammals. They could bolt onto the runway during the approach or takeoff, startling the pilot and potentially leading to a dangerous evasive maneuver or collision.
*   **Birds:** Birds of various sizes could be a significant risk. A flock of birds suddenly taking flight during the approach could cause the pilot to yank the stick, leading to a stall or loss of control. Even a single large bird could pose a collision hazard.

**2. Grassy Area as a Takeoff/Landing Zone:**

*   **Reduced Visibility:** The grass provides less of a visual cue for the pilot compared to a solid paved runway. This can make it harder to judge distance and airspeed during the approach.
*   **Uneven Surface:** Grass is uneven. This could cause the airplane to bounce or settle unevenly during landing, making it more difficult to maintain a stable approach.

**3. Terrain and Vegetation:**

*   **Trees and Shrubs:** The surrounding trees and shrubs offer cover for animals.  A pilot landing in this area would have limited visibility of what's around them, increasing the risk of encountering wildlife unexpectedly.


**Why this is particularly concerning for a small plane:**

Small planes like the one in the picture have less maneuverability than larger aircraft. A sudden animal encounter could be harder to react to effectively.

**In summary, the combination of the grassy area, the surrounding vegetation, and the potential presence of wildlife creates a significant hazard for this type of flight.**

---

Do you want me to elaborate on any of these points, or perhaps discuss strategies for mitigating these risks (e.g., runway lighting, wildlife management)?

Processing Question 59/60: How might the plane's small size make it more susceptible to fluctuations in wind speed and direction?
 >>>>>>>>>>>>>>>>>>>>>>>>>>>>>>
>>> (Token count: 442)

Model Output: Okay, let's analyze how the plane's size impacts its vulnerability to wind.

Here's how a small plane like the one in the image—likely a bush plane or STOL (Short Takeoff and Landing) aircraft—becomes more susceptible to wind fluctuations:

1. **Higher Surface Area to Weight Ratio:** Small planes tend to have a significantly higher surface area relative to their weight. This means that even a relatively small change in airflow over the wings and fuselage has a much larger effect on the aircraft’s balance and control.

2. **Lower Moment of Inertia:**  A smaller plane has a lower “moment of inertia.” This essentially means it's less resistant to changes in its rotational motion. When the wind pushes against the plane, it’s harder for the plane to quickly adjust its orientation to compensate. Think of it like a top – a smaller, lighter top will wobble more easily than a larger, heavier one when disturbed.

3. **Greater Sensitivity to Aerodynamic Loads:** The airflow around a smaller plane is more sensitive to disturbances. Small gusts or shifts in wind direction can cause more pronounced changes in lift and drag, making it harder for the pilot to maintain a stable approach.

4. **Limited Control Authority:** Small planes typically have less powerful control surfaces (ailerons, elevator, rudder) relative to their size. This means that when the wind is trying to push the plane around, the pilot has less ‘authority’ to counteract those forces effectively.


**In the picture:** You can see how the plane is already exhibiting a slight roll, which could be partly due to a slight wind disturbance. A larger plane would likely be more stable in such conditions. 

**Important Note:** Skilled pilots of small planes are *very* aware of these sensitivities and train extensively to manage wind conditions. They use techniques like adjusting airspeed, using flaps, and carefully controlling the rudder to compensate.

---

Would you like me to delve deeper into a specific aspect of this, such as:

*   How pilots specifically manage wind during landings?
*   The characteristics of different types of small planes and how they respond to wind?

Processing Question 60/60: What might the pilot need to check before starting the next phase of this flight?
 >>>>>>>>>>>>>>>>>>>>>>>>>>>>>>
>>> (Token count: 353)

Model Output: Okay, let’s analyze the image and consider what the pilot would likely be checking before starting the next phase of the flight.

Here’s a breakdown of what the pilot should be doing, based on the scene:

**Immediate Checks (Right Before Taxiing/Taking Off)**

*   **Clearance:** The pilot would need to verify that the runway is clear of other aircraft and obstacles. This is the most critical thing at this moment.
*   **Wind:** A quick observation of the wind direction and strength would be necessary.  Even though we can’t see it directly, the trees and grass suggest a breeze. The pilot would need to know if it’s a headwind, tailwind, or crosswind, and how it will affect their takeoff.
*   **Engine Instruments:** A scan of the engine gauges to ensure they’re within normal operating ranges – oil pressure, temperature, RPM, etc.
*   **Flight Controls:** Check the control surfaces (ailerons, elevator, rudder) are free and move smoothly.
*   **Trim:** Setting the trim to the correct position is important for a stable takeoff and flight.

**Checks Related to the Aircraft (Based on the Image)**

*   **Gear:** Looking to ensure the landing gear is up and locked.
*   **Flaps:** Determining the flap setting needed for the takeoff.
*   **Fuel:** Checking fuel levels to ensure sufficient range for the planned flight.

**Important Note:** Given that the plane is on the runway, it's likely the pilot is just finishing the approach. 

Do you want me to elaborate on any of these checks or perhaps discuss a specific aspect of the flight?
average_tokens : 260.06666666666666
