Using default attention!

Processing Question 1/60: What type of boat is depicted in the image?
 >>>>>>>>>>>>>>>>>>>>>>>>>>>>>>
>>> (Token count: 101)

Model Output: ['The image shows a tugboat, which is a small to medium-sized vessel designed for towing or pushing other larger vessels, especially in confined waterways like harbors and canals. Tugboats are essential in port operations and coastal areas where they assist in maneuvering large ships into docking stations or out of the harbor. The specific tugboat in this image appears to be painted red with the letter "M" on its side, which could be indicative of a particular company or organization that owns it.']

Processing Question 2/60: What is the name of the vessel shown in the picture?
 >>>>>>>>>>>>>>>>>>>>>>>>>>>>>>
>>> (Token count: 97)

Model Output: ['The vessel shown in the picture appears to be a tugboat, which is used for towing or pushing other ships and boats. The large letter "M" on its side might indicate its affiliation with a specific company or organization. However, without more specific details such as the name printed on the ship\'s side, it is not possible to definitively determine its exact name. Tugboats like this one are commonly used in ports and harbors to assist larger vessels in maneuvering.']

Processing Question 3/60: What is the primary purpose of a tugboat like the one in the image?
 >>>>>>>>>>>>>>>>>>>>>>>>>>>>>>
>>> (Token count: 131)

Model Output: ['A tugboat, such as the one depicted in the image, primarily serves to assist larger vessels in maneuvering through waterways, particularly when they need to navigate narrow channels or difficult areas. Tugboats can provide power and control to help guide larger ships into ports, away from piers, or in situations where the main vessel cannot move effectively on its own. They are also used for various tasks such as towing barges, assisting in salvage operations, and assisting icebreakers in clearing ice from waterways.\n\nIn this image, the tugboat appears to be navigating near a cityscape, possibly helping a larger ship or engaging in harbor operations.']

Processing Question 4/60: Can you identify the large "M" on this tugboat? What might it signify?
 >>>>>>>>>>>>>>>>>>>>>>>>>>>>>>
>>> (Token count: 120)

Model Output: ['The large "M" on the tugboat in the image is likely a symbol or abbreviation representing a specific company, organization, or ownership group that operates the vessel. In the maritime industry, such markings often serve to identify the tugboat\'s affiliation or management. The "M" could stand for a company name, initials of an owner, or an industry-specific identifier. Without additional context or information about the specific tugboat, it\'s not possible to definitively determine its meaning. However, it is common practice in the shipping and tugboat industry to use such symbols for identification and operational purposes.']

Processing Question 5/60: What body of water might this tugboat be navigating?
 >>>>>>>>>>>>>>>>>>>>>>>>>>>>>>
>>> (Token count: 96)

Model Output: ["This tugboat appears to be navigating in a large body of water, such as a river, harbor, or bay. The presence of the city skyline in the background suggests that it could be in a major urban area's waterway, possibly the Hudson River (near New York City) or another prominent urban waterway. Tugboats like this one are commonly used in such areas for maritime operations, including towing, mooring assistance, and other support services for larger vessels."]

Processing Question 6/60: What major city skyline can be seen in the background?
 >>>>>>>>>>>>>>>>>>>>>>>>>>>>>>
>>> (Token count: 52)

Model Output: ['The background skyline in the image appears to resemble that of New York City, specifically the Manhattan skyline. The red tugboat is on the Hudson River, which flows into New York Harbor, and the silhouette of the iconic skyscrapers is visible behind it.']

Processing Question 7/60: How many levels can be seen on the tugboat's structure?
 >>>>>>>>>>>>>>>>>>>>>>>>>>>>>>
>>> (Token count: 45)

Model Output: ['The tugboat in the image appears to have two main levels: the upper deck and the main deck. The upper level is primarily red with some white railing, while the lower level includes the hull and some additional equipment.']

Processing Question 8/60: What is the color of the tugboat's hull and structure?
 >>>>>>>>>>>>>>>>>>>>>>>>>>>>>>
>>> (Token count: 22)

Model Output: ['The tugboat in the image has a red hull and a white structure with some black elements on it.']

Processing Question 9/60: What does the presence of tires on the sides of the boat indicate?
 >>>>>>>>>>>>>>>>>>>>>>>>>>>>>>
>>> (Token count: 135)

Model Output: ["The presence of tires on the sides of the boat, often referred to as fenders, indicates that this is likely a tugboat designed for docking and mooring operations in harbors or ports. Fenders are used to absorb impact from other vessels or structures when maneuvering into or out of berth, thereby protecting both the tugboat and the dockside infrastructure from damage.\n\nTires are commonly used because they offer a softer, more cushioned surface compared to rubber or hard materials, which helps minimize wear and tear during docking. Additionally, the fenders' flexibility allows them to conform to irregularities in the dockside structure, providing a more stable and safer docking experience."]

Processing Question 10/60: What kind of flag is flying at the rear of the tugboat?
 >>>>>>>>>>>>>>>>>>>>>>>>>>>>>>
>>> (Token count: 28)

Model Output: ['The flag visible at the rear of the tugboat appears to be the United States flag, as indicated by its stars and stripes design.']

Processing Question 11/60: What year or historical period might this tugboat come from based on its design?
 >>>>>>>>>>>>>>>>>>>>>>>>>>>>>>
>>> (Token count: 268)

Model Output: ['The tugboat in the image appears to have a design that suggests it is from the mid-20th century, likely the 1950s through the 1970s. This can be inferred from several characteristics:\n\n1. **Paint Scheme and Hull Design**: The red hull with white trim was common for American tugboats during this era, reflecting both safety and visibility standards.\n\n2. **Superstructure and Equipment**: The raised pilothouse with its prominent "M" marking is characteristic of many American tugs from this time. The open deck and visible life-saving equipment are also consistent with maritime practices of that period.\n\n3. **Rigging and Towing Gear**: The visible towing gear (chains and winches) is designed similarly to those used in the mid-to-late 20th century. These were typically robust and functional rather than sleek or minimalist.\n\n4. **General Layout**: The overall layout, including the bow shape and size of the deckhouse, is indicative of a working vessel built for practicality over aesthetics, a hallmark of mid-20th-century tugboats.\n\nThis type of tugboat was commonly used for harbor and river operations, and while similar designs could still be found in service today, this one reflects a historical period of significant maritime activity and engineering innovation.']

Processing Question 12/60: What kind of cargo or task could this tugboat be involved with?
 >>>>>>>>>>>>>>>>>>>>>>>>>>>>>>
>>> (Token count: 252)

Model Output: ['This is a tugboat, which is typically used to assist larger ships in navigating ports and harbors. The tasks it can perform include:\n\n1. **Assisting Ships in Port**: Tugboats help guide large vessels into and out of port, particularly those that cannot navigate under their own power due to size or shallow water conditions.\n\n2. **Maneuvering Ships**: They can turn or move large ships around docks, moorings, or other obstacles.\n\n3. **Drag Lines**: Tugboats can be part of drag lines that pull barges or other vessels along a channel or river.\n\n4. **Rescue Operations**: In emergencies, tugboats may assist in rescuing people from sinking vessels or pulling capsized boats back to safety.\n\n5. **Docking Assistance**: They help guide ships to docking positions, ensuring they align properly with the pier.\n\n6. **Icebreaking**: In certain regions where ice poses a hazard, tugboats may be deployed to break up ice and keep channels open for shipping.\n\n7. **Sweeping Channels**: They can be used to sweep and clear channels of debris or sediment to maintain safe navigation routes.\n\nThe specific task will depend on the location and the needs of the larger vessel being assisted.']

Processing Question 13/60: What time of day could it be, judging by the lighting in the image?
 >>>>>>>>>>>>>>>>>>>>>>>>>>>>>>
>>> (Token count: 77)

Model Output: ['The lighting in the image suggests that it is either early morning or late afternoon, as the sun appears low on the horizon, casting a warm light and creating long shadows. This type of lighting is often referred to as "golden hour" and is characteristic of times near sunrise or sunset. The hazy quality of the sky and the softness of the light further support this conclusion.']

Processing Question 14/60: How is the water interacting with the tugboat as it moves forward?
 >>>>>>>>>>>>>>>>>>>>>>>>>>>>>>
>>> (Token count: 109)

Model Output: ['As the tugboat moves forward, the water is displaced and pushed aside by its hull, creating waves in front of the boat. This interaction causes turbulence and ripples on the surface of the water, which can be observed around the boat. The movement of the tugboat also creates a wake behind it, consisting of a series of waves that trail off into the distance. The size and shape of these waves depend on the speed of the tugboat, the depth of the water, and the angle at which the boat cuts through the waves.']

Processing Question 15/60: Does this image indicate motion or stillness of the tugboat?
 >>>>>>>>>>>>>>>>>>>>>>>>>>>>>>
>>> (Token count: 53)

Model Output: ['The image indicates that the tugboat is in motion. This can be inferred from the wake visible behind the boat, which is created by the movement through water. Additionally, the positioning of the boat and its orientation suggest it is actively navigating rather than being stationary.']

Processing Question 16/60: How does the design of the tugboat compare with other types of ships?
 >>>>>>>>>>>>>>>>>>>>>>>>>>>>>>
>>> (Token count: 442)

Model Output: ["The design of the tugboat in the image differs significantly from other types of ships, particularly in terms of its purpose and functionality. Tugboats are smaller, more maneuverable vessels designed to assist larger ships by towing or pushing them in narrow waterways, such as rivers, canals, or ports, where space is limited. Here's how the design of this tugboat compares with other types of ships:\n\n1. **Size and Shape**:\n   - Tugboats are typically much smaller compared to bulk carriers, container ships, or cruise liners. The boat shown here has a compact, robust build optimized for agility and strength rather than speed or capacity.\n   - Its rounded bow and stern allow it to navigate through tight spaces with ease.\n\n2. **Structure**:\n   - Tugboats are built for durability and have reinforced structures to withstand the force exerted during towing operations. This is evident from the sturdy framework, heavy-duty equipment, and robust superstructure on this boat.\n   - The red color is also typical of tugs to make them highly visible, which is essential for safety in busy waterways.\n\n3. **Equipment and Features**:\n   - Tugboats carry specialized equipment like winches, towing cables, and anchors that are used for towing or pushing larger vessels. This is visible in the setup of the deck and superstructure.\n   - They often have multiple engines providing high torque for powerful towing capabilities, and this tugboat appears to have a substantial engine room for this purpose.\n\n4. **Functionality**:\n   - Unlike bulk carriers, tankers, or ferries, tugboats do not primarily transport goods or passengers. Their primary function is to assist in navigating and maneuvering larger ships safely into and out of harbors or ports.\n\n5. **Speed**:\n   - Tugboats are generally slower than cargo ships but can operate at higher speeds when needed for quick maneuvers. Speed is not a priority since they are intended for close-range work.\n\nIn summary, the design of this tugboat prioritizes functionality, strength, and maneuverability over size and capacity. Its compact and robust structure makes it an essential and highly specialized type of vessel in maritime operations."]

Processing Question 17/60: Are there noticeable weather conditions or environmental factors in this scene?
 >>>>>>>>>>>>>>>>>>>>>>>>>>>>>>
>>> (Token count: 148)

Model Output: ['This image shows a tugboat on water, likely near a city skyline. Here are some notable weather and environmental conditions visible:\n\n1. **Haze**: The sky appears hazy, which might indicate air pollution, humidity, or atmospheric conditions that contribute to reduced visibility.\n2. **Water Conditions**: The water looks relatively calm with small waves, suggesting mild weather without strong winds or storms.\n3. **Lighting**: The lighting is diffused and soft, possibly due to overcast skies, which could be contributing to the haze.\n\nNo specific stormy or extreme weather events appear evident from this snapshot. However, the haze suggests conditions that could be associated with urban areas where air quality might be affected by industrial emissions or other pollutants.']

Processing Question 18/60: What role might the antenna and radio equipment visible at the top of the tugboat serve?
 >>>>>>>>>>>>>>>>>>>>>>>>>>>>>>
>>> (Token count: 216)

Model Output: ['The antenna and radio equipment on the tugboat serve several critical roles:\n\n1. **Communication**: The radio system allows the crew to communicate with other vessels, shore-based command centers, and other tugboats in the area. This is crucial for coordinating maneuvers, ensuring safety during operations, and sharing important information about traffic conditions.\n\n2. **Navigation Assistance**: The antenna may be part of a maritime navigation system that helps the crew stay informed about weather, currents, tides, and other navigational hazards. It can also provide real-time updates from a control tower or other authorities.\n\n3. **Safety**: These systems are vital for maintaining situational awareness, especially in busy waterways where visibility may be limited due to fog, heavy traffic, or other factors. They help prevent collisions and ensure safe navigation.\n\n4. **Emergency Services**: The radio equipment enables the crew to contact emergency services if they encounter issues such as fires, spills, or medical emergencies while operating the tugboat.\n\nOverall, these systems are essential for the safe, efficient, and coordinated operation of the tugboat.']

Processing Question 19/60: What skyline landmark or feature can be identified in the distance?
 >>>>>>>>>>>>>>>>>>>>>>>>>>>>>>
>>> (Token count: 81)

Model Output: ['The image shows a tugboat on what appears to be a body of water with a city skyline in the background. While it is not possible to identify specific landmarks from this angle, the presence of tall buildings and the overall urban landscape suggests that this might be a major city like New York City, specifically the Manhattan skyline. However, without more details or a clearer view, this identification cannot be confirmed.']

Processing Question 20/60: Is the shoreline visible in this image, and if so, where?
 >>>>>>>>>>>>>>>>>>>>>>>>>>>>>>
>>> (Token count: 54)

Model Output: ['No, the shoreline is not directly visible in this image. However, based on the context of the city skyline in the background, it can be inferred that the shoreline lies beyond the water where the tugboat is positioned, likely along the coast near the urban area.']

Processing Question 21/60: Would this tugboat likely operate in freshwater or saltwater?
 >>>>>>>>>>>>>>>>>>>>>>>>>>>>>>
>>> (Token count: 165)

Model Output: ["This tugboat, based on its design and the environment it appears to be operating in, is most likely built for operation in saltwater. The red hull is common in maritime construction, and the presence of an American flag suggests it might belong to a U.S.-registered vessel. Additionally, the boat's location in what looks like a large body of water with a city skyline in the background could indicate that it operates in a harbor or coastal area where saltwater is predominant. Tugboats typically serve in ports, harbors, or near coastlines, which are often saltwater environments.\n\nHowever, without more specific information about the boat's manufacturer, model, or intended purpose, it is also possible that it may operate in both freshwater (such as rivers) and saltwater environments, depending on its design and usage."]

Processing Question 22/60: What year or era might the photo have been taken, based on the skyline and ship design?
 >>>>>>>>>>>>>>>>>>>>>>>>>>>>>>
>>> (Token count: 156)

Model Output: ['The image features a tugboat with a design that suggests it was built in the mid-20th century, possibly around the 1950s to 1970s. The style of the tugboat\'s hull, superstructure, and its "M" insignia hint at a time when such ships were commonly used for harbor operations. The skyline in the background appears to be from a major urban area, likely New York City, given the architectural style and density of the buildings. This combination of a mid-century tugboat and a skyline resembling the 1950s or 1960s strongly suggests the photo could have been taken during that era, although without more specific details, it is difficult to pinpoint an exact year.']

Processing Question 23/60: Are there visible crew members onboard the tugboat in the image?
 >>>>>>>>>>>>>>>>>>>>>>>>>>>>>>
>>> (Token count: 51)

Model Output: ["I'm sorry, I cannot determine with certainty if there are crew members onboard the tugboat from this image alone. It is possible that they might be present, but it is also possible that they are not visible or obscured by the boat's structure."]

Processing Question 24/60: How does the design of this tugboat help it perform its function?
 >>>>>>>>>>>>>>>>>>>>>>>>>>>>>>
>>> (Token count: 353)

Model Output: ["The design of this tugboat, like many others, is optimized to perform specific functions efficiently:\n\n1. **Strong and Stable Hull**: The sturdy hull design provides stability in rough waters and allows the tugboat to push or pull other vessels with minimal risk of capsizing.\n\n2. **Powerful Engines**: Tugboats are typically equipped with large, powerful engines that generate significant torque needed to move large loads or maneuver in confined spaces.\n\n3. **Bulbous Bow**: The rounded shape at the front (known as a bulbous bow) helps reduce drag and improves speed, allowing the tugboat to move through water more efficiently.\n\n4. **Large Towing Gear**: The towing gear on the side of the boat, often equipped with bollards, grabs, or clamshell grabbers, enables the attachment of ropes or cables for pulling or pushing larger vessels.\n\n5. **Raised Command Deck**: The elevated command deck provides an optimal vantage point for the captain and crew to monitor their surroundings and communicate effectively.\n\n6. **Safety Features**: The presence of life rafts, fire extinguishers, and emergency equipment ensures the safety of the crew during operations.\n\n7. **Sleek Design for Maneuverability**: The streamlined design allows for better control and maneuverability in tight spaces, such as harbors or narrow channels.\n\n8. **Towing Barge**: The attached barge enhances the tugboat's towing capacity, enabling it to handle larger loads or vessels that might be difficult to tow alone.\n\nThis combination of features makes the tugboat well-suited for its primary function: assisting and guiding larger ships into and out of ports, in addition to performing various tasks like salvage operations, mooring support, and assistance during emergencies."]

Processing Question 25/60: What are the potential destinations or tasks for this tugboat based on its surroundings?
 >>>>>>>>>>>>>>>>>>>>>>>>>>>>>>
>>> (Token count: 353)

Model Output: ["The tugboat in the image is likely operating in an urban waterway, possibly near a city like New York given the skyline in the background. Based on its surroundings and design, some of the potential destinations or tasks for this tugboat include:\n\n1. **Assisting Larger Vessels**: Tugboats often assist larger ships, such as container ships, tankers, or cruise liners, by helping them maneuver through busy harbors, around docks, or in restricted waterways.\n\n2. **Docking and Mooring Assistance**: The tugboat could be assisting vessels in docking at piers or moorings, ensuring they are securely positioned and properly aligned.\n\n3. **Navigating Through Tidal Waters**: In cities with significant tides, tugboats play a crucial role in guiding vessels through changing water levels and currents to safely navigate through tidal inlets, canals, and rivers.\n\n4. **Supporting Salvage Operations**: If there's an incident involving a vessel, such as grounding, sinking, or collision, tugboats may be called upon to help in salvage operations or rescue efforts.\n\n5. **Maintaining Waterways**: Tugboats may also be involved in maintaining channels and waterways, clearing debris, and ensuring safe passage for all vessels.\n\n6. **Coastal Transportation**: Tugboats can transport materials, goods, or equipment needed for construction, maintenance, or other maritime activities along coastal areas.\n\n7. **Emergency Response**: In case of emergencies such as oil spills, fires, or environmental hazards, tugboats might be part of an emergency response team to help contain the situation.\n\nThe specific task would depend on the current circumstances and needs of the waterway, but these are common roles for tugboats in urban environments."]

Processing Question 26/60: Are there any visible signs of wear or damage on the tugboat?
 >>>>>>>>>>>>>>>>>>>>>>>>>>>>>>
>>> (Token count: 78)

Model Output: ['From the image, it is difficult to definitively determine if there are any visible signs of wear or damage on the tugboat. However, the boat appears to be in serviceable condition with no obvious large-scale damage or rust visible. The hull looks clean and the paint appears intact. For a more accurate assessment, one would need to inspect the boat up close or have detailed photographs.']

Processing Question 27/60: What material might the tugboat's hull and tires be made of?
 >>>>>>>>>>>>>>>>>>>>>>>>>>>>>>
>>> (Token count: 115)

Model Output: ["The tugboat's hull is likely made of steel, which is a common material for such vessels due to its strength, durability, and ability to withstand wear and tear in marine environments. The tires on the tugboat's wheels, if present, would typically be made of rubber or a synthetic material designed to provide grip and resistance to wear from heavy use and exposure to saltwater.\n\nHowever, without a closer look at the image, it's not possible to definitively identify the materials used, as these could vary based on the specific design and age of the tugboat."]

Processing Question 28/60: What perspective or angle was this photograph taken from?
 >>>>>>>>>>>>>>>>>>>>>>>>>>>>>>
>>> (Token count: 93)

Model Output: ["The photograph appears to have been taken from a vantage point that is slightly elevated, likely from another boat or from the shore. The angle allows for a clear view of the tugboat's bow and its wake as it moves through the water, with the city skyline visible in the background. This perspective suggests that the photographer was observing the vessel from a distance but still close enough to capture detailed features of the tugboat while also including the urban landscape behind it."]

Processing Question 29/60: How might the skyline in the background serve as a navigational feature for ships?
 >>>>>>>>>>>>>>>>>>>>>>>>>>>>>>
>>> (Token count: 326)

Model Output: ["The skyline in the background can be an important navigational feature for ships, especially in areas where there is dense urban development or natural landmarks are scarce. Here's how it serves as a guide:\n\n1. **Landmark Identification**: The unique shape and silhouette of the skyline can help sailors identify their position relative to known landmasses or specific geographical features. For example, if a ship recognizes the distinctive shape of a city's skyline, it can confirm that they are near their destination.\n\n2. **Orientation**: Landmarks like tall buildings or iconic structures act as reference points to help ships orient themselves in relation to the coastline or other navigational aids. By aligning with these features, sailors can adjust their course to reach their intended location.\n\n3. **Weather and Weather Patterns**: Skyscrapers and buildings can affect wind patterns and air currents, which may influence weather conditions around them. By observing changes in the skyline, sailors can gauge shifts in weather that could impact their journey.\n\n4. **Avoidance of Hazards**: Certain skylines may include visible markers such as lighthouses, warning signs, or other maritime hazards. Recognizing these can help sailors navigate safely by avoiding dangerous areas or ensuring they stay on safe routes.\n\n5. **Navigation in Dense Waters**: In areas where waterways are crowded with boats or harbor traffic, skylines can provide a sense of direction and help sailors stay clear of other vessels or obstacles.\n\nWhile modern navigation systems like GPS are highly accurate, skylines still play a crucial role, particularly for experienced sailors who rely on visual cues for situational awareness and route confirmation."]

Processing Question 30/60: What feelings or mood does the image evoke with the combination of cityscape and tugboat?
 >>>>>>>>>>>>>>>>>>>>>>>>>>>>>>
>>> (Token count: 130)

Model Output: ['The image evokes a sense of industriousness, functionality, and resilience. The tugboat, a symbol of strength and hard work, contrasts with the distant cityscape, which suggests urban life and human achievement. The hazy atmosphere may add a layer of nostalgia or reflection, as if the scene is both timeless and part of an evolving story. It could also inspire a feeling of connection between nature (the water) and human civilization (the city), suggesting the interplay of natural forces and human engineering. Overall, it feels like a blend of power and tranquility, with the tugboat representing determination amidst the bustling backdrop of the city.']

Processing Question 31/60: What is the purpose of the tugboat in this image?
 >>>>>>>>>>>>>>>>>>>>>>>>>>>>>>
>>> (Token count: 149)

Model Output: ['The tugboat in the image appears to be designed for towing or assisting other vessels, which is typical for ships like cargo ships, oil tankers, and passenger ferries that require assistance in maneuvering through busy waterways or ports. The presence of a large crane-like structure on the deck suggests it may also be used for lifting heavy objects or equipment, further indicating its role in maritime operations.\n\nIn this specific context, given the urban skyline in the background, the tugboat could be operating in a harbor setting, helping larger vessels navigate through narrow channels or moor safely at their destination. Tugboats play an essential role in ensuring the safe and efficient movement of vessels, especially those that cannot operate independently due to their size or design.']

Processing Question 32/60: What city skyline is visible in the background?
 >>>>>>>>>>>>>>>>>>>>>>>>>>>>>>
>>> (Token count: 44)

Model Output: ['The skyline in the background of the image appears to be that of New York City, with recognizable landmarks like the spire of One World Trade Center (formerly known as the Freedom Tower) and other high-rise buildings.']

Processing Question 33/60: What does the letter "M" on the tugboat represent?
 >>>>>>>>>>>>>>>>>>>>>>>>>>>>>>
>>> (Token count: 116)

Model Output: ['The letter "M" on the tugboat likely represents the name of the vessel, as it is a common practice for ships to display their names on prominent parts of the boat, such as the bow or side. This helps in identification and can also be a form of branding or legacy for the ship\'s operators. In this image, the "M" is prominently displayed near the bow of the tugboat, indicating that "M" could be part of its name, such as "Mystic," "Mechanic," or another name used by the tugboat company.']

Processing Question 34/60: What time of day do you think this photo was taken?
 >>>>>>>>>>>>>>>>>>>>>>>>>>>>>>
>>> (Token count: 73)

Model Output: ['This photo appears to have been taken during the early morning or late afternoon, as indicated by the soft lighting and the long shadows cast on the water. The muted tones in the sky and the angle of the light suggest that the sun is low on the horizon, which typically occurs around sunrise or sunset. The lack of harsh shadows also supports this time of day.']

Processing Question 35/60: What is the name of the tugboat, as visible in the image?
 >>>>>>>>>>>>>>>>>>>>>>>>>>>>>>
>>> (Token count: 18)

Model Output: ['The name of the tugboat, as visible in the image, is "M."']

Processing Question 36/60: What type of cargo is this tugboat likely towing or assisting?
 >>>>>>>>>>>>>>>>>>>>>>>>>>>>>>
>>> (Token count: 160)

Model Output: ["The tugboat in the image appears to be a traditional red-hulled vessel with a robust design, equipped for heavy-duty work, and it has a barge-like structure attached to its side. Tugboats like this one are commonly used to assist larger ships, such as container ships, oil tankers, or bulk carriers. The barge-like structure could indicate that it's assisting in moving a larger load or providing stability to a vessel navigating through narrow waterways or during difficult weather conditions. While I can't determine the exact cargo being towed based on visual cues alone, it's plausible that this tugboat is assisting with moving a large load, which could include items like containers, oil, or bulk materials, especially considering the setting that resembles a harbor or coastal area near a city."]

Processing Question 37/60: What is the significance of the American flag at the back of the tugboat?
 >>>>>>>>>>>>>>>>>>>>>>>>>>>>>>
>>> (Token count: 108)

Model Output: ["The American flag on the tugboat signifies its nationality and allegiance to the United States. It also serves as a symbol of patriotism, representing the nation's identity and pride. The presence of the flag can have various practical purposes too, such as identifying the vessel to other ships, ensuring compliance with maritime regulations, or signaling the operator's country-specific rules and regulations for navigation. Additionally, it might be used in ceremonial or symbolic contexts, especially if the tugboat is part of a fleet representing the U.S. Navy or a government agency."]

Processing Question 38/60: How would you describe the weather conditions in the image?
 >>>>>>>>>>>>>>>>>>>>>>>>>>>>>>
>>> (Token count: 95)

Model Output: ['The weather conditions appear to be hazy or smoggy, as suggested by the blurry and somewhat obscured view of the city skyline in the background. This could indicate that there is air pollution, dust, or moisture in the atmosphere, which often contributes to such conditions. The water in the foreground also appears calm with small waves, and the visibility on the horizon seems limited due to the haze. Overall, the image conveys a slightly overcast and possibly humid atmosphere.']

Processing Question 39/60: What are the likely uses of tugboats in water transportation?
 >>>>>>>>>>>>>>>>>>>>>>>>>>>>>>
>>> (Token count: 329)

Model Output: ["Tugboats, like the one shown in the image, play essential roles in water transportation and maritime operations. Their primary functions include:\n\n1. **Assisting in Maneuvering Large Vessels**: Tugboats are often used to help large ships, such as container ships or oil tankers, navigate through narrow channels, around harbors, or during docking and undocking processes.\n\n2. **Pushing or Pulling Loads**: They can push or pull barges, semi-submersibles, or other heavy loads that are too cumbersome for larger vessels to handle alone.\n\n3. **Assisting in Salvage Operations**: In case of accidents or emergencies, tugboats are critical for maneuvering sunken vessels or those in distress.\n\n4. **Providing Power to Other Ships**: Some tugboats have powerful engines that can provide additional propulsion to other vessels when needed, especially if the main ship's engines are damaged.\n\n5. **Port Operations**: Tugboats play a role in managing port activities, including towing vessels into position, anchoring them securely, or assisting in their departure.\n\n6. **Environmental Response**: In cases of environmental disasters, such as oil spills or chemical leaks, tugboats can be used to assist in cleanup efforts by moving absorbent booms or other equipment.\n\n7. **Training and Support**: Tugboats also serve as training vessels for sailors and mariners, helping them develop skills in handling vessels under challenging conditions.\n\nThe design and size of tugboats vary based on their specific tasks, but they are always equipped with robust engines, strong hulls, and specialized equipment for the job at hand."]

Processing Question 40/60: What kind of waterway is the tugboat operating in?
 >>>>>>>>>>>>>>>>>>>>>>>>>>>>>>
>>> (Token count: 80)

Model Output: ["The tugboat appears to be operating in a large body of water, likely a river or harbor, with a city skyline visible in the background. The presence of the city skyline suggests it could be an urban waterway like the Hudson River in New York City or another major river system in a metropolitan area. The size and style of the tugboat also suggest it's designed for navigating such environments."]

Processing Question 41/60: Who might work aboard this tugboat, and what are their roles?
 >>>>>>>>>>>>>>>>>>>>>>>>>>>>>>
>>> (Token count: 282)

Model Output: ["Tugboats like the one shown in the image are typically crewed by a professional team that includes:\n\n1. **Master or Captain**: The captain is responsible for navigating the tugboat safely, making decisions regarding the vessel's operation, and ensuring compliance with maritime regulations.\n\n2. **Mate or Second Officer**: This person assists the captain in navigation and operations, often handling the ship's steering and other navigational duties.\n\n3. **Engineer**: The engineer is in charge of the boat’s engine systems, ensuring they are functioning correctly and addressing any mechanical issues.\n\n4. **Tugboat Operators**: These individuals operate the controls to maneuver the tugboat, such as the steering wheel, throttle, and rudder. They also handle tasks like winching and towing.\n\n5. **Deckhands**: Deckhands help with various deck operations, including loading and unloading cargo, securing lines, and general maintenance of the boat.\n\n6. **Crew Members (e.g., Cooks or Cleaners)**: Depending on the size of the crew and the specific needs of the tugboat, additional crew members may be onboard to perform essential support roles like cooking meals, cleaning, or performing administrative tasks.\n\nThe exact composition of the crew can vary based on the size of the tugboat and its specific role, but these roles generally cover the key responsibilities necessary for the safe and efficient operation of a tugboat."]

Processing Question 42/60: What year might this tugboat have been constructed?
 >>>>>>>>>>>>>>>>>>>>>>>>>>>>>>
>>> (Token count: 188)

Model Output: ["Determining the exact construction year of a tugboat from an image alone can be challenging without additional context or visible details, such as inscriptions, serial numbers, or design features that could indicate its age. However, based on the design and appearance of this tugboat, which seems to belong to a style commonly associated with mid-20th century construction, it is possible that it was built sometime between the 1930s and 1960s.\n\nTugboats like the one in the image often featured robust construction, heavy-duty engines, and were designed for durability, which were characteristics of vessels built during that period. The presence of an American flag also suggests it may have been registered in the U.S., which aligns with the construction era mentioned above.\n\nFor a more precise year, consulting historical records, the boat's documentation, or the name of the shipyard would provide a more accurate answer."]

Processing Question 43/60: How is the tugboat powered, and what engine systems are likely onboard?
 >>>>>>>>>>>>>>>>>>>>>>>>>>>>>>
>>> (Token count: 221)

Model Output: ["Tugboats like the one in the image are typically powered by diesel engines. These engines provide the necessary power to move the vessel through water, maneuver, and perform tasks such as towing or pushing larger ships. The engine systems onboard would include:\n\n1. **Main Propulsion Engine**: This is the primary engine that drives the tugboat forward or backward by turning the propeller at the stern.\n\n2. **Auxiliary Engines**: These smaller engines may be used for auxiliary purposes such as operating winches, generators, or other onboard machinery.\n\n3. **Generator Sets**: To produce electricity for lighting, communication equipment, and other electrical systems on board.\n\n4. **Propulsion System**: The main propulsion system might consist of a shaft and propeller assembly, which converts the engine's rotational force into thrust.\n\n5. **Emergency Systems**: Some tugboats also have backup systems or emergency generators to ensure critical functions can still operate if the primary power source fails.\n\nThe presence of visible ropes and equipment suggests this tugboat is designed for towing and heavy-duty work, requiring robust power systems to handle demanding tasks."]

Processing Question 44/60: Why do you think there are fenders (the black cylindrical parts) attached to the side?
 >>>>>>>>>>>>>>>>>>>>>>>>>>>>>>
>>> (Token count: 190)

Model Output: ["The black cylindrical parts on the side of the tugboat, which appear to be fenders, serve several purposes:\n\n1. **Protection for the Boat**: Fenders protect the sides of the tugboat from damage caused by rubbing against other boats, docks, or structures in confined waterways.\n\n2. **Safety for Other Vessels**: They prevent the tugboat from damaging other vessels it may interact with while maneuvering or in crowded harbor areas.\n\n3. **Waterway Protection**: They can also help protect the waterway itself from damage by reducing the impact of the tugboat's hull when it moves close to walls, piers, or other stationary objects.\n\n4. **Reducing Noise and Impact**: By cushioning the contact between the tugboat and other surfaces, they reduce noise and the potential for vibrations or structural damage.\n\nIn summary, these fenders enhance the safety and operational efficiency of the tugboat in various navigational scenarios."]

Processing Question 45/60: What challenges might the crew face while navigating in a waterway like this?
 >>>>>>>>>>>>>>>>>>>>>>>>>>>>>>
>>> (Token count: 325)

Model Output: ['Navigating in a waterway such as the one shown can present several challenges for the crew of the vessel, including:\n\n1. **Limited Visibility**: The hazy or foggy conditions can reduce visibility, making it difficult to spot other vessels, obstacles, or hazards ahead.\n\n2. **Traffic Conditions**: In busy waterways like this, there may be multiple vessels sharing the space, increasing the risk of collisions and requiring careful maneuvering.\n\n3. **Weather Conditions**: Wind, waves, and tides can make navigation more challenging, especially if the crew is not accustomed to the specific weather patterns in that area.\n\n4. **Tugboat Maneuverability**: Tugboats like the one pictured often have limited draft (the amount they can sink into the water) and must navigate around larger vessels or bridges with care to avoid damage.\n\n5. **Navigation Equipment Reliability**: Vessels operating in such environments depend on various instruments and systems, which could fail unexpectedly due to weather conditions or age.\n\n6. **Human Factors**: Fatigue, stress from high-pressure situations, or communication errors between crew members can also pose significant risks.\n\n7. **Regulatory Compliance**: Adhering to local maritime regulations, such as speed limits, equipment requirements, and pilotage instructions, is crucial for safety but may complicate navigation at times.\n\n8. **Environmental Hazards**: Water pollution, oil spills, or submerged objects like rocks or reefs can be hidden beneath the surface and require careful navigation.\n\nThe crew would need to stay vigilant, maintain communication, and use advanced navigation tools to ensure safe passage through such waters.']

Processing Question 46/60: What safety features do you think the tugboat has?
 >>>>>>>>>>>>>>>>>>>>>>>>>>>>>>
>>> (Token count: 386)

Model Output: ['Tugboats like the one in the image are designed with several safety features to ensure the well-being of the crew and the safe operation of the vessel. Some key safety features typically found on tugboats include:\n\n1. **Life Rafts and Life Vests**: These are essential for emergency situations where the vessel might be in distress or sinking.\n\n2. **Fire Extinguishers and Firefighting Equipment**: Tugboats often have fire extinguishers and other firefighting tools, especially given their proximity to flammable materials such as fuel.\n\n3. **Emergency Drills**: Regular drills are conducted to prepare crew members for various emergencies, including abandon ship scenarios.\n\n4. **Navigation Lights**: Tugboats must display navigation lights (such as bow lights, stern lights, and side lights) to ensure visibility in all weather conditions.\n\n5. **Radar and Sonar Equipment**: These devices help the crew maintain situational awareness and avoid collisions, especially in busy waterways or areas with poor visibility.\n\n6. **Proper Ventilation Systems**: To maintain a safe environment for the crew, tugboats may have ventilation systems that provide fresh air and remove fumes from machinery.\n\n7. **Sufficient Communication Systems**: Tugboats often have radios and other communication devices to stay in touch with control centers, other vessels, and shore-based personnel.\n\n8. **Deck Safety Features**: Tugboats may have handrails, non-slip surfaces, and clear pathways to prevent falls at sea.\n\n9. **Waterproofing and Watertight Compartments**: These features can help prevent flooding and keep the vessel afloat even if water enters certain parts.\n\n10. **Regular Maintenance and Inspections**: Regular checks by trained professionals ensure that the tugboat is in good condition and meets safety regulations.\n\nThe specific details of these safety features will depend on the size, age, and intended use of the tugboat.']

Processing Question 47/60: What contributes to the visibility of the city skyline in the background?
 >>>>>>>>>>>>>>>>>>>>>>>>>>>>>>
>>> (Token count: 240)

Model Output: ['The visibility of the city skyline in the background is influenced by several factors:\n\n1. **Lighting Conditions**: The lighting in the image appears hazy or overcast, which can reduce the contrast and make distant objects appear less distinct. However, the skyline itself is still visible.\n\n2. **Distance**: The city skyline is quite far away from the ship, which naturally limits its clarity due to atmospheric diffusion and scattering of light.\n\n3. **Atmospheric Conditions**: In this image, there seems to be some haze or fog in the air, which scatters light and diffuses it across the scene, reducing the sharpness of distant objects like buildings.\n\n4. **Perspective**: The angle at which the photo was taken might also play a role in how the skyline appears. If the photographer is positioned in such a way that the skyline is further away from the focal point (the tugboat), it will naturally seem less distinct.\n\n5. **Composition**: The size and focus on the ship in the foreground could make the city skyline seem less prominent, but the skyline is still discernible despite these challenges.\n\nThese elements combined contribute to the overall visibility of the city skyline in the background.']

Processing Question 48/60: How big do you estimate the tugboat is?
 >>>>>>>>>>>>>>>>>>>>>>>>>>>>>>
>>> (Token count: 127)

Model Output: ["The image shows a tugboat, which appears to be medium-sized compared to full-size cargo ships but significantly larger than small recreational boats. The size of this particular tugboat seems to be substantial enough for towing larger vessels and navigating in ports or harbors, as suggested by its robust structure and equipment. It is likely around 50-100 feet (15-30 meters) in length, which is typical for tugboats used in urban waterways like those near city skylines.\n\nFor an exact estimation, one would need to refer to the boat's specifications or consult with maritime authorities or vessel documentation."]

Processing Question 49/60: What industries rely on tugboats like this one?
 >>>>>>>>>>>>>>>>>>>>>>>>>>>>>>
>>> (Token count: 338)

Model Output: ['Tugboats play an essential role in various industries, particularly those involving large vessels and heavy cargoes. Here are some key industries that rely on tugboats:\n\n1. **Shipping and Cargo Transport**:\n   - Tugboats assist in maneuvering large cargo ships, container ships, and oil tankers into and out of ports, especially in narrow channels or areas with limited visibility.\n   - They help position ships to load or unload at docks.\n\n2. **Oil and Gas Industry**:\n   - Tugboats support offshore drilling operations by assisting in the movement of platforms, supply vessels, and other equipment.\n   - They are crucial for maintaining stability during loading and unloading of oil and gas equipment.\n\n3. **Port Operations**:\n   - Tugboats help manage traffic in busy port areas, ensuring the safe and efficient handling of maritime traffic.\n   - They assist in docking and undocking large vessels.\n\n4. **Fishing Industry**:\n   - Tugboats assist fishing boats in towing nets, managing catches, and returning to harbors.\n   - They also serve as support vessels for research and conservation efforts.\n\n5. **Coastal and Inland Navigation**:\n   - Tugboats are used to navigate rivers, canals, and lakes where larger vessels cannot easily move.\n   - They help guide boats through tight spaces or around obstacles.\n\n6. **Recreational Boating**:\n   - Tugboats can provide assistance to recreational vessels, such as yachts, during adverse weather conditions or when navigating through crowded waterways.\n\nIn summary, tugboats are indispensable in ensuring the safety and efficiency of maritime operations across a wide range of industries.']

Processing Question 50/60: Why are tugboats painted in bright colors like red or other vivid shades?
 >>>>>>>>>>>>>>>>>>>>>>>>>>>>>>
>>> (Token count: 228)

Model Output: ["Tugboats are often painted in bright colors, such as red, for several practical and safety-related reasons:\n\n1. **Visibility**: Bright colors make tugboats highly visible to both maritime personnel and other vessels on the water, reducing the risk of collisions.\n\n2. **Identification**: The color can help identify the tugboat's affiliation with a specific company, fleet, or port authority, which is important for communication and coordination between different parties.\n\n3. **Contrast**: Bright colors contrast sharply against the blue of the water, making the tugboat stand out even when visibility is low due to fog, rain, or poor weather conditions.\n\n4. **Maintenance of Tradition**: The use of vivid colors has historical roots in maritime tradition, where certain colors were associated with specific roles, such as red for towing and assistance.\n\n5. **Regulatory Compliance**: Many maritime regulations require or recommend certain colors for tugboats to ensure they can be easily seen by other vessels and by authorities for identification purposes.\n\nIn summary, the bright colors serve functional and safety purposes, enhancing visibility and ensuring that tugboats can be easily identified and navigated around safely."]

Processing Question 51/60: How might this tugboat communicate with other vessels?
 >>>>>>>>>>>>>>>>>>>>>>>>>>>>>>
>>> (Token count: 436)

Model Output: ['Tugboats, like any other vessel on the water, use various methods to communicate with other vessels and with shore-based authorities. Here are some of the common ways they communicate:\n\n1. **Visual Signals**: \n   - Tugboats often have specific signals that are used in conjunction with lights and flags to convey messages.\n   - For example:\n     - Flapping an American flag indicates "I am a tugboat."\n     - Flapping an International Code of Signals flag (e.g., "A" for "Aye") may be used to request information or assistance.\n\n2. **Hand Signals**: \n   - Hand signals are sometimes used by crew members on deck to direct smaller boats or to communicate between the tugboat and other vessels.\n\n3. **Radio Communication**:\n   - VHF (Very High Frequency) radios are commonly used by tugboats to communicate with each other, nearby vessels, and shore-based control centers.\n   - Radio communication allows for real-time coordination during operations such as towing or mooring.\n\n4. **Light Signals**:\n   - Tugboats use colored lights to communicate their intentions, such as "stop," "go ahead," or "slow down."\n   - Lights can also be used to indicate the presence of a tugboat or to signal distress.\n\n5. **Acoustic Signals**:\n   - Horns or whistles can be used to make sounds that are heard by nearby vessels.\n   - Acoustic signals are especially useful in situations where visibility is low, such as foggy weather.\n\n6. **GPS and Navigation Systems**:\n   - Tugboats use GPS and other navigational systems to maintain safe distances from other vessels and to navigate efficiently.\n\n7. **Procedures and Agreements**:\n   - Tugboats often establish standard operating procedures (SOPs) with other vessels to ensure safety and efficiency in tasks like towing or docking.\n\nIn the image provided, the tugboat has an American flag at its stern, which could be used to signal its identity and perhaps indicate that it is a U.S.-registered vessel. However, the specific visual signals being used here cannot be determined without additional context.']

Processing Question 52/60: Why is the tugboat's tower or bridge relatively high?
 >>>>>>>>>>>>>>>>>>>>>>>>>>>>>>
>>> (Token count: 214)

Model Output: ["The height of a tugboat's tower or bridge, also known as the wheelhouse, serves several purposes:\n\n1. **Improved Visibility**: A higher bridge allows the operator to see further ahead and around obstacles more clearly, which is essential for navigating through busy waterways, such as harbors or rivers.\n\n2. **Protection from Wind and Water Spray**: The elevated position of the bridge provides better protection for the crew against wind, spray, and waves, improving their comfort and safety while working.\n\n3. **Communication**: A high bridge can provide better visibility for communication with other vessels, ensuring safer interactions during operations.\n\n4. **Control Room Placement**: The wheelhouse houses critical equipment and instruments used by the captain and crew for navigation and operation. Its height ensures that these controls and displays remain accessible and visible above the deck level, even when the vessel is rolling or pitching.\n\nIn the context of the image provided, the red tugboat appears to be designed for work in a busy urban waterway, where such features would be particularly important for maintaining safety and efficiency."]

Processing Question 53/60: What kind of maintenance might this tugboat require?
 >>>>>>>>>>>>>>>>>>>>>>>>>>>>>>
>>> (Token count: 408)

Model Output: ["Tugboats like the one in the image require regular and specialized maintenance to ensure safety, efficiency, and compliance with maritime regulations. Some common types of maintenance include:\n\n1. **Mechanical Maintenance**: This involves checking and servicing the engines, propulsion systems, generators, and other machinery on board to ensure they operate smoothly and efficiently.\n\n2. **Electrical System Inspection**: Regular checks should be done for the electrical system, including batteries, wiring, and the generator, as these systems are critical for the operation of lights, communication devices, and emergency equipment.\n\n3. **Safety Inspections**: Regular safety inspections must be conducted to check for any potential hazards or deficiencies that could compromise crew safety or the vessel's performance. This includes inspecting life-saving equipment, fire-fighting systems, and personal protective gear.\n\n4. **Hull and Structure Maintenance**: The hull and structure of the tugboat should be inspected regularly for signs of corrosion, damage, or wear. Repairs and maintenance may be necessary to ensure the integrity of the ship's structure.\n\n5. **Navigation and Communication Systems**: The navigation and communication systems (e.g., GPS, VHF radio) need to be checked and updated to comply with international maritime regulations.\n\n6. **Fire Safety**: Ensuring the vessel is equipped with the necessary firefighting equipment and that all personnel are trained in its use is crucial for safety at sea.\n\n7. **Maintenance of Towing Gear**: The towing gear, such as winches, ropes, and lines, should be checked and maintained regularly to ensure it functions properly and safely.\n\n8. **Environmental Compliance**: Tugboats often operate in areas where environmental regulations are stringent, so adherence to local laws regarding fuel emissions, waste disposal, and ballast water management is essential.\n\n9. **Inspection and Documentation**: The vessel should have up-to-date and valid certificates of inspection, along with proper documentation for safety and operational procedures.\n\nRegular maintenance not only ensures the longevity of the vessel but also helps maintain its efficiency and safety in operation."]

Processing Question 54/60: Could this tugboat operate in open waters, or is it limited to coastal areas?
 >>>>>>>>>>>>>>>>>>>>>>>>>>>>>>
>>> (Token count: 128)

Model Output: ['This tugboat appears to be designed for operations in both coastal and open waters. Its robust construction, including the deckhouse structure, lifeboats, and safety equipment, suggests that it is built to withstand various weather conditions and sea states. The presence of an American flag indicates it may belong to a U.S. maritime fleet, which typically includes vessels capable of operating in both coastal and open waters. However, the specific capabilities would depend on its classification, size, and the regulations of the maritime authority overseeing its operation. Generally, modern tugboats like the one depicted here are versatile and can be used for both harbor and ocean-going tasks.']

Processing Question 55/60: What environmental considerations come into play for tugboat operations?
 >>>>>>>>>>>>>>>>>>>>>>>>>>>>>>
>>> (Token count: 571)

Model Output: ['Tugboats, like any other maritime vessel, have several environmental considerations that must be taken into account to minimize their impact on the environment and ensure sustainable operations. Some of these factors include:\n\n### 1. **Emissions Reduction**\n   - **Fuel Consumption**: Tugboats consume significant amounts of fuel, primarily diesel. Reducing emissions from diesel engines is crucial. This can be achieved through the use of cleaner fuels or advanced engine technologies such as exhaust gas recirculation (EGR), selective catalytic reduction (SCR), or emission control systems.\n   - **Alternative Fuels**: There is a growing interest in transitioning to alternative fuels like natural gas, biofuels, or even electric propulsion, which produce fewer greenhouse gases and air pollutants.\n\n### 2. **Noise Pollution**\n   - Tugboats operate in close proximity to shorelines and often in urban areas, contributing to noise pollution. This can disturb marine life and residents nearby. Using quieter engines or sound-dampening materials can help mitigate this issue.\n\n### 3. **Water Pollution**\n   - **Ballast Water**: Tugboats may transport ballast water, which could carry invasive species or harmful organisms. Proper management of ballast water is essential to prevent marine invasions and protect local ecosystems.\n   - **Oil Spills**: Accidental spills of oil or other hazardous substances from tugboats can have devastating effects on marine life and coastal habitats. Regular maintenance and spill prevention measures should be implemented.\n\n### 4. **Waste Management**\n   - **Solid Waste**: Proper disposal of waste generated by tugboats, including hazardous materials, should be managed according to regulations to avoid contamination of water bodies and landfills.\n   - **Plastic Pollution**: Minimizing single-use plastics and properly disposing of them reduces the risk of plastic debris entering oceans, where it can harm marine wildlife.\n\n### 5. **Energy Efficiency**\n   - **Fuel Efficiency**: Optimizing tugboat routes and schedules can reduce fuel consumption and, consequently, emissions. Improved hull designs and efficient propulsion systems also contribute to energy efficiency.\n   - **Regenerative Braking Systems**: These systems can recover kinetic energy during braking, which can be used to power auxiliary equipment, further reducing fuel consumption.\n\n### 6. **Sustainable Materials**\n   - Using eco-friendly materials in the construction and maintenance of tugboats, such as biodegradable or recyclable materials, can minimize long-term environmental impacts.\n\n### 7. **Environmental Compliance**\n   - Adhering to international and regional maritime laws and regulations regarding environmental protection, such as the International Convention for the Prevention of Pollution from Ships (MARPOL), is critical for tugboat operators to maintain compliance with global standards.\n\nBy addressing these considerations, tugboat operators can balance operational needs with environmental responsibility, ensuring safer and more sustainable maritime practices.']

Processing Question 56/60: What makes tugboats essential in places with busy ports?
 >>>>>>>>>>>>>>>>>>>>>>>>>>>>>>
>>> (Token count: 302)

Model Output: ['Tugboats play a crucial role in busy ports for several reasons:\n\n1. **Maneuverability**: In confined spaces, such as narrow channels or harbor basins, tugboats can assist larger vessels to move safely and precisely. They provide the necessary maneuvering power to push or pull vessels into position.\n\n2. **Draft Control**: Tugboats help manage the draft (depth of immersion) of larger ships, ensuring they do not run aground on shallow areas of the port or collision with other vessels or structures.\n\n3. **Assistance During Loading and Unloading**: Tugboats often assist cargo ships when loading or unloading at piers, helping to align the ship properly and guide it during the process.\n\n4. **Emergency Situations**: Tugboats are critical in emergencies, such as when a vessel gets stuck, runs aground, or has engine issues, providing assistance to get the situation under control.\n\n5. **Guidance and Navigation**: In foggy or low visibility conditions, tugboats act as guides, leading ships through harbors and channels safely.\n\n6. **Docking Assistance**: They assist vessels in docking and undocking from piers by providing the necessary force and control to ensure the process is smooth and safe.\n\n7. **Environmental Considerations**: Tugboats can be instrumental in environmental cleanup efforts, such as recovering oil spills or clearing debris from waterways.\n\nThe presence of tugboats in busy ports ensures that maritime operations remain efficient, safe, and reliable.']

Processing Question 57/60: How is the tugboat designed to maneuver heavy loads?
 >>>>>>>>>>>>>>>>>>>>>>>>>>>>>>
>>> (Token count: 359)

Model Output: ["Tugboats, like the one in the image, are designed with specific features and systems that enable them to maneuver and handle heavy loads efficiently. Here are some key aspects of their design:\n\n1. **Powerful Engines**: Tugboats are equipped with strong engines capable of generating significant torque and power. This allows them to move against strong currents, navigate through narrow channels, and tow or push large vessels.\n\n2. **Strong Hull Design**: The hull of a tugboat is typically sturdy and robust to withstand the stresses of towing or pushing heavy loads. It is often reinforced with additional steel plates and加强筋 (reinforcement beams) to provide extra strength.\n\n3. **Rudder and Steering System**: Tugboats have large rudders and advanced steering systems that allow precise control in tight spaces and when maneuvering heavy loads.\n\n4. **Bow Thrusters**: Some tugboats, like the one shown, have bow thrusters, which are small propellers located at the front of the vessel. These thrusters provide additional maneuverability and help in steering when docking or navigating around obstacles.\n\n5. **Winch Systems**: Tugboats may be equipped with powerful winches that can pull or lift heavy loads. Winch systems are crucial for tasks such as towing barges or assisting other ships.\n\n6. **Trim and Stability Control**: Tugboats have mechanisms to adjust trim (the angle of the ship's bow and stern relative to the waterline) and maintain stability, especially during operations involving heavy loads.\n\n7. **Crew Training**: The crew on board tugboats is highly trained to operate these vessels safely and effectively, ensuring smooth and efficient handling of heavy loads.\n\nThese design features work together to make tugboats versatile and capable of performing critical roles in maritime operations."]

Processing Question 58/60: How would the visibility of the city skyline in the background change throughout the day?
 >>>>>>>>>>>>>>>>>>>>>>>>>>>>>>
>>> (Token count: 367)

Model Output: ["The visibility of the city skyline in the background can vary significantly throughout the day due to factors such as lighting conditions, weather, and atmospheric conditions. Here’s how it may change:\n\n1. **Morning**: In the morning, the skyline might appear hazy or slightly obscured by fog or mist, especially if the weather is humid. The light from the rising sun can enhance the colors of the buildings but may also make details less distinct.\n\n2. **Midday**: As the sun rises higher in the sky, the visibility of the skyline improves. The direct sunlight can highlight architectural details, making the buildings more prominent and vibrant. However, the midday heat can lead to some haze or haze-like effects, reducing clarity.\n\n3. **Afternoon**: In the afternoon, the skyline remains relatively clear, with the sun's angle providing good lighting for observation. The mid-afternoon light is generally ideal for viewing the cityscape, as it offers both good visibility and a warm glow that enhances the atmosphere.\n\n4. **Evening**: As the day progresses towards evening, the skyline can become less visible due to the lowering sun and increasing shadows. The light levels decrease, which may obscure finer details of the buildings. Additionally, if there is any pollution in the air, this can further reduce visibility.\n\n5. **Dusk and Night**: By dusk, the skyline becomes increasingly obscured by darkness, and artificial lights from the buildings start to take over. This can create a beautiful, illuminated view of the city, but the details will be lost to the darkness. At night, the skyline is typically most visible and striking when lit up by streetlights, building lights, and other urban illumination.\n\nIn summary, the skyline's visibility changes based on the time of day, with midday often being the clearest and most visually appealing period."]

Processing Question 59/60: What is the history or evolution of tugboats in maritime operations?
 >>>>>>>>>>>>>>>>>>>>>>>>>>>>>>
>>> (Token count: 449)

Model Output: ["Tugboats, also known as tugs, have been an essential part of maritime operations for centuries. They serve crucial roles in navigation, harbor and port operations, and ship assistance. Here's a brief overview of their history and evolution:\n\n### Early History (Ancient Times to 1800s)\n- **Ancient Civilizations**: The earliest recorded use of tugboats can be traced back to ancient civilizations like the Egyptians and Greeks, who used small boats to assist larger ships.\n- **Renaissance Era**: As trade and exploration increased, larger ships needed more powerful assistance, leading to the development of early tugboats.\n\n### Industrial Revolution (1800s to 1900s)\n- **Steam Power**: The transition from sail to steam power in the 1800s led to the creation of more powerful tugboats. These steam-powered vessels could maneuver large ships in harbors and rivers.\n- **Improvements in Technology**: Innovations like the invention of the screw propeller by John Ericsson in the mid-19th century allowed for better propulsion and control on water, improving tugboat performance.\n\n### Modern Era (20th Century and Beyond)\n- **Large Tugboats**: During the 20th century, the need for larger, stronger tugboats grew, especially with the advent of container ships. Tugboats became larger, more powerful, and equipped with advanced technology.\n- **Automated Tugboats**: In recent decades, there has been a focus on developing automated and semi-automated tugboats that can operate with reduced crew requirements, enhancing safety and efficiency.\n- **Environmental Concerns**: With growing awareness of environmental issues, modern tugboats often incorporate environmentally friendly technologies such as hybrid engines and electric propulsion systems.\n\n### Current Use\nToday, tugboats continue to play a vital role in marine operations, assisting ships in ports, navigating narrow channels, and providing assistance in emergencies. They are often highly specialized and designed for specific tasks, such as towing, mooring, and assisting with docking operations.\n\nThe evolution of tugboats reflects advancements in engineering, material science, and maritime safety standards, ensuring they remain indispensable tools in global shipping and maritime logistics."]

Processing Question 60/60: How might modern technology have enhanced the functionality of tugboats like this one?
 >>>>>>>>>>>>>>>>>>>>>>>>>>>>>>
>>> (Token count: 429)

Model Output: ['Modern technology has significantly enhanced the functionality of tugboats in several ways:\n\n1. **GPS and Navigation Systems**: Advanced GPS systems provide real-time positioning, route planning, and collision avoidance capabilities, ensuring safer operations, especially in congested waterways.\n\n2. **Communication Tools**: Improved communication systems allow tugboats to coordinate with other vessels, shore-based personnel, and maritime authorities more effectively. This includes VHF radios, satellite phones, and dedicated maritime communication networks.\n\n3. **Autonomous Capabilities**: Some modern tugboats are equipped with automated systems that can operate autonomously or semi-autonomously under certain conditions. This could include docking, towing, and mooring tasks, reducing the need for constant human supervision and improving efficiency.\n\n4. **Electronic Monitoring and Diagnostics**: Modern tugboats use electronic monitoring systems to check engine performance, structural integrity, and other critical components. This reduces maintenance downtime and enhances safety by detecting potential issues before they become serious problems.\n\n5. **Environmental Systems**: Advanced engines and exhaust systems comply with stricter emissions standards. Tugboats now often feature scrubbers or other technologies to reduce their carbon footprint and meet environmental regulations.\n\n6. **Hybrid or Electric Propulsion**: Some tugboats are now designed with hybrid propulsion systems or electric motors, offering greater fuel efficiency and reduced emissions during operation.\n\n7. **Smart Towing Systems**: Advanced towing systems use sensors and algorithms to optimize the way a vessel is towed, potentially saving time and energy compared to manual methods.\n\n8. **Safety Enhancements**: Enhanced safety features, such as emergency response systems, advanced life-saving equipment, and improved fire suppression technologies, protect crew members and passengers.\n\n9. **Data Analytics and Predictive Maintenance**: Collecting and analyzing data from onboard systems can predict when maintenance is needed, preventing unexpected breakdowns and increasing operational uptime.\n\n10. **Remote Control and Monitoring**: Remote control systems enable operators to monitor and control tugboats from a distance, allowing for better coordination across different locations and facilitating operations in remote areas.\n\nThese technological advancements collectively contribute to safer, more efficient, and environmentally sustainable operations for tugboats like the one pictured.']
average_tokens : 195.11666666666667
